CRITICAL - 2023-07-07 19:10:07 --> Class "Locale" not found
in SYSTEMPATH\CodeIgniter.php on line 195.
 1 FCPATH\index.php(55): CodeIgniter\CodeIgniter->initialize()
INFO - 2023-07-07 17:12:32 --> Session: Class initialized using 'CodeIgniter\Session\Handlers\FileHandler' driver.
INFO - 2023-07-07 17:12:49 --> Session: Class initialized using 'CodeIgniter\Session\Handlers\FileHandler' driver.
INFO - 2023-07-07 17:13:05 --> Session: Class initialized using 'CodeIgniter\Session\Handlers\FileHandler' driver.
ERROR - 2023-07-07 17:13:05 --> mysqli_sql_exception: Table 'ci4-app.post_images' doesn't exist in E:\Code\Xampp\htdocs\CI4_App\system\Database\MySQLi\Connection.php:295
Stack trace:
#0 E:\Code\Xampp\htdocs\CI4_App\system\Database\MySQLi\Connection.php(295): mysqli->query('SELECT *\nFROM `...', 0)
#1 E:\Code\Xampp\htdocs\CI4_App\system\Database\BaseConnection.php(691): CodeIgniter\Database\MySQLi\Connection->execute('SELECT *\nFROM `...')
#2 E:\Code\Xampp\htdocs\CI4_App\system\Database\BaseConnection.php(605): CodeIgniter\Database\BaseConnection->simpleQuery('SELECT *\nFROM `...')
#3 E:\Code\Xampp\htdocs\CI4_App\system\Database\BaseBuilder.php(1602): CodeIgniter\Database\BaseConnection->query('SELECT *\nFROM `...', Array, false)
#4 E:\Code\Xampp\htdocs\CI4_App\system\Model.php(240): CodeIgniter\Database\BaseBuilder->get()
#5 E:\Code\Xampp\htdocs\CI4_App\system\BaseModel.php(618): CodeIgniter\Model->doFindAll(0, 0)
#6 E:\Code\Xampp\htdocs\CI4_App\app\Controllers\CanvasController.php(227): CodeIgniter\BaseModel->findAll()
#7 E:\Code\Xampp\htdocs\CI4_App\system\CodeIgniter.php(935): App\Controllers\CanvasController->getProd()
#8 E:\Code\Xampp\htdocs\CI4_App\system\CodeIgniter.php(500): CodeIgniter\CodeIgniter->runController(Object(App\Controllers\CanvasController))
#9 E:\Code\Xampp\htdocs\CI4_App\system\CodeIgniter.php(369): CodeIgniter\CodeIgniter->handleRequest(NULL, Object(Config\Cache), false)
#10 E:\Code\Xampp\htdocs\CI4_App\index.php(67): CodeIgniter\CodeIgniter->run()
#11 {main}
CRITICAL - 2023-07-07 17:13:05 --> Table 'ci4-app.post_images' doesn't exist
in SYSTEMPATH\Database\BaseConnection.php on line 645.
 1 SYSTEMPATH\Database\BaseBuilder.php(1602): CodeIgniter\Database\BaseConnection->query('SELECT *
FROM `post_images`
WHERE `post_image_id` IN :post_image_id:', [...], false)
 2 SYSTEMPATH\Model.php(240): CodeIgniter\Database\BaseBuilder->get()
 3 SYSTEMPATH\BaseModel.php(618): CodeIgniter\Model->doFindAll(0, 0)
 4 APPPATH\Controllers\CanvasController.php(227): CodeIgniter\BaseModel->findAll()
 5 SYSTEMPATH\CodeIgniter.php(935): App\Controllers\CanvasController->getProd()
 6 SYSTEMPATH\CodeIgniter.php(500): CodeIgniter\CodeIgniter->runController(Object(App\Controllers\CanvasController))
 7 SYSTEMPATH\CodeIgniter.php(369): CodeIgniter\CodeIgniter->handleRequest(null, Object(Config\Cache), false)
 8 FCPATH\index.php(67): CodeIgniter\CodeIgniter->run()
INFO - 2023-07-07 17:13:55 --> Session: Class initialized using 'CodeIgniter\Session\Handlers\FileHandler' driver.
CRITICAL - 2023-07-07 17:13:55 --> Invalid file: "front_end/canvas_site/prod_cate.php"
in SYSTEMPATH\Exceptions\FrameworkException.php on line 33.
 1 SYSTEMPATH\View\View.php(201): CodeIgniter\Exceptions\FrameworkException::forInvalidFile('front_end/canvas_site/prod_cate.php')
 2 SYSTEMPATH\Common.php(1177): CodeIgniter\View\View->render('front_end/canvas_site/prod_cate', [], true)
 3 APPPATH\Controllers\CanvasController.php(257): view('front_end/canvas_site/prod_cate', [...])
 4 SYSTEMPATH\CodeIgniter.php(935): App\Controllers\CanvasController->getProd()
 5 SYSTEMPATH\CodeIgniter.php(500): CodeIgniter\CodeIgniter->runController(Object(App\Controllers\CanvasController))
 6 SYSTEMPATH\CodeIgniter.php(369): CodeIgniter\CodeIgniter->handleRequest(null, Object(Config\Cache), false)
 7 FCPATH\index.php(67): CodeIgniter\CodeIgniter->run()
