INFO - 2023-06-27 01:42:13 --> Session: Class initialized using 'CodeIgniter\Session\Handlers\FileHandler' driver.
ERROR - 2023-06-27 01:42:13 --> mysqli_sql_exception: Table 'ci4-app.users' doesn't exist in D:\Code\Xampp\htdocs\CI4_App\system\Database\MySQLi\Connection.php:295
Stack trace:
#0 D:\Code\Xampp\htdocs\CI4_App\system\Database\MySQLi\Connection.php(295): mysqli->query('SELECT *\nFROM `...', 0)
#1 D:\Code\Xampp\htdocs\CI4_App\system\Database\BaseConnection.php(691): CodeIgniter\Database\MySQLi\Connection->execute('SELECT *\nFROM `...')
#2 D:\Code\Xampp\htdocs\CI4_App\system\Database\BaseConnection.php(605): CodeIgniter\Database\BaseConnection->simpleQuery('SELECT *\nFROM `...')
#3 D:\Code\Xampp\htdocs\CI4_App\system\Database\BaseBuilder.php(1602): CodeIgniter\Database\BaseConnection->query('SELECT *\nFROM `...', Array, false)
#4 D:\Code\Xampp\htdocs\CI4_App\system\Model.php(202): CodeIgniter\Database\BaseBuilder->get()
#5 D:\Code\Xampp\htdocs\CI4_App\system\BaseModel.php(557): CodeIgniter\Model->doFind(false, NULL)
#6 D:\Code\Xampp\htdocs\CI4_App\app\Controllers\BaseController.php(63): CodeIgniter\BaseModel->find(NULL)
#7 D:\Code\Xampp\htdocs\CI4_App\system\CodeIgniter.php(908): App\Controllers\BaseController->initController(Object(CodeIgniter\HTTP\IncomingRequest), Object(CodeIgniter\HTTP\Response), Object(CodeIgniter\Log\Logger))
#8 D:\Code\Xampp\htdocs\CI4_App\system\CodeIgniter.php(491): CodeIgniter\CodeIgniter->createController()
#9 D:\Code\Xampp\htdocs\CI4_App\system\CodeIgniter.php(369): CodeIgniter\CodeIgniter->handleRequest(NULL, Object(Config\Cache), false)
#10 D:\Code\Xampp\htdocs\CI4_App\index.php(67): CodeIgniter\CodeIgniter->run()
#11 {main}
CRITICAL - 2023-06-27 01:42:13 --> Table 'ci4-app.users' doesn't exist
in SYSTEMPATH\Database\BaseConnection.php on line 645.
 1 SYSTEMPATH\Database\BaseBuilder.php(1602): CodeIgniter\Database\BaseConnection->query('SELECT *
FROM `users`', [], false)
 2 SYSTEMPATH\Model.php(202): CodeIgniter\Database\BaseBuilder->get()
 3 SYSTEMPATH\BaseModel.php(557): CodeIgniter\Model->doFind(false, null)
 4 APPPATH\Controllers\BaseController.php(63): CodeIgniter\BaseModel->find(null)
 5 SYSTEMPATH\CodeIgniter.php(908): App\Controllers\BaseController->initController(Object(CodeIgniter\HTTP\IncomingRequest), Object(CodeIgniter\HTTP\Response), Object(CodeIgniter\Log\Logger))
 6 SYSTEMPATH\CodeIgniter.php(491): CodeIgniter\CodeIgniter->createController()
 7 SYSTEMPATH\CodeIgniter.php(369): CodeIgniter\CodeIgniter->handleRequest(null, Object(Config\Cache), false)
 8 FCPATH\index.php(67): CodeIgniter\CodeIgniter->run()
