INFO - 2023-09-24 02:56:55 --> Session: Class initialized using 'CodeIgniter\Session\Handlers\FileHandler' driver.
INFO - 2023-09-24 02:57:09 --> Session: Class initialized using 'CodeIgniter\Session\Handlers\FileHandler' driver.
INFO - 2023-09-24 02:57:13 --> Session: Class initialized using 'CodeIgniter\Session\Handlers\FileHandler' driver.
INFO - 2023-09-24 02:57:21 --> Session: Class initialized using 'CodeIgniter\Session\Handlers\FileHandler' driver.
INFO - 2023-09-24 02:57:35 --> Session: Class initialized using 'CodeIgniter\Session\Handlers\FileHandler' driver.
INFO - 2023-09-24 02:57:46 --> Session: Class initialized using 'CodeIgniter\Session\Handlers\FileHandler' driver.
INFO - 2023-09-24 05:33:23 --> Session: Class initialized using 'CodeIgniter\Session\Handlers\FileHandler' driver.
INFO - 2023-09-24 05:34:03 --> Session: Class initialized using 'CodeIgniter\Session\Handlers\FileHandler' driver.
INFO - 2023-09-24 05:34:54 --> Session: Class initialized using 'CodeIgniter\Session\Handlers\FileHandler' driver.
INFO - 2023-09-24 05:37:05 --> Session: Class initialized using 'CodeIgniter\Session\Handlers\FileHandler' driver.
INFO - 2023-09-24 05:37:32 --> Session: Class initialized using 'CodeIgniter\Session\Handlers\FileHandler' driver.
INFO - 2023-09-24 05:39:36 --> Session: Class initialized using 'CodeIgniter\Session\Handlers\FileHandler' driver.
INFO - 2023-09-24 05:40:24 --> Session: Class initialized using 'CodeIgniter\Session\Handlers\FileHandler' driver.
INFO - 2023-09-24 05:40:32 --> Session: Class initialized using 'CodeIgniter\Session\Handlers\FileHandler' driver.
INFO - 2023-09-24 05:48:26 --> Session: Class initialized using 'CodeIgniter\Session\Handlers\FileHandler' driver.
INFO - 2023-09-24 05:48:33 --> Session: Class initialized using 'CodeIgniter\Session\Handlers\FileHandler' driver.
INFO - 2023-09-24 05:48:38 --> Session: Class initialized using 'CodeIgniter\Session\Handlers\FileHandler' driver.
INFO - 2023-09-24 05:52:36 --> Session: Class initialized using 'CodeIgniter\Session\Handlers\FileHandler' driver.
INFO - 2023-09-24 05:53:36 --> Session: Class initialized using 'CodeIgniter\Session\Handlers\FileHandler' driver.
INFO - 2023-09-24 05:56:45 --> Session: Class initialized using 'CodeIgniter\Session\Handlers\FileHandler' driver.
INFO - 2023-09-24 05:56:54 --> Session: Class initialized using 'CodeIgniter\Session\Handlers\FileHandler' driver.
INFO - 2023-09-24 06:04:08 --> Session: Class initialized using 'CodeIgniter\Session\Handlers\FileHandler' driver.
CRITICAL - 2023-09-24 06:04:08 --> Undefined variable $config
in APPPATH\Controllers\CanvasController.php on line 108.
 1 APPPATH\Controllers\CanvasController.php(108): CodeIgniter\Debug\Exceptions->errorHandler(2, 'Undefined variable $config', 'APPPATH\\Controllers\\CanvasController.php', 108)
 2 SYSTEMPATH\CodeIgniter.php(935): App\Controllers\CanvasController->postCate('in-ky-thuat-so', '1')
 3 SYSTEMPATH\CodeIgniter.php(500): CodeIgniter\CodeIgniter->runController(Object(App\Controllers\CanvasController))
 4 SYSTEMPATH\CodeIgniter.php(369): CodeIgniter\CodeIgniter->handleRequest(null, Object(Config\Cache), false)
 5 FCPATH\index.php(67): CodeIgniter\CodeIgniter->run()
INFO - 2023-09-24 06:04:40 --> Session: Class initialized using 'CodeIgniter\Session\Handlers\FileHandler' driver.
INFO - 2023-09-24 06:07:32 --> Session: Class initialized using 'CodeIgniter\Session\Handlers\FileHandler' driver.
INFO - 2023-09-24 06:08:01 --> Session: Class initialized using 'CodeIgniter\Session\Handlers\FileHandler' driver.
INFO - 2023-09-24 06:08:53 --> Session: Class initialized using 'CodeIgniter\Session\Handlers\FileHandler' driver.
INFO - 2023-09-24 06:08:56 --> Session: Class initialized using 'CodeIgniter\Session\Handlers\FileHandler' driver.
INFO - 2023-09-24 06:08:58 --> Session: Class initialized using 'CodeIgniter\Session\Handlers\FileHandler' driver.
INFO - 2023-09-24 06:09:32 --> Session: Class initialized using 'CodeIgniter\Session\Handlers\FileHandler' driver.
INFO - 2023-09-24 06:09:34 --> Session: Class initialized using 'CodeIgniter\Session\Handlers\FileHandler' driver.
INFO - 2023-09-24 06:10:28 --> Session: Class initialized using 'CodeIgniter\Session\Handlers\FileHandler' driver.
INFO - 2023-09-24 06:10:30 --> Session: Class initialized using 'CodeIgniter\Session\Handlers\FileHandler' driver.
INFO - 2023-09-24 06:10:58 --> Session: Class initialized using 'CodeIgniter\Session\Handlers\FileHandler' driver.
INFO - 2023-09-24 06:11:32 --> Session: Class initialized using 'CodeIgniter\Session\Handlers\FileHandler' driver.
INFO - 2023-09-24 06:13:10 --> Session: Class initialized using 'CodeIgniter\Session\Handlers\FileHandler' driver.
INFO - 2023-09-24 06:13:13 --> Session: Class initialized using 'CodeIgniter\Session\Handlers\FileHandler' driver.
INFO - 2023-09-24 06:13:47 --> Session: Class initialized using 'CodeIgniter\Session\Handlers\FileHandler' driver.
INFO - 2023-09-24 06:13:52 --> Session: Class initialized using 'CodeIgniter\Session\Handlers\FileHandler' driver.
INFO - 2023-09-24 06:13:54 --> Session: Class initialized using 'CodeIgniter\Session\Handlers\FileHandler' driver.
INFO - 2023-09-24 06:13:57 --> Session: Class initialized using 'CodeIgniter\Session\Handlers\FileHandler' driver.
INFO - 2023-09-24 06:14:01 --> Session: Class initialized using 'CodeIgniter\Session\Handlers\FileHandler' driver.
INFO - 2023-09-24 06:14:18 --> Session: Class initialized using 'CodeIgniter\Session\Handlers\FileHandler' driver.
INFO - 2023-09-24 06:14:24 --> Session: Class initialized using 'CodeIgniter\Session\Handlers\FileHandler' driver.
INFO - 2023-09-24 06:16:10 --> Session: Class initialized using 'CodeIgniter\Session\Handlers\FileHandler' driver.
INFO - 2023-09-24 06:16:29 --> Session: Class initialized using 'CodeIgniter\Session\Handlers\FileHandler' driver.
INFO - 2023-09-24 06:16:32 --> Session: Class initialized using 'CodeIgniter\Session\Handlers\FileHandler' driver.
INFO - 2023-09-24 06:17:01 --> Session: Class initialized using 'CodeIgniter\Session\Handlers\FileHandler' driver.
INFO - 2023-09-24 06:17:28 --> Session: Class initialized using 'CodeIgniter\Session\Handlers\FileHandler' driver.
INFO - 2023-09-24 06:17:32 --> Session: Class initialized using 'CodeIgniter\Session\Handlers\FileHandler' driver.
INFO - 2023-09-24 06:17:35 --> Session: Class initialized using 'CodeIgniter\Session\Handlers\FileHandler' driver.
INFO - 2023-09-24 06:17:38 --> Session: Class initialized using 'CodeIgniter\Session\Handlers\FileHandler' driver.
INFO - 2023-09-24 06:17:45 --> Session: Class initialized using 'CodeIgniter\Session\Handlers\FileHandler' driver.
INFO - 2023-09-24 06:18:03 --> Session: Class initialized using 'CodeIgniter\Session\Handlers\FileHandler' driver.
INFO - 2023-09-24 06:18:06 --> Session: Class initialized using 'CodeIgniter\Session\Handlers\FileHandler' driver.
INFO - 2023-09-24 06:18:09 --> Session: Class initialized using 'CodeIgniter\Session\Handlers\FileHandler' driver.
INFO - 2023-09-24 06:18:15 --> Session: Class initialized using 'CodeIgniter\Session\Handlers\FileHandler' driver.
INFO - 2023-09-24 06:18:28 --> Session: Class initialized using 'CodeIgniter\Session\Handlers\FileHandler' driver.
INFO - 2023-09-24 06:18:32 --> Session: Class initialized using 'CodeIgniter\Session\Handlers\FileHandler' driver.
INFO - 2023-09-24 06:18:37 --> Session: Class initialized using 'CodeIgniter\Session\Handlers\FileHandler' driver.
INFO - 2023-09-24 06:21:07 --> Session: Class initialized using 'CodeIgniter\Session\Handlers\FileHandler' driver.
INFO - 2023-09-24 06:21:17 --> Session: Class initialized using 'CodeIgniter\Session\Handlers\FileHandler' driver.
INFO - 2023-09-24 06:21:20 --> Session: Class initialized using 'CodeIgniter\Session\Handlers\FileHandler' driver.
INFO - 2023-09-24 06:21:27 --> Session: Class initialized using 'CodeIgniter\Session\Handlers\FileHandler' driver.
INFO - 2023-09-24 06:21:30 --> Session: Class initialized using 'CodeIgniter\Session\Handlers\FileHandler' driver.
INFO - 2023-09-24 06:21:35 --> Session: Class initialized using 'CodeIgniter\Session\Handlers\FileHandler' driver.
INFO - 2023-09-24 06:21:41 --> Session: Class initialized using 'CodeIgniter\Session\Handlers\FileHandler' driver.
INFO - 2023-09-24 06:21:48 --> Session: Class initialized using 'CodeIgniter\Session\Handlers\FileHandler' driver.
INFO - 2023-09-24 06:21:51 --> Session: Class initialized using 'CodeIgniter\Session\Handlers\FileHandler' driver.
INFO - 2023-09-24 06:21:57 --> Session: Class initialized using 'CodeIgniter\Session\Handlers\FileHandler' driver.
INFO - 2023-09-24 06:22:00 --> Session: Class initialized using 'CodeIgniter\Session\Handlers\FileHandler' driver.
INFO - 2023-09-24 06:22:09 --> Session: Class initialized using 'CodeIgniter\Session\Handlers\FileHandler' driver.
INFO - 2023-09-24 06:22:12 --> Session: Class initialized using 'CodeIgniter\Session\Handlers\FileHandler' driver.
INFO - 2023-09-24 06:23:16 --> Session: Class initialized using 'CodeIgniter\Session\Handlers\FileHandler' driver.
INFO - 2023-09-24 06:23:24 --> Session: Class initialized using 'CodeIgniter\Session\Handlers\FileHandler' driver.
INFO - 2023-09-24 06:23:27 --> Session: Class initialized using 'CodeIgniter\Session\Handlers\FileHandler' driver.
INFO - 2023-09-24 06:24:19 --> Session: Class initialized using 'CodeIgniter\Session\Handlers\FileHandler' driver.
INFO - 2023-09-24 06:24:24 --> Session: Class initialized using 'CodeIgniter\Session\Handlers\FileHandler' driver.
INFO - 2023-09-24 06:24:26 --> Session: Class initialized using 'CodeIgniter\Session\Handlers\FileHandler' driver.
INFO - 2023-09-24 06:24:29 --> Session: Class initialized using 'CodeIgniter\Session\Handlers\FileHandler' driver.
INFO - 2023-09-24 06:24:33 --> Session: Class initialized using 'CodeIgniter\Session\Handlers\FileHandler' driver.
INFO - 2023-09-24 06:24:37 --> Session: Class initialized using 'CodeIgniter\Session\Handlers\FileHandler' driver.
INFO - 2023-09-24 06:24:48 --> Session: Class initialized using 'CodeIgniter\Session\Handlers\FileHandler' driver.
INFO - 2023-09-24 06:24:50 --> Session: Class initialized using 'CodeIgniter\Session\Handlers\FileHandler' driver.
INFO - 2023-09-24 06:24:54 --> Session: Class initialized using 'CodeIgniter\Session\Handlers\FileHandler' driver.
INFO - 2023-09-24 06:25:27 --> Session: Class initialized using 'CodeIgniter\Session\Handlers\FileHandler' driver.
INFO - 2023-09-24 06:25:33 --> Session: Class initialized using 'CodeIgniter\Session\Handlers\FileHandler' driver.
INFO - 2023-09-24 06:25:52 --> Session: Class initialized using 'CodeIgniter\Session\Handlers\FileHandler' driver.
INFO - 2023-09-24 10:18:10 --> Session: Class initialized using 'CodeIgniter\Session\Handlers\FileHandler' driver.
INFO - 2023-09-24 10:18:13 --> Session: Class initialized using 'CodeIgniter\Session\Handlers\FileHandler' driver.
INFO - 2023-09-24 10:18:16 --> Session: Class initialized using 'CodeIgniter\Session\Handlers\FileHandler' driver.
INFO - 2023-09-24 10:18:19 --> Session: Class initialized using 'CodeIgniter\Session\Handlers\FileHandler' driver.
INFO - 2023-09-24 10:18:21 --> Session: Class initialized using 'CodeIgniter\Session\Handlers\FileHandler' driver.
INFO - 2023-09-24 10:18:25 --> Session: Class initialized using 'CodeIgniter\Session\Handlers\FileHandler' driver.
INFO - 2023-09-24 10:18:36 --> Session: Class initialized using 'CodeIgniter\Session\Handlers\FileHandler' driver.
CRITICAL - 2023-09-24 10:46:45 --> Trying to access array offset on value of type null
in APPPATH\Controllers\CanvasController.php on line 125.
 1 APPPATH\Controllers\CanvasController.php(125): CodeIgniter\Debug\Exceptions->errorHandler(2, 'Trying to access array offset on value of type null', 'APPPATH\\Controllers\\CanvasController.php', 125)
 2 SYSTEMPATH\CodeIgniter.php(935): App\Controllers\CanvasController->postCate('bo-suu-tap', '2600')
 3 SYSTEMPATH\CodeIgniter.php(500): CodeIgniter\CodeIgniter->runController(Object(App\Controllers\CanvasController))
 4 SYSTEMPATH\CodeIgniter.php(369): CodeIgniter\CodeIgniter->handleRequest(null, Object(Config\Cache), false)
 5 FCPATH\index.php(67): CodeIgniter\CodeIgniter->run()
INFO - 2023-09-24 10:47:00 --> Session: Class initialized using 'CodeIgniter\Session\Handlers\FileHandler' driver.
CRITICAL - 2023-09-24 10:47:00 --> Trying to access array offset on value of type null
in APPPATH\Controllers\CanvasController.php on line 125.
 1 APPPATH\Controllers\CanvasController.php(125): CodeIgniter\Debug\Exceptions->errorHandler(2, 'Trying to access array offset on value of type null', 'APPPATH\\Controllers\\CanvasController.php', 125)
 2 SYSTEMPATH\CodeIgniter.php(935): App\Controllers\CanvasController->postCate('bo-suu-tap', '2600')
 3 SYSTEMPATH\CodeIgniter.php(500): CodeIgniter\CodeIgniter->runController(Object(App\Controllers\CanvasController))
 4 SYSTEMPATH\CodeIgniter.php(369): CodeIgniter\CodeIgniter->handleRequest(null, Object(Config\Cache), false)
 5 FCPATH\index.php(67): CodeIgniter\CodeIgniter->run()
INFO - 2023-09-24 10:47:49 --> Session: Class initialized using 'CodeIgniter\Session\Handlers\FileHandler' driver.
INFO - 2023-09-24 10:48:34 --> Session: Class initialized using 'CodeIgniter\Session\Handlers\FileHandler' driver.
INFO - 2023-09-24 10:48:36 --> Session: Class initialized using 'CodeIgniter\Session\Handlers\FileHandler' driver.
INFO - 2023-09-24 10:49:03 --> Session: Class initialized using 'CodeIgniter\Session\Handlers\FileHandler' driver.
ERROR - 2023-09-24 11:01:31 --> Error connecting to the database: mysqli_sql_exception: Access denied for user 'root'@'localhost' (using password: NO) in /home/u561632352/domains/dailong.asia/public_html/system/Database/MySQLi/Connection.php:174
Stack trace:
#0 /home/u561632352/domains/dailong.asia/public_html/system/Database/MySQLi/Connection.php(174): mysqli->real_connect()
#1 /home/u561632352/domains/dailong.asia/public_html/system/Database/BaseConnection.php(391): CodeIgniter\Database\MySQLi\Connection->connect()
#2 /home/u561632352/domains/dailong.asia/public_html/system/Database/BaseConnection.php(573): CodeIgniter\Database\BaseConnection->initialize()
#3 /home/u561632352/domains/dailong.asia/public_html/system/Database/BaseBuilder.php(1602): CodeIgniter\Database\BaseConnection->query()
#4 /home/u561632352/domains/dailong.asia/public_html/system/Model.php(202): CodeIgniter\Database\BaseBuilder->get()
#5 /home/u561632352/domains/dailong.asia/public_html/system/BaseModel.php(557): CodeIgniter\Model->doFind()
#6 /home/u561632352/domains/dailong.asia/public_html/app/Controllers/BaseController.php(65): CodeIgniter\BaseModel->find()
#7 /home/u561632352/domains/dailong.asia/public_html/system/CodeIgniter.php(908): App\Controllers\BaseController->initController()
#8 /home/u561632352/domains/dailong.asia/public_html/system/CodeIgniter.php(491): CodeIgniter\CodeIgniter->createController()
#9 /home/u561632352/domains/dailong.asia/public_html/system/CodeIgniter.php(369): CodeIgniter\CodeIgniter->handleRequest()
#10 /home/u561632352/domains/dailong.asia/public_html/index.php(67): CodeIgniter\CodeIgniter->run()
#11 {main}

Next CodeIgniter\Database\Exceptions\DatabaseException: Access denied for user '****'@'localhost' (using password: NO) in /home/u561632352/domains/dailong.asia/public_html/system/Database/MySQLi/Connection.php:218
Stack trace:
#0 /home/u561632352/domains/dailong.asia/public_html/system/Database/BaseConnection.php(391): CodeIgniter\Database\MySQLi\Connection->connect()
#1 /home/u561632352/domains/dailong.asia/public_html/system/Database/BaseConnection.php(573): CodeIgniter\Database\BaseConnection->initialize()
#2 /home/u561632352/domains/dailong.asia/public_html/system/Database/BaseBuilder.php(1602): CodeIgniter\Database\BaseConnection->query()
#3 /home/u561632352/domains/dailong.asia/public_html/system/Model.php(202): CodeIgniter\Database\BaseBuilder->get()
#4 /home/u561632352/domains/dailong.asia/public_html/system/BaseModel.php(557): CodeIgniter\Model->doFind()
#5 /home/u561632352/domains/dailong.asia/public_html/app/Controllers/BaseController.php(65): CodeIgniter\BaseModel->find()
#6 /home/u561632352/domains/dailong.asia/public_html/system/CodeIgniter.php(908): App\Controllers\BaseController->initController()
#7 /home/u561632352/domains/dailong.asia/public_html/system/CodeIgniter.php(491): CodeIgniter\CodeIgniter->createController()
#8 /home/u561632352/domains/dailong.asia/public_html/system/CodeIgniter.php(369): CodeIgniter\CodeIgniter->handleRequest()
#9 /home/u561632352/domains/dailong.asia/public_html/index.php(67): CodeIgniter\CodeIgniter->run()
#10 {main}
CRITICAL - 2023-09-24 11:01:31 --> Unable to connect to the database.
Main connection [MySQLi]: Access denied for user '****'@'localhost' (using password: NO)
in SYSTEMPATH/Database/BaseConnection.php on line 427.
 1 SYSTEMPATH/Database/BaseConnection.php(573): CodeIgniter\Database\BaseConnection->initialize()
 2 SYSTEMPATH/Database/BaseBuilder.php(1602): CodeIgniter\Database\BaseConnection->query()
 3 SYSTEMPATH/Model.php(202): CodeIgniter\Database\BaseBuilder->get()
 4 SYSTEMPATH/BaseModel.php(557): CodeIgniter\Model->doFind()
 5 APPPATH/Controllers/BaseController.php(65): CodeIgniter\BaseModel->find()
 6 SYSTEMPATH/CodeIgniter.php(908): App\Controllers\BaseController->initController()
 7 SYSTEMPATH/CodeIgniter.php(491): CodeIgniter\CodeIgniter->createController()
 8 SYSTEMPATH/CodeIgniter.php(369): CodeIgniter\CodeIgniter->handleRequest()
 9 FCPATH/index.php(67): CodeIgniter\CodeIgniter->run()
ERROR - 2023-09-24 11:02:06 --> Error connecting to the database: mysqli_sql_exception: Access denied for user 'root'@'localhost' (using password: NO) in /home/u561632352/domains/dailong.asia/public_html/system/Database/MySQLi/Connection.php:174
Stack trace:
#0 /home/u561632352/domains/dailong.asia/public_html/system/Database/MySQLi/Connection.php(174): mysqli->real_connect()
#1 /home/u561632352/domains/dailong.asia/public_html/system/Database/BaseConnection.php(391): CodeIgniter\Database\MySQLi\Connection->connect()
#2 /home/u561632352/domains/dailong.asia/public_html/system/Database/BaseConnection.php(573): CodeIgniter\Database\BaseConnection->initialize()
#3 /home/u561632352/domains/dailong.asia/public_html/system/Database/BaseBuilder.php(1602): CodeIgniter\Database\BaseConnection->query()
#4 /home/u561632352/domains/dailong.asia/public_html/system/Model.php(202): CodeIgniter\Database\BaseBuilder->get()
#5 /home/u561632352/domains/dailong.asia/public_html/system/BaseModel.php(557): CodeIgniter\Model->doFind()
#6 /home/u561632352/domains/dailong.asia/public_html/app/Controllers/BaseController.php(65): CodeIgniter\BaseModel->find()
#7 /home/u561632352/domains/dailong.asia/public_html/system/CodeIgniter.php(908): App\Controllers\BaseController->initController()
#8 /home/u561632352/domains/dailong.asia/public_html/system/CodeIgniter.php(491): CodeIgniter\CodeIgniter->createController()
#9 /home/u561632352/domains/dailong.asia/public_html/system/CodeIgniter.php(369): CodeIgniter\CodeIgniter->handleRequest()
#10 /home/u561632352/domains/dailong.asia/public_html/index.php(67): CodeIgniter\CodeIgniter->run()
#11 {main}

Next CodeIgniter\Database\Exceptions\DatabaseException: Access denied for user '****'@'localhost' (using password: NO) in /home/u561632352/domains/dailong.asia/public_html/system/Database/MySQLi/Connection.php:218
Stack trace:
#0 /home/u561632352/domains/dailong.asia/public_html/system/Database/BaseConnection.php(391): CodeIgniter\Database\MySQLi\Connection->connect()
#1 /home/u561632352/domains/dailong.asia/public_html/system/Database/BaseConnection.php(573): CodeIgniter\Database\BaseConnection->initialize()
#2 /home/u561632352/domains/dailong.asia/public_html/system/Database/BaseBuilder.php(1602): CodeIgniter\Database\BaseConnection->query()
#3 /home/u561632352/domains/dailong.asia/public_html/system/Model.php(202): CodeIgniter\Database\BaseBuilder->get()
#4 /home/u561632352/domains/dailong.asia/public_html/system/BaseModel.php(557): CodeIgniter\Model->doFind()
#5 /home/u561632352/domains/dailong.asia/public_html/app/Controllers/BaseController.php(65): CodeIgniter\BaseModel->find()
#6 /home/u561632352/domains/dailong.asia/public_html/system/CodeIgniter.php(908): App\Controllers\BaseController->initController()
#7 /home/u561632352/domains/dailong.asia/public_html/system/CodeIgniter.php(491): CodeIgniter\CodeIgniter->createController()
#8 /home/u561632352/domains/dailong.asia/public_html/system/CodeIgniter.php(369): CodeIgniter\CodeIgniter->handleRequest()
#9 /home/u561632352/domains/dailong.asia/public_html/index.php(67): CodeIgniter\CodeIgniter->run()
#10 {main}
CRITICAL - 2023-09-24 11:02:06 --> Unable to connect to the database.
Main connection [MySQLi]: Access denied for user '****'@'localhost' (using password: NO)
in SYSTEMPATH/Database/BaseConnection.php on line 427.
 1 SYSTEMPATH/Database/BaseConnection.php(573): CodeIgniter\Database\BaseConnection->initialize()
 2 SYSTEMPATH/Database/BaseBuilder.php(1602): CodeIgniter\Database\BaseConnection->query()
 3 SYSTEMPATH/Model.php(202): CodeIgniter\Database\BaseBuilder->get()
 4 SYSTEMPATH/BaseModel.php(557): CodeIgniter\Model->doFind()
 5 APPPATH/Controllers/BaseController.php(65): CodeIgniter\BaseModel->find()
 6 SYSTEMPATH/CodeIgniter.php(908): App\Controllers\BaseController->initController()
 7 SYSTEMPATH/CodeIgniter.php(491): CodeIgniter\CodeIgniter->createController()
 8 SYSTEMPATH/CodeIgniter.php(369): CodeIgniter\CodeIgniter->handleRequest()
 9 FCPATH/index.php(67): CodeIgniter\CodeIgniter->run()
CRITICAL - 2023-09-24 11:08:46 --> Undefined array key "Content-Length"
in APPPATH/Views/front_end/canvas_site/gallery_img_detail.php on line 79.
 1 APPPATH/Views/front_end/canvas_site/gallery_img_detail.php(79): CodeIgniter\Debug\Exceptions->errorHandler()
 2 SYSTEMPATH/View/View.php(213): include('APPPATH/Views/front_end/canvas_site/gallery_img_detail.php')
 3 SYSTEMPATH/View/View.php(216): CodeIgniter\View\View->CodeIgniter\View\{closure}()
 4 SYSTEMPATH/Common.php(1177): CodeIgniter\View\View->render()
 5 APPPATH/Controllers/CanvasController.php(389): view()
 6 SYSTEMPATH/CodeIgniter.php(935): App\Controllers\CanvasController->post()
 7 SYSTEMPATH/CodeIgniter.php(500): CodeIgniter\CodeIgniter->runController()
 8 SYSTEMPATH/CodeIgniter.php(369): CodeIgniter\CodeIgniter->handleRequest()
 9 FCPATH/index.php(67): CodeIgniter\CodeIgniter->run()
INFO - 2023-09-24 11:09:17 --> Session: Class initialized using 'CodeIgniter\Session\Handlers\FileHandler' driver.
CRITICAL - 2023-09-24 11:09:17 --> Undefined array key "Content-Length"
in APPPATH/Views/front_end/canvas_site/gallery_img_detail.php on line 79.
 1 APPPATH/Views/front_end/canvas_site/gallery_img_detail.php(79): CodeIgniter\Debug\Exceptions->errorHandler()
 2 SYSTEMPATH/View/View.php(213): include('APPPATH/Views/front_end/canvas_site/gallery_img_detail.php')
 3 SYSTEMPATH/View/View.php(216): CodeIgniter\View\View->CodeIgniter\View\{closure}()
 4 SYSTEMPATH/Common.php(1177): CodeIgniter\View\View->render()
 5 APPPATH/Controllers/CanvasController.php(389): view()
 6 SYSTEMPATH/CodeIgniter.php(935): App\Controllers\CanvasController->post()
 7 SYSTEMPATH/CodeIgniter.php(500): CodeIgniter\CodeIgniter->runController()
 8 SYSTEMPATH/CodeIgniter.php(369): CodeIgniter\CodeIgniter->handleRequest()
 9 FCPATH/index.php(67): CodeIgniter\CodeIgniter->run()
INFO - 2023-09-24 11:10:02 --> Session: Class initialized using 'CodeIgniter\Session\Handlers\FileHandler' driver.
INFO - 2023-09-24 11:10:08 --> Session: Class initialized using 'CodeIgniter\Session\Handlers\FileHandler' driver.
CRITICAL - 2023-09-24 11:10:08 --> Undefined array key "Content-Length"
in APPPATH/Views/front_end/canvas_site/gallery_img_detail.php on line 79.
 1 APPPATH/Views/front_end/canvas_site/gallery_img_detail.php(79): CodeIgniter\Debug\Exceptions->errorHandler()
 2 SYSTEMPATH/View/View.php(213): include('APPPATH/Views/front_end/canvas_site/gallery_img_detail.php')
 3 SYSTEMPATH/View/View.php(216): CodeIgniter\View\View->CodeIgniter\View\{closure}()
 4 SYSTEMPATH/Common.php(1177): CodeIgniter\View\View->render()
 5 APPPATH/Controllers/CanvasController.php(389): view()
 6 SYSTEMPATH/CodeIgniter.php(935): App\Controllers\CanvasController->post()
 7 SYSTEMPATH/CodeIgniter.php(500): CodeIgniter\CodeIgniter->runController()
 8 SYSTEMPATH/CodeIgniter.php(369): CodeIgniter\CodeIgniter->handleRequest()
 9 FCPATH/index.php(67): CodeIgniter\CodeIgniter->run()
INFO - 2023-09-24 11:11:15 --> Session: Class initialized using 'CodeIgniter\Session\Handlers\FileHandler' driver.
CRITICAL - 2023-09-24 11:11:15 --> filesize(): Argument #1 ($filename) must be of type string, array given
in APPPATH/Views/front_end/canvas_site/gallery_img_detail.php on line 79.
 1 APPPATH/Views/front_end/canvas_site/gallery_img_detail.php(79): filesize()
 2 SYSTEMPATH/View/View.php(213): include('APPPATH/Views/front_end/canvas_site/gallery_img_detail.php')
 3 SYSTEMPATH/View/View.php(216): CodeIgniter\View\View->CodeIgniter\View\{closure}()
 4 SYSTEMPATH/Common.php(1177): CodeIgniter\View\View->render()
 5 APPPATH/Controllers/CanvasController.php(389): view()
 6 SYSTEMPATH/CodeIgniter.php(935): App\Controllers\CanvasController->post()
 7 SYSTEMPATH/CodeIgniter.php(500): CodeIgniter\CodeIgniter->runController()
 8 SYSTEMPATH/CodeIgniter.php(369): CodeIgniter\CodeIgniter->handleRequest()
 9 FCPATH/index.php(67): CodeIgniter\CodeIgniter->run()
INFO - 2023-09-24 11:11:16 --> Session: Class initialized using 'CodeIgniter\Session\Handlers\FileHandler' driver.
CRITICAL - 2023-09-24 11:11:16 --> filesize(): Argument #1 ($filename) must be of type string, array given
in APPPATH/Views/front_end/canvas_site/gallery_img_detail.php on line 79.
 1 APPPATH/Views/front_end/canvas_site/gallery_img_detail.php(79): filesize()
 2 SYSTEMPATH/View/View.php(213): include('APPPATH/Views/front_end/canvas_site/gallery_img_detail.php')
 3 SYSTEMPATH/View/View.php(216): CodeIgniter\View\View->CodeIgniter\View\{closure}()
 4 SYSTEMPATH/Common.php(1177): CodeIgniter\View\View->render()
 5 APPPATH/Controllers/CanvasController.php(389): view()
 6 SYSTEMPATH/CodeIgniter.php(935): App\Controllers\CanvasController->post()
 7 SYSTEMPATH/CodeIgniter.php(500): CodeIgniter\CodeIgniter->runController()
 8 SYSTEMPATH/CodeIgniter.php(369): CodeIgniter\CodeIgniter->handleRequest()
 9 FCPATH/index.php(67): CodeIgniter\CodeIgniter->run()
INFO - 2023-09-24 11:11:17 --> Session: Class initialized using 'CodeIgniter\Session\Handlers\FileHandler' driver.
CRITICAL - 2023-09-24 11:11:17 --> filesize(): Argument #1 ($filename) must be of type string, array given
in APPPATH/Views/front_end/canvas_site/gallery_img_detail.php on line 79.
 1 APPPATH/Views/front_end/canvas_site/gallery_img_detail.php(79): filesize()
 2 SYSTEMPATH/View/View.php(213): include('APPPATH/Views/front_end/canvas_site/gallery_img_detail.php')
 3 SYSTEMPATH/View/View.php(216): CodeIgniter\View\View->CodeIgniter\View\{closure}()
 4 SYSTEMPATH/Common.php(1177): CodeIgniter\View\View->render()
 5 APPPATH/Controllers/CanvasController.php(389): view()
 6 SYSTEMPATH/CodeIgniter.php(935): App\Controllers\CanvasController->post()
 7 SYSTEMPATH/CodeIgniter.php(500): CodeIgniter\CodeIgniter->runController()
 8 SYSTEMPATH/CodeIgniter.php(369): CodeIgniter\CodeIgniter->handleRequest()
 9 FCPATH/index.php(67): CodeIgniter\CodeIgniter->run()
INFO - 2023-09-24 11:12:24 --> Session: Class initialized using 'CodeIgniter\Session\Handlers\FileHandler' driver.
CRITICAL - 2023-09-24 11:12:24 --> fopen(): Argument #1 ($filename) must be of type string, array given
in APPPATH/Views/front_end/canvas_site/gallery_img_detail.php on line 79.
 1 APPPATH/Views/front_end/canvas_site/gallery_img_detail.php(79): fopen()
 2 SYSTEMPATH/View/View.php(213): include('APPPATH/Views/front_end/canvas_site/gallery_img_detail.php')
 3 SYSTEMPATH/View/View.php(216): CodeIgniter\View\View->CodeIgniter\View\{closure}()
 4 SYSTEMPATH/Common.php(1177): CodeIgniter\View\View->render()
 5 APPPATH/Controllers/CanvasController.php(389): view()
 6 SYSTEMPATH/CodeIgniter.php(935): App\Controllers\CanvasController->post()
 7 SYSTEMPATH/CodeIgniter.php(500): CodeIgniter\CodeIgniter->runController()
 8 SYSTEMPATH/CodeIgniter.php(369): CodeIgniter\CodeIgniter->handleRequest()
 9 FCPATH/index.php(67): CodeIgniter\CodeIgniter->run()
INFO - 2023-09-24 11:12:47 --> Session: Class initialized using 'CodeIgniter\Session\Handlers\FileHandler' driver.
CRITICAL - 2023-09-24 11:12:47 --> filesize(): stat failed for http://dailong.asia/public/upload/tinymce/gallery_asset/interview-messi-21.09.2023-KauTZSQthwneCpds.jpg
in APPPATH/Views/front_end/canvas_site/gallery_img_detail.php on line 80.
 1 [internal function]: CodeIgniter\Debug\Exceptions->errorHandler()
 2 APPPATH/Views/front_end/canvas_site/gallery_img_detail.php(80): filesize()
 3 SYSTEMPATH/View/View.php(213): include('APPPATH/Views/front_end/canvas_site/gallery_img_detail.php')
 4 SYSTEMPATH/View/View.php(216): CodeIgniter\View\View->CodeIgniter\View\{closure}()
 5 SYSTEMPATH/Common.php(1177): CodeIgniter\View\View->render()
 6 APPPATH/Controllers/CanvasController.php(389): view()
 7 SYSTEMPATH/CodeIgniter.php(935): App\Controllers\CanvasController->post()
 8 SYSTEMPATH/CodeIgniter.php(500): CodeIgniter\CodeIgniter->runController()
 9 SYSTEMPATH/CodeIgniter.php(369): CodeIgniter\CodeIgniter->handleRequest()
10 FCPATH/index.php(67): CodeIgniter\CodeIgniter->run()
INFO - 2023-09-24 11:13:28 --> Session: Class initialized using 'CodeIgniter\Session\Handlers\FileHandler' driver.
INFO - 2023-09-24 11:13:58 --> Session: Class initialized using 'CodeIgniter\Session\Handlers\FileHandler' driver.
ERROR - 2023-09-24 11:19:07 --> mysqli_sql_exception: Unknown column 'image_size_compressed' in 'field list' in /home/u561632352/domains/dailong.asia/public_html/system/Database/MySQLi/Connection.php:295
Stack trace:
#0 /home/u561632352/domains/dailong.asia/public_html/system/Database/MySQLi/Connection.php(295): mysqli->query()
#1 /home/u561632352/domains/dailong.asia/public_html/system/Database/BaseConnection.php(691): CodeIgniter\Database\MySQLi\Connection->execute()
#2 /home/u561632352/domains/dailong.asia/public_html/system/Database/BaseConnection.php(605): CodeIgniter\Database\BaseConnection->simpleQuery()
#3 /home/u561632352/domains/dailong.asia/public_html/system/Database/BaseBuilder.php(2295): CodeIgniter\Database\BaseConnection->query()
#4 /home/u561632352/domains/dailong.asia/public_html/system/Model.php(329): CodeIgniter\Database\BaseBuilder->insert()
#5 /home/u561632352/domains/dailong.asia/public_html/system/BaseModel.php(782): CodeIgniter\Model->doInsert()
#6 /home/u561632352/domains/dailong.asia/public_html/system/Model.php(729): CodeIgniter\BaseModel->insert()
#7 /home/u561632352/domains/dailong.asia/public_html/app/Controllers/Admin/CompressController.php(200): CodeIgniter\Model->insert()
#8 /home/u561632352/domains/dailong.asia/public_html/system/CodeIgniter.php(935): App\Controllers\Admin\CompressController->compress()
#9 /home/u561632352/domains/dailong.asia/public_html/system/CodeIgniter.php(500): CodeIgniter\CodeIgniter->runController()
#10 /home/u561632352/domains/dailong.asia/public_html/system/CodeIgniter.php(369): CodeIgniter\CodeIgniter->handleRequest()
#11 /home/u561632352/domains/dailong.asia/public_html/index.php(67): CodeIgniter\CodeIgniter->run()
#12 {main}
CRITICAL - 2023-09-24 11:19:07 --> Unknown column 'image_size_compressed' in 'field list'
in SYSTEMPATH/Database/BaseConnection.php on line 645.
 1 SYSTEMPATH/Database/BaseBuilder.php(2295): CodeIgniter\Database\BaseConnection->query()
 2 SYSTEMPATH/Model.php(329): CodeIgniter\Database\BaseBuilder->insert()
 3 SYSTEMPATH/BaseModel.php(782): CodeIgniter\Model->doInsert()
 4 SYSTEMPATH/Model.php(729): CodeIgniter\BaseModel->insert()
 5 APPPATH/Controllers/Admin/CompressController.php(200): CodeIgniter\Model->insert()
 6 SYSTEMPATH/CodeIgniter.php(935): App\Controllers\Admin\CompressController->compress()
 7 SYSTEMPATH/CodeIgniter.php(500): CodeIgniter\CodeIgniter->runController()
 8 SYSTEMPATH/CodeIgniter.php(369): CodeIgniter\CodeIgniter->handleRequest()
 9 FCPATH/index.php(67): CodeIgniter\CodeIgniter->run()
ERROR - 2023-09-24 11:19:16 --> mysqli_sql_exception: Unknown column 'image_size_compressed' in 'field list' in /home/u561632352/domains/dailong.asia/public_html/system/Database/MySQLi/Connection.php:295
Stack trace:
#0 /home/u561632352/domains/dailong.asia/public_html/system/Database/MySQLi/Connection.php(295): mysqli->query()
#1 /home/u561632352/domains/dailong.asia/public_html/system/Database/BaseConnection.php(691): CodeIgniter\Database\MySQLi\Connection->execute()
#2 /home/u561632352/domains/dailong.asia/public_html/system/Database/BaseConnection.php(605): CodeIgniter\Database\BaseConnection->simpleQuery()
#3 /home/u561632352/domains/dailong.asia/public_html/system/Database/BaseBuilder.php(2295): CodeIgniter\Database\BaseConnection->query()
#4 /home/u561632352/domains/dailong.asia/public_html/system/Model.php(329): CodeIgniter\Database\BaseBuilder->insert()
#5 /home/u561632352/domains/dailong.asia/public_html/system/BaseModel.php(782): CodeIgniter\Model->doInsert()
#6 /home/u561632352/domains/dailong.asia/public_html/system/Model.php(729): CodeIgniter\BaseModel->insert()
#7 /home/u561632352/domains/dailong.asia/public_html/app/Controllers/Admin/CompressController.php(200): CodeIgniter\Model->insert()
#8 /home/u561632352/domains/dailong.asia/public_html/system/CodeIgniter.php(935): App\Controllers\Admin\CompressController->compress()
#9 /home/u561632352/domains/dailong.asia/public_html/system/CodeIgniter.php(500): CodeIgniter\CodeIgniter->runController()
#10 /home/u561632352/domains/dailong.asia/public_html/system/CodeIgniter.php(369): CodeIgniter\CodeIgniter->handleRequest()
#11 /home/u561632352/domains/dailong.asia/public_html/index.php(67): CodeIgniter\CodeIgniter->run()
#12 {main}
CRITICAL - 2023-09-24 11:19:16 --> Unknown column 'image_size_compressed' in 'field list'
in SYSTEMPATH/Database/BaseConnection.php on line 645.
 1 SYSTEMPATH/Database/BaseBuilder.php(2295): CodeIgniter\Database\BaseConnection->query()
 2 SYSTEMPATH/Model.php(329): CodeIgniter\Database\BaseBuilder->insert()
 3 SYSTEMPATH/BaseModel.php(782): CodeIgniter\Model->doInsert()
 4 SYSTEMPATH/Model.php(729): CodeIgniter\BaseModel->insert()
 5 APPPATH/Controllers/Admin/CompressController.php(200): CodeIgniter\Model->insert()
 6 SYSTEMPATH/CodeIgniter.php(935): App\Controllers\Admin\CompressController->compress()
 7 SYSTEMPATH/CodeIgniter.php(500): CodeIgniter\CodeIgniter->runController()
 8 SYSTEMPATH/CodeIgniter.php(369): CodeIgniter\CodeIgniter->handleRequest()
 9 FCPATH/index.php(67): CodeIgniter\CodeIgniter->run()
INFO - 2023-09-24 11:19:51 --> Session: Class initialized using 'CodeIgniter\Session\Handlers\FileHandler' driver.
ERROR - 2023-09-24 11:19:54 --> mysqli_sql_exception: Unknown column 'image_size_compressed' in 'field list' in /home/u561632352/domains/dailong.asia/public_html/system/Database/MySQLi/Connection.php:295
Stack trace:
#0 /home/u561632352/domains/dailong.asia/public_html/system/Database/MySQLi/Connection.php(295): mysqli->query()
#1 /home/u561632352/domains/dailong.asia/public_html/system/Database/BaseConnection.php(691): CodeIgniter\Database\MySQLi\Connection->execute()
#2 /home/u561632352/domains/dailong.asia/public_html/system/Database/BaseConnection.php(605): CodeIgniter\Database\BaseConnection->simpleQuery()
#3 /home/u561632352/domains/dailong.asia/public_html/system/Database/BaseBuilder.php(2295): CodeIgniter\Database\BaseConnection->query()
#4 /home/u561632352/domains/dailong.asia/public_html/system/Model.php(329): CodeIgniter\Database\BaseBuilder->insert()
#5 /home/u561632352/domains/dailong.asia/public_html/system/BaseModel.php(782): CodeIgniter\Model->doInsert()
#6 /home/u561632352/domains/dailong.asia/public_html/system/Model.php(729): CodeIgniter\BaseModel->insert()
#7 /home/u561632352/domains/dailong.asia/public_html/app/Controllers/Admin/CompressController.php(200): CodeIgniter\Model->insert()
#8 /home/u561632352/domains/dailong.asia/public_html/system/CodeIgniter.php(935): App\Controllers\Admin\CompressController->compress()
#9 /home/u561632352/domains/dailong.asia/public_html/system/CodeIgniter.php(500): CodeIgniter\CodeIgniter->runController()
#10 /home/u561632352/domains/dailong.asia/public_html/system/CodeIgniter.php(369): CodeIgniter\CodeIgniter->handleRequest()
#11 /home/u561632352/domains/dailong.asia/public_html/index.php(67): CodeIgniter\CodeIgniter->run()
#12 {main}
CRITICAL - 2023-09-24 11:19:54 --> Unknown column 'image_size_compressed' in 'field list'
in SYSTEMPATH/Database/BaseConnection.php on line 645.
 1 SYSTEMPATH/Database/BaseBuilder.php(2295): CodeIgniter\Database\BaseConnection->query()
 2 SYSTEMPATH/Model.php(329): CodeIgniter\Database\BaseBuilder->insert()
 3 SYSTEMPATH/BaseModel.php(782): CodeIgniter\Model->doInsert()
 4 SYSTEMPATH/Model.php(729): CodeIgniter\BaseModel->insert()
 5 APPPATH/Controllers/Admin/CompressController.php(200): CodeIgniter\Model->insert()
 6 SYSTEMPATH/CodeIgniter.php(935): App\Controllers\Admin\CompressController->compress()
 7 SYSTEMPATH/CodeIgniter.php(500): CodeIgniter\CodeIgniter->runController()
 8 SYSTEMPATH/CodeIgniter.php(369): CodeIgniter\CodeIgniter->handleRequest()
 9 FCPATH/index.php(67): CodeIgniter\CodeIgniter->run()
INFO - 2023-09-24 11:20:09 --> Session: Class initialized using 'CodeIgniter\Session\Handlers\FileHandler' driver.
INFO - 2023-09-24 11:20:11 --> Session: Class initialized using 'CodeIgniter\Session\Handlers\FileHandler' driver.
INFO - 2023-09-24 11:20:11 --> Session: Class initialized using 'CodeIgniter\Session\Handlers\FileHandler' driver.
INFO - 2023-09-24 11:20:11 --> Session: Class initialized using 'CodeIgniter\Session\Handlers\FileHandler' driver.
INFO - 2023-09-24 11:22:01 --> Session: Class initialized using 'CodeIgniter\Session\Handlers\FileHandler' driver.
INFO - 2023-09-24 11:22:06 --> Session: Class initialized using 'CodeIgniter\Session\Handlers\FileHandler' driver.
ERROR - 2023-09-24 11:23:53 --> mysqli_sql_exception: MySQL server has gone away in /home/u561632352/domains/dailong.asia/public_html/system/Database/MySQLi/Connection.php:295
Stack trace:
#0 /home/u561632352/domains/dailong.asia/public_html/system/Database/MySQLi/Connection.php(295): mysqli->query()
#1 /home/u561632352/domains/dailong.asia/public_html/system/Database/BaseConnection.php(691): CodeIgniter\Database\MySQLi\Connection->execute()
#2 /home/u561632352/domains/dailong.asia/public_html/system/Database/BaseConnection.php(605): CodeIgniter\Database\BaseConnection->simpleQuery()
#3 /home/u561632352/domains/dailong.asia/public_html/system/Database/BaseBuilder.php(2295): CodeIgniter\Database\BaseConnection->query()
#4 /home/u561632352/domains/dailong.asia/public_html/system/Model.php(329): CodeIgniter\Database\BaseBuilder->insert()
#5 /home/u561632352/domains/dailong.asia/public_html/system/BaseModel.php(782): CodeIgniter\Model->doInsert()
#6 /home/u561632352/domains/dailong.asia/public_html/system/Model.php(729): CodeIgniter\BaseModel->insert()
#7 /home/u561632352/domains/dailong.asia/public_html/app/Controllers/Admin/CompressController.php(234): CodeIgniter\Model->insert()
#8 /home/u561632352/domains/dailong.asia/public_html/system/CodeIgniter.php(935): App\Controllers\Admin\CompressController->compress()
#9 /home/u561632352/domains/dailong.asia/public_html/system/CodeIgniter.php(500): CodeIgniter\CodeIgniter->runController()
#10 /home/u561632352/domains/dailong.asia/public_html/system/CodeIgniter.php(369): CodeIgniter\CodeIgniter->handleRequest()
#11 /home/u561632352/domains/dailong.asia/public_html/index.php(67): CodeIgniter\CodeIgniter->run()
#12 {main}
CRITICAL - 2023-09-24 11:23:53 --> MySQL server has gone away
in SYSTEMPATH/Database/BaseConnection.php on line 645.
 1 SYSTEMPATH/Database/BaseBuilder.php(2295): CodeIgniter\Database\BaseConnection->query()
 2 SYSTEMPATH/Model.php(329): CodeIgniter\Database\BaseBuilder->insert()
 3 SYSTEMPATH/BaseModel.php(782): CodeIgniter\Model->doInsert()
 4 SYSTEMPATH/Model.php(729): CodeIgniter\BaseModel->insert()
 5 APPPATH/Controllers/Admin/CompressController.php(234): CodeIgniter\Model->insert()
 6 SYSTEMPATH/CodeIgniter.php(935): App\Controllers\Admin\CompressController->compress()
 7 SYSTEMPATH/CodeIgniter.php(500): CodeIgniter\CodeIgniter->runController()
 8 SYSTEMPATH/CodeIgniter.php(369): CodeIgniter\CodeIgniter->handleRequest()
 9 FCPATH/index.php(67): CodeIgniter\CodeIgniter->run()
INFO - 2023-09-24 11:23:53 --> Session: Class initialized using 'CodeIgniter\Session\Handlers\FileHandler' driver.
INFO - 2023-09-24 11:25:06 --> Session: Class initialized using 'CodeIgniter\Session\Handlers\FileHandler' driver.
ERROR - 2023-09-24 11:25:42 --> mysqli_sql_exception: MySQL server has gone away in /home/u561632352/domains/dailong.asia/public_html/system/Database/MySQLi/Connection.php:295
Stack trace:
#0 /home/u561632352/domains/dailong.asia/public_html/system/Database/MySQLi/Connection.php(295): mysqli->query()
#1 /home/u561632352/domains/dailong.asia/public_html/system/Database/BaseConnection.php(691): CodeIgniter\Database\MySQLi\Connection->execute()
#2 /home/u561632352/domains/dailong.asia/public_html/system/Database/BaseConnection.php(605): CodeIgniter\Database\BaseConnection->simpleQuery()
#3 /home/u561632352/domains/dailong.asia/public_html/system/Database/BaseBuilder.php(2295): CodeIgniter\Database\BaseConnection->query()
#4 /home/u561632352/domains/dailong.asia/public_html/system/Model.php(329): CodeIgniter\Database\BaseBuilder->insert()
#5 /home/u561632352/domains/dailong.asia/public_html/system/BaseModel.php(782): CodeIgniter\Model->doInsert()
#6 /home/u561632352/domains/dailong.asia/public_html/system/Model.php(729): CodeIgniter\BaseModel->insert()
#7 /home/u561632352/domains/dailong.asia/public_html/app/Controllers/Admin/CompressController.php(234): CodeIgniter\Model->insert()
#8 /home/u561632352/domains/dailong.asia/public_html/system/CodeIgniter.php(935): App\Controllers\Admin\CompressController->compress()
#9 /home/u561632352/domains/dailong.asia/public_html/system/CodeIgniter.php(500): CodeIgniter\CodeIgniter->runController()
#10 /home/u561632352/domains/dailong.asia/public_html/system/CodeIgniter.php(369): CodeIgniter\CodeIgniter->handleRequest()
#11 /home/u561632352/domains/dailong.asia/public_html/index.php(67): CodeIgniter\CodeIgniter->run()
#12 {main}
CRITICAL - 2023-09-24 11:25:42 --> MySQL server has gone away
in SYSTEMPATH/Database/BaseConnection.php on line 645.
 1 SYSTEMPATH/Database/BaseBuilder.php(2295): CodeIgniter\Database\BaseConnection->query()
 2 SYSTEMPATH/Model.php(329): CodeIgniter\Database\BaseBuilder->insert()
 3 SYSTEMPATH/BaseModel.php(782): CodeIgniter\Model->doInsert()
 4 SYSTEMPATH/Model.php(729): CodeIgniter\BaseModel->insert()
 5 APPPATH/Controllers/Admin/CompressController.php(234): CodeIgniter\Model->insert()
 6 SYSTEMPATH/CodeIgniter.php(935): App\Controllers\Admin\CompressController->compress()
 7 SYSTEMPATH/CodeIgniter.php(500): CodeIgniter\CodeIgniter->runController()
 8 SYSTEMPATH/CodeIgniter.php(369): CodeIgniter\CodeIgniter->handleRequest()
 9 FCPATH/index.php(67): CodeIgniter\CodeIgniter->run()
CRITICAL - 2023-09-24 13:02:31 --> Call to undefined function App\Controllers\Admin\random_string()
in APPPATH/Controllers/Admin/GalleryController.php on line 151.
 1 SYSTEMPATH/CodeIgniter.php(935): App\Controllers\Admin\GalleryController->saveGallery()
 2 SYSTEMPATH/CodeIgniter.php(500): CodeIgniter\CodeIgniter->runController()
 3 SYSTEMPATH/CodeIgniter.php(369): CodeIgniter\CodeIgniter->handleRequest()
 4 FCPATH/index.php(67): CodeIgniter\CodeIgniter->run()
INFO - 2023-09-24 13:05:56 --> Session: Class initialized using 'CodeIgniter\Session\Handlers\FileHandler' driver.
CRITICAL - 2023-09-24 13:05:56 --> Call to undefined function App\Controllers\Admin\random_string()
in APPPATH/Controllers/Admin/GalleryController.php on line 151.
 1 SYSTEMPATH/CodeIgniter.php(935): App\Controllers\Admin\GalleryController->saveGallery()
 2 SYSTEMPATH/CodeIgniter.php(500): CodeIgniter\CodeIgniter->runController()
 3 SYSTEMPATH/CodeIgniter.php(369): CodeIgniter\CodeIgniter->handleRequest()
 4 FCPATH/index.php(67): CodeIgniter\CodeIgniter->run()
INFO - 2023-09-24 13:06:13 --> Session: Class initialized using 'CodeIgniter\Session\Handlers\FileHandler' driver.
INFO - 2023-09-24 13:06:25 --> Session: Class initialized using 'CodeIgniter\Session\Handlers\FileHandler' driver.
INFO - 2023-09-24 13:06:27 --> Session: Class initialized using 'CodeIgniter\Session\Handlers\FileHandler' driver.
INFO - 2023-09-24 13:06:31 --> Session: Class initialized using 'CodeIgniter\Session\Handlers\FileHandler' driver.
INFO - 2023-09-24 13:06:31 --> Session: Class initialized using 'CodeIgniter\Session\Handlers\FileHandler' driver.
INFO - 2023-09-24 13:06:35 --> Session: Class initialized using 'CodeIgniter\Session\Handlers\FileHandler' driver.
INFO - 2023-09-24 13:06:35 --> Session: Class initialized using 'CodeIgniter\Session\Handlers\FileHandler' driver.
CRITICAL - 2023-09-24 13:06:35 --> Call to undefined function App\Controllers\Admin\random_string()
in APPPATH/Controllers/Admin/GalleryController.php on line 151.
 1 SYSTEMPATH/CodeIgniter.php(935): App\Controllers\Admin\GalleryController->saveGallery()
 2 SYSTEMPATH/CodeIgniter.php(500): CodeIgniter\CodeIgniter->runController()
 3 SYSTEMPATH/CodeIgniter.php(369): CodeIgniter\CodeIgniter->handleRequest()
 4 FCPATH/index.php(67): CodeIgniter\CodeIgniter->run()
INFO - 2023-09-24 13:06:37 --> Session: Class initialized using 'CodeIgniter\Session\Handlers\FileHandler' driver.
INFO - 2023-09-24 13:06:38 --> Session: Class initialized using 'CodeIgniter\Session\Handlers\FileHandler' driver.
INFO - 2023-09-24 13:06:41 --> Session: Class initialized using 'CodeIgniter\Session\Handlers\FileHandler' driver.
INFO - 2023-09-24 13:06:41 --> Session: Class initialized using 'CodeIgniter\Session\Handlers\FileHandler' driver.
INFO - 2023-09-24 13:06:43 --> Session: Class initialized using 'CodeIgniter\Session\Handlers\FileHandler' driver.
INFO - 2023-09-24 13:06:47 --> Session: Class initialized using 'CodeIgniter\Session\Handlers\FileHandler' driver.
INFO - 2023-09-24 13:06:49 --> Session: Class initialized using 'CodeIgniter\Session\Handlers\FileHandler' driver.
INFO - 2023-09-24 13:06:50 --> Session: Class initialized using 'CodeIgniter\Session\Handlers\FileHandler' driver.
INFO - 2023-09-24 13:06:50 --> Session: Class initialized using 'CodeIgniter\Session\Handlers\FileHandler' driver.
INFO - 2023-09-24 13:10:59 --> Session: Class initialized using 'CodeIgniter\Session\Handlers\FileHandler' driver.
CRITICAL - 2023-09-24 13:10:59 --> Call to undefined function App\Controllers\Admin\random_string()
in APPPATH/Controllers/Admin/GalleryController.php on line 151.
 1 SYSTEMPATH/CodeIgniter.php(935): App\Controllers\Admin\GalleryController->saveGallery()
 2 SYSTEMPATH/CodeIgniter.php(500): CodeIgniter\CodeIgniter->runController()
 3 SYSTEMPATH/CodeIgniter.php(369): CodeIgniter\CodeIgniter->handleRequest()
 4 FCPATH/index.php(67): CodeIgniter\CodeIgniter->run()
INFO - 2023-09-24 13:11:55 --> Session: Class initialized using 'CodeIgniter\Session\Handlers\FileHandler' driver.
CRITICAL - 2023-09-24 13:11:55 --> Call to undefined function App\Controllers\Admin\random_string()
in APPPATH/Controllers/Admin/GalleryController.php on line 151.
 1 SYSTEMPATH/CodeIgniter.php(935): App\Controllers\Admin\GalleryController->saveGallery()
 2 SYSTEMPATH/CodeIgniter.php(500): CodeIgniter\CodeIgniter->runController()
 3 SYSTEMPATH/CodeIgniter.php(369): CodeIgniter\CodeIgniter->handleRequest()
 4 FCPATH/index.php(67): CodeIgniter\CodeIgniter->run()
INFO - 2023-09-24 13:13:00 --> Session: Class initialized using 'CodeIgniter\Session\Handlers\FileHandler' driver.
CRITICAL - 2023-09-24 13:13:00 --> Call to undefined function App\Controllers\Admin\random_string()
in APPPATH/Controllers/Admin/GalleryController.php on line 151.
 1 SYSTEMPATH/CodeIgniter.php(935): App\Controllers\Admin\GalleryController->saveGallery()
 2 SYSTEMPATH/CodeIgniter.php(500): CodeIgniter\CodeIgniter->runController()
 3 SYSTEMPATH/CodeIgniter.php(369): CodeIgniter\CodeIgniter->handleRequest()
 4 FCPATH/index.php(67): CodeIgniter\CodeIgniter->run()
INFO - 2023-09-24 13:22:44 --> Session: Class initialized using 'CodeIgniter\Session\Handlers\FileHandler' driver.
INFO - 2023-09-24 13:22:45 --> Session: Class initialized using 'CodeIgniter\Session\Handlers\FileHandler' driver.
INFO - 2023-09-24 13:22:48 --> Session: Class initialized using 'CodeIgniter\Session\Handlers\FileHandler' driver.
INFO - 2023-09-24 13:22:56 --> Session: Class initialized using 'CodeIgniter\Session\Handlers\FileHandler' driver.
INFO - 2023-09-24 13:22:56 --> Session: Class initialized using 'CodeIgniter\Session\Handlers\FileHandler' driver.
INFO - 2023-09-24 13:22:58 --> Session: Class initialized using 'CodeIgniter\Session\Handlers\FileHandler' driver.
INFO - 2023-09-24 13:23:00 --> Session: Class initialized using 'CodeIgniter\Session\Handlers\FileHandler' driver.
INFO - 2023-09-24 13:23:00 --> Session: Class initialized using 'CodeIgniter\Session\Handlers\FileHandler' driver.
INFO - 2023-09-24 13:27:10 --> Session: Class initialized using 'CodeIgniter\Session\Handlers\FileHandler' driver.
CRITICAL - 2023-09-24 13:27:10 --> Call to undefined function App\Controllers\Admin\random_string()
in APPPATH/Controllers/Admin/GalleryController.php on line 151.
 1 SYSTEMPATH/CodeIgniter.php(935): App\Controllers\Admin\GalleryController->saveGallery()
 2 SYSTEMPATH/CodeIgniter.php(500): CodeIgniter\CodeIgniter->runController()
 3 SYSTEMPATH/CodeIgniter.php(369): CodeIgniter\CodeIgniter->handleRequest()
 4 FCPATH/index.php(67): CodeIgniter\CodeIgniter->run()
INFO - 2023-09-24 13:28:06 --> Session: Class initialized using 'CodeIgniter\Session\Handlers\FileHandler' driver.
CRITICAL - 2023-09-24 13:28:06 --> Call to undefined function App\Controllers\Admin\convert_name()
in APPPATH/Controllers/Admin/GalleryController.php on line 132.
 1 SYSTEMPATH/CodeIgniter.php(935): App\Controllers\Admin\GalleryController->saveGallery()
 2 SYSTEMPATH/CodeIgniter.php(500): CodeIgniter\CodeIgniter->runController()
 3 SYSTEMPATH/CodeIgniter.php(369): CodeIgniter\CodeIgniter->handleRequest()
 4 FCPATH/index.php(67): CodeIgniter\CodeIgniter->run()
INFO - 2023-09-24 13:28:41 --> Session: Class initialized using 'CodeIgniter\Session\Handlers\FileHandler' driver.
INFO - 2023-09-24 13:28:42 --> Session: Class initialized using 'CodeIgniter\Session\Handlers\FileHandler' driver.
INFO - 2023-09-24 13:29:11 --> Session: Class initialized using 'CodeIgniter\Session\Handlers\FileHandler' driver.
INFO - 2023-09-24 13:29:21 --> Session: Class initialized using 'CodeIgniter\Session\Handlers\FileHandler' driver.
INFO - 2023-09-24 13:29:41 --> Session: Class initialized using 'CodeIgniter\Session\Handlers\FileHandler' driver.
INFO - 2023-09-24 13:29:42 --> Session: Class initialized using 'CodeIgniter\Session\Handlers\FileHandler' driver.
INFO - 2023-09-24 13:29:50 --> Session: Class initialized using 'CodeIgniter\Session\Handlers\FileHandler' driver.
INFO - 2023-09-24 13:29:56 --> Session: Class initialized using 'CodeIgniter\Session\Handlers\FileHandler' driver.
INFO - 2023-09-24 13:30:53 --> Session: Class initialized using 'CodeIgniter\Session\Handlers\FileHandler' driver.
INFO - 2023-09-24 13:31:08 --> Session: Class initialized using 'CodeIgniter\Session\Handlers\FileHandler' driver.
INFO - 2023-09-24 13:31:18 --> Session: Class initialized using 'CodeIgniter\Session\Handlers\FileHandler' driver.
INFO - 2023-09-24 13:31:19 --> Session: Class initialized using 'CodeIgniter\Session\Handlers\FileHandler' driver.
INFO - 2023-09-24 13:31:23 --> Session: Class initialized using 'CodeIgniter\Session\Handlers\FileHandler' driver.
INFO - 2023-09-24 13:31:32 --> Session: Class initialized using 'CodeIgniter\Session\Handlers\FileHandler' driver.
INFO - 2023-09-24 13:31:43 --> Session: Class initialized using 'CodeIgniter\Session\Handlers\FileHandler' driver.
INFO - 2023-09-24 13:32:01 --> Session: Class initialized using 'CodeIgniter\Session\Handlers\FileHandler' driver.
INFO - 2023-09-24 13:32:02 --> Session: Class initialized using 'CodeIgniter\Session\Handlers\FileHandler' driver.
INFO - 2023-09-24 13:32:07 --> Session: Class initialized using 'CodeIgniter\Session\Handlers\FileHandler' driver.
INFO - 2023-09-24 13:33:41 --> Session: Class initialized using 'CodeIgniter\Session\Handlers\FileHandler' driver.
INFO - 2023-09-24 13:34:30 --> Session: Class initialized using 'CodeIgniter\Session\Handlers\FileHandler' driver.
INFO - 2023-09-24 13:35:03 --> Session: Class initialized using 'CodeIgniter\Session\Handlers\FileHandler' driver.
INFO - 2023-09-24 13:35:18 --> Session: Class initialized using 'CodeIgniter\Session\Handlers\FileHandler' driver.
INFO - 2023-09-24 13:35:31 --> Session: Class initialized using 'CodeIgniter\Session\Handlers\FileHandler' driver.
INFO - 2023-09-24 13:36:27 --> Session: Class initialized using 'CodeIgniter\Session\Handlers\FileHandler' driver.
INFO - 2023-09-24 13:36:34 --> Session: Class initialized using 'CodeIgniter\Session\Handlers\FileHandler' driver.
INFO - 2023-09-24 13:36:36 --> Session: Class initialized using 'CodeIgniter\Session\Handlers\FileHandler' driver.
INFO - 2023-09-24 13:36:50 --> Session: Class initialized using 'CodeIgniter\Session\Handlers\FileHandler' driver.
INFO - 2023-09-24 13:36:52 --> Session: Class initialized using 'CodeIgniter\Session\Handlers\FileHandler' driver.
INFO - 2023-09-24 13:36:53 --> Session: Class initialized using 'CodeIgniter\Session\Handlers\FileHandler' driver.
INFO - 2023-09-24 13:37:55 --> Session: Class initialized using 'CodeIgniter\Session\Handlers\FileHandler' driver.
INFO - 2023-09-24 13:40:55 --> Session: Class initialized using 'CodeIgniter\Session\Handlers\FileHandler' driver.
INFO - 2023-09-24 13:40:57 --> Session: Class initialized using 'CodeIgniter\Session\Handlers\FileHandler' driver.
INFO - 2023-09-24 13:41:00 --> Session: Class initialized using 'CodeIgniter\Session\Handlers\FileHandler' driver.
INFO - 2023-09-24 13:41:13 --> Session: Class initialized using 'CodeIgniter\Session\Handlers\FileHandler' driver.
INFO - 2023-09-24 13:41:14 --> Session: Class initialized using 'CodeIgniter\Session\Handlers\FileHandler' driver.
INFO - 2023-09-24 13:42:05 --> Session: Class initialized using 'CodeIgniter\Session\Handlers\FileHandler' driver.
INFO - 2023-09-24 13:42:17 --> Session: Class initialized using 'CodeIgniter\Session\Handlers\FileHandler' driver.
INFO - 2023-09-24 13:44:11 --> Session: Class initialized using 'CodeIgniter\Session\Handlers\FileHandler' driver.
INFO - 2023-09-24 13:44:15 --> Session: Class initialized using 'CodeIgniter\Session\Handlers\FileHandler' driver.
INFO - 2023-09-24 13:48:21 --> Session: Class initialized using 'CodeIgniter\Session\Handlers\FileHandler' driver.
INFO - 2023-09-24 13:48:21 --> Session: Class initialized using 'CodeIgniter\Session\Handlers\FileHandler' driver.
INFO - 2023-09-24 13:50:43 --> Session: Class initialized using 'CodeIgniter\Session\Handlers\FileHandler' driver.
INFO - 2023-09-24 13:51:10 --> Session: Class initialized using 'CodeIgniter\Session\Handlers\FileHandler' driver.
INFO - 2023-09-24 13:51:26 --> Session: Class initialized using 'CodeIgniter\Session\Handlers\FileHandler' driver.
INFO - 2023-09-24 13:57:28 --> Session: Class initialized using 'CodeIgniter\Session\Handlers\FileHandler' driver.
CRITICAL - 2023-09-24 13:57:28 --> Call to undefined function display_error()
in APPPATH/Views/admin/page/add.php on line 44.
 1 SYSTEMPATH/View/View.php(213): include()
 2 SYSTEMPATH/View/View.php(216): CodeIgniter\View\View->CodeIgniter\View\{closure}()
 3 SYSTEMPATH/Common.php(1177): CodeIgniter\View\View->render()
 4 APPPATH/Controllers/Admin/PageController.php(389): view()
 5 SYSTEMPATH/CodeIgniter.php(935): App\Controllers\Admin\PageController->addThis()
 6 SYSTEMPATH/CodeIgniter.php(500): CodeIgniter\CodeIgniter->runController()
 7 SYSTEMPATH/CodeIgniter.php(369): CodeIgniter\CodeIgniter->handleRequest()
 8 FCPATH/index.php(67): CodeIgniter\CodeIgniter->run()
INFO - 2023-09-24 13:57:35 --> Session: Class initialized using 'CodeIgniter\Session\Handlers\FileHandler' driver.
INFO - 2023-09-24 13:57:45 --> Session: Class initialized using 'CodeIgniter\Session\Handlers\FileHandler' driver.
INFO - 2023-09-24 13:57:45 --> Session: Class initialized using 'CodeIgniter\Session\Handlers\FileHandler' driver.
INFO - 2023-09-24 13:58:03 --> Session: Class initialized using 'CodeIgniter\Session\Handlers\FileHandler' driver.
INFO - 2023-09-24 13:58:34 --> Session: Class initialized using 'CodeIgniter\Session\Handlers\FileHandler' driver.
INFO - 2023-09-24 13:58:50 --> Session: Class initialized using 'CodeIgniter\Session\Handlers\FileHandler' driver.
INFO - 2023-09-24 13:58:51 --> Session: Class initialized using 'CodeIgniter\Session\Handlers\FileHandler' driver.
INFO - 2023-09-24 13:58:56 --> Session: Class initialized using 'CodeIgniter\Session\Handlers\FileHandler' driver.
INFO - 2023-09-24 13:59:06 --> Session: Class initialized using 'CodeIgniter\Session\Handlers\FileHandler' driver.
INFO - 2023-09-24 13:59:31 --> Session: Class initialized using 'CodeIgniter\Session\Handlers\FileHandler' driver.
INFO - 2023-09-24 13:59:31 --> Session: Class initialized using 'CodeIgniter\Session\Handlers\FileHandler' driver.
INFO - 2023-09-24 13:59:35 --> Session: Class initialized using 'CodeIgniter\Session\Handlers\FileHandler' driver.
INFO - 2023-09-24 13:59:51 --> Session: Class initialized using 'CodeIgniter\Session\Handlers\FileHandler' driver.
INFO - 2023-09-24 14:00:52 --> Session: Class initialized using 'CodeIgniter\Session\Handlers\FileHandler' driver.
INFO - 2023-09-24 14:00:52 --> Session: Class initialized using 'CodeIgniter\Session\Handlers\FileHandler' driver.
INFO - 2023-09-24 14:01:15 --> Session: Class initialized using 'CodeIgniter\Session\Handlers\FileHandler' driver.
INFO - 2023-09-24 14:02:26 --> Session: Class initialized using 'CodeIgniter\Session\Handlers\FileHandler' driver.
INFO - 2023-09-24 14:04:51 --> Session: Class initialized using 'CodeIgniter\Session\Handlers\FileHandler' driver.
INFO - 2023-09-24 14:04:51 --> Session: Class initialized using 'CodeIgniter\Session\Handlers\FileHandler' driver.
INFO - 2023-09-24 14:05:10 --> Session: Class initialized using 'CodeIgniter\Session\Handlers\FileHandler' driver.
INFO - 2023-09-24 14:05:19 --> Session: Class initialized using 'CodeIgniter\Session\Handlers\FileHandler' driver.
INFO - 2023-09-24 14:05:31 --> Session: Class initialized using 'CodeIgniter\Session\Handlers\FileHandler' driver.
INFO - 2023-09-24 14:05:33 --> Session: Class initialized using 'CodeIgniter\Session\Handlers\FileHandler' driver.
INFO - 2023-09-24 14:05:34 --> Session: Class initialized using 'CodeIgniter\Session\Handlers\FileHandler' driver.
CRITICAL - 2023-09-24 15:31:30 --> Call to undefined function display_error()
in APPPATH/Views/admin/auth/login.php on line 53.
 1 SYSTEMPATH/View/View.php(213): include()
 2 SYSTEMPATH/View/View.php(216): CodeIgniter\View\View->CodeIgniter\View\{closure}()
 3 SYSTEMPATH/Common.php(1177): CodeIgniter\View\View->render()
 4 APPPATH/Controllers/Admin/Auth.php(111): view()
 5 SYSTEMPATH/CodeIgniter.php(935): App\Controllers\Admin\Auth->checkLogin()
 6 SYSTEMPATH/CodeIgniter.php(500): CodeIgniter\CodeIgniter->runController()
 7 SYSTEMPATH/CodeIgniter.php(369): CodeIgniter\CodeIgniter->handleRequest()
 8 FCPATH/index.php(67): CodeIgniter\CodeIgniter->run()
