CRITICAL - 2023-10-08 03:39:03 --> Call to undefined function App\Controllers\Admin\random_string()
in APPPATH/Controllers/Admin/Auth.php on line 323.
 1 SYSTEMPATH/CodeIgniter.php(935): App\Controllers\Admin\Auth->Resend()
 2 SYSTEMPATH/CodeIgniter.php(500): CodeIgniter\CodeIgniter->runController()
 3 SYSTEMPATH/CodeIgniter.php(369): CodeIgniter\CodeIgniter->handleRequest()
 4 FCPATH/index.php(67): CodeIgniter\CodeIgniter->run()
INFO - 2023-10-08 03:39:54 --> Session: Class initialized using 'CodeIgniter\Session\Handlers\FileHandler' driver.
CRITICAL - 2023-10-08 03:39:54 --> Call to undefined function App\Controllers\Admin\random_string()
in APPPATH/Controllers/Admin/Auth.php on line 323.
 1 SYSTEMPATH/CodeIgniter.php(935): App\Controllers\Admin\Auth->Resend()
 2 SYSTEMPATH/CodeIgniter.php(500): CodeIgniter\CodeIgniter->runController()
 3 SYSTEMPATH/CodeIgniter.php(369): CodeIgniter\CodeIgniter->handleRequest()
 4 FCPATH/index.php(67): CodeIgniter\CodeIgniter->run()
INFO - 2023-10-08 03:40:26 --> Session: Class initialized using 'CodeIgniter\Session\Handlers\FileHandler' driver.
CRITICAL - 2023-10-08 03:40:26 --> Call to undefined function App\Controllers\Admin\random_string()
in APPPATH/Controllers/Admin/Auth.php on line 323.
 1 SYSTEMPATH/CodeIgniter.php(935): App\Controllers\Admin\Auth->Resend()
 2 SYSTEMPATH/CodeIgniter.php(500): CodeIgniter\CodeIgniter->runController()
 3 SYSTEMPATH/CodeIgniter.php(369): CodeIgniter\CodeIgniter->handleRequest()
 4 FCPATH/index.php(67): CodeIgniter\CodeIgniter->run()
INFO - 2023-10-08 03:40:48 --> Session: Class initialized using 'CodeIgniter\Session\Handlers\FileHandler' driver.
INFO - 2023-10-08 03:40:48 --> Session: Class initialized using 'CodeIgniter\Session\Handlers\FileHandler' driver.
CRITICAL - 2023-10-08 03:40:48 --> Call to undefined function set_value()
in APPPATH/Views/admin/auth/login.php on line 46.
 1 SYSTEMPATH/View/View.php(213): include()
 2 SYSTEMPATH/View/View.php(216): CodeIgniter\View\View->CodeIgniter\View\{closure}()
 3 SYSTEMPATH/Common.php(1177): CodeIgniter\View\View->render()
 4 APPPATH/Controllers/Admin/Auth.php(17): view()
 5 SYSTEMPATH/CodeIgniter.php(935): App\Controllers\Admin\Auth->login()
 6 SYSTEMPATH/CodeIgniter.php(500): CodeIgniter\CodeIgniter->runController()
 7 SYSTEMPATH/CodeIgniter.php(369): CodeIgniter\CodeIgniter->handleRequest()
 8 FCPATH/index.php(67): CodeIgniter\CodeIgniter->run()
INFO - 2023-10-08 03:41:48 --> Session: Class initialized using 'CodeIgniter\Session\Handlers\FileHandler' driver.
INFO - 2023-10-08 03:41:52 --> Session: Class initialized using 'CodeIgniter\Session\Handlers\FileHandler' driver.
CRITICAL - 2023-10-08 03:41:52 --> Call to undefined function set_value()
in APPPATH/Views/admin/auth/forgot.php on line 30.
 1 SYSTEMPATH/View/View.php(213): include()
 2 SYSTEMPATH/View/View.php(216): CodeIgniter\View\View->CodeIgniter\View\{closure}()
 3 SYSTEMPATH/Common.php(1177): CodeIgniter\View\View->render()
 4 APPPATH/Controllers/Admin/Auth.php(290): view()
 5 SYSTEMPATH/CodeIgniter.php(935): App\Controllers\Admin\Auth->forgot()
 6 SYSTEMPATH/CodeIgniter.php(500): CodeIgniter\CodeIgniter->runController()
 7 SYSTEMPATH/CodeIgniter.php(369): CodeIgniter\CodeIgniter->handleRequest()
 8 FCPATH/index.php(67): CodeIgniter\CodeIgniter->run()
INFO - 2023-10-08 03:42:13 --> Session: Class initialized using 'CodeIgniter\Session\Handlers\FileHandler' driver.
INFO - 2023-10-08 03:42:16 --> Session: Class initialized using 'CodeIgniter\Session\Handlers\FileHandler' driver.
INFO - 2023-10-08 03:42:16 --> Session: Class initialized using 'CodeIgniter\Session\Handlers\FileHandler' driver.
INFO - 2023-10-08 03:42:23 --> Session: Class initialized using 'CodeIgniter\Session\Handlers\FileHandler' driver.
INFO - 2023-10-08 03:42:23 --> Session: Class initialized using 'CodeIgniter\Session\Handlers\FileHandler' driver.
