ERROR - 2023-10-25 08:09:54 --> mysqli_sql_exception: MySQL server has gone away in /home/u561632352/domains/dailong.asia/public_html/system/Database/MySQLi/Connection.php:295
Stack trace:
#0 /home/u561632352/domains/dailong.asia/public_html/system/Database/MySQLi/Connection.php(295): mysqli->query()
#1 /home/u561632352/domains/dailong.asia/public_html/system/Database/BaseConnection.php(691): CodeIgniter\Database\MySQLi\Connection->execute()
#2 /home/u561632352/domains/dailong.asia/public_html/system/Database/BaseConnection.php(605): CodeIgniter\Database\BaseConnection->simpleQuery()
#3 /home/u561632352/domains/dailong.asia/public_html/system/Database/BaseBuilder.php(2295): CodeIgniter\Database\BaseConnection->query()
#4 /home/u561632352/domains/dailong.asia/public_html/system/Model.php(329): CodeIgniter\Database\BaseBuilder->insert()
#5 /home/u561632352/domains/dailong.asia/public_html/system/BaseModel.php(782): CodeIgniter\Model->doInsert()
#6 /home/u561632352/domains/dailong.asia/public_html/system/Model.php(729): CodeIgniter\BaseModel->insert()
#7 /home/u561632352/domains/dailong.asia/public_html/app/Controllers/Admin/CompressController.php(575): CodeIgniter\Model->insert()
#8 /home/u561632352/domains/dailong.asia/public_html/system/CodeIgniter.php(935): App\Controllers\Admin\CompressController->compress_one()
#9 /home/u561632352/domains/dailong.asia/public_html/system/CodeIgniter.php(500): CodeIgniter\CodeIgniter->runController()
#10 /home/u561632352/domains/dailong.asia/public_html/system/CodeIgniter.php(369): CodeIgniter\CodeIgniter->handleRequest()
#11 /home/u561632352/domains/dailong.asia/public_html/index.php(67): CodeIgniter\CodeIgniter->run()
#12 {main}
CRITICAL - 2023-10-25 08:09:54 --> MySQL server has gone away
in SYSTEMPATH/Database/BaseConnection.php on line 645.
 1 SYSTEMPATH/Database/BaseBuilder.php(2295): CodeIgniter\Database\BaseConnection->query()
 2 SYSTEMPATH/Model.php(329): CodeIgniter\Database\BaseBuilder->insert()
 3 SYSTEMPATH/BaseModel.php(782): CodeIgniter\Model->doInsert()
 4 SYSTEMPATH/Model.php(729): CodeIgniter\BaseModel->insert()
 5 APPPATH/Controllers/Admin/CompressController.php(575): CodeIgniter\Model->insert()
 6 SYSTEMPATH/CodeIgniter.php(935): App\Controllers\Admin\CompressController->compress_one()
 7 SYSTEMPATH/CodeIgniter.php(500): CodeIgniter\CodeIgniter->runController()
 8 SYSTEMPATH/CodeIgniter.php(369): CodeIgniter\CodeIgniter->handleRequest()
 9 FCPATH/index.php(67): CodeIgniter\CodeIgniter->run()
