INFO - 2023-06-11 02:50:39 --> Session: Class initialized using 'CodeIgniter\Session\Handlers\FileHandler' driver.
INFO - 2023-06-11 02:50:48 --> Session: Class initialized using 'CodeIgniter\Session\Handlers\FileHandler' driver.
INFO - 2023-06-11 02:51:36 --> Session: Class initialized using 'CodeIgniter\Session\Handlers\FileHandler' driver.
INFO - 2023-06-11 02:51:49 --> Session: Class initialized using 'CodeIgniter\Session\Handlers\FileHandler' driver.
INFO - 2023-06-11 02:51:49 --> Session: Class initialized using 'CodeIgniter\Session\Handlers\FileHandler' driver.
INFO - 2023-06-11 02:52:06 --> Session: Class initialized using 'CodeIgniter\Session\Handlers\FileHandler' driver.
INFO - 2023-06-11 02:52:06 --> Session: Class initialized using 'CodeIgniter\Session\Handlers\FileHandler' driver.
INFO - 2023-06-11 02:52:27 --> Session: Class initialized using 'CodeIgniter\Session\Handlers\FileHandler' driver.
INFO - 2023-06-11 02:52:32 --> Session: Class initialized using 'CodeIgniter\Session\Handlers\FileHandler' driver.
INFO - 2023-06-11 02:52:36 --> Session: Class initialized using 'CodeIgniter\Session\Handlers\FileHandler' driver.
INFO - 2023-06-11 02:52:43 --> Session: Class initialized using 'CodeIgniter\Session\Handlers\FileHandler' driver.
INFO - 2023-06-11 02:54:58 --> Session: Class initialized using 'CodeIgniter\Session\Handlers\FileHandler' driver.
CRITICAL - 2023-06-11 02:54:58 --> The framework needs the following extension(s) installed and loaded: "GD".
in SYSTEMPATH\Exceptions\FrameworkException.php on line 54.
 1 SYSTEMPATH\Images\Handlers\GDHandler.php(34): CodeIgniter\Exceptions\FrameworkException::forMissingExtension('GD')
 2 SYSTEMPATH\Config\Services.php(341): CodeIgniter\Images\Handlers\GDHandler->__construct(Object(Config\Images))
 3 SYSTEMPATH\Config\BaseService.php(252): CodeIgniter\Config\Services::image('gd', Object(Config\Images), false)
 4 SYSTEMPATH\Config\BaseService.php(193): CodeIgniter\Config\BaseService::__callStatic('image', [...])
 5 SYSTEMPATH\Config\Services.php(332): CodeIgniter\Config\BaseService::getSharedInstance('image', null, null)
 6 SYSTEMPATH\Config\BaseService.php(252): CodeIgniter\Config\Services::image()
 7 APPPATH\Controllers\Admin\PostController.php(315): CodeIgniter\Config\BaseService::__callStatic('image', [])
 8 SYSTEMPATH\CodeIgniter.php(934): App\Controllers\Admin\PostController->SaveEdit('39')
 9 SYSTEMPATH\CodeIgniter.php(499): CodeIgniter\CodeIgniter->runController(Object(App\Controllers\Admin\PostController))
10 SYSTEMPATH\CodeIgniter.php(368): CodeIgniter\CodeIgniter->handleRequest(null, Object(Config\Cache), false)
11 FCPATH\index.php(67): CodeIgniter\CodeIgniter->run()
INFO - 2023-06-11 02:57:10 --> Session: Class initialized using 'CodeIgniter\Session\Handlers\FileHandler' driver.
CRITICAL - 2023-06-11 02:57:10 --> Image processing failed. Please verify that your server supports the chosen protocol and that the path to your image library is correct.
in SYSTEMPATH\Images\Handlers\ImageMagickHandler.php on line 212.
 1 SYSTEMPATH\Images\Handlers\ImageMagickHandler.php(212): CodeIgniter\Images\Exceptions\ImageException::forImageProcessFailed()
 2 SYSTEMPATH\Images\Handlers\ImageMagickHandler.php(72): CodeIgniter\Images\Handlers\ImageMagickHandler->process(' -resize 1200x900 "D:\\Code\\Xampp\\tmp\\php4902.tmp" "D:\\Code\\Xampp\\htdocs\\CI4_App\\writable\\cache/1686452230_f374d7396b3804bc7f80.png"')
 3 SYSTEMPATH\Images\Handlers\BaseHandler.php(256): CodeIgniter\Images\Handlers\ImageMagickHandler->_resize(true)
 4 APPPATH\Controllers\Admin\PostController.php(315): CodeIgniter\Images\Handlers\BaseHandler->resize(1200, 900, true, 'height')
 5 SYSTEMPATH\CodeIgniter.php(934): App\Controllers\Admin\PostController->SaveEdit('39')
 6 SYSTEMPATH\CodeIgniter.php(499): CodeIgniter\CodeIgniter->runController(Object(App\Controllers\Admin\PostController))
 7 SYSTEMPATH\CodeIgniter.php(368): CodeIgniter\CodeIgniter->handleRequest(null, Object(Config\Cache), false)
 8 FCPATH\index.php(67): CodeIgniter\CodeIgniter->run()
INFO - 2023-06-11 02:58:54 --> Session: Class initialized using 'CodeIgniter\Session\Handlers\FileHandler' driver.
CRITICAL - 2023-06-11 02:58:54 --> File not found: "D:\Code\Xampp\htdocs\CI4_App\public/upload/tinymce/image_asset"
in SYSTEMPATH\Files\File.php on line 47.
 1 SYSTEMPATH\Files\File.php(47): CodeIgniter\Files\Exceptions\FileNotFoundException::forFileNotFound('FCPATH\\public\\upload\\tinymce\\image_asset')
 2 SYSTEMPATH\Images\Handlers\BaseHandler.php(148): CodeIgniter\Files\File->__construct('FCPATH\\public\\upload\\tinymce\\image_asset', true)
 3 APPPATH\Controllers\Admin\PostController.php(315): CodeIgniter\Images\Handlers\BaseHandler->withFile('FCPATH\\public\\upload\\tinymce\\image_asset', '1200-vYiuZOzgPWsD9UHa.jpg')
 4 SYSTEMPATH\CodeIgniter.php(934): App\Controllers\Admin\PostController->SaveEdit('39')
 5 SYSTEMPATH\CodeIgniter.php(499): CodeIgniter\CodeIgniter->runController(Object(App\Controllers\Admin\PostController))
 6 SYSTEMPATH\CodeIgniter.php(368): CodeIgniter\CodeIgniter->handleRequest(null, Object(Config\Cache), false)
 7 FCPATH\index.php(67): CodeIgniter\CodeIgniter->run()
INFO - 2023-06-11 02:59:00 --> Session: Class initialized using 'CodeIgniter\Session\Handlers\FileHandler' driver.
INFO - 2023-06-11 02:59:10 --> Session: Class initialized using 'CodeIgniter\Session\Handlers\FileHandler' driver.
INFO - 2023-06-11 02:59:19 --> Session: Class initialized using 'CodeIgniter\Session\Handlers\FileHandler' driver.
CRITICAL - 2023-06-11 02:59:19 --> File not found: "D:\Code\Xampp\htdocs\CI4_App\public/upload/tinymce/image_asset"
in SYSTEMPATH\Files\File.php on line 47.
 1 SYSTEMPATH\Files\File.php(47): CodeIgniter\Files\Exceptions\FileNotFoundException::forFileNotFound('FCPATH\\public\\upload\\tinymce\\image_asset')
 2 SYSTEMPATH\Images\Handlers\BaseHandler.php(148): CodeIgniter\Files\File->__construct('FCPATH\\public\\upload\\tinymce\\image_asset', true)
 3 APPPATH\Controllers\Admin\PostController.php(315): CodeIgniter\Images\Handlers\BaseHandler->withFile('FCPATH\\public\\upload\\tinymce\\image_asset', '1200-IpT0c6YBfjWbJstG.jpg')
 4 SYSTEMPATH\CodeIgniter.php(934): App\Controllers\Admin\PostController->SaveEdit('39')
 5 SYSTEMPATH\CodeIgniter.php(499): CodeIgniter\CodeIgniter->runController(Object(App\Controllers\Admin\PostController))
 6 SYSTEMPATH\CodeIgniter.php(368): CodeIgniter\CodeIgniter->handleRequest(null, Object(Config\Cache), false)
 7 FCPATH\index.php(67): CodeIgniter\CodeIgniter->run()
INFO - 2023-06-11 03:10:39 --> Session: Class initialized using 'CodeIgniter\Session\Handlers\FileHandler' driver.
CRITICAL - 2023-06-11 03:10:39 --> File not found: "D:\Code\Xampp\htdocs\CI4_App\public/upload/tinymce/image_asset"
in SYSTEMPATH\Files\File.php on line 47.
 1 SYSTEMPATH\Files\File.php(47): CodeIgniter\Files\Exceptions\FileNotFoundException::forFileNotFound('FCPATH\\public\\upload\\tinymce\\image_asset')
 2 SYSTEMPATH\Images\Handlers\BaseHandler.php(148): CodeIgniter\Files\File->__construct('FCPATH\\public\\upload\\tinymce\\image_asset', true)
 3 APPPATH\Controllers\Admin\PostController.php(315): CodeIgniter\Images\Handlers\BaseHandler->withFile('FCPATH\\public\\upload\\tinymce\\image_asset', '1200-xNAiB35OYWH8EFuT.jpg')
 4 SYSTEMPATH\CodeIgniter.php(934): App\Controllers\Admin\PostController->SaveEdit('39')
 5 SYSTEMPATH\CodeIgniter.php(499): CodeIgniter\CodeIgniter->runController(Object(App\Controllers\Admin\PostController))
 6 SYSTEMPATH\CodeIgniter.php(368): CodeIgniter\CodeIgniter->handleRequest(null, Object(Config\Cache), false)
 7 FCPATH\index.php(67): CodeIgniter\CodeIgniter->run()
INFO - 2023-06-11 03:10:42 --> Session: Class initialized using 'CodeIgniter\Session\Handlers\FileHandler' driver.
INFO - 2023-06-11 03:10:44 --> Session: Class initialized using 'CodeIgniter\Session\Handlers\FileHandler' driver.
INFO - 2023-06-11 03:10:52 --> Session: Class initialized using 'CodeIgniter\Session\Handlers\FileHandler' driver.
CRITICAL - 2023-06-11 03:10:52 --> File not found: "D:\Code\Xampp\htdocs\CI4_App\public/upload/tinymce/image_asset"
in SYSTEMPATH\Files\File.php on line 47.
 1 SYSTEMPATH\Files\File.php(47): CodeIgniter\Files\Exceptions\FileNotFoundException::forFileNotFound('FCPATH\\public\\upload\\tinymce\\image_asset')
 2 SYSTEMPATH\Images\Handlers\BaseHandler.php(148): CodeIgniter\Files\File->__construct('FCPATH\\public\\upload\\tinymce\\image_asset', true)
 3 APPPATH\Controllers\Admin\PostController.php(315): CodeIgniter\Images\Handlers\BaseHandler->withFile('FCPATH\\public\\upload\\tinymce\\image_asset', '1200-ewErHQ6AoKZ2V5Xz.jpg')
 4 SYSTEMPATH\CodeIgniter.php(934): App\Controllers\Admin\PostController->SaveEdit('39')
 5 SYSTEMPATH\CodeIgniter.php(499): CodeIgniter\CodeIgniter->runController(Object(App\Controllers\Admin\PostController))
 6 SYSTEMPATH\CodeIgniter.php(368): CodeIgniter\CodeIgniter->handleRequest(null, Object(Config\Cache), false)
 7 FCPATH\index.php(67): CodeIgniter\CodeIgniter->run()
INFO - 2023-06-11 03:11:49 --> Session: Class initialized using 'CodeIgniter\Session\Handlers\FileHandler' driver.
INFO - 2023-06-11 03:11:51 --> Session: Class initialized using 'CodeIgniter\Session\Handlers\FileHandler' driver.
INFO - 2023-06-11 03:12:11 --> Session: Class initialized using 'CodeIgniter\Session\Handlers\FileHandler' driver.
CRITICAL - 2023-06-11 03:12:11 --> File not found: "D:\Code\Xampp\htdocs\CI4_App\public/upload/tinymce/image_asset"
in SYSTEMPATH\Files\File.php on line 47.
 1 SYSTEMPATH\Files\File.php(47): CodeIgniter\Files\Exceptions\FileNotFoundException::forFileNotFound('FCPATH\\public\\upload\\tinymce\\image_asset')
 2 SYSTEMPATH\Images\Handlers\BaseHandler.php(148): CodeIgniter\Files\File->__construct('FCPATH\\public\\upload\\tinymce\\image_asset', true)
 3 APPPATH\Controllers\Admin\PostController.php(315): CodeIgniter\Images\Handlers\BaseHandler->withFile('FCPATH\\public\\upload\\tinymce\\image_asset', '1200-28wY1mAcMy7pkKr6.jpg')
 4 SYSTEMPATH\CodeIgniter.php(934): App\Controllers\Admin\PostController->SaveEdit('39')
 5 SYSTEMPATH\CodeIgniter.php(499): CodeIgniter\CodeIgniter->runController(Object(App\Controllers\Admin\PostController))
 6 SYSTEMPATH\CodeIgniter.php(368): CodeIgniter\CodeIgniter->handleRequest(null, Object(Config\Cache), false)
 7 FCPATH\index.php(67): CodeIgniter\CodeIgniter->run()
INFO - 2023-06-11 03:14:32 --> Session: Class initialized using 'CodeIgniter\Session\Handlers\FileHandler' driver.
INFO - 2023-06-11 03:14:40 --> Session: Class initialized using 'CodeIgniter\Session\Handlers\FileHandler' driver.
CRITICAL - 2023-06-11 03:14:40 --> File not found: "D:\Code\Xampp\htdocs\CI4_App\public/upload/tinymce/image_asset1200-sXWlEAvykjtiV2hP.jpg"
in SYSTEMPATH\Files\File.php on line 47.
 1 SYSTEMPATH\Files\File.php(47): CodeIgniter\Files\Exceptions\FileNotFoundException::forFileNotFound('FCPATH\\public/upload/tinymce/image_asset1200-sXWlEAvykjtiV2hP.jpg')
 2 SYSTEMPATH\Images\Handlers\BaseHandler.php(148): CodeIgniter\Files\File->__construct('FCPATH\\public/upload/tinymce/image_asset1200-sXWlEAvykjtiV2hP.jpg', true)
 3 APPPATH\Controllers\Admin\PostController.php(315): CodeIgniter\Images\Handlers\BaseHandler->withFile('FCPATH\\public/upload/tinymce/image_asset1200-sXWlEAvykjtiV2hP.jpg')
 4 SYSTEMPATH\CodeIgniter.php(934): App\Controllers\Admin\PostController->SaveEdit('39')
 5 SYSTEMPATH\CodeIgniter.php(499): CodeIgniter\CodeIgniter->runController(Object(App\Controllers\Admin\PostController))
 6 SYSTEMPATH\CodeIgniter.php(368): CodeIgniter\CodeIgniter->handleRequest(null, Object(Config\Cache), false)
 7 FCPATH\index.php(67): CodeIgniter\CodeIgniter->run()
INFO - 2023-06-11 03:15:57 --> Session: Class initialized using 'CodeIgniter\Session\Handlers\FileHandler' driver.
INFO - 2023-06-11 03:15:59 --> Session: Class initialized using 'CodeIgniter\Session\Handlers\FileHandler' driver.
INFO - 2023-06-11 03:16:08 --> Session: Class initialized using 'CodeIgniter\Session\Handlers\FileHandler' driver.
CRITICAL - 2023-06-11 03:16:08 --> File not found: "D:\Code\Xampp\htdocs\CI4_App\public\upload\tinymce\image_asset1200-UdXkjYA7DBPqWwCb.jpg"
in SYSTEMPATH\Files\File.php on line 47.
 1 SYSTEMPATH\Files\File.php(47): CodeIgniter\Files\Exceptions\FileNotFoundException::forFileNotFound('FCPATH\\public\\upload\\tinymce\\image_asset1200-UdXkjYA7DBPqWwCb.jpg')
 2 SYSTEMPATH\Images\Handlers\BaseHandler.php(148): CodeIgniter\Files\File->__construct('FCPATH\\public\\upload\\tinymce\\image_asset1200-UdXkjYA7DBPqWwCb.jpg', true)
 3 APPPATH\Controllers\Admin\PostController.php(315): CodeIgniter\Images\Handlers\BaseHandler->withFile('FCPATH\\public\\upload\\tinymce\\image_asset1200-UdXkjYA7DBPqWwCb.jpg')
 4 SYSTEMPATH\CodeIgniter.php(934): App\Controllers\Admin\PostController->SaveEdit('39')
 5 SYSTEMPATH\CodeIgniter.php(499): CodeIgniter\CodeIgniter->runController(Object(App\Controllers\Admin\PostController))
 6 SYSTEMPATH\CodeIgniter.php(368): CodeIgniter\CodeIgniter->handleRequest(null, Object(Config\Cache), false)
 7 FCPATH\index.php(67): CodeIgniter\CodeIgniter->run()
INFO - 2023-06-11 03:18:19 --> Session: Class initialized using 'CodeIgniter\Session\Handlers\FileHandler' driver.
INFO - 2023-06-11 03:18:22 --> Session: Class initialized using 'CodeIgniter\Session\Handlers\FileHandler' driver.
INFO - 2023-06-11 03:18:29 --> Session: Class initialized using 'CodeIgniter\Session\Handlers\FileHandler' driver.
CRITICAL - 2023-06-11 03:18:29 --> File not found: "http://localhost/CI4_App/public/upload/tinymce/image_asset/1200-1TBsG4hOiNYCtjvR.jpg"
in SYSTEMPATH\Files\File.php on line 47.
 1 SYSTEMPATH\Files\File.php(47): CodeIgniter\Files\Exceptions\FileNotFoundException::forFileNotFound('http://localhost/CI4_App/public/upload/tinymce/image_asset/1200-1TBsG4hOiNYCtjvR.jpg')
 2 SYSTEMPATH\Images\Handlers\BaseHandler.php(148): CodeIgniter\Files\File->__construct('http://localhost/CI4_App/public/upload/tinymce/image_asset/1200-1TBsG4hOiNYCtjvR.jpg', true)
 3 APPPATH\Controllers\Admin\PostController.php(315): CodeIgniter\Images\Handlers\BaseHandler->withFile('http://localhost/CI4_App/public/upload/tinymce/image_asset/1200-1TBsG4hOiNYCtjvR.jpg')
 4 SYSTEMPATH\CodeIgniter.php(934): App\Controllers\Admin\PostController->SaveEdit('39')
 5 SYSTEMPATH\CodeIgniter.php(499): CodeIgniter\CodeIgniter->runController(Object(App\Controllers\Admin\PostController))
 6 SYSTEMPATH\CodeIgniter.php(368): CodeIgniter\CodeIgniter->handleRequest(null, Object(Config\Cache), false)
 7 FCPATH\index.php(67): CodeIgniter\CodeIgniter->run()
INFO - 2023-06-11 03:20:13 --> Session: Class initialized using 'CodeIgniter\Session\Handlers\FileHandler' driver.
INFO - 2023-06-11 03:20:21 --> Session: Class initialized using 'CodeIgniter\Session\Handlers\FileHandler' driver.
CRITICAL - 2023-06-11 03:20:21 --> Image processing failed. Please verify that your server supports the chosen protocol and that the path to your image library is correct.
in SYSTEMPATH\Images\Handlers\ImageMagickHandler.php on line 212.
 1 SYSTEMPATH\Images\Handlers\ImageMagickHandler.php(212): CodeIgniter\Images\Exceptions\ImageException::forImageProcessFailed()
 2 SYSTEMPATH\Images\Handlers\ImageMagickHandler.php(72): CodeIgniter\Images\Handlers\ImageMagickHandler->process(' -resize 1200x900 "D:\\Code\\Xampp\\tmp\\php8495.tmp" "D:\\Code\\Xampp\\htdocs\\CI4_App\\writable\\cache/1686453621_59597b529150913f70ad.png"')
 3 SYSTEMPATH\Images\Handlers\BaseHandler.php(256): CodeIgniter\Images\Handlers\ImageMagickHandler->_resize(true)
 4 APPPATH\Controllers\Admin\PostController.php(315): CodeIgniter\Images\Handlers\BaseHandler->resize(1200, 900, true, 'height')
 5 SYSTEMPATH\CodeIgniter.php(934): App\Controllers\Admin\PostController->SaveEdit('39')
 6 SYSTEMPATH\CodeIgniter.php(499): CodeIgniter\CodeIgniter->runController(Object(App\Controllers\Admin\PostController))
 7 SYSTEMPATH\CodeIgniter.php(368): CodeIgniter\CodeIgniter->handleRequest(null, Object(Config\Cache), false)
 8 FCPATH\index.php(67): CodeIgniter\CodeIgniter->run()
INFO - 2023-06-11 03:26:55 --> Session: Class initialized using 'CodeIgniter\Session\Handlers\FileHandler' driver.
INFO - 2023-06-11 03:27:04 --> Session: Class initialized using 'CodeIgniter\Session\Handlers\FileHandler' driver.
CRITICAL - 2023-06-11 03:27:04 --> File not found: "http://localhost/CI4_App/public/upload/tinymce/image_asset/1200-bxeO2o3JS4BlH5Wt.jpg"
in SYSTEMPATH\Files\File.php on line 47.
 1 SYSTEMPATH\Files\File.php(47): CodeIgniter\Files\Exceptions\FileNotFoundException::forFileNotFound('http://localhost/CI4_App/public/upload/tinymce/image_asset/1200-bxeO2o3JS4BlH5Wt.jpg')
 2 SYSTEMPATH\Images\Handlers\BaseHandler.php(148): CodeIgniter\Files\File->__construct('http://localhost/CI4_App/public/upload/tinymce/image_asset/1200-bxeO2o3JS4BlH5Wt.jpg', true)
 3 APPPATH\Controllers\Admin\PostController.php(322): CodeIgniter\Images\Handlers\BaseHandler->withFile('http://localhost/CI4_App/public/upload/tinymce/image_asset/1200-bxeO2o3JS4BlH5Wt.jpg')
 4 SYSTEMPATH\CodeIgniter.php(934): App\Controllers\Admin\PostController->SaveEdit('39')
 5 SYSTEMPATH\CodeIgniter.php(499): CodeIgniter\CodeIgniter->runController(Object(App\Controllers\Admin\PostController))
 6 SYSTEMPATH\CodeIgniter.php(368): CodeIgniter\CodeIgniter->handleRequest(null, Object(Config\Cache), false)
 7 FCPATH\index.php(67): CodeIgniter\CodeIgniter->run()
INFO - 2023-06-11 03:38:45 --> Session: Class initialized using 'CodeIgniter\Session\Handlers\FileHandler' driver.
INFO - 2023-06-11 03:38:56 --> Session: Class initialized using 'CodeIgniter\Session\Handlers\FileHandler' driver.
CRITICAL - 2023-06-11 03:38:56 --> File not found: "http://localhost/CI4_App/public/upload/tinymce/image_asset/1200-EcaFPBDge4tACWf8.jpg"
in SYSTEMPATH\Files\File.php on line 47.
 1 SYSTEMPATH\Files\File.php(47): CodeIgniter\Files\Exceptions\FileNotFoundException::forFileNotFound('http://localhost/CI4_App/public/upload/tinymce/image_asset/1200-EcaFPBDge4tACWf8.jpg')
 2 SYSTEMPATH\Images\Handlers\BaseHandler.php(148): CodeIgniter\Files\File->__construct('http://localhost/CI4_App/public/upload/tinymce/image_asset/1200-EcaFPBDge4tACWf8.jpg', true)
 3 APPPATH\Controllers\Admin\PostController.php(322): CodeIgniter\Images\Handlers\BaseHandler->withFile('http://localhost/CI4_App/public/upload/tinymce/image_asset/1200-EcaFPBDge4tACWf8.jpg')
 4 SYSTEMPATH\CodeIgniter.php(934): App\Controllers\Admin\PostController->SaveEdit('39')
 5 SYSTEMPATH\CodeIgniter.php(499): CodeIgniter\CodeIgniter->runController(Object(App\Controllers\Admin\PostController))
 6 SYSTEMPATH\CodeIgniter.php(368): CodeIgniter\CodeIgniter->handleRequest(null, Object(Config\Cache), false)
 7 FCPATH\index.php(67): CodeIgniter\CodeIgniter->run()
INFO - 2023-06-11 03:44:33 --> Session: Class initialized using 'CodeIgniter\Session\Handlers\FileHandler' driver.
INFO - 2023-06-11 03:44:43 --> Session: Class initialized using 'CodeIgniter\Session\Handlers\FileHandler' driver.
CRITICAL - 2023-06-11 03:44:43 --> File not found: "http://localhost/CI4_App/public/upload/tinymce/image_asset/1200-NdgWJn8IVr3Upx7q.jpg"
in SYSTEMPATH\Files\File.php on line 47.
 1 SYSTEMPATH\Files\File.php(47): CodeIgniter\Files\Exceptions\FileNotFoundException::forFileNotFound('http://localhost/CI4_App/public/upload/tinymce/image_asset/1200-NdgWJn8IVr3Upx7q.jpg')
 2 SYSTEMPATH\Images\Handlers\BaseHandler.php(148): CodeIgniter\Files\File->__construct('http://localhost/CI4_App/public/upload/tinymce/image_asset/1200-NdgWJn8IVr3Upx7q.jpg', true)
 3 APPPATH\Controllers\Admin\PostController.php(326): CodeIgniter\Images\Handlers\BaseHandler->withFile('http://localhost/CI4_App/public/upload/tinymce/image_asset/1200-NdgWJn8IVr3Upx7q.jpg')
 4 SYSTEMPATH\CodeIgniter.php(934): App\Controllers\Admin\PostController->SaveEdit('39')
 5 SYSTEMPATH\CodeIgniter.php(499): CodeIgniter\CodeIgniter->runController(Object(App\Controllers\Admin\PostController))
 6 SYSTEMPATH\CodeIgniter.php(368): CodeIgniter\CodeIgniter->handleRequest(null, Object(Config\Cache), false)
 7 FCPATH\index.php(67): CodeIgniter\CodeIgniter->run()
INFO - 2023-06-11 03:47:37 --> Session: Class initialized using 'CodeIgniter\Session\Handlers\FileHandler' driver.
INFO - 2023-06-11 03:47:46 --> Session: Class initialized using 'CodeIgniter\Session\Handlers\FileHandler' driver.
CRITICAL - 2023-06-11 03:47:46 --> File not found: "http://localhost/CI4_App/public/upload/tinymce/image_asset/1200-OWva3CF6Y74hm5bq.jpg"
in SYSTEMPATH\Files\File.php on line 47.
 1 SYSTEMPATH\Files\File.php(47): CodeIgniter\Files\Exceptions\FileNotFoundException::forFileNotFound('http://localhost/CI4_App/public/upload/tinymce/image_asset/1200-OWva3CF6Y74hm5bq.jpg')
 2 SYSTEMPATH\Images\Handlers\BaseHandler.php(148): CodeIgniter\Files\File->__construct('http://localhost/CI4_App/public/upload/tinymce/image_asset/1200-OWva3CF6Y74hm5bq.jpg', true)
 3 APPPATH\Controllers\Admin\PostController.php(327): CodeIgniter\Images\Handlers\BaseHandler->withFile('http://localhost/CI4_App/public/upload/tinymce/image_asset/1200-OWva3CF6Y74hm5bq.jpg')
 4 SYSTEMPATH\CodeIgniter.php(934): App\Controllers\Admin\PostController->SaveEdit('39')
 5 SYSTEMPATH\CodeIgniter.php(499): CodeIgniter\CodeIgniter->runController(Object(App\Controllers\Admin\PostController))
 6 SYSTEMPATH\CodeIgniter.php(368): CodeIgniter\CodeIgniter->handleRequest(null, Object(Config\Cache), false)
 7 FCPATH\index.php(67): CodeIgniter\CodeIgniter->run()
INFO - 2023-06-11 03:48:31 --> Session: Class initialized using 'CodeIgniter\Session\Handlers\FileHandler' driver.
INFO - 2023-06-11 03:48:37 --> Session: Class initialized using 'CodeIgniter\Session\Handlers\FileHandler' driver.
INFO - 2023-06-11 03:51:04 --> Session: Class initialized using 'CodeIgniter\Session\Handlers\FileHandler' driver.
INFO - 2023-06-11 03:51:12 --> Session: Class initialized using 'CodeIgniter\Session\Handlers\FileHandler' driver.
CRITICAL - 2023-06-11 03:51:12 --> File not found: "http://localhost/CI4_App/public/upload/tinymce/image_asset/1200-xlQFEpCr9LajWug0.jpg"
in SYSTEMPATH\Files\File.php on line 47.
 1 SYSTEMPATH\Files\File.php(47): CodeIgniter\Files\Exceptions\FileNotFoundException::forFileNotFound('http://localhost/CI4_App/public/upload/tinymce/image_asset/1200-xlQFEpCr9LajWug0.jpg')
 2 SYSTEMPATH\Images\Handlers\BaseHandler.php(148): CodeIgniter\Files\File->__construct('http://localhost/CI4_App/public/upload/tinymce/image_asset/1200-xlQFEpCr9LajWug0.jpg', true)
 3 APPPATH\Controllers\Admin\PostController.php(331): CodeIgniter\Images\Handlers\BaseHandler->withFile('http://localhost/CI4_App/public/upload/tinymce/image_asset/1200-xlQFEpCr9LajWug0.jpg')
 4 SYSTEMPATH\CodeIgniter.php(934): App\Controllers\Admin\PostController->SaveEdit('39')
 5 SYSTEMPATH\CodeIgniter.php(499): CodeIgniter\CodeIgniter->runController(Object(App\Controllers\Admin\PostController))
 6 SYSTEMPATH\CodeIgniter.php(368): CodeIgniter\CodeIgniter->handleRequest(null, Object(Config\Cache), false)
 7 FCPATH\index.php(67): CodeIgniter\CodeIgniter->run()
INFO - 2023-06-11 03:52:57 --> Session: Class initialized using 'CodeIgniter\Session\Handlers\FileHandler' driver.
INFO - 2023-06-11 03:53:01 --> Session: Class initialized using 'CodeIgniter\Session\Handlers\FileHandler' driver.
INFO - 2023-06-11 03:53:13 --> Session: Class initialized using 'CodeIgniter\Session\Handlers\FileHandler' driver.
INFO - 2023-06-11 03:54:48 --> Session: Class initialized using 'CodeIgniter\Session\Handlers\FileHandler' driver.
INFO - 2023-06-11 03:54:57 --> Session: Class initialized using 'CodeIgniter\Session\Handlers\FileHandler' driver.
INFO - 2023-06-11 03:55:06 --> Session: Class initialized using 'CodeIgniter\Session\Handlers\FileHandler' driver.
INFO - 2023-06-11 03:55:07 --> Session: Class initialized using 'CodeIgniter\Session\Handlers\FileHandler' driver.
INFO - 2023-06-11 03:55:51 --> Session: Class initialized using 'CodeIgniter\Session\Handlers\FileHandler' driver.
INFO - 2023-06-11 03:56:06 --> Session: Class initialized using 'CodeIgniter\Session\Handlers\FileHandler' driver.
INFO - 2023-06-11 03:56:27 --> Session: Class initialized using 'CodeIgniter\Session\Handlers\FileHandler' driver.
INFO - 2023-06-11 03:56:32 --> Session: Class initialized using 'CodeIgniter\Session\Handlers\FileHandler' driver.
INFO - 2023-06-11 03:57:16 --> Session: Class initialized using 'CodeIgniter\Session\Handlers\FileHandler' driver.
INFO - 2023-06-11 03:57:32 --> Session: Class initialized using 'CodeIgniter\Session\Handlers\FileHandler' driver.
INFO - 2023-06-11 03:58:10 --> Session: Class initialized using 'CodeIgniter\Session\Handlers\FileHandler' driver.
INFO - 2023-06-11 03:58:46 --> Session: Class initialized using 'CodeIgniter\Session\Handlers\FileHandler' driver.
INFO - 2023-06-11 03:59:29 --> Session: Class initialized using 'CodeIgniter\Session\Handlers\FileHandler' driver.
INFO - 2023-06-11 04:00:52 --> Session: Class initialized using 'CodeIgniter\Session\Handlers\FileHandler' driver.
INFO - 2023-06-11 04:01:33 --> Session: Class initialized using 'CodeIgniter\Session\Handlers\FileHandler' driver.
INFO - 2023-06-11 04:02:24 --> Session: Class initialized using 'CodeIgniter\Session\Handlers\FileHandler' driver.
INFO - 2023-06-11 04:02:39 --> Session: Class initialized using 'CodeIgniter\Session\Handlers\FileHandler' driver.
INFO - 2023-06-11 04:04:02 --> Session: Class initialized using 'CodeIgniter\Session\Handlers\FileHandler' driver.
INFO - 2023-06-11 04:08:02 --> Session: Class initialized using 'CodeIgniter\Session\Handlers\FileHandler' driver.
INFO - 2023-06-11 04:08:20 --> Session: Class initialized using 'CodeIgniter\Session\Handlers\FileHandler' driver.
INFO - 2023-06-11 04:09:35 --> Session: Class initialized using 'CodeIgniter\Session\Handlers\FileHandler' driver.
INFO - 2023-06-11 04:23:26 --> Session: Class initialized using 'CodeIgniter\Session\Handlers\FileHandler' driver.
INFO - 2023-06-11 04:24:03 --> Session: Class initialized using 'CodeIgniter\Session\Handlers\FileHandler' driver.
INFO - 2023-06-11 04:24:05 --> Session: Class initialized using 'CodeIgniter\Session\Handlers\FileHandler' driver.
INFO - 2023-06-11 04:24:08 --> Session: Class initialized using 'CodeIgniter\Session\Handlers\FileHandler' driver.
INFO - 2023-06-11 04:25:40 --> Session: Class initialized using 'CodeIgniter\Session\Handlers\FileHandler' driver.
INFO - 2023-06-11 04:25:43 --> Session: Class initialized using 'CodeIgniter\Session\Handlers\FileHandler' driver.
INFO - 2023-06-11 04:26:15 --> Session: Class initialized using 'CodeIgniter\Session\Handlers\FileHandler' driver.
INFO - 2023-06-11 04:26:48 --> Session: Class initialized using 'CodeIgniter\Session\Handlers\FileHandler' driver.
INFO - 2023-06-11 04:28:09 --> Session: Class initialized using 'CodeIgniter\Session\Handlers\FileHandler' driver.
INFO - 2023-06-11 04:28:13 --> Session: Class initialized using 'CodeIgniter\Session\Handlers\FileHandler' driver.
INFO - 2023-06-11 04:28:17 --> Session: Class initialized using 'CodeIgniter\Session\Handlers\FileHandler' driver.
INFO - 2023-06-11 04:29:02 --> Session: Class initialized using 'CodeIgniter\Session\Handlers\FileHandler' driver.
INFO - 2023-06-11 04:29:05 --> Session: Class initialized using 'CodeIgniter\Session\Handlers\FileHandler' driver.
INFO - 2023-06-11 04:29:24 --> Session: Class initialized using 'CodeIgniter\Session\Handlers\FileHandler' driver.
INFO - 2023-06-11 04:29:28 --> Session: Class initialized using 'CodeIgniter\Session\Handlers\FileHandler' driver.
INFO - 2023-06-11 04:31:01 --> Session: Class initialized using 'CodeIgniter\Session\Handlers\FileHandler' driver.
INFO - 2023-06-11 04:32:48 --> Session: Class initialized using 'CodeIgniter\Session\Handlers\FileHandler' driver.
INFO - 2023-06-11 04:33:07 --> Session: Class initialized using 'CodeIgniter\Session\Handlers\FileHandler' driver.
INFO - 2023-06-11 08:09:54 --> Session: Class initialized using 'CodeIgniter\Session\Handlers\FileHandler' driver.
INFO - 2023-06-11 08:09:54 --> Session: Class initialized using 'CodeIgniter\Session\Handlers\FileHandler' driver.
INFO - 2023-06-11 08:09:58 --> Session: Class initialized using 'CodeIgniter\Session\Handlers\FileHandler' driver.
INFO - 2023-06-11 08:09:59 --> Session: Class initialized using 'CodeIgniter\Session\Handlers\FileHandler' driver.
INFO - 2023-06-11 08:10:03 --> Session: Class initialized using 'CodeIgniter\Session\Handlers\FileHandler' driver.
INFO - 2023-06-11 08:10:07 --> Session: Class initialized using 'CodeIgniter\Session\Handlers\FileHandler' driver.
INFO - 2023-06-11 08:10:16 --> Session: Class initialized using 'CodeIgniter\Session\Handlers\FileHandler' driver.
CRITICAL - 2023-06-11 08:10:16 --> File not found: "/public/upload/tinymce/image_asset1200222-saJ42x0diNUHWAP6.jpg"
in SYSTEMPATH\Files\File.php on line 47.
 1 SYSTEMPATH\Files\File.php(47): CodeIgniter\Files\Exceptions\FileNotFoundException::forFileNotFound('/public/upload/tinymce/image_asset1200222-saJ42x0diNUHWAP6.jpg')
 2 SYSTEMPATH\Images\Handlers\BaseHandler.php(148): CodeIgniter\Files\File->__construct('/public/upload/tinymce/image_asset1200222-saJ42x0diNUHWAP6.jpg', true)
 3 APPPATH\Controllers\Admin\PostController.php(322): CodeIgniter\Images\Handlers\BaseHandler->withFile('/public/upload/tinymce/image_asset1200222-saJ42x0diNUHWAP6.jpg')
 4 SYSTEMPATH\CodeIgniter.php(934): App\Controllers\Admin\PostController->SaveEdit('40')
 5 SYSTEMPATH\CodeIgniter.php(499): CodeIgniter\CodeIgniter->runController(Object(App\Controllers\Admin\PostController))
 6 SYSTEMPATH\CodeIgniter.php(368): CodeIgniter\CodeIgniter->handleRequest(null, Object(Config\Cache), false)
 7 FCPATH\index.php(67): CodeIgniter\CodeIgniter->run()
INFO - 2023-06-11 08:12:19 --> Session: Class initialized using 'CodeIgniter\Session\Handlers\FileHandler' driver.
INFO - 2023-06-11 08:12:30 --> Session: Class initialized using 'CodeIgniter\Session\Handlers\FileHandler' driver.
CRITICAL - 2023-06-11 08:12:30 --> fopen(http://localhost/CI4_App/public/upload/tinymce/image_asset1200222-MwQ6BlkiG28m9Y3n.jpg): Failed to open stream: HTTP request failed! HTTP/1.1 500 Internal Server Error

in APPPATH\Controllers\Admin\PostController.php on line 322.
 1 [internal function]: CodeIgniter\Debug\Exceptions->errorHandler(2, 'fopen(http://localhost/CI4_App/public/upload/tinymce/image_asset1200222-MwQ6BlkiG28m9Y3n.jpg): Failed to open stream: HTTP request failed! HTTP/1.1 500 Internal Server Error
', 'APPPATH\\Controllers\\Admin\\PostController.php', 322)
 2 APPPATH\Controllers\Admin\PostController.php(322): fopen('http://localhost/CI4_App/public/upload/tinymce/image_asset1200222-MwQ6BlkiG28m9Y3n.jpg', 'rb')
 3 SYSTEMPATH\CodeIgniter.php(934): App\Controllers\Admin\PostController->SaveEdit('40')
 4 SYSTEMPATH\CodeIgniter.php(499): CodeIgniter\CodeIgniter->runController(Object(App\Controllers\Admin\PostController))
 5 SYSTEMPATH\CodeIgniter.php(368): CodeIgniter\CodeIgniter->handleRequest(null, Object(Config\Cache), false)
 6 FCPATH\index.php(67): CodeIgniter\CodeIgniter->run()
INFO - 2023-06-11 08:12:50 --> Session: Class initialized using 'CodeIgniter\Session\Handlers\FileHandler' driver.
INFO - 2023-06-11 08:12:58 --> Session: Class initialized using 'CodeIgniter\Session\Handlers\FileHandler' driver.
CRITICAL - 2023-06-11 08:12:58 --> CodeIgniter\Images\Handlers\BaseHandler::withFile(): Argument #1 ($path) must be of type string, resource given, called in D:\Code\Xampp\htdocs\CI4_App\app\Controllers\Admin\PostController.php on line 324
in SYSTEMPATH\Images\Handlers\BaseHandler.php on line 141.
 1 APPPATH\Controllers\Admin\PostController.php(324): CodeIgniter\Images\Handlers\BaseHandler->withFile(resource (stream))
 2 SYSTEMPATH\CodeIgniter.php(934): App\Controllers\Admin\PostController->SaveEdit('40')
 3 SYSTEMPATH\CodeIgniter.php(499): CodeIgniter\CodeIgniter->runController(Object(App\Controllers\Admin\PostController))
 4 SYSTEMPATH\CodeIgniter.php(368): CodeIgniter\CodeIgniter->handleRequest(null, Object(Config\Cache), false)
 5 FCPATH\index.php(67): CodeIgniter\CodeIgniter->run()
INFO - 2023-06-11 12:01:06 --> Session: Class initialized using 'CodeIgniter\Session\Handlers\FileHandler' driver.
INFO - 2023-06-11 12:01:06 --> Session: Class initialized using 'CodeIgniter\Session\Handlers\FileHandler' driver.
INFO - 2023-06-11 13:16:04 --> Session: Class initialized using 'CodeIgniter\Session\Handlers\FileHandler' driver.
INFO - 2023-06-11 13:16:05 --> Session: Class initialized using 'CodeIgniter\Session\Handlers\FileHandler' driver.
INFO - 2023-06-11 13:16:12 --> Session: Class initialized using 'CodeIgniter\Session\Handlers\FileHandler' driver.
INFO - 2023-06-11 13:16:20 --> Session: Class initialized using 'CodeIgniter\Session\Handlers\FileHandler' driver.
INFO - 2023-06-11 13:16:36 --> Session: Class initialized using 'CodeIgniter\Session\Handlers\FileHandler' driver.
INFO - 2023-06-11 13:17:41 --> Session: Class initialized using 'CodeIgniter\Session\Handlers\FileHandler' driver.
INFO - 2023-06-11 13:18:45 --> Session: Class initialized using 'CodeIgniter\Session\Handlers\FileHandler' driver.
CRITICAL - 2023-06-11 13:18:45 --> Trying to access array offset on value of type null
in APPPATH\Controllers\Admin\PostController.php on line 258.
 1 APPPATH\Controllers\Admin\PostController.php(258): CodeIgniter\Debug\Exceptions->errorHandler(2, 'Trying to access array offset on value of type null', 'APPPATH\\Controllers\\Admin\\PostController.php', 258)
 2 SYSTEMPATH\CodeIgniter.php(934): App\Controllers\Admin\PostController->SaveEdit('36')
 3 SYSTEMPATH\CodeIgniter.php(499): CodeIgniter\CodeIgniter->runController(Object(App\Controllers\Admin\PostController))
 4 SYSTEMPATH\CodeIgniter.php(368): CodeIgniter\CodeIgniter->handleRequest(null, Object(Config\Cache), false)
 5 FCPATH\index.php(67): CodeIgniter\CodeIgniter->run()
INFO - 2023-06-11 13:23:18 --> Session: Class initialized using 'CodeIgniter\Session\Handlers\FileHandler' driver.
CRITICAL - 2023-06-11 13:23:18 --> Undefined array key "post_image_name"
in APPPATH\Controllers\Admin\PostController.php on line 319.
 1 APPPATH\Controllers\Admin\PostController.php(319): CodeIgniter\Debug\Exceptions->errorHandler(2, 'Undefined array key "post_image_name"', 'APPPATH\\Controllers\\Admin\\PostController.php', 319)
 2 SYSTEMPATH\CodeIgniter.php(934): App\Controllers\Admin\PostController->SaveEdit('36')
 3 SYSTEMPATH\CodeIgniter.php(499): CodeIgniter\CodeIgniter->runController(Object(App\Controllers\Admin\PostController))
 4 SYSTEMPATH\CodeIgniter.php(368): CodeIgniter\CodeIgniter->handleRequest(null, Object(Config\Cache), false)
 5 FCPATH\index.php(67): CodeIgniter\CodeIgniter->run()
INFO - 2023-06-11 13:23:54 --> Session: Class initialized using 'CodeIgniter\Session\Handlers\FileHandler' driver.
CRITICAL - 2023-06-11 13:23:54 --> Trying to access array offset on value of type null
in APPPATH\Controllers\Admin\PostController.php on line 258.
 1 APPPATH\Controllers\Admin\PostController.php(258): CodeIgniter\Debug\Exceptions->errorHandler(2, 'Trying to access array offset on value of type null', 'APPPATH\\Controllers\\Admin\\PostController.php', 258)
 2 SYSTEMPATH\CodeIgniter.php(934): App\Controllers\Admin\PostController->SaveEdit('36')
 3 SYSTEMPATH\CodeIgniter.php(499): CodeIgniter\CodeIgniter->runController(Object(App\Controllers\Admin\PostController))
 4 SYSTEMPATH\CodeIgniter.php(368): CodeIgniter\CodeIgniter->handleRequest(null, Object(Config\Cache), false)
 5 FCPATH\index.php(67): CodeIgniter\CodeIgniter->run()
INFO - 2023-06-11 13:25:07 --> Session: Class initialized using 'CodeIgniter\Session\Handlers\FileHandler' driver.
INFO - 2023-06-11 13:25:52 --> Session: Class initialized using 'CodeIgniter\Session\Handlers\FileHandler' driver.
INFO - 2023-06-11 13:26:01 --> Session: Class initialized using 'CodeIgniter\Session\Handlers\FileHandler' driver.
CRITICAL - 2023-06-11 13:26:01 --> Could not move file "test-alert-swuhg0BYlfXbzxqd.jpg" to "http://localhost/CI4_App/public/upload/tinymce/image_asset/trash/". Reason: rename(): http wrapper does not support renaming
in SYSTEMPATH\Files\File.php on line 149.
 1 SYSTEMPATH\Files\File.php(149): CodeIgniter\Files\Exceptions\FileException::forUnableToMove('test-alert-swuhg0BYlfXbzxqd.jpg', 'http://localhost/CI4_App/public/upload/tinymce/image_asset/trash/', 'rename(): http wrapper does not support renaming')
 2 APPPATH\Controllers\Admin\PostController.php(323): CodeIgniter\Files\File->move('http://localhost/CI4_App/public/upload/tinymce/image_asset/trash/')
 3 SYSTEMPATH\CodeIgniter.php(934): App\Controllers\Admin\PostController->SaveEdit('36')
 4 SYSTEMPATH\CodeIgniter.php(499): CodeIgniter\CodeIgniter->runController(Object(App\Controllers\Admin\PostController))
 5 SYSTEMPATH\CodeIgniter.php(368): CodeIgniter\CodeIgniter->handleRequest(null, Object(Config\Cache), false)
 6 FCPATH\index.php(67): CodeIgniter\CodeIgniter->run()
INFO - 2023-06-11 13:27:20 --> Session: Class initialized using 'CodeIgniter\Session\Handlers\FileHandler' driver.
CRITICAL - 2023-06-11 13:27:20 --> Trying to access array offset on value of type null
in APPPATH\Controllers\Admin\PostController.php on line 259.
 1 APPPATH\Controllers\Admin\PostController.php(259): CodeIgniter\Debug\Exceptions->errorHandler(2, 'Trying to access array offset on value of type null', 'APPPATH\\Controllers\\Admin\\PostController.php', 259)
 2 SYSTEMPATH\CodeIgniter.php(934): App\Controllers\Admin\PostController->SaveEdit('36')
 3 SYSTEMPATH\CodeIgniter.php(499): CodeIgniter\CodeIgniter->runController(Object(App\Controllers\Admin\PostController))
 4 SYSTEMPATH\CodeIgniter.php(368): CodeIgniter\CodeIgniter->handleRequest(null, Object(Config\Cache), false)
 5 FCPATH\index.php(67): CodeIgniter\CodeIgniter->run()
INFO - 2023-06-11 13:32:34 --> Session: Class initialized using 'CodeIgniter\Session\Handlers\FileHandler' driver.
INFO - 2023-06-11 13:32:42 --> Session: Class initialized using 'CodeIgniter\Session\Handlers\FileHandler' driver.
INFO - 2023-06-11 13:32:52 --> Session: Class initialized using 'CodeIgniter\Session\Handlers\FileHandler' driver.
INFO - 2023-06-11 13:48:43 --> Session: Class initialized using 'CodeIgniter\Session\Handlers\FileHandler' driver.
INFO - 2023-06-11 13:48:52 --> Session: Class initialized using 'CodeIgniter\Session\Handlers\FileHandler' driver.
INFO - 2023-06-11 13:49:35 --> Session: Class initialized using 'CodeIgniter\Session\Handlers\FileHandler' driver.
INFO - 2023-06-11 13:55:14 --> Session: Class initialized using 'CodeIgniter\Session\Handlers\FileHandler' driver.
INFO - 2023-06-11 13:55:30 --> Session: Class initialized using 'CodeIgniter\Session\Handlers\FileHandler' driver.
INFO - 2023-06-11 13:57:07 --> Session: Class initialized using 'CodeIgniter\Session\Handlers\FileHandler' driver.
INFO - 2023-06-11 13:58:46 --> Session: Class initialized using 'CodeIgniter\Session\Handlers\FileHandler' driver.
INFO - 2023-06-11 13:58:53 --> Session: Class initialized using 'CodeIgniter\Session\Handlers\FileHandler' driver.
CRITICAL - 2023-06-11 13:58:53 --> Could not move file "test-alert-orz4Zb6dw8EkequS.jpg" to "http://localhost/CI4_App/public/upload/tinymce/image_asset/trash/test-alert-orz4Zb6dw8EkequS.jpg/". Reason: rename(): Cannot rename a file across wrapper types
in SYSTEMPATH\Files\File.php on line 149.
 1 SYSTEMPATH\Files\File.php(149): CodeIgniter\Files\Exceptions\FileException::forUnableToMove('test-alert-orz4Zb6dw8EkequS.jpg', 'http://localhost/CI4_App/public/upload/tinymce/image_asset/trash/test-alert-orz4Zb6dw8EkequS.jpg/', 'rename(): Cannot rename a file across wrapper types')
 2 APPPATH\Controllers\Admin\PostController.php(325): CodeIgniter\Files\File->move('http://localhost/CI4_App/public/upload/tinymce/image_asset/trash/test-alert-orz4Zb6dw8EkequS.jpg/')
 3 SYSTEMPATH\CodeIgniter.php(934): App\Controllers\Admin\PostController->SaveEdit('36')
 4 SYSTEMPATH\CodeIgniter.php(499): CodeIgniter\CodeIgniter->runController(Object(App\Controllers\Admin\PostController))
 5 SYSTEMPATH\CodeIgniter.php(368): CodeIgniter\CodeIgniter->handleRequest(null, Object(Config\Cache), false)
 6 FCPATH\index.php(67): CodeIgniter\CodeIgniter->run()
INFO - 2023-06-11 14:05:50 --> Session: Class initialized using 'CodeIgniter\Session\Handlers\FileHandler' driver.
CRITICAL - 2023-06-11 14:05:50 --> Could not move file "test-alert-oc9tjainZGe53EYC.jpg" to "http://localhost/CI4_App/public/upload/tinymce/image_asset/trash/test-alert-oc9tjainZGe53EYC.jpg/". Reason: rename(): Cannot rename a file across wrapper types
in SYSTEMPATH\Files\File.php on line 149.
 1 SYSTEMPATH\Files\File.php(149): CodeIgniter\Files\Exceptions\FileException::forUnableToMove('test-alert-oc9tjainZGe53EYC.jpg', 'http://localhost/CI4_App/public/upload/tinymce/image_asset/trash/test-alert-oc9tjainZGe53EYC.jpg/', 'rename(): Cannot rename a file across wrapper types')
 2 APPPATH\Controllers\Admin\PostController.php(325): CodeIgniter\Files\File->move('http://localhost/CI4_App/public/upload/tinymce/image_asset/trash/test-alert-oc9tjainZGe53EYC.jpg/')
 3 SYSTEMPATH\CodeIgniter.php(934): App\Controllers\Admin\PostController->SaveEdit('36')
 4 SYSTEMPATH\CodeIgniter.php(499): CodeIgniter\CodeIgniter->runController(Object(App\Controllers\Admin\PostController))
 5 SYSTEMPATH\CodeIgniter.php(368): CodeIgniter\CodeIgniter->handleRequest(null, Object(Config\Cache), false)
 6 FCPATH\index.php(67): CodeIgniter\CodeIgniter->run()
INFO - 2023-06-11 14:06:32 --> Session: Class initialized using 'CodeIgniter\Session\Handlers\FileHandler' driver.
CRITICAL - 2023-06-11 14:06:32 --> Could not move file "test-alert-zpXWQ5t0PycOTVne.jpg" to "http://localhost/CI4_App/public/upload/tinymce/image_asset/trash/". Reason: rename(): Cannot rename a file across wrapper types
in SYSTEMPATH\Files\File.php on line 149.
 1 SYSTEMPATH\Files\File.php(149): CodeIgniter\Files\Exceptions\FileException::forUnableToMove('test-alert-zpXWQ5t0PycOTVne.jpg', 'http://localhost/CI4_App/public/upload/tinymce/image_asset/trash/', 'rename(): Cannot rename a file across wrapper types')
 2 APPPATH\Controllers\Admin\PostController.php(325): CodeIgniter\Files\File->move('http://localhost/CI4_App/public/upload/tinymce/image_asset/trash/')
 3 SYSTEMPATH\CodeIgniter.php(934): App\Controllers\Admin\PostController->SaveEdit('36')
 4 SYSTEMPATH\CodeIgniter.php(499): CodeIgniter\CodeIgniter->runController(Object(App\Controllers\Admin\PostController))
 5 SYSTEMPATH\CodeIgniter.php(368): CodeIgniter\CodeIgniter->handleRequest(null, Object(Config\Cache), false)
 6 FCPATH\index.php(67): CodeIgniter\CodeIgniter->run()
INFO - 2023-06-11 14:09:52 --> Session: Class initialized using 'CodeIgniter\Session\Handlers\FileHandler' driver.
INFO - 2023-06-11 14:10:05 --> Session: Class initialized using 'CodeIgniter\Session\Handlers\FileHandler' driver.
CRITICAL - 2023-06-11 14:10:05 --> rename(/public/upload/tinymce/image_asset/test-alert-Gjr2Kqo8fVbF4vU7.jpg,/public/upload/tinymce/image_asset/trash/test-alert-Gjr2Kqo8fVbF4vU7.jpg): The system cannot find the path specified (code: 3)
in APPPATH\Controllers\Admin\PostController.php on line 328.
 1 [internal function]: CodeIgniter\Debug\Exceptions->errorHandler(2, 'rename(/public/upload/tinymce/image_asset/test-alert-Gjr2Kqo8fVbF4vU7.jpg,/public/upload/tinymce/image_asset/trash/test-alert-Gjr2Kqo8fVbF4vU7.jpg): The system cannot find the path specified (code: 3)', 'APPPATH\\Controllers\\Admin\\PostController.php', 328)
 2 APPPATH\Controllers\Admin\PostController.php(328): rename('/public/upload/tinymce/image_asset/test-alert-Gjr2Kqo8fVbF4vU7.jpg', '/public/upload/tinymce/image_asset/trash/test-alert-Gjr2Kqo8fVbF4vU7.jpg')
 3 SYSTEMPATH\CodeIgniter.php(934): App\Controllers\Admin\PostController->SaveEdit('36')
 4 SYSTEMPATH\CodeIgniter.php(499): CodeIgniter\CodeIgniter->runController(Object(App\Controllers\Admin\PostController))
 5 SYSTEMPATH\CodeIgniter.php(368): CodeIgniter\CodeIgniter->handleRequest(null, Object(Config\Cache), false)
 6 FCPATH\index.php(67): CodeIgniter\CodeIgniter->run()
INFO - 2023-06-11 14:10:20 --> Session: Class initialized using 'CodeIgniter\Session\Handlers\FileHandler' driver.
INFO - 2023-06-11 14:10:22 --> Session: Class initialized using 'CodeIgniter\Session\Handlers\FileHandler' driver.
INFO - 2023-06-11 14:10:29 --> Session: Class initialized using 'CodeIgniter\Session\Handlers\FileHandler' driver.
CRITICAL - 2023-06-11 14:10:29 --> rename(): http wrapper does not support renaming
in APPPATH\Controllers\Admin\PostController.php on line 328.
 1 [internal function]: CodeIgniter\Debug\Exceptions->errorHandler(2, 'rename(): http wrapper does not support renaming', 'APPPATH\\Controllers\\Admin\\PostController.php', 328)
 2 APPPATH\Controllers\Admin\PostController.php(328): rename('http://localhost/CI4_App/public/upload/tinymce/image_asset/test-alert-ClSaXzr1TZ86sMGf.jpg', 'http://localhost/CI4_App/public/upload/tinymce/image_asset/trash/test-alert-ClSaXzr1TZ86sMGf.jpg')
 3 SYSTEMPATH\CodeIgniter.php(934): App\Controllers\Admin\PostController->SaveEdit('36')
 4 SYSTEMPATH\CodeIgniter.php(499): CodeIgniter\CodeIgniter->runController(Object(App\Controllers\Admin\PostController))
 5 SYSTEMPATH\CodeIgniter.php(368): CodeIgniter\CodeIgniter->handleRequest(null, Object(Config\Cache), false)
 6 FCPATH\index.php(67): CodeIgniter\CodeIgniter->run()
INFO - 2023-06-11 14:12:12 --> Session: Class initialized using 'CodeIgniter\Session\Handlers\FileHandler' driver.
INFO - 2023-06-11 14:12:18 --> Session: Class initialized using 'CodeIgniter\Session\Handlers\FileHandler' driver.
INFO - 2023-06-11 14:12:18 --> Session: Class initialized using 'CodeIgniter\Session\Handlers\FileHandler' driver.
INFO - 2023-06-11 14:14:16 --> Session: Class initialized using 'CodeIgniter\Session\Handlers\FileHandler' driver.
INFO - 2023-06-11 14:15:19 --> Session: Class initialized using 'CodeIgniter\Session\Handlers\FileHandler' driver.
INFO - 2023-06-11 14:15:24 --> Session: Class initialized using 'CodeIgniter\Session\Handlers\FileHandler' driver.
INFO - 2023-06-11 14:15:27 --> Session: Class initialized using 'CodeIgniter\Session\Handlers\FileHandler' driver.
INFO - 2023-06-11 14:15:38 --> Session: Class initialized using 'CodeIgniter\Session\Handlers\FileHandler' driver.
INFO - 2023-06-11 14:15:41 --> Session: Class initialized using 'CodeIgniter\Session\Handlers\FileHandler' driver.
INFO - 2023-06-11 14:15:45 --> Session: Class initialized using 'CodeIgniter\Session\Handlers\FileHandler' driver.
INFO - 2023-06-11 14:15:46 --> Session: Class initialized using 'CodeIgniter\Session\Handlers\FileHandler' driver.
INFO - 2023-06-11 14:15:49 --> Session: Class initialized using 'CodeIgniter\Session\Handlers\FileHandler' driver.
INFO - 2023-06-11 14:15:52 --> Session: Class initialized using 'CodeIgniter\Session\Handlers\FileHandler' driver.
INFO - 2023-06-11 14:15:59 --> Session: Class initialized using 'CodeIgniter\Session\Handlers\FileHandler' driver.
CRITICAL - 2023-06-11 14:15:59 --> Undefined variable $pathTo
in APPPATH\Controllers\Admin\PostController.php on line 322.
 1 APPPATH\Controllers\Admin\PostController.php(322): CodeIgniter\Debug\Exceptions->errorHandler(2, 'Undefined variable $pathTo', 'APPPATH\\Controllers\\Admin\\PostController.php', 322)
 2 SYSTEMPATH\CodeIgniter.php(934): App\Controllers\Admin\PostController->SaveEdit('40')
 3 SYSTEMPATH\CodeIgniter.php(499): CodeIgniter\CodeIgniter->runController(Object(App\Controllers\Admin\PostController))
 4 SYSTEMPATH\CodeIgniter.php(368): CodeIgniter\CodeIgniter->handleRequest(null, Object(Config\Cache), false)
 5 FCPATH\index.php(67): CodeIgniter\CodeIgniter->run()
INFO - 2023-06-11 14:16:33 --> Session: Class initialized using 'CodeIgniter\Session\Handlers\FileHandler' driver.
INFO - 2023-06-11 14:16:35 --> Session: Class initialized using 'CodeIgniter\Session\Handlers\FileHandler' driver.
INFO - 2023-06-11 14:16:37 --> Session: Class initialized using 'CodeIgniter\Session\Handlers\FileHandler' driver.
INFO - 2023-06-11 14:16:40 --> Session: Class initialized using 'CodeIgniter\Session\Handlers\FileHandler' driver.
INFO - 2023-06-11 14:16:49 --> Session: Class initialized using 'CodeIgniter\Session\Handlers\FileHandler' driver.
INFO - 2023-06-11 14:16:49 --> Session: Class initialized using 'CodeIgniter\Session\Handlers\FileHandler' driver.
INFO - 2023-06-11 14:17:12 --> Session: Class initialized using 'CodeIgniter\Session\Handlers\FileHandler' driver.
INFO - 2023-06-11 14:17:22 --> Session: Class initialized using 'CodeIgniter\Session\Handlers\FileHandler' driver.
INFO - 2023-06-11 14:17:22 --> Session: Class initialized using 'CodeIgniter\Session\Handlers\FileHandler' driver.
INFO - 2023-06-11 15:30:04 --> Session: Class initialized using 'CodeIgniter\Session\Handlers\FileHandler' driver.
INFO - 2023-06-11 15:30:05 --> Session: Class initialized using 'CodeIgniter\Session\Handlers\FileHandler' driver.
INFO - 2023-06-11 15:30:09 --> Session: Class initialized using 'CodeIgniter\Session\Handlers\FileHandler' driver.
INFO - 2023-06-11 15:30:09 --> Session: Class initialized using 'CodeIgniter\Session\Handlers\FileHandler' driver.
INFO - 2023-06-11 15:33:41 --> Session: Class initialized using 'CodeIgniter\Session\Handlers\FileHandler' driver.
INFO - 2023-06-11 15:33:51 --> Session: Class initialized using 'CodeIgniter\Session\Handlers\FileHandler' driver.
CRITICAL - 2023-06-11 15:33:51 --> Image processing failed. Please verify that your server supports the chosen protocol and that the path to your image library is correct.
in SYSTEMPATH\Images\Handlers\ImageMagickHandler.php on line 212.
 1 SYSTEMPATH\Images\Handlers\ImageMagickHandler.php(212): CodeIgniter\Images\Exceptions\ImageException::forImageProcessFailed()
 2 SYSTEMPATH\Images\Handlers\ImageMagickHandler.php(72): CodeIgniter\Images\Handlers\ImageMagickHandler->process(' -resize 1200x900 "D:\\Code\\Xampp\\htdocs\\CI4_App\\/public/upload/tinymce/image_asset/bai-nay-co-anh-1200x900-UHhFmMlq1d0I84s2.jpg" "D:\\Code\\Xampp\\htdocs\\CI4_App\\writable\\cache/1686497631_39c881f6376a5ef43fe6.png"')
 3 SYSTEMPATH\Images\Handlers\BaseHandler.php(256): CodeIgniter\Images\Handlers\ImageMagickHandler->_resize(true)
 4 APPPATH\Controllers\Admin\PostController.php(321): CodeIgniter\Images\Handlers\BaseHandler->resize(1200, 900, true, 'height')
 5 SYSTEMPATH\CodeIgniter.php(934): App\Controllers\Admin\PostController->SaveEdit('38')
 6 SYSTEMPATH\CodeIgniter.php(499): CodeIgniter\CodeIgniter->runController(Object(App\Controllers\Admin\PostController))
 7 SYSTEMPATH\CodeIgniter.php(368): CodeIgniter\CodeIgniter->handleRequest(null, Object(Config\Cache), false)
 8 FCPATH\index.php(67): CodeIgniter\CodeIgniter->run()
INFO - 2023-06-11 15:34:25 --> Session: Class initialized using 'CodeIgniter\Session\Handlers\FileHandler' driver.
INFO - 2023-06-11 15:34:47 --> Session: Class initialized using 'CodeIgniter\Session\Handlers\FileHandler' driver.
INFO - 2023-06-11 15:34:47 --> Session: Class initialized using 'CodeIgniter\Session\Handlers\FileHandler' driver.
INFO - 2023-06-11 15:38:11 --> Session: Class initialized using 'CodeIgniter\Session\Handlers\FileHandler' driver.
INFO - 2023-06-11 15:38:38 --> Session: Class initialized using 'CodeIgniter\Session\Handlers\FileHandler' driver.
INFO - 2023-06-11 15:39:56 --> Session: Class initialized using 'CodeIgniter\Session\Handlers\FileHandler' driver.
INFO - 2023-06-11 15:42:48 --> Session: Class initialized using 'CodeIgniter\Session\Handlers\FileHandler' driver.
INFO - 2023-06-11 15:43:06 --> Session: Class initialized using 'CodeIgniter\Session\Handlers\FileHandler' driver.
INFO - 2023-06-11 15:45:51 --> Session: Class initialized using 'CodeIgniter\Session\Handlers\FileHandler' driver.
INFO - 2023-06-11 15:45:51 --> Session: Class initialized using 'CodeIgniter\Session\Handlers\FileHandler' driver.
INFO - 2023-06-11 15:45:53 --> Session: Class initialized using 'CodeIgniter\Session\Handlers\FileHandler' driver.
INFO - 2023-06-11 15:45:54 --> Session: Class initialized using 'CodeIgniter\Session\Handlers\FileHandler' driver.
INFO - 2023-06-11 15:50:44 --> Session: Class initialized using 'CodeIgniter\Session\Handlers\FileHandler' driver.
INFO - 2023-06-11 15:50:58 --> Session: Class initialized using 'CodeIgniter\Session\Handlers\FileHandler' driver.
INFO - 2023-06-11 15:50:58 --> Session: Class initialized using 'CodeIgniter\Session\Handlers\FileHandler' driver.
INFO - 2023-06-11 15:51:44 --> Session: Class initialized using 'CodeIgniter\Session\Handlers\FileHandler' driver.
INFO - 2023-06-11 15:52:54 --> Session: Class initialized using 'CodeIgniter\Session\Handlers\FileHandler' driver.
INFO - 2023-06-11 15:53:14 --> Session: Class initialized using 'CodeIgniter\Session\Handlers\FileHandler' driver.
INFO - 2023-06-11 15:54:28 --> Session: Class initialized using 'CodeIgniter\Session\Handlers\FileHandler' driver.
INFO - 2023-06-11 15:54:41 --> Session: Class initialized using 'CodeIgniter\Session\Handlers\FileHandler' driver.
INFO - 2023-06-11 15:57:30 --> Session: Class initialized using 'CodeIgniter\Session\Handlers\FileHandler' driver.
INFO - 2023-06-11 16:06:17 --> Session: Class initialized using 'CodeIgniter\Session\Handlers\FileHandler' driver.
INFO - 2023-06-11 16:06:30 --> Session: Class initialized using 'CodeIgniter\Session\Handlers\FileHandler' driver.
INFO - 2023-06-11 16:44:57 --> Session: Class initialized using 'CodeIgniter\Session\Handlers\FileHandler' driver.
INFO - 2023-06-11 16:45:34 --> Session: Class initialized using 'CodeIgniter\Session\Handlers\FileHandler' driver.
INFO - 2023-06-11 16:45:49 --> Session: Class initialized using 'CodeIgniter\Session\Handlers\FileHandler' driver.
CRITICAL - 2023-06-11 16:46:18 --> Error while connecting: Could not resolve host: api.tinify.com (#6)
in FCPATH\vendor\tinify\tinify\lib\Tinify\Client.php on line 140.
 1 FCPATH\vendor\tinify\tinify\lib\Tinify.php(89): Tinify\Client->request('post', 'https://api.tinify.com/shrink')
 2 APPPATH\Controllers\Admin\ImageController.php(8): Tinify\validate()
 3 SYSTEMPATH\Autoloader\Autoloader.php(312): include_once('APPPATH\\Controllers\\Admin\\ImageController.php')
 4 SYSTEMPATH\Autoloader\Autoloader.php(289): CodeIgniter\Autoloader\Autoloader->includeFile('APPPATH\\Controllers\\Admin\\ImageController.php')
 5 SYSTEMPATH\Autoloader\Autoloader.php(267): CodeIgniter\Autoloader\Autoloader->loadInNamespace('App\\Controllers\\Admin\\ImageController')
 6 [internal function]: CodeIgniter\Autoloader\Autoloader->loadClass('App\\Controllers\\Admin\\ImageController')
 7 SYSTEMPATH\CodeIgniter.php(892): class_exists('\\App\\Controllers\\Admin\\ImageController', true)
 8 SYSTEMPATH\CodeIgniter.php(486): CodeIgniter\CodeIgniter->startController()
 9 SYSTEMPATH\CodeIgniter.php(368): CodeIgniter\CodeIgniter->handleRequest(null, Object(Config\Cache), false)
10 FCPATH\index.php(67): CodeIgniter\CodeIgniter->run()
INFO - 2023-06-11 16:46:34 --> Session: Class initialized using 'CodeIgniter\Session\Handlers\FileHandler' driver.
INFO - 2023-06-11 16:46:39 --> Session: Class initialized using 'CodeIgniter\Session\Handlers\FileHandler' driver.
INFO - 2023-06-11 16:52:19 --> Session: Class initialized using 'CodeIgniter\Session\Handlers\FileHandler' driver.
INFO - 2023-06-11 17:19:35 --> Session: Class initialized using 'CodeIgniter\Session\Handlers\FileHandler' driver.
