CRITICAL - 2023-09-25 04:55:15 --> Undefined variable $id
in APPPATH/Controllers/Admin/CompressController.php on line 446.
 1 APPPATH/Controllers/Admin/CompressController.php(446): CodeIgniter\Debug\Exceptions->errorHandler()
 2 SYSTEMPATH/CodeIgniter.php(935): App\Controllers\Admin\CompressController->single_compress()
 3 SYSTEMPATH/CodeIgniter.php(500): CodeIgniter\CodeIgniter->runController()
 4 SYSTEMPATH/CodeIgniter.php(369): CodeIgniter\CodeIgniter->handleRequest()
 5 FCPATH/index.php(67): CodeIgniter\CodeIgniter->run()
CRITICAL - 2023-09-25 04:55:24 --> Undefined variable $id
in APPPATH/Controllers/Admin/CompressController.php on line 446.
 1 APPPATH/Controllers/Admin/CompressController.php(446): CodeIgniter\Debug\Exceptions->errorHandler()
 2 SYSTEMPATH/CodeIgniter.php(935): App\Controllers\Admin\CompressController->single_compress()
 3 SYSTEMPATH/CodeIgniter.php(500): CodeIgniter\CodeIgniter->runController()
 4 SYSTEMPATH/CodeIgniter.php(369): CodeIgniter\CodeIgniter->handleRequest()
 5 FCPATH/index.php(67): CodeIgniter\CodeIgniter->run()
INFO - 2023-09-25 04:55:52 --> Session: Class initialized using 'CodeIgniter\Session\Handlers\FileHandler' driver.
CRITICAL - 2023-09-25 04:55:53 --> Undefined variable $id
in APPPATH/Controllers/Admin/CompressController.php on line 446.
 1 APPPATH/Controllers/Admin/CompressController.php(446): CodeIgniter\Debug\Exceptions->errorHandler()
 2 SYSTEMPATH/CodeIgniter.php(935): App\Controllers\Admin\CompressController->single_compress()
 3 SYSTEMPATH/CodeIgniter.php(500): CodeIgniter\CodeIgniter->runController()
 4 SYSTEMPATH/CodeIgniter.php(369): CodeIgniter\CodeIgniter->handleRequest()
 5 FCPATH/index.php(67): CodeIgniter\CodeIgniter->run()
CRITICAL - 2023-09-25 05:05:43 --> Call to undefined function set_value()
in APPPATH/Views/admin/gallery/create_gallery.php on line 46.
 1 SYSTEMPATH/View/View.php(213): include()
 2 SYSTEMPATH/View/View.php(216): CodeIgniter\View\View->CodeIgniter\View\{closure}()
 3 SYSTEMPATH/Common.php(1177): CodeIgniter\View\View->render()
 4 APPPATH/Controllers/Admin/GalleryController.php(40): view()
 5 SYSTEMPATH/CodeIgniter.php(935): App\Controllers\Admin\GalleryController->getGallery()
 6 SYSTEMPATH/CodeIgniter.php(500): CodeIgniter\CodeIgniter->runController()
 7 SYSTEMPATH/CodeIgniter.php(369): CodeIgniter\CodeIgniter->handleRequest()
 8 FCPATH/index.php(67): CodeIgniter\CodeIgniter->run()
INFO - 2023-09-25 05:06:30 --> Session: Class initialized using 'CodeIgniter\Session\Handlers\FileHandler' driver.
CRITICAL - 2023-09-25 05:06:30 --> Call to undefined function set_value()
in APPPATH/Views/admin/gallery/create_gallery.php on line 46.
 1 SYSTEMPATH/View/View.php(213): include()
 2 SYSTEMPATH/View/View.php(216): CodeIgniter\View\View->CodeIgniter\View\{closure}()
 3 SYSTEMPATH/Common.php(1177): CodeIgniter\View\View->render()
 4 APPPATH/Controllers/Admin/GalleryController.php(40): view()
 5 SYSTEMPATH/CodeIgniter.php(935): App\Controllers\Admin\GalleryController->getGallery()
 6 SYSTEMPATH/CodeIgniter.php(500): CodeIgniter\CodeIgniter->runController()
 7 SYSTEMPATH/CodeIgniter.php(369): CodeIgniter\CodeIgniter->handleRequest()
 8 FCPATH/index.php(67): CodeIgniter\CodeIgniter->run()
INFO - 2023-09-25 05:08:21 --> Session: Class initialized using 'CodeIgniter\Session\Handlers\FileHandler' driver.
INFO - 2023-09-25 05:08:35 --> Session: Class initialized using 'CodeIgniter\Session\Handlers\FileHandler' driver.
INFO - 2023-09-25 05:12:51 --> Session: Class initialized using 'CodeIgniter\Session\Handlers\FileHandler' driver.
INFO - 2023-09-25 05:12:52 --> Session: Class initialized using 'CodeIgniter\Session\Handlers\FileHandler' driver.
INFO - 2023-09-25 05:13:45 --> Session: Class initialized using 'CodeIgniter\Session\Handlers\FileHandler' driver.
INFO - 2023-09-25 05:13:53 --> Session: Class initialized using 'CodeIgniter\Session\Handlers\FileHandler' driver.
