CRITICAL - 2023-10-01 07:42:52 --> getimagesize(http://dailong.asia/public/upload/tinymce/gallery_asset/ca-ro-phi-0jKq9a.png): Failed to open stream: HTTP request failed! HTTP/1.1 403 Forbidden

in APPPATH/Views/front_end/canvas_site/home.php on line 503.
 1 [internal function]: CodeIgniter\Debug\Exceptions->errorHandler()
 2 APPPATH/Views/front_end/canvas_site/home.php(503): getimagesize()
 3 SYSTEMPATH/View/View.php(213): include('APPPATH/Views/front_end/canvas_site/home.php')
 4 SYSTEMPATH/View/View.php(216): CodeIgniter\View\View->CodeIgniter\View\{closure}()
 5 SYSTEMPATH/Common.php(1177): CodeIgniter\View\View->render()
 6 APPPATH/Controllers/CanvasController.php(106): view()
 7 SYSTEMPATH/CodeIgniter.php(935): App\Controllers\CanvasController->index()
 8 SYSTEMPATH/CodeIgniter.php(500): CodeIgniter\CodeIgniter->runController()
 9 SYSTEMPATH/CodeIgniter.php(369): CodeIgniter\CodeIgniter->handleRequest()
10 FCPATH/index.php(67): CodeIgniter\CodeIgniter->run()
INFO - 2023-10-01 07:46:07 --> Session: Class initialized using 'CodeIgniter\Session\Handlers\FileHandler' driver.
CRITICAL - 2023-10-01 07:46:07 --> getimagesize(http://dailong.asia/public/upload/tinymce/gallery_asset/ca-ro-phi-0jKq9a.png): Failed to open stream: HTTP request failed! HTTP/1.1 403 Forbidden

in APPPATH/Views/front_end/canvas_site/home.php on line 503.
 1 [internal function]: CodeIgniter\Debug\Exceptions->errorHandler()
 2 APPPATH/Views/front_end/canvas_site/home.php(503): getimagesize()
 3 SYSTEMPATH/View/View.php(213): include('APPPATH/Views/front_end/canvas_site/home.php')
 4 SYSTEMPATH/View/View.php(216): CodeIgniter\View\View->CodeIgniter\View\{closure}()
 5 SYSTEMPATH/Common.php(1177): CodeIgniter\View\View->render()
 6 APPPATH/Controllers/CanvasController.php(106): view()
 7 SYSTEMPATH/CodeIgniter.php(935): App\Controllers\CanvasController->index()
 8 SYSTEMPATH/CodeIgniter.php(500): CodeIgniter\CodeIgniter->runController()
 9 SYSTEMPATH/CodeIgniter.php(369): CodeIgniter\CodeIgniter->handleRequest()
10 FCPATH/index.php(67): CodeIgniter\CodeIgniter->run()
INFO - 2023-10-01 07:47:08 --> Session: Class initialized using 'CodeIgniter\Session\Handlers\FileHandler' driver.
CRITICAL - 2023-10-01 07:47:08 --> getimagesize(http://dailong.asia/public/upload/tinymce/gallery_asset/ca-ro-phi-0jKq9a.png): Failed to open stream: HTTP request failed! HTTP/1.1 403 Forbidden

in APPPATH/Views/front_end/canvas_site/home.php on line 503.
 1 [internal function]: CodeIgniter\Debug\Exceptions->errorHandler()
 2 APPPATH/Views/front_end/canvas_site/home.php(503): getimagesize()
 3 SYSTEMPATH/View/View.php(213): include('APPPATH/Views/front_end/canvas_site/home.php')
 4 SYSTEMPATH/View/View.php(216): CodeIgniter\View\View->CodeIgniter\View\{closure}()
 5 SYSTEMPATH/Common.php(1177): CodeIgniter\View\View->render()
 6 APPPATH/Controllers/CanvasController.php(106): view()
 7 SYSTEMPATH/CodeIgniter.php(935): App\Controllers\CanvasController->index()
 8 SYSTEMPATH/CodeIgniter.php(500): CodeIgniter\CodeIgniter->runController()
 9 SYSTEMPATH/CodeIgniter.php(369): CodeIgniter\CodeIgniter->handleRequest()
10 FCPATH/index.php(67): CodeIgniter\CodeIgniter->run()
INFO - 2023-10-01 07:47:46 --> Session: Class initialized using 'CodeIgniter\Session\Handlers\FileHandler' driver.
CRITICAL - 2023-10-01 07:47:46 --> getimagesize(https://dailong.asia/public/upload/tinymce/gallery_asset/ca-ro-phi-0jKq9a.png): Failed to open stream: HTTP request failed! HTTP/1.1 403 Forbidden

in APPPATH/Views/front_end/canvas_site/home.php on line 503.
 1 [internal function]: CodeIgniter\Debug\Exceptions->errorHandler()
 2 APPPATH/Views/front_end/canvas_site/home.php(503): getimagesize()
 3 SYSTEMPATH/View/View.php(213): include('APPPATH/Views/front_end/canvas_site/home.php')
 4 SYSTEMPATH/View/View.php(216): CodeIgniter\View\View->CodeIgniter\View\{closure}()
 5 SYSTEMPATH/Common.php(1177): CodeIgniter\View\View->render()
 6 APPPATH/Controllers/CanvasController.php(106): view()
 7 SYSTEMPATH/CodeIgniter.php(935): App\Controllers\CanvasController->index()
 8 SYSTEMPATH/CodeIgniter.php(500): CodeIgniter\CodeIgniter->runController()
 9 SYSTEMPATH/CodeIgniter.php(369): CodeIgniter\CodeIgniter->handleRequest()
10 FCPATH/index.php(67): CodeIgniter\CodeIgniter->run()
INFO - 2023-10-01 07:54:05 --> Session: Class initialized using 'CodeIgniter\Session\Handlers\FileHandler' driver.
CRITICAL - 2023-10-01 07:54:06 --> getimagesize(https://dailong.asia/public/upload/tinymce/gallery_asset/ca-ro-phi-0jKq9a.png): Failed to open stream: HTTP request failed! HTTP/1.1 403 Forbidden

in APPPATH/Views/front_end/canvas_site/home.php on line 503.
 1 [internal function]: CodeIgniter\Debug\Exceptions->errorHandler()
 2 APPPATH/Views/front_end/canvas_site/home.php(503): getimagesize()
 3 SYSTEMPATH/View/View.php(213): include('APPPATH/Views/front_end/canvas_site/home.php')
 4 SYSTEMPATH/View/View.php(216): CodeIgniter\View\View->CodeIgniter\View\{closure}()
 5 SYSTEMPATH/Common.php(1177): CodeIgniter\View\View->render()
 6 APPPATH/Controllers/CanvasController.php(106): view()
 7 SYSTEMPATH/CodeIgniter.php(935): App\Controllers\CanvasController->index()
 8 SYSTEMPATH/CodeIgniter.php(500): CodeIgniter\CodeIgniter->runController()
 9 SYSTEMPATH/CodeIgniter.php(369): CodeIgniter\CodeIgniter->handleRequest()
10 FCPATH/index.php(67): CodeIgniter\CodeIgniter->run()
INFO - 2023-10-01 07:54:28 --> Session: Class initialized using 'CodeIgniter\Session\Handlers\FileHandler' driver.
INFO - 2023-10-01 07:54:47 --> Session: Class initialized using 'CodeIgniter\Session\Handlers\FileHandler' driver.
INFO - 2023-10-01 07:54:51 --> Session: Class initialized using 'CodeIgniter\Session\Handlers\FileHandler' driver.
CRITICAL - 2023-10-01 07:54:51 --> getimagesize(https://dailong.asia/public/upload/tinymce/gallery_asset/ca-ro-phi-0jKq9a.png): Failed to open stream: HTTP request failed! HTTP/1.1 403 Forbidden

in APPPATH/Views/front_end/canvas_site/gallery_cate.php on line 82.
 1 [internal function]: CodeIgniter\Debug\Exceptions->errorHandler()
 2 APPPATH/Views/front_end/canvas_site/gallery_cate.php(82): getimagesize()
 3 SYSTEMPATH/View/View.php(213): include('APPPATH/Views/front_end/canvas_site/gallery_cate.php')
 4 SYSTEMPATH/View/View.php(216): CodeIgniter\View\View->CodeIgniter\View\{closure}()
 5 SYSTEMPATH/Common.php(1177): CodeIgniter\View\View->render()
 6 APPPATH/Controllers/CanvasController.php(220): view()
 7 SYSTEMPATH/CodeIgniter.php(935): App\Controllers\CanvasController->postCate()
 8 SYSTEMPATH/CodeIgniter.php(500): CodeIgniter\CodeIgniter->runController()
 9 SYSTEMPATH/CodeIgniter.php(369): CodeIgniter\CodeIgniter->handleRequest()
10 FCPATH/index.php(67): CodeIgniter\CodeIgniter->run()
INFO - 2023-10-01 07:55:36 --> Session: Class initialized using 'CodeIgniter\Session\Handlers\FileHandler' driver.
INFO - 2023-10-01 07:55:41 --> Session: Class initialized using 'CodeIgniter\Session\Handlers\FileHandler' driver.
INFO - 2023-10-01 07:55:52 --> Session: Class initialized using 'CodeIgniter\Session\Handlers\FileHandler' driver.
CRITICAL - 2023-10-01 07:55:52 --> getimagesize(https://dailong.asia/public/upload/tinymce/gallery_asset/ca-ro-phi-0jKq9a.png): Failed to open stream: HTTP request failed! HTTP/1.1 403 Forbidden

in APPPATH/Views/front_end/canvas_site/gallery_cate_table.php on line 66.
 1 [internal function]: CodeIgniter\Debug\Exceptions->errorHandler()
 2 APPPATH/Views/front_end/canvas_site/gallery_cate_table.php(66): getimagesize()
 3 SYSTEMPATH/View/View.php(213): include('APPPATH/Views/front_end/canvas_site/gallery_cate_table.php')
 4 SYSTEMPATH/View/View.php(216): CodeIgniter\View\View->CodeIgniter\View\{closure}()
 5 SYSTEMPATH/Common.php(1177): CodeIgniter\View\View->render()
 6 APPPATH/Controllers/CanvasController.php(271): view()
 7 SYSTEMPATH/CodeIgniter.php(935): App\Controllers\CanvasController->table_image()
 8 SYSTEMPATH/CodeIgniter.php(500): CodeIgniter\CodeIgniter->runController()
 9 SYSTEMPATH/CodeIgniter.php(369): CodeIgniter\CodeIgniter->handleRequest()
10 FCPATH/index.php(67): CodeIgniter\CodeIgniter->run()
INFO - 2023-10-01 07:56:17 --> Session: Class initialized using 'CodeIgniter\Session\Handlers\FileHandler' driver.
INFO - 2023-10-01 07:56:24 --> Session: Class initialized using 'CodeIgniter\Session\Handlers\FileHandler' driver.
CRITICAL - 2023-10-01 07:56:24 --> getimagesize(https://dailong.asia/public/upload/tinymce/gallery_asset/ca-ro-phi-0jKq9a.png): Failed to open stream: HTTP request failed! HTTP/1.1 403 Forbidden

in APPPATH/Views/front_end/canvas_site/gallery_img_detail.php on line 70.
 1 [internal function]: CodeIgniter\Debug\Exceptions->errorHandler()
 2 APPPATH/Views/front_end/canvas_site/gallery_img_detail.php(70): getimagesize()
 3 SYSTEMPATH/View/View.php(213): include('APPPATH/Views/front_end/canvas_site/gallery_img_detail.php')
 4 SYSTEMPATH/View/View.php(216): CodeIgniter\View\View->CodeIgniter\View\{closure}()
 5 SYSTEMPATH/Common.php(1177): CodeIgniter\View\View->render()
 6 APPPATH/Controllers/CanvasController.php(389): view()
 7 SYSTEMPATH/CodeIgniter.php(935): App\Controllers\CanvasController->post()
 8 SYSTEMPATH/CodeIgniter.php(500): CodeIgniter\CodeIgniter->runController()
 9 SYSTEMPATH/CodeIgniter.php(369): CodeIgniter\CodeIgniter->handleRequest()
10 FCPATH/index.php(67): CodeIgniter\CodeIgniter->run()
INFO - 2023-10-01 07:58:19 --> Session: Class initialized using 'CodeIgniter\Session\Handlers\FileHandler' driver.
INFO - 2023-10-01 07:58:42 --> Session: Class initialized using 'CodeIgniter\Session\Handlers\FileHandler' driver.
INFO - 2023-10-01 07:58:45 --> Session: Class initialized using 'CodeIgniter\Session\Handlers\FileHandler' driver.
INFO - 2023-10-01 07:58:52 --> Session: Class initialized using 'CodeIgniter\Session\Handlers\FileHandler' driver.
INFO - 2023-10-01 07:58:54 --> Session: Class initialized using 'CodeIgniter\Session\Handlers\FileHandler' driver.
INFO - 2023-10-01 07:59:30 --> Session: Class initialized using 'CodeIgniter\Session\Handlers\FileHandler' driver.
INFO - 2023-10-01 07:59:32 --> Session: Class initialized using 'CodeIgniter\Session\Handlers\FileHandler' driver.
