CRITICAL - 2023-10-05 11:10:58 --> whereIn() expects $values to be of type array or closure
in SYSTEMPATH/Database/BaseBuilder.php on line 926.
 1 SYSTEMPATH/Database/BaseBuilder.php(813): CodeIgniter\Database\BaseBuilder->_whereIn()
 2 SYSTEMPATH/Model.php(839): CodeIgniter\Database\BaseBuilder->whereIn()
 3 APPPATH/Controllers/CanvasController.php(489): CodeIgniter\Model->__call()
 4 SYSTEMPATH/CodeIgniter.php(935): App\Controllers\CanvasController->post()
 5 SYSTEMPATH/CodeIgniter.php(500): CodeIgniter\CodeIgniter->runController()
 6 SYSTEMPATH/CodeIgniter.php(369): CodeIgniter\CodeIgniter->handleRequest()
 7 FCPATH/index.php(67): CodeIgniter\CodeIgniter->run()
INFO - 2023-10-05 11:11:20 --> Session: Class initialized using 'CodeIgniter\Session\Handlers\FileHandler' driver.
CRITICAL - 2023-10-05 11:11:20 --> whereIn() expects $values to be of type array or closure
in SYSTEMPATH/Database/BaseBuilder.php on line 926.
 1 SYSTEMPATH/Database/BaseBuilder.php(813): CodeIgniter\Database\BaseBuilder->_whereIn()
 2 SYSTEMPATH/Model.php(839): CodeIgniter\Database\BaseBuilder->whereIn()
 3 APPPATH/Controllers/CanvasController.php(489): CodeIgniter\Model->__call()
 4 SYSTEMPATH/CodeIgniter.php(935): App\Controllers\CanvasController->post()
 5 SYSTEMPATH/CodeIgniter.php(500): CodeIgniter\CodeIgniter->runController()
 6 SYSTEMPATH/CodeIgniter.php(369): CodeIgniter\CodeIgniter->handleRequest()
 7 FCPATH/index.php(67): CodeIgniter\CodeIgniter->run()
CRITICAL - 2023-10-05 11:19:07 --> Namespace declaration statement has to be the very first statement or after any declare call in the script
in APPPATH/Controllers/CanvasController.php on line 4.
 1 [internal function]: CodeIgniter\Debug\Exceptions->shutdownHandler()
CRITICAL - 2023-10-05 11:19:34 --> Namespace declaration statement has to be the very first statement or after any declare call in the script
in APPPATH/Controllers/CanvasController.php on line 4.
 1 [internal function]: CodeIgniter\Debug\Exceptions->shutdownHandler()
CRITICAL - 2023-10-05 11:20:11 --> Namespace declaration statement has to be the very first statement or after any declare call in the script
in APPPATH/Controllers/CanvasController.php on line 4.
 1 [internal function]: CodeIgniter\Debug\Exceptions->shutdownHandler()
CRITICAL - 2023-10-05 14:22:07 --> json_decode(): Argument #1 ($json) must be of type string, array given
in APPPATH/Controllers/Admin/PostController.php on line 332.
 1 APPPATH/Controllers/Admin/PostController.php(332): json_decode()
 2 SYSTEMPATH/CodeIgniter.php(935): App\Controllers\Admin\PostController->SaveEdit()
 3 SYSTEMPATH/CodeIgniter.php(500): CodeIgniter\CodeIgniter->runController()
 4 SYSTEMPATH/CodeIgniter.php(369): CodeIgniter\CodeIgniter->handleRequest()
 5 FCPATH/index.php(67): CodeIgniter\CodeIgniter->run()
CRITICAL - 2023-10-05 14:22:14 --> json_decode(): Argument #1 ($json) must be of type string, array given
in APPPATH/Controllers/Admin/PostController.php on line 332.
 1 APPPATH/Controllers/Admin/PostController.php(332): json_decode()
 2 SYSTEMPATH/CodeIgniter.php(935): App\Controllers\Admin\PostController->SaveEdit()
 3 SYSTEMPATH/CodeIgniter.php(500): CodeIgniter\CodeIgniter->runController()
 4 SYSTEMPATH/CodeIgniter.php(369): CodeIgniter\CodeIgniter->handleRequest()
 5 FCPATH/index.php(67): CodeIgniter\CodeIgniter->run()
INFO - 2023-10-05 14:23:33 --> Session: Class initialized using 'CodeIgniter\Session\Handlers\FileHandler' driver.
CRITICAL - 2023-10-05 14:23:33 --> json_decode(): Argument #1 ($json) must be of type string, array given
in APPPATH/Controllers/Admin/PostController.php on line 332.
 1 APPPATH/Controllers/Admin/PostController.php(332): json_decode()
 2 SYSTEMPATH/CodeIgniter.php(935): App\Controllers\Admin\PostController->SaveEdit()
 3 SYSTEMPATH/CodeIgniter.php(500): CodeIgniter\CodeIgniter->runController()
 4 SYSTEMPATH/CodeIgniter.php(369): CodeIgniter\CodeIgniter->handleRequest()
 5 FCPATH/index.php(67): CodeIgniter\CodeIgniter->run()
INFO - 2023-10-05 14:28:18 --> Session: Class initialized using 'CodeIgniter\Session\Handlers\FileHandler' driver.
INFO - 2023-10-05 14:28:18 --> Session: Class initialized using 'CodeIgniter\Session\Handlers\FileHandler' driver.
CRITICAL - 2023-10-05 15:50:25 --> Call to undefined function set_value()
in APPPATH/Views/admin/post/create_post.php on line 49.
 1 SYSTEMPATH/View/View.php(213): include()
 2 SYSTEMPATH/View/View.php(216): CodeIgniter\View\View->CodeIgniter\View\{closure}()
 3 SYSTEMPATH/Common.php(1177): CodeIgniter\View\View->render()
 4 APPPATH/Controllers/Admin/PostController.php(30): view()
 5 SYSTEMPATH/CodeIgniter.php(935): App\Controllers\Admin\PostController->getPost()
 6 SYSTEMPATH/CodeIgniter.php(500): CodeIgniter\CodeIgniter->runController()
 7 SYSTEMPATH/CodeIgniter.php(369): CodeIgniter\CodeIgniter->handleRequest()
 8 FCPATH/index.php(67): CodeIgniter\CodeIgniter->run()
INFO - 2023-10-05 15:51:04 --> Session: Class initialized using 'CodeIgniter\Session\Handlers\FileHandler' driver.
CRITICAL - 2023-10-05 15:51:04 --> Call to undefined function set_value()
in APPPATH/Views/admin/post/create_post.php on line 49.
 1 SYSTEMPATH/View/View.php(213): include()
 2 SYSTEMPATH/View/View.php(216): CodeIgniter\View\View->CodeIgniter\View\{closure}()
 3 SYSTEMPATH/Common.php(1177): CodeIgniter\View\View->render()
 4 APPPATH/Controllers/Admin/PostController.php(30): view()
 5 SYSTEMPATH/CodeIgniter.php(935): App\Controllers\Admin\PostController->getPost()
 6 SYSTEMPATH/CodeIgniter.php(500): CodeIgniter\CodeIgniter->runController()
 7 SYSTEMPATH/CodeIgniter.php(369): CodeIgniter\CodeIgniter->handleRequest()
 8 FCPATH/index.php(67): CodeIgniter\CodeIgniter->run()
INFO - 2023-10-05 15:53:55 --> Session: Class initialized using 'CodeIgniter\Session\Handlers\FileHandler' driver.
CRITICAL - 2023-10-05 15:53:55 --> Call to undefined function set_value()
in APPPATH/Views/admin/post/create_post.php on line 49.
 1 SYSTEMPATH/View/View.php(213): include()
 2 SYSTEMPATH/View/View.php(216): CodeIgniter\View\View->CodeIgniter\View\{closure}()
 3 SYSTEMPATH/Common.php(1177): CodeIgniter\View\View->render()
 4 APPPATH/Controllers/Admin/PostController.php(30): view()
 5 SYSTEMPATH/CodeIgniter.php(935): App\Controllers\Admin\PostController->getPost()
 6 SYSTEMPATH/CodeIgniter.php(500): CodeIgniter\CodeIgniter->runController()
 7 SYSTEMPATH/CodeIgniter.php(369): CodeIgniter\CodeIgniter->handleRequest()
 8 FCPATH/index.php(67): CodeIgniter\CodeIgniter->run()
INFO - 2023-10-05 15:56:07 --> Session: Class initialized using 'CodeIgniter\Session\Handlers\FileHandler' driver.
CRITICAL - 2023-10-05 15:56:07 --> Call to undefined function set_value()
in APPPATH/Views/admin/post/create_post.php on line 95.
 1 SYSTEMPATH/View/View.php(213): include()
 2 SYSTEMPATH/View/View.php(216): CodeIgniter\View\View->CodeIgniter\View\{closure}()
 3 SYSTEMPATH/Common.php(1177): CodeIgniter\View\View->render()
 4 APPPATH/Controllers/Admin/PostController.php(30): view()
 5 SYSTEMPATH/CodeIgniter.php(935): App\Controllers\Admin\PostController->getPost()
 6 SYSTEMPATH/CodeIgniter.php(500): CodeIgniter\CodeIgniter->runController()
 7 SYSTEMPATH/CodeIgniter.php(369): CodeIgniter\CodeIgniter->handleRequest()
 8 FCPATH/index.php(67): CodeIgniter\CodeIgniter->run()
INFO - 2023-10-05 15:56:54 --> Session: Class initialized using 'CodeIgniter\Session\Handlers\FileHandler' driver.
INFO - 2023-10-05 16:06:08 --> Session: Class initialized using 'CodeIgniter\Session\Handlers\FileHandler' driver.
INFO - 2023-10-05 16:06:09 --> Session: Class initialized using 'CodeIgniter\Session\Handlers\FileHandler' driver.
INFO - 2023-10-05 16:06:14 --> Session: Class initialized using 'CodeIgniter\Session\Handlers\FileHandler' driver.
INFO - 2023-10-05 16:06:24 --> Session: Class initialized using 'CodeIgniter\Session\Handlers\FileHandler' driver.
INFO - 2023-10-05 16:06:30 --> Session: Class initialized using 'CodeIgniter\Session\Handlers\FileHandler' driver.
INFO - 2023-10-05 16:06:31 --> Session: Class initialized using 'CodeIgniter\Session\Handlers\FileHandler' driver.
INFO - 2023-10-05 16:09:05 --> Session: Class initialized using 'CodeIgniter\Session\Handlers\FileHandler' driver.
INFO - 2023-10-05 16:09:06 --> Session: Class initialized using 'CodeIgniter\Session\Handlers\FileHandler' driver.
INFO - 2023-10-05 16:09:15 --> Session: Class initialized using 'CodeIgniter\Session\Handlers\FileHandler' driver.
INFO - 2023-10-05 16:09:21 --> Session: Class initialized using 'CodeIgniter\Session\Handlers\FileHandler' driver.
INFO - 2023-10-05 16:09:29 --> Session: Class initialized using 'CodeIgniter\Session\Handlers\FileHandler' driver.
INFO - 2023-10-05 16:10:23 --> Session: Class initialized using 'CodeIgniter\Session\Handlers\FileHandler' driver.
INFO - 2023-10-05 16:10:30 --> Session: Class initialized using 'CodeIgniter\Session\Handlers\FileHandler' driver.
INFO - 2023-10-05 16:10:33 --> Session: Class initialized using 'CodeIgniter\Session\Handlers\FileHandler' driver.
INFO - 2023-10-05 16:10:36 --> Session: Class initialized using 'CodeIgniter\Session\Handlers\FileHandler' driver.
INFO - 2023-10-05 16:12:11 --> Session: Class initialized using 'CodeIgniter\Session\Handlers\FileHandler' driver.
INFO - 2023-10-05 16:12:11 --> Session: Class initialized using 'CodeIgniter\Session\Handlers\FileHandler' driver.
INFO - 2023-10-05 16:13:53 --> Session: Class initialized using 'CodeIgniter\Session\Handlers\FileHandler' driver.
INFO - 2023-10-05 16:14:00 --> Session: Class initialized using 'CodeIgniter\Session\Handlers\FileHandler' driver.
INFO - 2023-10-05 16:16:35 --> Session: Class initialized using 'CodeIgniter\Session\Handlers\FileHandler' driver.
INFO - 2023-10-05 16:16:39 --> Session: Class initialized using 'CodeIgniter\Session\Handlers\FileHandler' driver.
INFO - 2023-10-05 16:18:03 --> Session: Class initialized using 'CodeIgniter\Session\Handlers\FileHandler' driver.
INFO - 2023-10-05 16:18:04 --> Session: Class initialized using 'CodeIgniter\Session\Handlers\FileHandler' driver.
INFO - 2023-10-05 16:18:50 --> Session: Class initialized using 'CodeIgniter\Session\Handlers\FileHandler' driver.
INFO - 2023-10-05 16:18:50 --> Session: Class initialized using 'CodeIgniter\Session\Handlers\FileHandler' driver.
INFO - 2023-10-05 16:18:53 --> Session: Class initialized using 'CodeIgniter\Session\Handlers\FileHandler' driver.
INFO - 2023-10-05 16:19:46 --> Session: Class initialized using 'CodeIgniter\Session\Handlers\FileHandler' driver.
INFO - 2023-10-05 16:19:46 --> Session: Class initialized using 'CodeIgniter\Session\Handlers\FileHandler' driver.
INFO - 2023-10-05 16:19:52 --> Session: Class initialized using 'CodeIgniter\Session\Handlers\FileHandler' driver.
INFO - 2023-10-05 16:20:25 --> Session: Class initialized using 'CodeIgniter\Session\Handlers\FileHandler' driver.
INFO - 2023-10-05 16:20:35 --> Session: Class initialized using 'CodeIgniter\Session\Handlers\FileHandler' driver.
INFO - 2023-10-05 16:20:35 --> Session: Class initialized using 'CodeIgniter\Session\Handlers\FileHandler' driver.
INFO - 2023-10-05 16:20:35 --> Session: Class initialized using 'CodeIgniter\Session\Handlers\FileHandler' driver.
INFO - 2023-10-05 16:20:51 --> Session: Class initialized using 'CodeIgniter\Session\Handlers\FileHandler' driver.
INFO - 2023-10-05 16:20:52 --> Session: Class initialized using 'CodeIgniter\Session\Handlers\FileHandler' driver.
INFO - 2023-10-05 16:23:00 --> Session: Class initialized using 'CodeIgniter\Session\Handlers\FileHandler' driver.
INFO - 2023-10-05 16:24:09 --> Session: Class initialized using 'CodeIgniter\Session\Handlers\FileHandler' driver.
CRITICAL - 2023-10-05 20:54:31 --> Trying to access array offset on value of type null
in APPPATH/Controllers/CanvasController.php on line 410.
 1 APPPATH/Controllers/CanvasController.php(410): CodeIgniter\Debug\Exceptions->errorHandler()
 2 SYSTEMPATH/CodeIgniter.php(935): App\Controllers\CanvasController->post()
 3 SYSTEMPATH/CodeIgniter.php(500): CodeIgniter\CodeIgniter->runController()
 4 SYSTEMPATH/CodeIgniter.php(369): CodeIgniter\CodeIgniter->handleRequest()
 5 FCPATH/index.php(67): CodeIgniter\CodeIgniter->run()
