INFO - 2023-07-14 01:34:54 --> Session: Class initialized using 'CodeIgniter\Session\Handlers\FileHandler' driver.
INFO - 2023-07-14 01:35:04 --> Session: Class initialized using 'CodeIgniter\Session\Handlers\FileHandler' driver.
INFO - 2023-07-14 04:16:14 --> Session: Class initialized using 'CodeIgniter\Session\Handlers\FileHandler' driver.
CRITICAL - 2023-07-14 04:46:50 --> syntax error, unexpected token "return"
in APPPATH\Controllers\CanvasController.php on line 439.
 1 SYSTEMPATH\Autoloader\Autoloader.php(289): CodeIgniter\Autoloader\Autoloader->includeFile('APPPATH\\Controllers\\CanvasController.php')
 2 SYSTEMPATH\Autoloader\Autoloader.php(267): CodeIgniter\Autoloader\Autoloader->loadInNamespace('App\\Controllers\\CanvasController')
 3 [internal function]: CodeIgniter\Autoloader\Autoloader->loadClass('App\\Controllers\\CanvasController')
 4 SYSTEMPATH\CodeIgniter.php(893): class_exists('\\App\\Controllers\\CanvasController', true)
 5 SYSTEMPATH\CodeIgniter.php(487): CodeIgniter\CodeIgniter->startController()
 6 SYSTEMPATH\CodeIgniter.php(369): CodeIgniter\CodeIgniter->handleRequest(null, Object(Config\Cache), false)
 7 FCPATH\index.php(67): CodeIgniter\CodeIgniter->run()
INFO - 2023-07-14 04:46:59 --> Session: Class initialized using 'CodeIgniter\Session\Handlers\FileHandler' driver.
CRITICAL - 2023-07-14 04:46:59 --> view(): Argument #2 ($data) must be of type array, CodeIgniter\HTTP\Response given, called in E:\Code\Xampp\htdocs\CI4_App\app\Controllers\CanvasController.php on line 439
in SYSTEMPATH\Common.php on line 1163.
 1 APPPATH\Controllers\CanvasController.php(439): view('front_end/site_map', Object(CodeIgniter\HTTP\Response))
 2 SYSTEMPATH\CodeIgniter.php(935): App\Controllers\CanvasController->siteMap()
 3 SYSTEMPATH\CodeIgniter.php(500): CodeIgniter\CodeIgniter->runController(Object(App\Controllers\CanvasController))
 4 SYSTEMPATH\CodeIgniter.php(369): CodeIgniter\CodeIgniter->handleRequest(null, Object(Config\Cache), false)
 5 FCPATH\index.php(67): CodeIgniter\CodeIgniter->run()
INFO - 2023-07-14 04:49:07 --> Session: Class initialized using 'CodeIgniter\Session\Handlers\FileHandler' driver.
CRITICAL - 2023-07-14 04:49:07 --> view(): Argument #2 ($data) must be of type array, CodeIgniter\HTTP\Response given, called in E:\Code\Xampp\htdocs\CI4_App\app\Controllers\CanvasController.php on line 439
in SYSTEMPATH\Common.php on line 1163.
 1 APPPATH\Controllers\CanvasController.php(439): view('front_end/site_map', Object(CodeIgniter\HTTP\Response))
 2 SYSTEMPATH\CodeIgniter.php(935): App\Controllers\CanvasController->siteMap()
 3 SYSTEMPATH\CodeIgniter.php(500): CodeIgniter\CodeIgniter->runController(Object(App\Controllers\CanvasController))
 4 SYSTEMPATH\CodeIgniter.php(369): CodeIgniter\CodeIgniter->handleRequest(null, Object(Config\Cache), false)
 5 FCPATH\index.php(67): CodeIgniter\CodeIgniter->run()
INFO - 2023-07-14 04:49:37 --> Session: Class initialized using 'CodeIgniter\Session\Handlers\FileHandler' driver.
CRITICAL - 2023-07-14 04:49:37 --> view(): Argument #2 ($data) must be of type array, CodeIgniter\HTTP\Response given, called in E:\Code\Xampp\htdocs\CI4_App\app\Controllers\CanvasController.php on line 439
in SYSTEMPATH\Common.php on line 1163.
 1 APPPATH\Controllers\CanvasController.php(439): view('front_end/site_map', Object(CodeIgniter\HTTP\Response))
 2 SYSTEMPATH\CodeIgniter.php(935): App\Controllers\CanvasController->siteMap()
 3 SYSTEMPATH\CodeIgniter.php(500): CodeIgniter\CodeIgniter->runController(Object(App\Controllers\CanvasController))
 4 SYSTEMPATH\CodeIgniter.php(369): CodeIgniter\CodeIgniter->handleRequest(null, Object(Config\Cache), false)
 5 FCPATH\index.php(67): CodeIgniter\CodeIgniter->run()
INFO - 2023-07-14 04:49:45 --> Session: Class initialized using 'CodeIgniter\Session\Handlers\FileHandler' driver.
CRITICAL - 2023-07-14 04:49:45 --> view(): Argument #2 ($data) must be of type array, CodeIgniter\HTTP\Response given, called in E:\Code\Xampp\htdocs\CI4_App\app\Controllers\CanvasController.php on line 439
in SYSTEMPATH\Common.php on line 1163.
 1 APPPATH\Controllers\CanvasController.php(439): view('front_end/site_map', Object(CodeIgniter\HTTP\Response))
 2 SYSTEMPATH\CodeIgniter.php(935): App\Controllers\CanvasController->siteMap()
 3 SYSTEMPATH\CodeIgniter.php(500): CodeIgniter\CodeIgniter->runController(Object(App\Controllers\CanvasController))
 4 SYSTEMPATH\CodeIgniter.php(369): CodeIgniter\CodeIgniter->handleRequest(null, Object(Config\Cache), false)
 5 FCPATH\index.php(67): CodeIgniter\CodeIgniter->run()
