CRITICAL - 2023-10-04 10:34:52 --> File not found: "https://dailong.asia/public/upload/tinymce/gallery_asset/banh-mi-cha-ca-fikypY.png"
in SYSTEMPATH/Files/File.php on line 47.
 1 SYSTEMPATH/Files/File.php(47): CodeIgniter\Files\Exceptions\FileNotFoundException::forFileNotFound()
 2 SYSTEMPATH/HTTP/DownloadResponse.php(97): CodeIgniter\Files\File->__construct()
 3 SYSTEMPATH/HTTP/ResponseTrait.php(794): CodeIgniter\HTTP\DownloadResponse->setFilePath()
 4 APPPATH/Controllers/CanvasController.php(680): CodeIgniter\HTTP\Response->download()
 5 SYSTEMPATH/CodeIgniter.php(935): App\Controllers\CanvasController->download()
 6 SYSTEMPATH/CodeIgniter.php(500): CodeIgniter\CodeIgniter->runController()
 7 SYSTEMPATH/CodeIgniter.php(369): CodeIgniter\CodeIgniter->handleRequest()
 8 FCPATH/index.php(67): CodeIgniter\CodeIgniter->run()
CRITICAL - 2023-10-04 10:35:06 --> File not found: "https://dailong.asia/public/upload/tinymce/gallery_asset/banh-mi-cha-ca-fikypY.png"
in SYSTEMPATH/Files/File.php on line 47.
 1 SYSTEMPATH/Files/File.php(47): CodeIgniter\Files\Exceptions\FileNotFoundException::forFileNotFound()
 2 SYSTEMPATH/HTTP/DownloadResponse.php(97): CodeIgniter\Files\File->__construct()
 3 SYSTEMPATH/HTTP/ResponseTrait.php(794): CodeIgniter\HTTP\DownloadResponse->setFilePath()
 4 APPPATH/Controllers/CanvasController.php(680): CodeIgniter\HTTP\Response->download()
 5 SYSTEMPATH/CodeIgniter.php(935): App\Controllers\CanvasController->download()
 6 SYSTEMPATH/CodeIgniter.php(500): CodeIgniter\CodeIgniter->runController()
 7 SYSTEMPATH/CodeIgniter.php(369): CodeIgniter\CodeIgniter->handleRequest()
 8 FCPATH/index.php(67): CodeIgniter\CodeIgniter->run()
CRITICAL - 2023-10-04 10:35:24 --> File not found: "https://dailong.asia/public/upload/tinymce/gallery_asset/banh-mi-cha-ca-fikypY.png"
in SYSTEMPATH/Files/File.php on line 47.
 1 SYSTEMPATH/Files/File.php(47): CodeIgniter\Files\Exceptions\FileNotFoundException::forFileNotFound()
 2 SYSTEMPATH/HTTP/DownloadResponse.php(97): CodeIgniter\Files\File->__construct()
 3 SYSTEMPATH/HTTP/ResponseTrait.php(794): CodeIgniter\HTTP\DownloadResponse->setFilePath()
 4 APPPATH/Controllers/CanvasController.php(680): CodeIgniter\HTTP\Response->download()
 5 SYSTEMPATH/CodeIgniter.php(935): App\Controllers\CanvasController->download()
 6 SYSTEMPATH/CodeIgniter.php(500): CodeIgniter\CodeIgniter->runController()
 7 SYSTEMPATH/CodeIgniter.php(369): CodeIgniter\CodeIgniter->handleRequest()
 8 FCPATH/index.php(67): CodeIgniter\CodeIgniter->run()
INFO - 2023-10-04 10:40:24 --> Session: Class initialized using 'CodeIgniter\Session\Handlers\FileHandler' driver.
CRITICAL - 2023-10-04 10:40:24 --> File not found: "https://dailong.asia/public/upload/tinymce/gallery_asset/banh-mi-cha-ca-fikypY.png"
in SYSTEMPATH/Files/File.php on line 47.
 1 SYSTEMPATH/Files/File.php(47): CodeIgniter\Files\Exceptions\FileNotFoundException::forFileNotFound()
 2 SYSTEMPATH/HTTP/DownloadResponse.php(97): CodeIgniter\Files\File->__construct()
 3 SYSTEMPATH/HTTP/ResponseTrait.php(794): CodeIgniter\HTTP\DownloadResponse->setFilePath()
 4 APPPATH/Controllers/CanvasController.php(680): CodeIgniter\HTTP\Response->download()
 5 SYSTEMPATH/CodeIgniter.php(935): App\Controllers\CanvasController->download()
 6 SYSTEMPATH/CodeIgniter.php(500): CodeIgniter\CodeIgniter->runController()
 7 SYSTEMPATH/CodeIgniter.php(369): CodeIgniter\CodeIgniter->handleRequest()
 8 FCPATH/index.php(67): CodeIgniter\CodeIgniter->run()
INFO - 2023-10-04 10:41:31 --> Session: Class initialized using 'CodeIgniter\Session\Handlers\FileHandler' driver.
CRITICAL - 2023-10-04 10:41:31 --> File not found: "/public/upload/tinymce/gallery_asset/banh-mi-cha-ca-fikypY.png"
in SYSTEMPATH/Files/File.php on line 47.
 1 SYSTEMPATH/Files/File.php(47): CodeIgniter\Files\Exceptions\FileNotFoundException::forFileNotFound()
 2 SYSTEMPATH/HTTP/DownloadResponse.php(97): CodeIgniter\Files\File->__construct()
 3 SYSTEMPATH/HTTP/ResponseTrait.php(794): CodeIgniter\HTTP\DownloadResponse->setFilePath()
 4 APPPATH/Controllers/CanvasController.php(680): CodeIgniter\HTTP\Response->download()
 5 SYSTEMPATH/CodeIgniter.php(935): App\Controllers\CanvasController->download()
 6 SYSTEMPATH/CodeIgniter.php(500): CodeIgniter\CodeIgniter->runController()
 7 SYSTEMPATH/CodeIgniter.php(369): CodeIgniter\CodeIgniter->handleRequest()
 8 FCPATH/index.php(67): CodeIgniter\CodeIgniter->run()
INFO - 2023-10-04 10:42:23 --> Session: Class initialized using 'CodeIgniter\Session\Handlers\FileHandler' driver.
INFO - 2023-10-04 10:42:25 --> Session: Class initialized using 'CodeIgniter\Session\Handlers\FileHandler' driver.
INFO - 2023-10-04 10:42:28 --> Session: Class initialized using 'CodeIgniter\Session\Handlers\FileHandler' driver.
CRITICAL - 2023-10-04 10:42:28 --> File not found: "https://dailong.asia/public/upload/tinymce/gallery_asset/banh-mi-cha-ca-fikypY.png"
in SYSTEMPATH/Files/File.php on line 47.
 1 SYSTEMPATH/Files/File.php(47): CodeIgniter\Files\Exceptions\FileNotFoundException::forFileNotFound()
 2 SYSTEMPATH/HTTP/DownloadResponse.php(97): CodeIgniter\Files\File->__construct()
 3 SYSTEMPATH/HTTP/ResponseTrait.php(794): CodeIgniter\HTTP\DownloadResponse->setFilePath()
 4 APPPATH/Controllers/CanvasController.php(680): CodeIgniter\HTTP\Response->download()
 5 SYSTEMPATH/CodeIgniter.php(935): App\Controllers\CanvasController->download()
 6 SYSTEMPATH/CodeIgniter.php(500): CodeIgniter\CodeIgniter->runController()
 7 SYSTEMPATH/CodeIgniter.php(369): CodeIgniter\CodeIgniter->handleRequest()
 8 FCPATH/index.php(67): CodeIgniter\CodeIgniter->run()
INFO - 2023-10-04 10:43:41 --> Session: Class initialized using 'CodeIgniter\Session\Handlers\FileHandler' driver.
INFO - 2023-10-04 10:43:43 --> Session: Class initialized using 'CodeIgniter\Session\Handlers\FileHandler' driver.
INFO - 2023-10-04 10:43:45 --> Session: Class initialized using 'CodeIgniter\Session\Handlers\FileHandler' driver.
INFO - 2023-10-04 10:44:04 --> Session: Class initialized using 'CodeIgniter\Session\Handlers\FileHandler' driver.
INFO - 2023-10-04 10:44:07 --> Session: Class initialized using 'CodeIgniter\Session\Handlers\FileHandler' driver.
