CRITICAL - 2023-10-07 01:15:38 --> Call to undefined function display_error()
in APPPATH/Views/admin/auth/login.php on line 53.
 1 SYSTEMPATH/View/View.php(213): include()
 2 SYSTEMPATH/View/View.php(216): CodeIgniter\View\View->CodeIgniter\View\{closure}()
 3 SYSTEMPATH/Common.php(1177): CodeIgniter\View\View->render()
 4 APPPATH/Controllers/Admin/Auth.php(111): view()
 5 SYSTEMPATH/CodeIgniter.php(935): App\Controllers\Admin\Auth->checkLogin()
 6 SYSTEMPATH/CodeIgniter.php(500): CodeIgniter\CodeIgniter->runController()
 7 SYSTEMPATH/CodeIgniter.php(369): CodeIgniter\CodeIgniter->handleRequest()
 8 FCPATH/index.php(67): CodeIgniter\CodeIgniter->run()
CRITICAL - 2023-10-07 03:55:17 --> Undefined array key "q"
in APPPATH/Controllers/CanvasController.php on line 816.
 1 APPPATH/Controllers/CanvasController.php(816): CodeIgniter\Debug\Exceptions->errorHandler()
 2 SYSTEMPATH/CodeIgniter.php(935): App\Controllers\CanvasController->getSearch()
 3 SYSTEMPATH/CodeIgniter.php(500): CodeIgniter\CodeIgniter->runController()
 4 SYSTEMPATH/CodeIgniter.php(369): CodeIgniter\CodeIgniter->handleRequest()
 5 FCPATH/index.php(67): CodeIgniter\CodeIgniter->run()
CRITICAL - 2023-10-07 22:21:10 --> mime_content_type(trang-chu-0oKds8QMBNptjXFk.jpg): Failed to open stream: No such file or directory
in APPPATH/Views/front_end/canvas_site/home.php on line 581.
 1 [internal function]: CodeIgniter\Debug\Exceptions->errorHandler()
 2 APPPATH/Views/front_end/canvas_site/home.php(581): mime_content_type()
 3 SYSTEMPATH/View/View.php(213): include('APPPATH/Views/front_end/canvas_site/home.php')
 4 SYSTEMPATH/View/View.php(216): CodeIgniter\View\View->CodeIgniter\View\{closure}()
 5 SYSTEMPATH/Common.php(1177): CodeIgniter\View\View->render()
 6 APPPATH/Controllers/CanvasController.php(106): view()
 7 SYSTEMPATH/CodeIgniter.php(935): App\Controllers\CanvasController->index()
 8 SYSTEMPATH/CodeIgniter.php(500): CodeIgniter\CodeIgniter->runController()
 9 SYSTEMPATH/CodeIgniter.php(369): CodeIgniter\CodeIgniter->handleRequest()
10 FCPATH/index.php(67): CodeIgniter\CodeIgniter->run()
