INFO - 2023-06-14 03:13:56 --> Session: Class initialized using 'CodeIgniter\Session\Handlers\FileHandler' driver.
INFO - 2023-06-14 03:13:56 --> Session: Class initialized using 'CodeIgniter\Session\Handlers\FileHandler' driver.
INFO - 2023-06-14 03:14:01 --> Session: Class initialized using 'CodeIgniter\Session\Handlers\FileHandler' driver.
INFO - 2023-06-14 03:14:04 --> Session: Class initialized using 'CodeIgniter\Session\Handlers\FileHandler' driver.
CRITICAL - 2023-06-14 03:14:04 --> foreach() argument must be of type array|object, null given
in APPPATH\Views\admin\post\create.php on line 80.
 1 APPPATH\Views\admin\post\create.php(80): CodeIgniter\Debug\Exceptions->errorHandler(2, 'foreach() argument must be of type array|object, null given', 'APPPATH\\Views\\admin\\post\\create.php', 80)
 2 SYSTEMPATH\View\View.php(213): include('APPPATH\\Views\\admin\\post\\create.php')
 3 SYSTEMPATH\View\View.php(216): CodeIgniter\View\View->CodeIgniter\View\{closure}()
 4 SYSTEMPATH\Common.php(1177): CodeIgniter\View\View->render('admin/post/create', [], true)
 5 APPPATH\Controllers\Admin\GalleryController.php(29): view('admin/post/create', [...])
 6 SYSTEMPATH\CodeIgniter.php(934): App\Controllers\Admin\GalleryController->getGallery()
 7 SYSTEMPATH\CodeIgniter.php(499): CodeIgniter\CodeIgniter->runController(Object(App\Controllers\Admin\GalleryController))
 8 SYSTEMPATH\CodeIgniter.php(368): CodeIgniter\CodeIgniter->handleRequest(null, Object(Config\Cache), false)
 9 FCPATH\index.php(67): CodeIgniter\CodeIgniter->run()
INFO - 2023-06-14 03:18:20 --> Session: Class initialized using 'CodeIgniter\Session\Handlers\FileHandler' driver.
CRITICAL - 2023-06-14 03:18:20 --> foreach() argument must be of type array|object, null given
in APPPATH\Views\admin\post\create.php on line 80.
 1 APPPATH\Views\admin\post\create.php(80): CodeIgniter\Debug\Exceptions->errorHandler(2, 'foreach() argument must be of type array|object, null given', 'APPPATH\\Views\\admin\\post\\create.php', 80)
 2 SYSTEMPATH\View\View.php(213): include('APPPATH\\Views\\admin\\post\\create.php')
 3 SYSTEMPATH\View\View.php(216): CodeIgniter\View\View->CodeIgniter\View\{closure}()
 4 SYSTEMPATH\Common.php(1177): CodeIgniter\View\View->render('admin/post/create', [], true)
 5 APPPATH\Controllers\Admin\GalleryController.php(29): view('admin/post/create', [...])
 6 SYSTEMPATH\CodeIgniter.php(934): App\Controllers\Admin\GalleryController->getGallery()
 7 SYSTEMPATH\CodeIgniter.php(499): CodeIgniter\CodeIgniter->runController(Object(App\Controllers\Admin\GalleryController))
 8 SYSTEMPATH\CodeIgniter.php(368): CodeIgniter\CodeIgniter->handleRequest(null, Object(Config\Cache), false)
 9 FCPATH\index.php(67): CodeIgniter\CodeIgniter->run()
INFO - 2023-06-14 03:18:40 --> Session: Class initialized using 'CodeIgniter\Session\Handlers\FileHandler' driver.
CRITICAL - 2023-06-14 03:18:40 --> foreach() argument must be of type array|object, null given
in APPPATH\Views\admin\post\create.php on line 80.
 1 APPPATH\Views\admin\post\create.php(80): CodeIgniter\Debug\Exceptions->errorHandler(2, 'foreach() argument must be of type array|object, null given', 'APPPATH\\Views\\admin\\post\\create.php', 80)
 2 SYSTEMPATH\View\View.php(213): include('APPPATH\\Views\\admin\\post\\create.php')
 3 SYSTEMPATH\View\View.php(216): CodeIgniter\View\View->CodeIgniter\View\{closure}()
 4 SYSTEMPATH\Common.php(1177): CodeIgniter\View\View->render('admin/post/create', [], true)
 5 APPPATH\Controllers\Admin\GalleryController.php(29): view('admin/post/create', [...])
 6 SYSTEMPATH\CodeIgniter.php(934): App\Controllers\Admin\GalleryController->getGallery()
 7 SYSTEMPATH\CodeIgniter.php(499): CodeIgniter\CodeIgniter->runController(Object(App\Controllers\Admin\GalleryController))
 8 SYSTEMPATH\CodeIgniter.php(368): CodeIgniter\CodeIgniter->handleRequest(null, Object(Config\Cache), false)
 9 FCPATH\index.php(67): CodeIgniter\CodeIgniter->run()
INFO - 2023-06-14 03:19:28 --> Session: Class initialized using 'CodeIgniter\Session\Handlers\FileHandler' driver.
CRITICAL - 2023-06-14 03:19:28 --> Trying to access array offset on value of type null
in APPPATH\Views\admin\gallery\create.php on line 84.
 1 APPPATH\Views\admin\gallery\create.php(84): CodeIgniter\Debug\Exceptions->errorHandler(2, 'Trying to access array offset on value of type null', 'APPPATH\\Views\\admin\\gallery\\create.php', 84)
 2 SYSTEMPATH\View\View.php(213): include('APPPATH\\Views\\admin\\gallery\\create.php')
 3 SYSTEMPATH\View\View.php(216): CodeIgniter\View\View->CodeIgniter\View\{closure}()
 4 SYSTEMPATH\Common.php(1177): CodeIgniter\View\View->render('admin/gallery/create', [], true)
 5 APPPATH\Controllers\Admin\GalleryController.php(29): view('admin/gallery/create', [...])
 6 SYSTEMPATH\CodeIgniter.php(934): App\Controllers\Admin\GalleryController->getGallery()
 7 SYSTEMPATH\CodeIgniter.php(499): CodeIgniter\CodeIgniter->runController(Object(App\Controllers\Admin\GalleryController))
 8 SYSTEMPATH\CodeIgniter.php(368): CodeIgniter\CodeIgniter->handleRequest(null, Object(Config\Cache), false)
 9 FCPATH\index.php(67): CodeIgniter\CodeIgniter->run()
INFO - 2023-06-14 03:20:10 --> Session: Class initialized using 'CodeIgniter\Session\Handlers\FileHandler' driver.
INFO - 2023-06-14 03:21:48 --> Session: Class initialized using 'CodeIgniter\Session\Handlers\FileHandler' driver.
INFO - 2023-06-14 03:27:00 --> Session: Class initialized using 'CodeIgniter\Session\Handlers\FileHandler' driver.
INFO - 2023-06-14 03:28:09 --> Session: Class initialized using 'CodeIgniter\Session\Handlers\FileHandler' driver.
INFO - 2023-06-14 03:30:09 --> Session: Class initialized using 'CodeIgniter\Session\Handlers\FileHandler' driver.
INFO - 2023-06-14 03:30:54 --> Session: Class initialized using 'CodeIgniter\Session\Handlers\FileHandler' driver.
INFO - 2023-06-14 03:31:29 --> Session: Class initialized using 'CodeIgniter\Session\Handlers\FileHandler' driver.
INFO - 2023-06-14 03:32:17 --> Session: Class initialized using 'CodeIgniter\Session\Handlers\FileHandler' driver.
INFO - 2023-06-14 03:32:24 --> Session: Class initialized using 'CodeIgniter\Session\Handlers\FileHandler' driver.
INFO - 2023-06-14 03:35:10 --> Session: Class initialized using 'CodeIgniter\Session\Handlers\FileHandler' driver.
INFO - 2023-06-14 03:35:16 --> Session: Class initialized using 'CodeIgniter\Session\Handlers\FileHandler' driver.
INFO - 2023-06-14 03:35:18 --> Session: Class initialized using 'CodeIgniter\Session\Handlers\FileHandler' driver.
