CRITICAL - 2022-12-27 10:20:08 --> Invalid file: canvas_site/layout.php
in SYSTEMPATH\Exceptions\FrameworkException.php on line 33.
 1 SYSTEMPATH\View\View.php(201): CodeIgniter\Exceptions\FrameworkException::forInvalidFile('canvas_site/layout.php')
 2 SYSTEMPATH\View\View.php(229): CodeIgniter\View\View->render('canvas_site/layout', [], true)
 3 SYSTEMPATH\Common.php(1134): CodeIgniter\View\View->render('front_end/canvas_site/home', [], true)
 4 APPPATH\Controllers\CanvasController.php(10): view('front_end/canvas_site/home')
 5 SYSTEMPATH\CodeIgniter.php(927): App\Controllers\CanvasController->index()
 6 SYSTEMPATH\CodeIgniter.php(482): CodeIgniter\CodeIgniter->runController(Object(App\Controllers\CanvasController))
 7 SYSTEMPATH\CodeIgniter.php(351): CodeIgniter\CodeIgniter->handleRequest(null, Object(Config\Cache), false)
 8 FCPATH\index.php(67): CodeIgniter\CodeIgniter->run()
CRITICAL - 2022-12-27 10:20:40 --> Invalid file: canvas_site/layout.php
in SYSTEMPATH\Exceptions\FrameworkException.php on line 33.
 1 SYSTEMPATH\View\View.php(201): CodeIgniter\Exceptions\FrameworkException::forInvalidFile('canvas_site/layout.php')
 2 SYSTEMPATH\View\View.php(229): CodeIgniter\View\View->render('canvas_site/layout', [], true)
 3 SYSTEMPATH\Common.php(1134): CodeIgniter\View\View->render('front_end/canvas_site/home', [], true)
 4 APPPATH\Controllers\CanvasController.php(10): view('front_end/canvas_site/home')
 5 SYSTEMPATH\CodeIgniter.php(927): App\Controllers\CanvasController->index()
 6 SYSTEMPATH\CodeIgniter.php(482): CodeIgniter\CodeIgniter->runController(Object(App\Controllers\CanvasController))
 7 SYSTEMPATH\CodeIgniter.php(351): CodeIgniter\CodeIgniter->handleRequest(null, Object(Config\Cache), false)
 8 FCPATH\index.php(67): CodeIgniter\CodeIgniter->run()
CRITICAL - 2022-12-27 22:26:58 --> Undefined variable $c3
in APPPATH\Views\front_end\canvas_site\navbar.php on line 104.
 1 APPPATH\Views\front_end\canvas_site\navbar.php(104): CodeIgniter\Debug\Exceptions->errorHandler(2, 'Undefined variable $c3', 'APPPATH\\Views\\front_end\\canvas_site\\navbar.php', 104)
 2 SYSTEMPATH\View\View.php(213): include('APPPATH\\Views\\front_end\\canvas_site\\navbar.php')
 3 SYSTEMPATH\View\View.php(216): CodeIgniter\View\View->CodeIgniter\View\{closure}()
 4 SYSTEMPATH\View\View.php(431): CodeIgniter\View\View->render('front_end/canvas_site/navbar', null, true)
 5 APPPATH\Views\front_end\canvas_site\layout.php(22): CodeIgniter\View\View->include('front_end/canvas_site/navbar')
 6 SYSTEMPATH\View\View.php(213): include('APPPATH\\Views\\front_end\\canvas_site\\layout.php')
 7 SYSTEMPATH\View\View.php(216): CodeIgniter\View\View->CodeIgniter\View\{closure}()
 8 SYSTEMPATH\View\View.php(229): CodeIgniter\View\View->render('front_end/canvas_site/layout', [], true)
 9 SYSTEMPATH\Common.php(1134): CodeIgniter\View\View->render('front_end/canvas_site/home', [], true)
10 APPPATH\Controllers\CanvasController.php(10): view('front_end/canvas_site/home')
11 SYSTEMPATH\CodeIgniter.php(927): App\Controllers\CanvasController->index()
12 SYSTEMPATH\CodeIgniter.php(482): CodeIgniter\CodeIgniter->runController(Object(App\Controllers\CanvasController))
13 SYSTEMPATH\CodeIgniter.php(351): CodeIgniter\CodeIgniter->handleRequest(null, Object(Config\Cache), false)
14 FCPATH\index.php(67): CodeIgniter\CodeIgniter->run()
CRITICAL - 2022-12-27 22:32:58 --> Undefined variable $c3
in APPPATH\Views\front_end\canvas_site\navbar.php on line 104.
 1 APPPATH\Views\front_end\canvas_site\navbar.php(104): CodeIgniter\Debug\Exceptions->errorHandler(2, 'Undefined variable $c3', 'APPPATH\\Views\\front_end\\canvas_site\\navbar.php', 104)
 2 SYSTEMPATH\View\View.php(213): include('APPPATH\\Views\\front_end\\canvas_site\\navbar.php')
 3 SYSTEMPATH\View\View.php(216): CodeIgniter\View\View->CodeIgniter\View\{closure}()
 4 SYSTEMPATH\View\View.php(431): CodeIgniter\View\View->render('front_end/canvas_site/navbar', null, true)
 5 APPPATH\Views\front_end\canvas_site\layout.php(22): CodeIgniter\View\View->include('front_end/canvas_site/navbar')
 6 SYSTEMPATH\View\View.php(213): include('APPPATH\\Views\\front_end\\canvas_site\\layout.php')
 7 SYSTEMPATH\View\View.php(216): CodeIgniter\View\View->CodeIgniter\View\{closure}()
 8 SYSTEMPATH\View\View.php(229): CodeIgniter\View\View->render('front_end/canvas_site/layout', [], true)
 9 SYSTEMPATH\Common.php(1134): CodeIgniter\View\View->render('front_end/canvas_site/home', [], true)
10 APPPATH\Controllers\CanvasController.php(10): view('front_end/canvas_site/home')
11 SYSTEMPATH\CodeIgniter.php(927): App\Controllers\CanvasController->index()
12 SYSTEMPATH\CodeIgniter.php(482): CodeIgniter\CodeIgniter->runController(Object(App\Controllers\CanvasController))
13 SYSTEMPATH\CodeIgniter.php(351): CodeIgniter\CodeIgniter->handleRequest(null, Object(Config\Cache), false)
14 FCPATH\index.php(67): CodeIgniter\CodeIgniter->run()
CRITICAL - 2022-12-27 22:33:31 --> Undefined variable $c3
in APPPATH\Views\front_end\canvas_site\navbar.php on line 104.
 1 APPPATH\Views\front_end\canvas_site\navbar.php(104): CodeIgniter\Debug\Exceptions->errorHandler(2, 'Undefined variable $c3', 'APPPATH\\Views\\front_end\\canvas_site\\navbar.php', 104)
 2 SYSTEMPATH\View\View.php(213): include('APPPATH\\Views\\front_end\\canvas_site\\navbar.php')
 3 SYSTEMPATH\View\View.php(216): CodeIgniter\View\View->CodeIgniter\View\{closure}()
 4 SYSTEMPATH\View\View.php(431): CodeIgniter\View\View->render('front_end/canvas_site/navbar', null, true)
 5 APPPATH\Views\front_end\canvas_site\layout.php(22): CodeIgniter\View\View->include('front_end/canvas_site/navbar')
 6 SYSTEMPATH\View\View.php(213): include('APPPATH\\Views\\front_end\\canvas_site\\layout.php')
 7 SYSTEMPATH\View\View.php(216): CodeIgniter\View\View->CodeIgniter\View\{closure}()
 8 SYSTEMPATH\View\View.php(229): CodeIgniter\View\View->render('front_end/canvas_site/layout', [], true)
 9 SYSTEMPATH\Common.php(1134): CodeIgniter\View\View->render('front_end/canvas_site/home', [], true)
10 APPPATH\Controllers\CanvasController.php(10): view('front_end/canvas_site/home')
11 SYSTEMPATH\CodeIgniter.php(927): App\Controllers\CanvasController->index()
12 SYSTEMPATH\CodeIgniter.php(482): CodeIgniter\CodeIgniter->runController(Object(App\Controllers\CanvasController))
13 SYSTEMPATH\CodeIgniter.php(351): CodeIgniter\CodeIgniter->handleRequest(null, Object(Config\Cache), false)
14 FCPATH\index.php(67): CodeIgniter\CodeIgniter->run()
CRITICAL - 2022-12-27 23:15:35 --> syntax error, unexpected token "<"
in APPPATH\Views\front_end\canvas_site\navbar.php on line 10.
 1 SYSTEMPATH\View\View.php(216): CodeIgniter\View\View->CodeIgniter\View\{closure}()
 2 SYSTEMPATH\View\View.php(431): CodeIgniter\View\View->render('front_end/canvas_site/navbar', null, true)
 3 APPPATH\Views\front_end\canvas_site\layout.php(22): CodeIgniter\View\View->include('front_end/canvas_site/navbar')
 4 SYSTEMPATH\View\View.php(213): include('APPPATH\\Views\\front_end\\canvas_site\\layout.php')
 5 SYSTEMPATH\View\View.php(216): CodeIgniter\View\View->CodeIgniter\View\{closure}()
 6 SYSTEMPATH\View\View.php(229): CodeIgniter\View\View->render('front_end/canvas_site/layout', [], true)
 7 SYSTEMPATH\Common.php(1134): CodeIgniter\View\View->render('front_end/canvas_site/home', [], true)
 8 APPPATH\Controllers\CanvasController.php(10): view('front_end/canvas_site/home')
 9 SYSTEMPATH\CodeIgniter.php(927): App\Controllers\CanvasController->index()
10 SYSTEMPATH\CodeIgniter.php(482): CodeIgniter\CodeIgniter->runController(Object(App\Controllers\CanvasController))
11 SYSTEMPATH\CodeIgniter.php(351): CodeIgniter\CodeIgniter->handleRequest(null, Object(Config\Cache), false)
12 FCPATH\index.php(67): CodeIgniter\CodeIgniter->run()
CRITICAL - 2022-12-27 23:24:43 --> syntax error, unexpected token "endif", expecting end of file
in APPPATH\Views\front_end\canvas_site\navbar.php on line 112.
 1 SYSTEMPATH\View\View.php(216): CodeIgniter\View\View->CodeIgniter\View\{closure}()
 2 SYSTEMPATH\View\View.php(431): CodeIgniter\View\View->render('front_end/canvas_site/navbar', null, true)
 3 APPPATH\Views\front_end\canvas_site\layout.php(22): CodeIgniter\View\View->include('front_end/canvas_site/navbar')
 4 SYSTEMPATH\View\View.php(213): include('APPPATH\\Views\\front_end\\canvas_site\\layout.php')
 5 SYSTEMPATH\View\View.php(216): CodeIgniter\View\View->CodeIgniter\View\{closure}()
 6 SYSTEMPATH\View\View.php(229): CodeIgniter\View\View->render('front_end/canvas_site/layout', [], true)
 7 SYSTEMPATH\Common.php(1134): CodeIgniter\View\View->render('front_end/canvas_site/home', [], true)
 8 APPPATH\Controllers\CanvasController.php(10): view('front_end/canvas_site/home')
 9 SYSTEMPATH\CodeIgniter.php(927): App\Controllers\CanvasController->index()
10 SYSTEMPATH\CodeIgniter.php(482): CodeIgniter\CodeIgniter->runController(Object(App\Controllers\CanvasController))
11 SYSTEMPATH\CodeIgniter.php(351): CodeIgniter\CodeIgniter->handleRequest(null, Object(Config\Cache), false)
12 FCPATH\index.php(67): CodeIgniter\CodeIgniter->run()
CRITICAL - 2022-12-27 23:25:35 --> syntax error, unexpected token ":"
in APPPATH\Views\front_end\canvas_site\navbar.php on line 110.
 1 SYSTEMPATH\View\View.php(216): CodeIgniter\View\View->CodeIgniter\View\{closure}()
 2 SYSTEMPATH\View\View.php(431): CodeIgniter\View\View->render('front_end/canvas_site/navbar', null, true)
 3 APPPATH\Views\front_end\canvas_site\layout.php(22): CodeIgniter\View\View->include('front_end/canvas_site/navbar')
 4 SYSTEMPATH\View\View.php(213): include('APPPATH\\Views\\front_end\\canvas_site\\layout.php')
 5 SYSTEMPATH\View\View.php(216): CodeIgniter\View\View->CodeIgniter\View\{closure}()
 6 SYSTEMPATH\View\View.php(229): CodeIgniter\View\View->render('front_end/canvas_site/layout', [], true)
 7 SYSTEMPATH\Common.php(1134): CodeIgniter\View\View->render('front_end/canvas_site/home', [], true)
 8 APPPATH\Controllers\CanvasController.php(10): view('front_end/canvas_site/home')
 9 SYSTEMPATH\CodeIgniter.php(927): App\Controllers\CanvasController->index()
10 SYSTEMPATH\CodeIgniter.php(482): CodeIgniter\CodeIgniter->runController(Object(App\Controllers\CanvasController))
11 SYSTEMPATH\CodeIgniter.php(351): CodeIgniter\CodeIgniter->handleRequest(null, Object(Config\Cache), false)
12 FCPATH\index.php(67): CodeIgniter\CodeIgniter->run()
CRITICAL - 2022-12-27 23:26:13 --> syntax error, unexpected token ":"
in APPPATH\Views\front_end\canvas_site\navbar.php on line 110.
 1 SYSTEMPATH\View\View.php(216): CodeIgniter\View\View->CodeIgniter\View\{closure}()
 2 SYSTEMPATH\View\View.php(431): CodeIgniter\View\View->render('front_end/canvas_site/navbar', null, true)
 3 APPPATH\Views\front_end\canvas_site\layout.php(22): CodeIgniter\View\View->include('front_end/canvas_site/navbar')
 4 SYSTEMPATH\View\View.php(213): include('APPPATH\\Views\\front_end\\canvas_site\\layout.php')
 5 SYSTEMPATH\View\View.php(216): CodeIgniter\View\View->CodeIgniter\View\{closure}()
 6 SYSTEMPATH\View\View.php(229): CodeIgniter\View\View->render('front_end/canvas_site/layout', [], true)
 7 SYSTEMPATH\Common.php(1134): CodeIgniter\View\View->render('front_end/canvas_site/home', [], true)
 8 APPPATH\Controllers\CanvasController.php(10): view('front_end/canvas_site/home')
 9 SYSTEMPATH\CodeIgniter.php(927): App\Controllers\CanvasController->index()
10 SYSTEMPATH\CodeIgniter.php(482): CodeIgniter\CodeIgniter->runController(Object(App\Controllers\CanvasController))
11 SYSTEMPATH\CodeIgniter.php(351): CodeIgniter\CodeIgniter->handleRequest(null, Object(Config\Cache), false)
12 FCPATH\index.php(67): CodeIgniter\CodeIgniter->run()
CRITICAL - 2022-12-27 23:26:34 --> syntax error, unexpected token "endforeach", expecting "elseif" or "else" or "endif"
in APPPATH\Views\front_end\canvas_site\navbar.php on line 122.
 1 SYSTEMPATH\View\View.php(216): CodeIgniter\View\View->CodeIgniter\View\{closure}()
 2 SYSTEMPATH\View\View.php(431): CodeIgniter\View\View->render('front_end/canvas_site/navbar', null, true)
 3 APPPATH\Views\front_end\canvas_site\layout.php(22): CodeIgniter\View\View->include('front_end/canvas_site/navbar')
 4 SYSTEMPATH\View\View.php(213): include('APPPATH\\Views\\front_end\\canvas_site\\layout.php')
 5 SYSTEMPATH\View\View.php(216): CodeIgniter\View\View->CodeIgniter\View\{closure}()
 6 SYSTEMPATH\View\View.php(229): CodeIgniter\View\View->render('front_end/canvas_site/layout', [], true)
 7 SYSTEMPATH\Common.php(1134): CodeIgniter\View\View->render('front_end/canvas_site/home', [], true)
 8 APPPATH\Controllers\CanvasController.php(10): view('front_end/canvas_site/home')
 9 SYSTEMPATH\CodeIgniter.php(927): App\Controllers\CanvasController->index()
10 SYSTEMPATH\CodeIgniter.php(482): CodeIgniter\CodeIgniter->runController(Object(App\Controllers\CanvasController))
11 SYSTEMPATH\CodeIgniter.php(351): CodeIgniter\CodeIgniter->handleRequest(null, Object(Config\Cache), false)
12 FCPATH\index.php(67): CodeIgniter\CodeIgniter->run()
CRITICAL - 2022-12-27 23:26:52 --> syntax error, unexpected token "endforeach", expecting "elseif" or "else" or "endif"
in APPPATH\Views\front_end\canvas_site\navbar.php on line 122.
 1 SYSTEMPATH\View\View.php(216): CodeIgniter\View\View->CodeIgniter\View\{closure}()
 2 SYSTEMPATH\View\View.php(431): CodeIgniter\View\View->render('front_end/canvas_site/navbar', null, true)
 3 APPPATH\Views\front_end\canvas_site\layout.php(22): CodeIgniter\View\View->include('front_end/canvas_site/navbar')
 4 SYSTEMPATH\View\View.php(213): include('APPPATH\\Views\\front_end\\canvas_site\\layout.php')
 5 SYSTEMPATH\View\View.php(216): CodeIgniter\View\View->CodeIgniter\View\{closure}()
 6 SYSTEMPATH\View\View.php(229): CodeIgniter\View\View->render('front_end/canvas_site/layout', [], true)
 7 SYSTEMPATH\Common.php(1134): CodeIgniter\View\View->render('front_end/canvas_site/home', [], true)
 8 APPPATH\Controllers\CanvasController.php(10): view('front_end/canvas_site/home')
 9 SYSTEMPATH\CodeIgniter.php(927): App\Controllers\CanvasController->index()
10 SYSTEMPATH\CodeIgniter.php(482): CodeIgniter\CodeIgniter->runController(Object(App\Controllers\CanvasController))
11 SYSTEMPATH\CodeIgniter.php(351): CodeIgniter\CodeIgniter->handleRequest(null, Object(Config\Cache), false)
12 FCPATH\index.php(67): CodeIgniter\CodeIgniter->run()
CRITICAL - 2022-12-27 23:27:06 --> Undefined variable $cate
in APPPATH\Views\front_end\canvas_site\navbar.php on line 103.
 1 APPPATH\Views\front_end\canvas_site\navbar.php(103): CodeIgniter\Debug\Exceptions->errorHandler(2, 'Undefined variable $cate', 'APPPATH\\Views\\front_end\\canvas_site\\navbar.php', 103)
 2 SYSTEMPATH\View\View.php(213): include('APPPATH\\Views\\front_end\\canvas_site\\navbar.php')
 3 SYSTEMPATH\View\View.php(216): CodeIgniter\View\View->CodeIgniter\View\{closure}()
 4 SYSTEMPATH\View\View.php(431): CodeIgniter\View\View->render('front_end/canvas_site/navbar', null, true)
 5 APPPATH\Views\front_end\canvas_site\layout.php(22): CodeIgniter\View\View->include('front_end/canvas_site/navbar')
 6 SYSTEMPATH\View\View.php(213): include('APPPATH\\Views\\front_end\\canvas_site\\layout.php')
 7 SYSTEMPATH\View\View.php(216): CodeIgniter\View\View->CodeIgniter\View\{closure}()
 8 SYSTEMPATH\View\View.php(229): CodeIgniter\View\View->render('front_end/canvas_site/layout', [], true)
 9 SYSTEMPATH\Common.php(1134): CodeIgniter\View\View->render('front_end/canvas_site/home', [], true)
10 APPPATH\Controllers\CanvasController.php(10): view('front_end/canvas_site/home')
11 SYSTEMPATH\CodeIgniter.php(927): App\Controllers\CanvasController->index()
12 SYSTEMPATH\CodeIgniter.php(482): CodeIgniter\CodeIgniter->runController(Object(App\Controllers\CanvasController))
13 SYSTEMPATH\CodeIgniter.php(351): CodeIgniter\CodeIgniter->handleRequest(null, Object(Config\Cache), false)
14 FCPATH\index.php(67): CodeIgniter\CodeIgniter->run()
CRITICAL - 2022-12-27 23:30:16 --> Undefined variable $cate
in APPPATH\Views\front_end\canvas_site\navbar.php on line 103.
 1 APPPATH\Views\front_end\canvas_site\navbar.php(103): CodeIgniter\Debug\Exceptions->errorHandler(2, 'Undefined variable $cate', 'APPPATH\\Views\\front_end\\canvas_site\\navbar.php', 103)
 2 SYSTEMPATH\View\View.php(213): include('APPPATH\\Views\\front_end\\canvas_site\\navbar.php')
 3 SYSTEMPATH\View\View.php(216): CodeIgniter\View\View->CodeIgniter\View\{closure}()
 4 SYSTEMPATH\View\View.php(431): CodeIgniter\View\View->render('front_end/canvas_site/navbar', null, true)
 5 APPPATH\Views\front_end\canvas_site\layout.php(22): CodeIgniter\View\View->include('front_end/canvas_site/navbar')
 6 SYSTEMPATH\View\View.php(213): include('APPPATH\\Views\\front_end\\canvas_site\\layout.php')
 7 SYSTEMPATH\View\View.php(216): CodeIgniter\View\View->CodeIgniter\View\{closure}()
 8 SYSTEMPATH\View\View.php(229): CodeIgniter\View\View->render('front_end/canvas_site/layout', [], true)
 9 SYSTEMPATH\Common.php(1134): CodeIgniter\View\View->render('front_end/canvas_site/home', [], true)
10 APPPATH\Controllers\CanvasController.php(10): view('front_end/canvas_site/home')
11 SYSTEMPATH\CodeIgniter.php(927): App\Controllers\CanvasController->index()
12 SYSTEMPATH\CodeIgniter.php(482): CodeIgniter\CodeIgniter->runController(Object(App\Controllers\CanvasController))
13 SYSTEMPATH\CodeIgniter.php(351): CodeIgniter\CodeIgniter->handleRequest(null, Object(Config\Cache), false)
14 FCPATH\index.php(67): CodeIgniter\CodeIgniter->run()
CRITICAL - 2022-12-27 23:54:25 --> Undefined variable $cate
in APPPATH\Views\front_end\canvas_site\navbar.php on line 103.
 1 APPPATH\Views\front_end\canvas_site\navbar.php(103): CodeIgniter\Debug\Exceptions->errorHandler(2, 'Undefined variable $cate', 'APPPATH\\Views\\front_end\\canvas_site\\navbar.php', 103)
 2 SYSTEMPATH\View\View.php(213): include('APPPATH\\Views\\front_end\\canvas_site\\navbar.php')
 3 SYSTEMPATH\View\View.php(216): CodeIgniter\View\View->CodeIgniter\View\{closure}()
 4 SYSTEMPATH\View\View.php(431): CodeIgniter\View\View->render('front_end/canvas_site/navbar', null, true)
 5 APPPATH\Views\front_end\canvas_site\layout.php(22): CodeIgniter\View\View->include('front_end/canvas_site/navbar')
 6 SYSTEMPATH\View\View.php(213): include('APPPATH\\Views\\front_end\\canvas_site\\layout.php')
 7 SYSTEMPATH\View\View.php(216): CodeIgniter\View\View->CodeIgniter\View\{closure}()
 8 SYSTEMPATH\View\View.php(229): CodeIgniter\View\View->render('front_end/canvas_site/layout', [], true)
 9 SYSTEMPATH\Common.php(1134): CodeIgniter\View\View->render('front_end/canvas_site/home', [], true)
10 APPPATH\Controllers\CanvasController.php(10): view('front_end/canvas_site/home')
11 SYSTEMPATH\CodeIgniter.php(927): App\Controllers\CanvasController->index()
12 SYSTEMPATH\CodeIgniter.php(482): CodeIgniter\CodeIgniter->runController(Object(App\Controllers\CanvasController))
13 SYSTEMPATH\CodeIgniter.php(351): CodeIgniter\CodeIgniter->handleRequest(null, Object(Config\Cache), false)
14 FCPATH\index.php(67): CodeIgniter\CodeIgniter->run()
CRITICAL - 2022-12-27 23:54:40 --> Undefined variable $cate
in APPPATH\Views\front_end\canvas_site\navbar.php on line 103.
 1 APPPATH\Views\front_end\canvas_site\navbar.php(103): CodeIgniter\Debug\Exceptions->errorHandler(2, 'Undefined variable $cate', 'APPPATH\\Views\\front_end\\canvas_site\\navbar.php', 103)
 2 SYSTEMPATH\View\View.php(213): include('APPPATH\\Views\\front_end\\canvas_site\\navbar.php')
 3 SYSTEMPATH\View\View.php(216): CodeIgniter\View\View->CodeIgniter\View\{closure}()
 4 SYSTEMPATH\View\View.php(431): CodeIgniter\View\View->render('front_end/canvas_site/navbar', null, true)
 5 APPPATH\Views\front_end\canvas_site\layout.php(22): CodeIgniter\View\View->include('front_end/canvas_site/navbar')
 6 SYSTEMPATH\View\View.php(213): include('APPPATH\\Views\\front_end\\canvas_site\\layout.php')
 7 SYSTEMPATH\View\View.php(216): CodeIgniter\View\View->CodeIgniter\View\{closure}()
 8 SYSTEMPATH\View\View.php(229): CodeIgniter\View\View->render('front_end/canvas_site/layout', [], true)
 9 SYSTEMPATH\Common.php(1134): CodeIgniter\View\View->render('front_end/canvas_site/home', [], true)
10 APPPATH\Controllers\CanvasController.php(10): view('front_end/canvas_site/home')
11 SYSTEMPATH\CodeIgniter.php(927): App\Controllers\CanvasController->index()
12 SYSTEMPATH\CodeIgniter.php(482): CodeIgniter\CodeIgniter->runController(Object(App\Controllers\CanvasController))
13 SYSTEMPATH\CodeIgniter.php(351): CodeIgniter\CodeIgniter->handleRequest(null, Object(Config\Cache), false)
14 FCPATH\index.php(67): CodeIgniter\CodeIgniter->run()
CRITICAL - 2022-12-27 23:55:08 --> Call to undefined function App\Controllers\uri()
in APPPATH\Controllers\BaseController.php on line 59.
 1 SYSTEMPATH\CodeIgniter.php(890): App\Controllers\BaseController->initController(Object(CodeIgniter\HTTP\IncomingRequest), Object(CodeIgniter\HTTP\Response), Object(CodeIgniter\Log\Logger))
 2 SYSTEMPATH\CodeIgniter.php(473): CodeIgniter\CodeIgniter->createController()
 3 SYSTEMPATH\CodeIgniter.php(351): CodeIgniter\CodeIgniter->handleRequest(null, Object(Config\Cache), false)
 4 FCPATH\index.php(67): CodeIgniter\CodeIgniter->run()
CRITICAL - 2022-12-27 23:55:18 --> Call to undefined function App\Controllers\url()
in APPPATH\Controllers\BaseController.php on line 59.
 1 SYSTEMPATH\CodeIgniter.php(890): App\Controllers\BaseController->initController(Object(CodeIgniter\HTTP\IncomingRequest), Object(CodeIgniter\HTTP\Response), Object(CodeIgniter\Log\Logger))
 2 SYSTEMPATH\CodeIgniter.php(473): CodeIgniter\CodeIgniter->createController()
 3 SYSTEMPATH\CodeIgniter.php(351): CodeIgniter\CodeIgniter->handleRequest(null, Object(Config\Cache), false)
 4 FCPATH\index.php(67): CodeIgniter\CodeIgniter->run()
