INFO - 2024-04-10 16:55:16 --> Session: Class initialized using 'CodeIgniter\Session\Handlers\FileHandler' driver.
INFO - 2024-04-10 16:55:17 --> Session: Class initialized using 'CodeIgniter\Session\Handlers\FileHandler' driver.
INFO - 2024-04-10 16:55:17 --> Session: Class initialized using 'CodeIgniter\Session\Handlers\FileHandler' driver.
CRITICAL - 2024-04-10 16:55:17 --> Invalid file: "front_end/canvas_site/404_error/404_class_gallery.php"
in SYSTEMPATH\Exceptions\FrameworkException.php on line 33.
 1 SYSTEMPATH\View\View.php(201): CodeIgniter\Exceptions\FrameworkException::forInvalidFile('front_end/canvas_site/404_error/404_class_gallery.php')
 2 SYSTEMPATH\Common.php(1177): CodeIgniter\View\View->render('front_end/canvas_site/404_error/404_class_gallery', [], true)
 3 APPPATH\Controllers\MayMocController.php(580): view('front_end/canvas_site/404_error/404_class_gallery')
 4 SYSTEMPATH\CodeIgniter.php(935): App\Controllers\MayMocController->class_gallery('cnvsswitcher.js')
 5 SYSTEMPATH\CodeIgniter.php(500): CodeIgniter\CodeIgniter->runController(Object(App\Controllers\MayMocController))
 6 SYSTEMPATH\CodeIgniter.php(369): CodeIgniter\CodeIgniter->handleRequest(null, Object(Config\Cache), false)
 7 FCPATH\index.php(67): CodeIgniter\CodeIgniter->run()
INFO - 2024-04-10 16:56:09 --> Session: Class initialized using 'CodeIgniter\Session\Handlers\FileHandler' driver.
CRITICAL - 2024-04-10 16:56:09 --> Invalid file: "front_end/canvas_site/home.php"
in SYSTEMPATH\Exceptions\FrameworkException.php on line 33.
 1 SYSTEMPATH\View\View.php(201): CodeIgniter\Exceptions\FrameworkException::forInvalidFile('front_end/canvas_site/home.php')
 2 SYSTEMPATH\Common.php(1177): CodeIgniter\View\View->render('front_end/canvas_site/home', [], true)
 3 APPPATH\Controllers\CanvasController.php(98): view('front_end/canvas_site/home', [...])
 4 SYSTEMPATH\CodeIgniter.php(935): App\Controllers\CanvasController->index()
 5 SYSTEMPATH\CodeIgniter.php(500): CodeIgniter\CodeIgniter->runController(Object(App\Controllers\CanvasController))
 6 SYSTEMPATH\CodeIgniter.php(369): CodeIgniter\CodeIgniter->handleRequest(null, Object(Config\Cache), false)
 7 FCPATH\index.php(67): CodeIgniter\CodeIgniter->run()
INFO - 2024-04-10 16:56:57 --> Session: Class initialized using 'CodeIgniter\Session\Handlers\FileHandler' driver.
CRITICAL - 2024-04-10 16:56:57 --> Invalid file: "front_end/canvas_site/layout.php"
in SYSTEMPATH\Exceptions\FrameworkException.php on line 33.
 1 SYSTEMPATH\View\View.php(201): CodeIgniter\Exceptions\FrameworkException::forInvalidFile('front_end/canvas_site/layout.php')
 2 SYSTEMPATH\View\View.php(229): CodeIgniter\View\View->render('front_end/canvas_site/layout', [], true)
 3 SYSTEMPATH\Common.php(1177): CodeIgniter\View\View->render('front_end/dailong_site/home', [], true)
 4 APPPATH\Controllers\CanvasController.php(98): view('front_end/dailong_site/home', [...])
 5 SYSTEMPATH\CodeIgniter.php(935): App\Controllers\CanvasController->index()
 6 SYSTEMPATH\CodeIgniter.php(500): CodeIgniter\CodeIgniter->runController(Object(App\Controllers\CanvasController))
 7 SYSTEMPATH\CodeIgniter.php(369): CodeIgniter\CodeIgniter->handleRequest(null, Object(Config\Cache), false)
 8 FCPATH\index.php(67): CodeIgniter\CodeIgniter->run()
INFO - 2024-04-10 16:57:22 --> Session: Class initialized using 'CodeIgniter\Session\Handlers\FileHandler' driver.
CRITICAL - 2024-04-10 16:57:22 --> Invalid file: "front_end/canvas_site/navbar.php"
in SYSTEMPATH\Exceptions\FrameworkException.php on line 33.
 1 SYSTEMPATH\View\View.php(201): CodeIgniter\Exceptions\FrameworkException::forInvalidFile('front_end/canvas_site/navbar.php')
 2 SYSTEMPATH\View\View.php(431): CodeIgniter\View\View->render('front_end/canvas_site/navbar', null, true)
 3 APPPATH\Views\front_end\dailong_site\layout.php(113): CodeIgniter\View\View->include('front_end/canvas_site/navbar')
 4 SYSTEMPATH\View\View.php(213): include('APPPATH\\Views\\front_end\\dailong_site\\layout.php')
 5 SYSTEMPATH\View\View.php(216): CodeIgniter\View\View->CodeIgniter\View\{closure}()
 6 SYSTEMPATH\View\View.php(229): CodeIgniter\View\View->render('front_end/dailong_site/layout', [], true)
 7 SYSTEMPATH\Common.php(1177): CodeIgniter\View\View->render('front_end/dailong_site/home', [], true)
 8 APPPATH\Controllers\CanvasController.php(98): view('front_end/dailong_site/home', [...])
 9 SYSTEMPATH\CodeIgniter.php(935): App\Controllers\CanvasController->index()
10 SYSTEMPATH\CodeIgniter.php(500): CodeIgniter\CodeIgniter->runController(Object(App\Controllers\CanvasController))
11 SYSTEMPATH\CodeIgniter.php(369): CodeIgniter\CodeIgniter->handleRequest(null, Object(Config\Cache), false)
12 FCPATH\index.php(67): CodeIgniter\CodeIgniter->run()
INFO - 2024-04-10 16:57:44 --> Session: Class initialized using 'CodeIgniter\Session\Handlers\FileHandler' driver.
INFO - 2024-04-10 17:07:57 --> Session: Class initialized using 'CodeIgniter\Session\Handlers\FileHandler' driver.
INFO - 2024-04-10 17:10:37 --> Session: Class initialized using 'CodeIgniter\Session\Handlers\FileHandler' driver.
