CRITICAL - 2022-12-24 06:11:32 --> Undefined variable $data
in APPPATH\Controllers\Admin\PageController.php on line 88.
 1 APPPATH\Controllers\Admin\PageController.php(88): CodeIgniter\Debug\Exceptions->errorHandler(2, 'Undefined variable $data', 'APPPATH\\Controllers\\Admin\\PageController.php', 88)
 2 SYSTEMPATH\CodeIgniter.php(927): App\Controllers\Admin\PageController->savePage()
 3 SYSTEMPATH\CodeIgniter.php(482): CodeIgniter\CodeIgniter->runController(Object(App\Controllers\Admin\PageController))
 4 SYSTEMPATH\CodeIgniter.php(351): CodeIgniter\CodeIgniter->handleRequest(null, Object(Config\Cache), false)
 5 FCPATH\index.php(67): CodeIgniter\CodeIgniter->run()
CRITICAL - 2022-12-24 06:13:14 --> Undefined variable $page_title
in APPPATH\Controllers\Admin\PageController.php on line 130.
 1 APPPATH\Controllers\Admin\PageController.php(130): CodeIgniter\Debug\Exceptions->errorHandler(2, 'Undefined variable $page_title', 'APPPATH\\Controllers\\Admin\\PageController.php', 130)
 2 SYSTEMPATH\CodeIgniter.php(927): App\Controllers\Admin\PageController->savePage()
 3 SYSTEMPATH\CodeIgniter.php(482): CodeIgniter\CodeIgniter->runController(Object(App\Controllers\Admin\PageController))
 4 SYSTEMPATH\CodeIgniter.php(351): CodeIgniter\CodeIgniter->handleRequest(null, Object(Config\Cache), false)
 5 FCPATH\index.php(67): CodeIgniter\CodeIgniter->run()
CRITICAL - 2022-12-24 06:13:44 --> Undefined variable $post
in APPPATH\Views\admin\page\index.php on line 53.
 1 APPPATH\Views\admin\page\index.php(53): CodeIgniter\Debug\Exceptions->errorHandler(2, 'Undefined variable $post', 'APPPATH\\Views\\admin\\page\\index.php', 53)
 2 SYSTEMPATH\View\View.php(213): include('APPPATH\\Views\\admin\\page\\index.php')
 3 SYSTEMPATH\View\View.php(216): CodeIgniter\View\View->CodeIgniter\View\{closure}()
 4 SYSTEMPATH\Common.php(1134): CodeIgniter\View\View->render('admin/page/index', [], true)
 5 APPPATH\Controllers\Admin\PageController.php(19): view('admin/page/index', [...])
 6 SYSTEMPATH\CodeIgniter.php(927): App\Controllers\Admin\PageController->index()
 7 SYSTEMPATH\CodeIgniter.php(482): CodeIgniter\CodeIgniter->runController(Object(App\Controllers\Admin\PageController))
 8 SYSTEMPATH\CodeIgniter.php(351): CodeIgniter\CodeIgniter->handleRequest(null, Object(Config\Cache), false)
 9 FCPATH\index.php(67): CodeIgniter\CodeIgniter->run()
CRITICAL - 2022-12-24 06:14:55 --> Undefined array key "post_title"
in APPPATH\Views\admin\page\index.php on line 57.
 1 APPPATH\Views\admin\page\index.php(57): CodeIgniter\Debug\Exceptions->errorHandler(2, 'Undefined array key "post_title"', 'APPPATH\\Views\\admin\\page\\index.php', 57)
 2 SYSTEMPATH\View\View.php(213): include('APPPATH\\Views\\admin\\page\\index.php')
 3 SYSTEMPATH\View\View.php(216): CodeIgniter\View\View->CodeIgniter\View\{closure}()
 4 SYSTEMPATH\Common.php(1134): CodeIgniter\View\View->render('admin/page/index', [], true)
 5 APPPATH\Controllers\Admin\PageController.php(19): view('admin/page/index', [...])
 6 SYSTEMPATH\CodeIgniter.php(927): App\Controllers\Admin\PageController->index()
 7 SYSTEMPATH\CodeIgniter.php(482): CodeIgniter\CodeIgniter->runController(Object(App\Controllers\Admin\PageController))
 8 SYSTEMPATH\CodeIgniter.php(351): CodeIgniter\CodeIgniter->handleRequest(null, Object(Config\Cache), false)
 9 FCPATH\index.php(67): CodeIgniter\CodeIgniter->run()
CRITICAL - 2022-12-24 06:15:05 --> Undefined variable $cate
in APPPATH\Views\admin\page\index.php on line 60.
 1 APPPATH\Views\admin\page\index.php(60): CodeIgniter\Debug\Exceptions->errorHandler(2, 'Undefined variable $cate', 'APPPATH\\Views\\admin\\page\\index.php', 60)
 2 SYSTEMPATH\View\View.php(213): include('APPPATH\\Views\\admin\\page\\index.php')
 3 SYSTEMPATH\View\View.php(216): CodeIgniter\View\View->CodeIgniter\View\{closure}()
 4 SYSTEMPATH\Common.php(1134): CodeIgniter\View\View->render('admin/page/index', [], true)
 5 APPPATH\Controllers\Admin\PageController.php(19): view('admin/page/index', [...])
 6 SYSTEMPATH\CodeIgniter.php(927): App\Controllers\Admin\PageController->index()
 7 SYSTEMPATH\CodeIgniter.php(482): CodeIgniter\CodeIgniter->runController(Object(App\Controllers\Admin\PageController))
 8 SYSTEMPATH\CodeIgniter.php(351): CodeIgniter\CodeIgniter->handleRequest(null, Object(Config\Cache), false)
 9 FCPATH\index.php(67): CodeIgniter\CodeIgniter->run()
