CRITICAL - 2022-12-05 06:31:33 --> syntax error, unexpected token ")", expecting "{"
in APPPATH\Config\Routes.php on line 40.
 1 SYSTEMPATH\CodeIgniter.php(430): CodeIgniter\CodeIgniter->tryToRouteIt(null)
 2 SYSTEMPATH\CodeIgniter.php(351): CodeIgniter\CodeIgniter->handleRequest(null, Object(Config\Cache), false)
 3 FCPATH\index.php(67): CodeIgniter\CodeIgniter->run()
CRITICAL - 2022-12-05 06:34:01 --> syntax error, unexpected token ")", expecting "{"
in APPPATH\Config\Routes.php on line 40.
 1 SYSTEMPATH\CodeIgniter.php(430): CodeIgniter\CodeIgniter->tryToRouteIt(null)
 2 SYSTEMPATH\CodeIgniter.php(351): CodeIgniter\CodeIgniter->handleRequest(null, Object(Config\Cache), false)
 3 FCPATH\index.php(67): CodeIgniter\CodeIgniter->run()
CRITICAL - 2022-12-05 06:46:36 --> syntax error, unexpected identifier "content", expecting "," or ";"
in APPPATH\Views\admin\admin-layout.php on line 841.
 1 SYSTEMPATH\View\View.php(216): CodeIgniter\View\View->CodeIgniter\View\{closure}()
 2 SYSTEMPATH\View\View.php(229): CodeIgniter\View\View->render('admin/admin-layout', [], true)
 3 SYSTEMPATH\Common.php(1134): CodeIgniter\View\View->render('admin/user/home', [], true)
 4 APPPATH\Controllers\UserController.php(8): view('admin/user/home')
 5 SYSTEMPATH\CodeIgniter.php(927): App\Controllers\UserController->index()
 6 SYSTEMPATH\CodeIgniter.php(482): CodeIgniter\CodeIgniter->runController(Object(App\Controllers\UserController))
 7 SYSTEMPATH\CodeIgniter.php(351): CodeIgniter\CodeIgniter->handleRequest(null, Object(Config\Cache), false)
 8 FCPATH\index.php(67): CodeIgniter\CodeIgniter->run()
CRITICAL - 2022-12-05 06:50:43 --> syntax error, unexpected identifier "content", expecting "," or ";"
in APPPATH\Views\admin\admin-layout.php on line 841.
 1 SYSTEMPATH\View\View.php(216): CodeIgniter\View\View->CodeIgniter\View\{closure}()
 2 SYSTEMPATH\View\View.php(229): CodeIgniter\View\View->render('admin/admin-layout', [], true)
 3 SYSTEMPATH\Common.php(1134): CodeIgniter\View\View->render('admin/user/home', [], true)
 4 APPPATH\Controllers\UserController.php(8): view('admin/user/home')
 5 SYSTEMPATH\CodeIgniter.php(927): App\Controllers\UserController->index()
 6 SYSTEMPATH\CodeIgniter.php(482): CodeIgniter\CodeIgniter->runController(Object(App\Controllers\UserController))
 7 SYSTEMPATH\CodeIgniter.php(351): CodeIgniter\CodeIgniter->handleRequest(null, Object(Config\Cache), false)
 8 FCPATH\index.php(67): CodeIgniter\CodeIgniter->run()
