CRITICAL - 2022-12-22 22:45:37 --> Undefined variable $post
in APPPATH\Views\admin\page\index.php on line 53.
 1 APPPATH\Views\admin\page\index.php(53): CodeIgniter\Debug\Exceptions->errorHandler(2, 'Undefined variable $post', 'APPPATH\\Views\\admin\\page\\index.php', 53)
 2 SYSTEMPATH\View\View.php(213): include('APPPATH\\Views\\admin\\page\\index.php')
 3 SYSTEMPATH\View\View.php(216): CodeIgniter\View\View->CodeIgniter\View\{closure}()
 4 SYSTEMPATH\Common.php(1134): CodeIgniter\View\View->render('admin/page/index', [], true)
 5 APPPATH\Controllers\Admin\PageController.php(19): view('admin/page/index', [...])
 6 SYSTEMPATH\CodeIgniter.php(927): App\Controllers\Admin\PageController->index()
 7 SYSTEMPATH\CodeIgniter.php(482): CodeIgniter\CodeIgniter->runController(Object(App\Controllers\Admin\PageController))
 8 SYSTEMPATH\CodeIgniter.php(351): CodeIgniter\CodeIgniter->handleRequest(null, Object(Config\Cache), false)
 9 FCPATH\index.php(67): CodeIgniter\CodeIgniter->run()
CRITICAL - 2022-12-22 22:47:30 --> Undefined variable $post
in APPPATH\Views\admin\page\index.php on line 53.
 1 APPPATH\Views\admin\page\index.php(53): CodeIgniter\Debug\Exceptions->errorHandler(2, 'Undefined variable $post', 'APPPATH\\Views\\admin\\page\\index.php', 53)
 2 SYSTEMPATH\View\View.php(213): include('APPPATH\\Views\\admin\\page\\index.php')
 3 SYSTEMPATH\View\View.php(216): CodeIgniter\View\View->CodeIgniter\View\{closure}()
 4 SYSTEMPATH\Common.php(1134): CodeIgniter\View\View->render('admin/page/index', [], true)
 5 APPPATH\Controllers\Admin\PageController.php(19): view('admin/page/index', [...])
 6 SYSTEMPATH\CodeIgniter.php(927): App\Controllers\Admin\PageController->index()
 7 SYSTEMPATH\CodeIgniter.php(482): CodeIgniter\CodeIgniter->runController(Object(App\Controllers\Admin\PageController))
 8 SYSTEMPATH\CodeIgniter.php(351): CodeIgniter\CodeIgniter->handleRequest(null, Object(Config\Cache), false)
 9 FCPATH\index.php(67): CodeIgniter\CodeIgniter->run()
CRITICAL - 2022-12-22 22:47:42 --> Undefined variable $cateModel
in APPPATH\Controllers\Admin\PageController.php on line 25.
 1 APPPATH\Controllers\Admin\PageController.php(25): CodeIgniter\Debug\Exceptions->errorHandler(2, 'Undefined variable $cateModel', 'APPPATH\\Controllers\\Admin\\PageController.php', 25)
 2 SYSTEMPATH\CodeIgniter.php(927): App\Controllers\Admin\PageController->getPost()
 3 SYSTEMPATH\CodeIgniter.php(482): CodeIgniter\CodeIgniter->runController(Object(App\Controllers\Admin\PageController))
 4 SYSTEMPATH\CodeIgniter.php(351): CodeIgniter\CodeIgniter->handleRequest(null, Object(Config\Cache), false)
 5 FCPATH\index.php(67): CodeIgniter\CodeIgniter->run()
