CRITICAL - 2023-01-14 11:39:02 --> Undefined variable $cate_2
in APPPATH\Controllers\CanvasController.php on line 134.
 1 APPPATH\Controllers\CanvasController.php(134): CodeIgniter\Debug\Exceptions->errorHandler(2, 'Undefined variable $cate_2', 'APPPATH\\Controllers\\CanvasController.php', 134)
 2 SYSTEMPATH\CodeIgniter.php(927): App\Controllers\CanvasController->postCate('switcher-html.html')
 3 SYSTEMPATH\CodeIgniter.php(482): CodeIgniter\CodeIgniter->runController(Object(App\Controllers\CanvasController))
 4 SYSTEMPATH\CodeIgniter.php(351): CodeIgniter\CodeIgniter->handleRequest(null, Object(Config\Cache), false)
 5 FCPATH\index.php(67): CodeIgniter\CodeIgniter->run()
CRITICAL - 2023-01-14 11:39:02 --> Undefined variable $cate_2
in APPPATH\Controllers\CanvasController.php on line 134.
 1 APPPATH\Controllers\CanvasController.php(134): CodeIgniter\Debug\Exceptions->errorHandler(2, 'Undefined variable $cate_2', 'APPPATH\\Controllers\\CanvasController.php', 134)
 2 SYSTEMPATH\CodeIgniter.php(927): App\Controllers\CanvasController->postCate('dich-vu-van-tai')
 3 SYSTEMPATH\CodeIgniter.php(482): CodeIgniter\CodeIgniter->runController(Object(App\Controllers\CanvasController))
 4 SYSTEMPATH\CodeIgniter.php(351): CodeIgniter\CodeIgniter->handleRequest(null, Object(Config\Cache), false)
 5 FCPATH\index.php(67): CodeIgniter\CodeIgniter->run()
CRITICAL - 2023-01-14 11:39:51 --> Undefined variable $post_detail
in APPPATH\Views\front_end\canvas_site\post.php on line 15.
 1 APPPATH\Views\front_end\canvas_site\post.php(15): CodeIgniter\Debug\Exceptions->errorHandler(2, 'Undefined variable $post_detail', 'APPPATH\\Views\\front_end\\canvas_site\\post.php', 15)
 2 SYSTEMPATH\View\View.php(213): include('APPPATH\\Views\\front_end\\canvas_site\\post.php')
 3 SYSTEMPATH\View\View.php(216): CodeIgniter\View\View->CodeIgniter\View\{closure}()
 4 SYSTEMPATH\Common.php(1134): CodeIgniter\View\View->render('front_end/canvas_site/post', [], true)
 5 APPPATH\Controllers\CanvasController.php(135): view('front_end/canvas_site/post')
 6 SYSTEMPATH\CodeIgniter.php(927): App\Controllers\CanvasController->postCate('dich-vu-van-tai')
 7 SYSTEMPATH\CodeIgniter.php(482): CodeIgniter\CodeIgniter->runController(Object(App\Controllers\CanvasController))
 8 SYSTEMPATH\CodeIgniter.php(351): CodeIgniter\CodeIgniter->handleRequest(null, Object(Config\Cache), false)
 9 FCPATH\index.php(67): CodeIgniter\CodeIgniter->run()
