INFO - 2024-11-24 15:04:30 --> Session: Class initialized using 'CodeIgniter\Session\Handlers\FileHandler' driver.
INFO - 2024-11-24 15:11:41 --> Session: Class initialized using 'CodeIgniter\Session\Handlers\FileHandler' driver.
INFO - 2024-11-24 15:13:10 --> Session: Class initialized using 'CodeIgniter\Session\Handlers\FileHandler' driver.
INFO - 2024-11-24 15:13:42 --> Session: Class initialized using 'CodeIgniter\Session\Handlers\FileHandler' driver.
INFO - 2024-11-24 15:40:11 --> Session: Class initialized using 'CodeIgniter\Session\Handlers\FileHandler' driver.
CRITICAL - 2024-11-24 15:40:12 --> Undefined array key "gallery_file_download"
in APPPATH\Views\front_end\dailong_site\gallery_cate.php on line 67.
 1 APPPATH\Views\front_end\dailong_site\gallery_cate.php(67): CodeIgniter\Debug\Exceptions->errorHandler(2, 'Undefined array key "gallery_file_download"', 'APPPATH\\Views\\front_end\\dailong_site\\gallery_cate.php', 67)
 2 SYSTEMPATH\View\View.php(213): include('APPPATH\\Views\\front_end\\dailong_site\\gallery_cate.php')
 3 SYSTEMPATH\View\View.php(216): CodeIgniter\View\View->CodeIgniter\View\{closure}()
 4 SYSTEMPATH\Common.php(1177): CodeIgniter\View\View->render('front_end/dailong_site/gallery_cate', [], true)
 5 APPPATH\Controllers\DaiLongController.php(222): view('front_end/dailong_site/gallery_cate', [...])
 6 SYSTEMPATH\CodeIgniter.php(935): App\Controllers\DaiLongController->postCate('bo-suu-tap', '26')
 7 SYSTEMPATH\CodeIgniter.php(500): CodeIgniter\CodeIgniter->runController(Object(App\Controllers\DaiLongController))
 8 SYSTEMPATH\CodeIgniter.php(369): CodeIgniter\CodeIgniter->handleRequest(null, Object(Config\Cache), false)
 9 FCPATH\index.php(67): CodeIgniter\CodeIgniter->run()
INFO - 2024-11-24 15:53:48 --> Session: Class initialized using 'CodeIgniter\Session\Handlers\FileHandler' driver.
INFO - 2024-11-24 15:57:54 --> Session: Class initialized using 'CodeIgniter\Session\Handlers\FileHandler' driver.
INFO - 2024-11-24 15:58:15 --> Session: Class initialized using 'CodeIgniter\Session\Handlers\FileHandler' driver.
INFO - 2024-11-24 15:59:05 --> Session: Class initialized using 'CodeIgniter\Session\Handlers\FileHandler' driver.
INFO - 2024-11-24 15:59:38 --> Session: Class initialized using 'CodeIgniter\Session\Handlers\FileHandler' driver.
INFO - 2024-11-24 16:00:04 --> Session: Class initialized using 'CodeIgniter\Session\Handlers\FileHandler' driver.
INFO - 2024-11-24 16:01:01 --> Session: Class initialized using 'CodeIgniter\Session\Handlers\FileHandler' driver.
INFO - 2024-11-24 16:01:10 --> Session: Class initialized using 'CodeIgniter\Session\Handlers\FileHandler' driver.
INFO - 2024-11-24 16:01:28 --> Session: Class initialized using 'CodeIgniter\Session\Handlers\FileHandler' driver.
INFO - 2024-11-24 16:01:30 --> Session: Class initialized using 'CodeIgniter\Session\Handlers\FileHandler' driver.
INFO - 2024-11-24 16:02:27 --> Session: Class initialized using 'CodeIgniter\Session\Handlers\FileHandler' driver.
INFO - 2024-11-24 16:03:35 --> Session: Class initialized using 'CodeIgniter\Session\Handlers\FileHandler' driver.
INFO - 2024-11-24 16:03:37 --> Session: Class initialized using 'CodeIgniter\Session\Handlers\FileHandler' driver.
INFO - 2024-11-24 17:24:53 --> Session: Class initialized using 'CodeIgniter\Session\Handlers\FileHandler' driver.
INFO - 2024-11-24 17:24:59 --> Session: Class initialized using 'CodeIgniter\Session\Handlers\FileHandler' driver.
INFO - 2024-11-24 17:24:59 --> Session: Class initialized using 'CodeIgniter\Session\Handlers\FileHandler' driver.
INFO - 2024-11-24 17:25:03 --> Session: Class initialized using 'CodeIgniter\Session\Handlers\FileHandler' driver.
INFO - 2024-11-24 17:25:22 --> Session: Class initialized using 'CodeIgniter\Session\Handlers\FileHandler' driver.
INFO - 2024-11-24 17:25:49 --> Session: Class initialized using 'CodeIgniter\Session\Handlers\FileHandler' driver.
INFO - 2024-11-24 17:27:51 --> Session: Class initialized using 'CodeIgniter\Session\Handlers\FileHandler' driver.
INFO - 2024-11-24 17:29:03 --> Session: Class initialized using 'CodeIgniter\Session\Handlers\FileHandler' driver.
INFO - 2024-11-24 17:29:05 --> Session: Class initialized using 'CodeIgniter\Session\Handlers\FileHandler' driver.
CRITICAL - 2024-11-24 17:29:05 --> Undefined array key "cate_image"
in APPPATH\Views\admin\cate\edit_cate.php on line 129.
 1 APPPATH\Views\admin\cate\edit_cate.php(129): CodeIgniter\Debug\Exceptions->errorHandler(2, 'Undefined array key "cate_image"', 'APPPATH\\Views\\admin\\cate\\edit_cate.php', 129)
 2 SYSTEMPATH\View\View.php(213): include('APPPATH\\Views\\admin\\cate\\edit_cate.php')
 3 SYSTEMPATH\View\View.php(216): CodeIgniter\View\View->CodeIgniter\View\{closure}()
 4 SYSTEMPATH\Common.php(1177): CodeIgniter\View\View->render('admin/cate/edit_cate', [], true)
 5 APPPATH\Controllers\Admin\CateController.php(140): view('admin/cate/edit_cate', [...])
 6 SYSTEMPATH\CodeIgniter.php(935): App\Controllers\Admin\CateController->getEditCate('26')
 7 SYSTEMPATH\CodeIgniter.php(500): CodeIgniter\CodeIgniter->runController(Object(App\Controllers\Admin\CateController))
 8 SYSTEMPATH\CodeIgniter.php(369): CodeIgniter\CodeIgniter->handleRequest(null, Object(Config\Cache), false)
 9 FCPATH\index.php(67): CodeIgniter\CodeIgniter->run()
INFO - 2024-11-24 17:30:00 --> Session: Class initialized using 'CodeIgniter\Session\Handlers\FileHandler' driver.
INFO - 2024-11-24 17:30:05 --> Session: Class initialized using 'CodeIgniter\Session\Handlers\FileHandler' driver.
INFO - 2024-11-24 17:31:24 --> Session: Class initialized using 'CodeIgniter\Session\Handlers\FileHandler' driver.
INFO - 2024-11-24 17:31:50 --> Session: Class initialized using 'CodeIgniter\Session\Handlers\FileHandler' driver.
INFO - 2024-11-24 17:31:51 --> Session: Class initialized using 'CodeIgniter\Session\Handlers\FileHandler' driver.
INFO - 2024-11-24 17:31:54 --> Session: Class initialized using 'CodeIgniter\Session\Handlers\FileHandler' driver.
INFO - 2024-11-24 17:31:56 --> Session: Class initialized using 'CodeIgniter\Session\Handlers\FileHandler' driver.
INFO - 2024-11-24 17:33:42 --> Session: Class initialized using 'CodeIgniter\Session\Handlers\FileHandler' driver.
INFO - 2024-11-24 18:46:11 --> Session: Class initialized using 'CodeIgniter\Session\Handlers\FileHandler' driver.
INFO - 2024-11-24 18:46:14 --> Session: Class initialized using 'CodeIgniter\Session\Handlers\FileHandler' driver.
INFO - 2024-11-24 18:46:14 --> Session: Class initialized using 'CodeIgniter\Session\Handlers\FileHandler' driver.
INFO - 2024-11-24 18:46:17 --> Session: Class initialized using 'CodeIgniter\Session\Handlers\FileHandler' driver.
CRITICAL - 2024-11-24 18:46:18 --> Undefined variable $base_url
in APPPATH\Views\front_end\maymocnganhduc_site\navbar.php on line 12.
 1 APPPATH\Views\front_end\maymocnganhduc_site\navbar.php(12): CodeIgniter\Debug\Exceptions->errorHandler(2, 'Undefined variable $base_url', 'APPPATH\\Views\\front_end\\maymocnganhduc_site\\navbar.php', 12)
 2 SYSTEMPATH\View\View.php(213): include('APPPATH\\Views\\front_end\\maymocnganhduc_site\\navbar.php')
 3 SYSTEMPATH\View\View.php(216): CodeIgniter\View\View->CodeIgniter\View\{closure}()
 4 SYSTEMPATH\View\View.php(431): CodeIgniter\View\View->render('front_end/maymocnganhduc_site/navbar', null, true)
 5 APPPATH\Views\front_end\maymocnganhduc_site\layout_maymoc.php(110): CodeIgniter\View\View->include('front_end/maymocnganhduc_site/navbar')
 6 SYSTEMPATH\View\View.php(213): include('APPPATH\\Views\\front_end\\maymocnganhduc_site\\layout_maymoc.php')
 7 SYSTEMPATH\View\View.php(216): CodeIgniter\View\View->CodeIgniter\View\{closure}()
 8 SYSTEMPATH\View\View.php(229): CodeIgniter\View\View->render('front_end/maymocnganhduc_site/layout_maymoc', [], true)
 9 SYSTEMPATH\Common.php(1177): CodeIgniter\View\View->render('front_end/maymocnganhduc_site/home', [], true)
10 APPPATH\Controllers\MayMocController.php(98): view('front_end/maymocnganhduc_site/home', [...])
11 SYSTEMPATH\CodeIgniter.php(935): App\Controllers\MayMocController->index()
12 SYSTEMPATH\CodeIgniter.php(500): CodeIgniter\CodeIgniter->runController(Object(App\Controllers\MayMocController))
13 SYSTEMPATH\CodeIgniter.php(369): CodeIgniter\CodeIgniter->handleRequest(null, Object(Config\Cache), false)
14 FCPATH\index.php(67): CodeIgniter\CodeIgniter->run()
INFO - 2024-11-24 18:48:03 --> Session: Class initialized using 'CodeIgniter\Session\Handlers\FileHandler' driver.
INFO - 2024-11-24 18:48:05 --> Session: Class initialized using 'CodeIgniter\Session\Handlers\FileHandler' driver.
INFO - 2024-11-24 18:48:05 --> Session: Class initialized using 'CodeIgniter\Session\Handlers\FileHandler' driver.
CRITICAL - 2024-11-24 18:48:05 --> Invalid file: "front_end/canvas_site/404_error/404_class_gallery.php"
in SYSTEMPATH\Exceptions\FrameworkException.php on line 33.
 1 SYSTEMPATH\View\View.php(201): CodeIgniter\Exceptions\FrameworkException::forInvalidFile('front_end/canvas_site/404_error/404_class_gallery.php')
 2 SYSTEMPATH\Common.php(1177): CodeIgniter\View\View->render('front_end/canvas_site/404_error/404_class_gallery', [], true)
 3 APPPATH\Controllers\MayMocController.php(580): view('front_end/canvas_site/404_error/404_class_gallery')
 4 SYSTEMPATH\CodeIgniter.php(935): App\Controllers\MayMocController->class_gallery('cnvsswitcher.js')
 5 SYSTEMPATH\CodeIgniter.php(500): CodeIgniter\CodeIgniter->runController(Object(App\Controllers\MayMocController))
 6 SYSTEMPATH\CodeIgniter.php(369): CodeIgniter\CodeIgniter->handleRequest(null, Object(Config\Cache), false)
 7 FCPATH\index.php(67): CodeIgniter\CodeIgniter->run()
INFO - 2024-11-24 18:48:49 --> Session: Class initialized using 'CodeIgniter\Session\Handlers\FileHandler' driver.
INFO - 2024-11-24 18:48:50 --> Session: Class initialized using 'CodeIgniter\Session\Handlers\FileHandler' driver.
INFO - 2024-11-24 18:48:51 --> Session: Class initialized using 'CodeIgniter\Session\Handlers\FileHandler' driver.
CRITICAL - 2024-11-24 18:48:51 --> Invalid file: "front_end/canvas_site/404_error/404_class_gallery.php"
in SYSTEMPATH\Exceptions\FrameworkException.php on line 33.
 1 SYSTEMPATH\View\View.php(201): CodeIgniter\Exceptions\FrameworkException::forInvalidFile('front_end/canvas_site/404_error/404_class_gallery.php')
 2 SYSTEMPATH\Common.php(1177): CodeIgniter\View\View->render('front_end/canvas_site/404_error/404_class_gallery', [], true)
 3 APPPATH\Controllers\MayMocController.php(580): view('front_end/canvas_site/404_error/404_class_gallery')
 4 SYSTEMPATH\CodeIgniter.php(935): App\Controllers\MayMocController->class_gallery('cnvsswitcher.js')
 5 SYSTEMPATH\CodeIgniter.php(500): CodeIgniter\CodeIgniter->runController(Object(App\Controllers\MayMocController))
 6 SYSTEMPATH\CodeIgniter.php(369): CodeIgniter\CodeIgniter->handleRequest(null, Object(Config\Cache), false)
 7 FCPATH\index.php(67): CodeIgniter\CodeIgniter->run()
INFO - 2024-11-24 19:04:13 --> Session: Class initialized using 'CodeIgniter\Session\Handlers\FileHandler' driver.
INFO - 2024-11-24 19:04:14 --> Session: Class initialized using 'CodeIgniter\Session\Handlers\FileHandler' driver.
INFO - 2024-11-24 19:04:15 --> Session: Class initialized using 'CodeIgniter\Session\Handlers\FileHandler' driver.
CRITICAL - 2024-11-24 19:04:15 --> Invalid file: "front_end/canvas_site/404_error/404_class_gallery.php"
in SYSTEMPATH\Exceptions\FrameworkException.php on line 33.
 1 SYSTEMPATH\View\View.php(201): CodeIgniter\Exceptions\FrameworkException::forInvalidFile('front_end/canvas_site/404_error/404_class_gallery.php')
 2 SYSTEMPATH\Common.php(1177): CodeIgniter\View\View->render('front_end/canvas_site/404_error/404_class_gallery', [], true)
 3 APPPATH\Controllers\MayMocController.php(580): view('front_end/canvas_site/404_error/404_class_gallery')
 4 SYSTEMPATH\CodeIgniter.php(935): App\Controllers\MayMocController->class_gallery('cnvsswitcher.js')
 5 SYSTEMPATH\CodeIgniter.php(500): CodeIgniter\CodeIgniter->runController(Object(App\Controllers\MayMocController))
 6 SYSTEMPATH\CodeIgniter.php(369): CodeIgniter\CodeIgniter->handleRequest(null, Object(Config\Cache), false)
 7 FCPATH\index.php(67): CodeIgniter\CodeIgniter->run()
INFO - 2024-11-24 19:05:04 --> Session: Class initialized using 'CodeIgniter\Session\Handlers\FileHandler' driver.
INFO - 2024-11-24 19:05:06 --> Session: Class initialized using 'CodeIgniter\Session\Handlers\FileHandler' driver.
INFO - 2024-11-24 19:05:06 --> Session: Class initialized using 'CodeIgniter\Session\Handlers\FileHandler' driver.
CRITICAL - 2024-11-24 19:05:06 --> Invalid file: "front_end/canvas_site/404_error/404_class_gallery.php"
in SYSTEMPATH\Exceptions\FrameworkException.php on line 33.
 1 SYSTEMPATH\View\View.php(201): CodeIgniter\Exceptions\FrameworkException::forInvalidFile('front_end/canvas_site/404_error/404_class_gallery.php')
 2 SYSTEMPATH\Common.php(1177): CodeIgniter\View\View->render('front_end/canvas_site/404_error/404_class_gallery', [], true)
 3 APPPATH\Controllers\MayMocController.php(580): view('front_end/canvas_site/404_error/404_class_gallery')
 4 SYSTEMPATH\CodeIgniter.php(935): App\Controllers\MayMocController->class_gallery('cnvsswitcher.js')
 5 SYSTEMPATH\CodeIgniter.php(500): CodeIgniter\CodeIgniter->runController(Object(App\Controllers\MayMocController))
 6 SYSTEMPATH\CodeIgniter.php(369): CodeIgniter\CodeIgniter->handleRequest(null, Object(Config\Cache), false)
 7 FCPATH\index.php(67): CodeIgniter\CodeIgniter->run()
INFO - 2024-11-24 19:11:36 --> Session: Class initialized using 'CodeIgniter\Session\Handlers\FileHandler' driver.
INFO - 2024-11-24 19:11:40 --> Session: Class initialized using 'CodeIgniter\Session\Handlers\FileHandler' driver.
INFO - 2024-11-24 19:11:43 --> Session: Class initialized using 'CodeIgniter\Session\Handlers\FileHandler' driver.
INFO - 2024-11-24 19:11:44 --> Session: Class initialized using 'CodeIgniter\Session\Handlers\FileHandler' driver.
CRITICAL - 2024-11-24 19:11:44 --> Invalid file: "front_end/canvas_site/404_error/404_class_gallery.php"
in SYSTEMPATH\Exceptions\FrameworkException.php on line 33.
 1 SYSTEMPATH\View\View.php(201): CodeIgniter\Exceptions\FrameworkException::forInvalidFile('front_end/canvas_site/404_error/404_class_gallery.php')
 2 SYSTEMPATH\Common.php(1177): CodeIgniter\View\View->render('front_end/canvas_site/404_error/404_class_gallery', [], true)
 3 APPPATH\Controllers\MayMocController.php(580): view('front_end/canvas_site/404_error/404_class_gallery')
 4 SYSTEMPATH\CodeIgniter.php(935): App\Controllers\MayMocController->class_gallery('cnvsswitcher.js')
 5 SYSTEMPATH\CodeIgniter.php(500): CodeIgniter\CodeIgniter->runController(Object(App\Controllers\MayMocController))
 6 SYSTEMPATH\CodeIgniter.php(369): CodeIgniter\CodeIgniter->handleRequest(null, Object(Config\Cache), false)
 7 FCPATH\index.php(67): CodeIgniter\CodeIgniter->run()
INFO - 2024-11-24 19:11:46 --> Session: Class initialized using 'CodeIgniter\Session\Handlers\FileHandler' driver.
INFO - 2024-11-24 19:11:48 --> Session: Class initialized using 'CodeIgniter\Session\Handlers\FileHandler' driver.
INFO - 2024-11-24 19:11:49 --> Session: Class initialized using 'CodeIgniter\Session\Handlers\FileHandler' driver.
CRITICAL - 2024-11-24 19:11:49 --> Invalid file: "front_end/canvas_site/404_error/404_class_gallery.php"
in SYSTEMPATH\Exceptions\FrameworkException.php on line 33.
 1 SYSTEMPATH\View\View.php(201): CodeIgniter\Exceptions\FrameworkException::forInvalidFile('front_end/canvas_site/404_error/404_class_gallery.php')
 2 SYSTEMPATH\Common.php(1177): CodeIgniter\View\View->render('front_end/canvas_site/404_error/404_class_gallery', [], true)
 3 APPPATH\Controllers\MayMocController.php(580): view('front_end/canvas_site/404_error/404_class_gallery')
 4 SYSTEMPATH\CodeIgniter.php(935): App\Controllers\MayMocController->class_gallery('cnvsswitcher.js')
 5 SYSTEMPATH\CodeIgniter.php(500): CodeIgniter\CodeIgniter->runController(Object(App\Controllers\MayMocController))
 6 SYSTEMPATH\CodeIgniter.php(369): CodeIgniter\CodeIgniter->handleRequest(null, Object(Config\Cache), false)
 7 FCPATH\index.php(67): CodeIgniter\CodeIgniter->run()
INFO - 2024-11-24 19:12:00 --> Session: Class initialized using 'CodeIgniter\Session\Handlers\FileHandler' driver.
INFO - 2024-11-24 19:12:02 --> Session: Class initialized using 'CodeIgniter\Session\Handlers\FileHandler' driver.
INFO - 2024-11-24 19:12:03 --> Session: Class initialized using 'CodeIgniter\Session\Handlers\FileHandler' driver.
CRITICAL - 2024-11-24 19:12:03 --> Invalid file: "front_end/canvas_site/404_error/404_class_gallery.php"
in SYSTEMPATH\Exceptions\FrameworkException.php on line 33.
 1 SYSTEMPATH\View\View.php(201): CodeIgniter\Exceptions\FrameworkException::forInvalidFile('front_end/canvas_site/404_error/404_class_gallery.php')
 2 SYSTEMPATH\Common.php(1177): CodeIgniter\View\View->render('front_end/canvas_site/404_error/404_class_gallery', [], true)
 3 APPPATH\Controllers\MayMocController.php(580): view('front_end/canvas_site/404_error/404_class_gallery')
 4 SYSTEMPATH\CodeIgniter.php(935): App\Controllers\MayMocController->class_gallery('cnvsswitcher.js')
 5 SYSTEMPATH\CodeIgniter.php(500): CodeIgniter\CodeIgniter->runController(Object(App\Controllers\MayMocController))
 6 SYSTEMPATH\CodeIgniter.php(369): CodeIgniter\CodeIgniter->handleRequest(null, Object(Config\Cache), false)
 7 FCPATH\index.php(67): CodeIgniter\CodeIgniter->run()
INFO - 2024-11-24 19:18:21 --> Session: Class initialized using 'CodeIgniter\Session\Handlers\FileHandler' driver.
INFO - 2024-11-24 19:18:24 --> Session: Class initialized using 'CodeIgniter\Session\Handlers\FileHandler' driver.
INFO - 2024-11-24 19:18:24 --> Session: Class initialized using 'CodeIgniter\Session\Handlers\FileHandler' driver.
CRITICAL - 2024-11-24 19:18:24 --> Invalid file: "front_end/canvas_site/404_error/404_class_gallery.php"
in SYSTEMPATH\Exceptions\FrameworkException.php on line 33.
 1 SYSTEMPATH\View\View.php(201): CodeIgniter\Exceptions\FrameworkException::forInvalidFile('front_end/canvas_site/404_error/404_class_gallery.php')
 2 SYSTEMPATH\Common.php(1177): CodeIgniter\View\View->render('front_end/canvas_site/404_error/404_class_gallery', [], true)
 3 APPPATH\Controllers\MayMocController.php(580): view('front_end/canvas_site/404_error/404_class_gallery')
 4 SYSTEMPATH\CodeIgniter.php(935): App\Controllers\MayMocController->class_gallery('cnvsswitcher.js')
 5 SYSTEMPATH\CodeIgniter.php(500): CodeIgniter\CodeIgniter->runController(Object(App\Controllers\MayMocController))
 6 SYSTEMPATH\CodeIgniter.php(369): CodeIgniter\CodeIgniter->handleRequest(null, Object(Config\Cache), false)
 7 FCPATH\index.php(67): CodeIgniter\CodeIgniter->run()
INFO - 2024-11-24 19:18:38 --> Session: Class initialized using 'CodeIgniter\Session\Handlers\FileHandler' driver.
INFO - 2024-11-24 19:20:56 --> Session: Class initialized using 'CodeIgniter\Session\Handlers\FileHandler' driver.
INFO - 2024-11-24 19:22:54 --> Session: Class initialized using 'CodeIgniter\Session\Handlers\FileHandler' driver.
INFO - 2024-11-24 19:22:56 --> Session: Class initialized using 'CodeIgniter\Session\Handlers\FileHandler' driver.
INFO - 2024-11-24 19:22:56 --> Session: Class initialized using 'CodeIgniter\Session\Handlers\FileHandler' driver.
CRITICAL - 2024-11-24 19:22:56 --> Invalid file: "front_end/canvas_site/404_error/404_class_gallery.php"
in SYSTEMPATH\Exceptions\FrameworkException.php on line 33.
 1 SYSTEMPATH\View\View.php(201): CodeIgniter\Exceptions\FrameworkException::forInvalidFile('front_end/canvas_site/404_error/404_class_gallery.php')
 2 SYSTEMPATH\Common.php(1177): CodeIgniter\View\View->render('front_end/canvas_site/404_error/404_class_gallery', [], true)
 3 APPPATH\Controllers\MayMocController.php(580): view('front_end/canvas_site/404_error/404_class_gallery')
 4 SYSTEMPATH\CodeIgniter.php(935): App\Controllers\MayMocController->class_gallery('cnvsswitcher.js')
 5 SYSTEMPATH\CodeIgniter.php(500): CodeIgniter\CodeIgniter->runController(Object(App\Controllers\MayMocController))
 6 SYSTEMPATH\CodeIgniter.php(369): CodeIgniter\CodeIgniter->handleRequest(null, Object(Config\Cache), false)
 7 FCPATH\index.php(67): CodeIgniter\CodeIgniter->run()
INFO - 2024-11-24 19:22:58 --> Session: Class initialized using 'CodeIgniter\Session\Handlers\FileHandler' driver.
INFO - 2024-11-24 19:22:59 --> Session: Class initialized using 'CodeIgniter\Session\Handlers\FileHandler' driver.
INFO - 2024-11-24 19:22:59 --> Session: Class initialized using 'CodeIgniter\Session\Handlers\FileHandler' driver.
CRITICAL - 2024-11-24 19:22:59 --> Invalid file: "front_end/canvas_site/404_error/404_class_gallery.php"
in SYSTEMPATH\Exceptions\FrameworkException.php on line 33.
 1 SYSTEMPATH\View\View.php(201): CodeIgniter\Exceptions\FrameworkException::forInvalidFile('front_end/canvas_site/404_error/404_class_gallery.php')
 2 SYSTEMPATH\Common.php(1177): CodeIgniter\View\View->render('front_end/canvas_site/404_error/404_class_gallery', [], true)
 3 APPPATH\Controllers\MayMocController.php(580): view('front_end/canvas_site/404_error/404_class_gallery')
 4 SYSTEMPATH\CodeIgniter.php(935): App\Controllers\MayMocController->class_gallery('cnvsswitcher.js')
 5 SYSTEMPATH\CodeIgniter.php(500): CodeIgniter\CodeIgniter->runController(Object(App\Controllers\MayMocController))
 6 SYSTEMPATH\CodeIgniter.php(369): CodeIgniter\CodeIgniter->handleRequest(null, Object(Config\Cache), false)
 7 FCPATH\index.php(67): CodeIgniter\CodeIgniter->run()
INFO - 2024-11-24 19:24:53 --> Session: Class initialized using 'CodeIgniter\Session\Handlers\FileHandler' driver.
INFO - 2024-11-24 19:24:54 --> Session: Class initialized using 'CodeIgniter\Session\Handlers\FileHandler' driver.
INFO - 2024-11-24 19:24:54 --> Session: Class initialized using 'CodeIgniter\Session\Handlers\FileHandler' driver.
INFO - 2024-11-24 19:24:55 --> Session: Class initialized using 'CodeIgniter\Session\Handlers\FileHandler' driver.
CRITICAL - 2024-11-24 19:24:55 --> Invalid file: "front_end/canvas_site/404_error/404_class_gallery.php"
in SYSTEMPATH\Exceptions\FrameworkException.php on line 33.
 1 SYSTEMPATH\View\View.php(201): CodeIgniter\Exceptions\FrameworkException::forInvalidFile('front_end/canvas_site/404_error/404_class_gallery.php')
 2 SYSTEMPATH\Common.php(1177): CodeIgniter\View\View->render('front_end/canvas_site/404_error/404_class_gallery', [], true)
 3 APPPATH\Controllers\MayMocController.php(580): view('front_end/canvas_site/404_error/404_class_gallery')
 4 SYSTEMPATH\CodeIgniter.php(935): App\Controllers\MayMocController->class_gallery('cnvsswitcher.js')
 5 SYSTEMPATH\CodeIgniter.php(500): CodeIgniter\CodeIgniter->runController(Object(App\Controllers\MayMocController))
 6 SYSTEMPATH\CodeIgniter.php(369): CodeIgniter\CodeIgniter->handleRequest(null, Object(Config\Cache), false)
 7 FCPATH\index.php(67): CodeIgniter\CodeIgniter->run()
INFO - 2024-11-24 19:25:23 --> Session: Class initialized using 'CodeIgniter\Session\Handlers\FileHandler' driver.
INFO - 2024-11-24 19:25:29 --> Session: Class initialized using 'CodeIgniter\Session\Handlers\FileHandler' driver.
INFO - 2024-11-24 19:25:31 --> Session: Class initialized using 'CodeIgniter\Session\Handlers\FileHandler' driver.
INFO - 2024-11-24 19:25:31 --> Session: Class initialized using 'CodeIgniter\Session\Handlers\FileHandler' driver.
CRITICAL - 2024-11-24 19:25:31 --> Invalid file: "front_end/canvas_site/404_error/404_class_gallery.php"
in SYSTEMPATH\Exceptions\FrameworkException.php on line 33.
 1 SYSTEMPATH\View\View.php(201): CodeIgniter\Exceptions\FrameworkException::forInvalidFile('front_end/canvas_site/404_error/404_class_gallery.php')
 2 SYSTEMPATH\Common.php(1177): CodeIgniter\View\View->render('front_end/canvas_site/404_error/404_class_gallery', [], true)
 3 APPPATH\Controllers\MayMocController.php(580): view('front_end/canvas_site/404_error/404_class_gallery')
 4 SYSTEMPATH\CodeIgniter.php(935): App\Controllers\MayMocController->class_gallery('cnvsswitcher.js')
 5 SYSTEMPATH\CodeIgniter.php(500): CodeIgniter\CodeIgniter->runController(Object(App\Controllers\MayMocController))
 6 SYSTEMPATH\CodeIgniter.php(369): CodeIgniter\CodeIgniter->handleRequest(null, Object(Config\Cache), false)
 7 FCPATH\index.php(67): CodeIgniter\CodeIgniter->run()
INFO - 2024-11-24 19:26:34 --> Session: Class initialized using 'CodeIgniter\Session\Handlers\FileHandler' driver.
INFO - 2024-11-24 19:27:36 --> Session: Class initialized using 'CodeIgniter\Session\Handlers\FileHandler' driver.
INFO - 2024-11-24 19:27:55 --> Session: Class initialized using 'CodeIgniter\Session\Handlers\FileHandler' driver.
INFO - 2024-11-24 19:27:57 --> Session: Class initialized using 'CodeIgniter\Session\Handlers\FileHandler' driver.
INFO - 2024-11-24 19:27:57 --> Session: Class initialized using 'CodeIgniter\Session\Handlers\FileHandler' driver.
CRITICAL - 2024-11-24 19:27:57 --> Invalid file: "front_end/canvas_site/404_error/404_class_gallery.php"
in SYSTEMPATH\Exceptions\FrameworkException.php on line 33.
 1 SYSTEMPATH\View\View.php(201): CodeIgniter\Exceptions\FrameworkException::forInvalidFile('front_end/canvas_site/404_error/404_class_gallery.php')
 2 SYSTEMPATH\Common.php(1177): CodeIgniter\View\View->render('front_end/canvas_site/404_error/404_class_gallery', [], true)
 3 APPPATH\Controllers\MayMocController.php(580): view('front_end/canvas_site/404_error/404_class_gallery')
 4 SYSTEMPATH\CodeIgniter.php(935): App\Controllers\MayMocController->class_gallery('cnvsswitcher.js')
 5 SYSTEMPATH\CodeIgniter.php(500): CodeIgniter\CodeIgniter->runController(Object(App\Controllers\MayMocController))
 6 SYSTEMPATH\CodeIgniter.php(369): CodeIgniter\CodeIgniter->handleRequest(null, Object(Config\Cache), false)
 7 FCPATH\index.php(67): CodeIgniter\CodeIgniter->run()
INFO - 2024-11-24 19:29:17 --> Session: Class initialized using 'CodeIgniter\Session\Handlers\FileHandler' driver.
INFO - 2024-11-24 19:29:18 --> Session: Class initialized using 'CodeIgniter\Session\Handlers\FileHandler' driver.
INFO - 2024-11-24 19:29:19 --> Session: Class initialized using 'CodeIgniter\Session\Handlers\FileHandler' driver.
CRITICAL - 2024-11-24 19:29:19 --> Invalid file: "front_end/canvas_site/404_error/404_class_gallery.php"
in SYSTEMPATH\Exceptions\FrameworkException.php on line 33.
 1 SYSTEMPATH\View\View.php(201): CodeIgniter\Exceptions\FrameworkException::forInvalidFile('front_end/canvas_site/404_error/404_class_gallery.php')
 2 SYSTEMPATH\Common.php(1177): CodeIgniter\View\View->render('front_end/canvas_site/404_error/404_class_gallery', [], true)
 3 APPPATH\Controllers\MayMocController.php(580): view('front_end/canvas_site/404_error/404_class_gallery')
 4 SYSTEMPATH\CodeIgniter.php(935): App\Controllers\MayMocController->class_gallery('cnvsswitcher.js')
 5 SYSTEMPATH\CodeIgniter.php(500): CodeIgniter\CodeIgniter->runController(Object(App\Controllers\MayMocController))
 6 SYSTEMPATH\CodeIgniter.php(369): CodeIgniter\CodeIgniter->handleRequest(null, Object(Config\Cache), false)
 7 FCPATH\index.php(67): CodeIgniter\CodeIgniter->run()
INFO - 2024-11-24 19:32:48 --> Session: Class initialized using 'CodeIgniter\Session\Handlers\FileHandler' driver.
INFO - 2024-11-24 19:32:49 --> Session: Class initialized using 'CodeIgniter\Session\Handlers\FileHandler' driver.
INFO - 2024-11-24 19:32:50 --> Session: Class initialized using 'CodeIgniter\Session\Handlers\FileHandler' driver.
CRITICAL - 2024-11-24 19:32:50 --> Invalid file: "front_end/canvas_site/404_error/404_class_gallery.php"
in SYSTEMPATH\Exceptions\FrameworkException.php on line 33.
 1 SYSTEMPATH\View\View.php(201): CodeIgniter\Exceptions\FrameworkException::forInvalidFile('front_end/canvas_site/404_error/404_class_gallery.php')
 2 SYSTEMPATH\Common.php(1177): CodeIgniter\View\View->render('front_end/canvas_site/404_error/404_class_gallery', [], true)
 3 APPPATH\Controllers\MayMocController.php(580): view('front_end/canvas_site/404_error/404_class_gallery')
 4 SYSTEMPATH\CodeIgniter.php(935): App\Controllers\MayMocController->class_gallery('cnvsswitcher.js')
 5 SYSTEMPATH\CodeIgniter.php(500): CodeIgniter\CodeIgniter->runController(Object(App\Controllers\MayMocController))
 6 SYSTEMPATH\CodeIgniter.php(369): CodeIgniter\CodeIgniter->handleRequest(null, Object(Config\Cache), false)
 7 FCPATH\index.php(67): CodeIgniter\CodeIgniter->run()
INFO - 2024-11-24 19:33:00 --> Session: Class initialized using 'CodeIgniter\Session\Handlers\FileHandler' driver.
INFO - 2024-11-24 19:33:02 --> Session: Class initialized using 'CodeIgniter\Session\Handlers\FileHandler' driver.
INFO - 2024-11-24 19:33:02 --> Session: Class initialized using 'CodeIgniter\Session\Handlers\FileHandler' driver.
CRITICAL - 2024-11-24 19:33:02 --> Invalid file: "front_end/canvas_site/404_error/404_class_gallery.php"
in SYSTEMPATH\Exceptions\FrameworkException.php on line 33.
 1 SYSTEMPATH\View\View.php(201): CodeIgniter\Exceptions\FrameworkException::forInvalidFile('front_end/canvas_site/404_error/404_class_gallery.php')
 2 SYSTEMPATH\Common.php(1177): CodeIgniter\View\View->render('front_end/canvas_site/404_error/404_class_gallery', [], true)
 3 APPPATH\Controllers\MayMocController.php(580): view('front_end/canvas_site/404_error/404_class_gallery')
 4 SYSTEMPATH\CodeIgniter.php(935): App\Controllers\MayMocController->class_gallery('cnvsswitcher.js')
 5 SYSTEMPATH\CodeIgniter.php(500): CodeIgniter\CodeIgniter->runController(Object(App\Controllers\MayMocController))
 6 SYSTEMPATH\CodeIgniter.php(369): CodeIgniter\CodeIgniter->handleRequest(null, Object(Config\Cache), false)
 7 FCPATH\index.php(67): CodeIgniter\CodeIgniter->run()
INFO - 2024-11-24 19:34:23 --> Session: Class initialized using 'CodeIgniter\Session\Handlers\FileHandler' driver.
INFO - 2024-11-24 19:34:24 --> Session: Class initialized using 'CodeIgniter\Session\Handlers\FileHandler' driver.
INFO - 2024-11-24 19:34:24 --> Session: Class initialized using 'CodeIgniter\Session\Handlers\FileHandler' driver.
INFO - 2024-11-24 19:34:24 --> Session: Class initialized using 'CodeIgniter\Session\Handlers\FileHandler' driver.
INFO - 2024-11-24 19:34:25 --> Session: Class initialized using 'CodeIgniter\Session\Handlers\FileHandler' driver.
CRITICAL - 2024-11-24 19:34:25 --> Invalid file: "front_end/canvas_site/404_error/404_class_gallery.php"
in SYSTEMPATH\Exceptions\FrameworkException.php on line 33.
 1 SYSTEMPATH\View\View.php(201): CodeIgniter\Exceptions\FrameworkException::forInvalidFile('front_end/canvas_site/404_error/404_class_gallery.php')
 2 SYSTEMPATH\Common.php(1177): CodeIgniter\View\View->render('front_end/canvas_site/404_error/404_class_gallery', [], true)
 3 APPPATH\Controllers\MayMocController.php(580): view('front_end/canvas_site/404_error/404_class_gallery')
 4 SYSTEMPATH\CodeIgniter.php(935): App\Controllers\MayMocController->class_gallery('carousel2.jpg')
 5 SYSTEMPATH\CodeIgniter.php(500): CodeIgniter\CodeIgniter->runController(Object(App\Controllers\MayMocController))
 6 SYSTEMPATH\CodeIgniter.php(369): CodeIgniter\CodeIgniter->handleRequest(null, Object(Config\Cache), false)
 7 FCPATH\index.php(67): CodeIgniter\CodeIgniter->run()
INFO - 2024-11-24 19:34:25 --> Session: Class initialized using 'CodeIgniter\Session\Handlers\FileHandler' driver.
CRITICAL - 2024-11-24 19:34:25 --> Invalid file: "front_end/canvas_site/404_error/404_class_gallery.php"
in SYSTEMPATH\Exceptions\FrameworkException.php on line 33.
 1 SYSTEMPATH\View\View.php(201): CodeIgniter\Exceptions\FrameworkException::forInvalidFile('front_end/canvas_site/404_error/404_class_gallery.php')
 2 SYSTEMPATH\Common.php(1177): CodeIgniter\View\View->render('front_end/canvas_site/404_error/404_class_gallery', [], true)
 3 APPPATH\Controllers\MayMocController.php(580): view('front_end/canvas_site/404_error/404_class_gallery')
 4 SYSTEMPATH\CodeIgniter.php(935): App\Controllers\MayMocController->class_gallery('carousel1.jpg')
 5 SYSTEMPATH\CodeIgniter.php(500): CodeIgniter\CodeIgniter->runController(Object(App\Controllers\MayMocController))
 6 SYSTEMPATH\CodeIgniter.php(369): CodeIgniter\CodeIgniter->handleRequest(null, Object(Config\Cache), false)
 7 FCPATH\index.php(67): CodeIgniter\CodeIgniter->run()
INFO - 2024-11-24 19:34:25 --> Session: Class initialized using 'CodeIgniter\Session\Handlers\FileHandler' driver.
INFO - 2024-11-24 19:34:25 --> Session: Class initialized using 'CodeIgniter\Session\Handlers\FileHandler' driver.
CRITICAL - 2024-11-24 19:34:25 --> Invalid file: "front_end/canvas_site/404_error/404_class_gallery.php"
in SYSTEMPATH\Exceptions\FrameworkException.php on line 33.
 1 SYSTEMPATH\View\View.php(201): CodeIgniter\Exceptions\FrameworkException::forInvalidFile('front_end/canvas_site/404_error/404_class_gallery.php')
 2 SYSTEMPATH\Common.php(1177): CodeIgniter\View\View->render('front_end/canvas_site/404_error/404_class_gallery', [], true)
 3 APPPATH\Controllers\MayMocController.php(580): view('front_end/canvas_site/404_error/404_class_gallery')
 4 SYSTEMPATH\CodeIgniter.php(935): App\Controllers\MayMocController->class_gallery('carousel3.jpg')
 5 SYSTEMPATH\CodeIgniter.php(500): CodeIgniter\CodeIgniter->runController(Object(App\Controllers\MayMocController))
 6 SYSTEMPATH\CodeIgniter.php(369): CodeIgniter\CodeIgniter->handleRequest(null, Object(Config\Cache), false)
 7 FCPATH\index.php(67): CodeIgniter\CodeIgniter->run()
INFO - 2024-11-24 19:34:25 --> Session: Class initialized using 'CodeIgniter\Session\Handlers\FileHandler' driver.
CRITICAL - 2024-11-24 19:34:25 --> Invalid file: "front_end/canvas_site/404_error/404_class_gallery.php"
in SYSTEMPATH\Exceptions\FrameworkException.php on line 33.
 1 SYSTEMPATH\View\View.php(201): CodeIgniter\Exceptions\FrameworkException::forInvalidFile('front_end/canvas_site/404_error/404_class_gallery.php')
 2 SYSTEMPATH\Common.php(1177): CodeIgniter\View\View->render('front_end/canvas_site/404_error/404_class_gallery', [], true)
 3 APPPATH\Controllers\MayMocController.php(580): view('front_end/canvas_site/404_error/404_class_gallery')
 4 SYSTEMPATH\CodeIgniter.php(935): App\Controllers\MayMocController->class_gallery('cnvsswitcher.js')
 5 SYSTEMPATH\CodeIgniter.php(500): CodeIgniter\CodeIgniter->runController(Object(App\Controllers\MayMocController))
 6 SYSTEMPATH\CodeIgniter.php(369): CodeIgniter\CodeIgniter->handleRequest(null, Object(Config\Cache), false)
 7 FCPATH\index.php(67): CodeIgniter\CodeIgniter->run()
INFO - 2024-11-24 19:35:27 --> Session: Class initialized using 'CodeIgniter\Session\Handlers\FileHandler' driver.
INFO - 2024-11-24 19:35:28 --> Session: Class initialized using 'CodeIgniter\Session\Handlers\FileHandler' driver.
INFO - 2024-11-24 19:35:29 --> Session: Class initialized using 'CodeIgniter\Session\Handlers\FileHandler' driver.
INFO - 2024-11-24 19:35:29 --> Session: Class initialized using 'CodeIgniter\Session\Handlers\FileHandler' driver.
INFO - 2024-11-24 19:35:30 --> Session: Class initialized using 'CodeIgniter\Session\Handlers\FileHandler' driver.
INFO - 2024-11-24 19:35:30 --> Session: Class initialized using 'CodeIgniter\Session\Handlers\FileHandler' driver.
CRITICAL - 2024-11-24 19:35:31 --> Invalid file: "front_end/canvas_site/404_error/404_class_gallery.php"
in SYSTEMPATH\Exceptions\FrameworkException.php on line 33.
 1 SYSTEMPATH\View\View.php(201): CodeIgniter\Exceptions\FrameworkException::forInvalidFile('front_end/canvas_site/404_error/404_class_gallery.php')
 2 SYSTEMPATH\Common.php(1177): CodeIgniter\View\View->render('front_end/canvas_site/404_error/404_class_gallery', [], true)
 3 APPPATH\Controllers\MayMocController.php(580): view('front_end/canvas_site/404_error/404_class_gallery')
 4 SYSTEMPATH\CodeIgniter.php(935): App\Controllers\MayMocController->class_gallery('carousel2.jpg')
 5 SYSTEMPATH\CodeIgniter.php(500): CodeIgniter\CodeIgniter->runController(Object(App\Controllers\MayMocController))
 6 SYSTEMPATH\CodeIgniter.php(369): CodeIgniter\CodeIgniter->handleRequest(null, Object(Config\Cache), false)
 7 FCPATH\index.php(67): CodeIgniter\CodeIgniter->run()
INFO - 2024-11-24 19:35:31 --> Session: Class initialized using 'CodeIgniter\Session\Handlers\FileHandler' driver.
CRITICAL - 2024-11-24 19:35:31 --> Invalid file: "front_end/canvas_site/404_error/404_class_gallery.php"
in SYSTEMPATH\Exceptions\FrameworkException.php on line 33.
 1 SYSTEMPATH\View\View.php(201): CodeIgniter\Exceptions\FrameworkException::forInvalidFile('front_end/canvas_site/404_error/404_class_gallery.php')
 2 SYSTEMPATH\Common.php(1177): CodeIgniter\View\View->render('front_end/canvas_site/404_error/404_class_gallery', [], true)
 3 APPPATH\Controllers\MayMocController.php(580): view('front_end/canvas_site/404_error/404_class_gallery')
 4 SYSTEMPATH\CodeIgniter.php(935): App\Controllers\MayMocController->class_gallery('carousel1.jpg')
 5 SYSTEMPATH\CodeIgniter.php(500): CodeIgniter\CodeIgniter->runController(Object(App\Controllers\MayMocController))
 6 SYSTEMPATH\CodeIgniter.php(369): CodeIgniter\CodeIgniter->handleRequest(null, Object(Config\Cache), false)
 7 FCPATH\index.php(67): CodeIgniter\CodeIgniter->run()
INFO - 2024-11-24 19:35:31 --> Session: Class initialized using 'CodeIgniter\Session\Handlers\FileHandler' driver.
CRITICAL - 2024-11-24 19:35:31 --> Invalid file: "front_end/canvas_site/404_error/404_class_gallery.php"
in SYSTEMPATH\Exceptions\FrameworkException.php on line 33.
 1 SYSTEMPATH\View\View.php(201): CodeIgniter\Exceptions\FrameworkException::forInvalidFile('front_end/canvas_site/404_error/404_class_gallery.php')
 2 SYSTEMPATH\Common.php(1177): CodeIgniter\View\View->render('front_end/canvas_site/404_error/404_class_gallery', [], true)
 3 APPPATH\Controllers\MayMocController.php(580): view('front_end/canvas_site/404_error/404_class_gallery')
 4 SYSTEMPATH\CodeIgniter.php(935): App\Controllers\MayMocController->class_gallery('carousel3.jpg')
 5 SYSTEMPATH\CodeIgniter.php(500): CodeIgniter\CodeIgniter->runController(Object(App\Controllers\MayMocController))
 6 SYSTEMPATH\CodeIgniter.php(369): CodeIgniter\CodeIgniter->handleRequest(null, Object(Config\Cache), false)
 7 FCPATH\index.php(67): CodeIgniter\CodeIgniter->run()
INFO - 2024-11-24 19:35:31 --> Session: Class initialized using 'CodeIgniter\Session\Handlers\FileHandler' driver.
CRITICAL - 2024-11-24 19:35:31 --> Invalid file: "front_end/canvas_site/404_error/404_class_gallery.php"
in SYSTEMPATH\Exceptions\FrameworkException.php on line 33.
 1 SYSTEMPATH\View\View.php(201): CodeIgniter\Exceptions\FrameworkException::forInvalidFile('front_end/canvas_site/404_error/404_class_gallery.php')
 2 SYSTEMPATH\Common.php(1177): CodeIgniter\View\View->render('front_end/canvas_site/404_error/404_class_gallery', [], true)
 3 APPPATH\Controllers\MayMocController.php(580): view('front_end/canvas_site/404_error/404_class_gallery')
 4 SYSTEMPATH\CodeIgniter.php(935): App\Controllers\MayMocController->class_gallery('cnvsswitcher.js')
 5 SYSTEMPATH\CodeIgniter.php(500): CodeIgniter\CodeIgniter->runController(Object(App\Controllers\MayMocController))
 6 SYSTEMPATH\CodeIgniter.php(369): CodeIgniter\CodeIgniter->handleRequest(null, Object(Config\Cache), false)
 7 FCPATH\index.php(67): CodeIgniter\CodeIgniter->run()
INFO - 2024-11-24 19:35:45 --> Session: Class initialized using 'CodeIgniter\Session\Handlers\FileHandler' driver.
INFO - 2024-11-24 19:35:46 --> Session: Class initialized using 'CodeIgniter\Session\Handlers\FileHandler' driver.
INFO - 2024-11-24 19:35:47 --> Session: Class initialized using 'CodeIgniter\Session\Handlers\FileHandler' driver.
INFO - 2024-11-24 19:35:48 --> Session: Class initialized using 'CodeIgniter\Session\Handlers\FileHandler' driver.
CRITICAL - 2024-11-24 19:35:48 --> Invalid file: "front_end/canvas_site/404_error/404_class_gallery.php"
in SYSTEMPATH\Exceptions\FrameworkException.php on line 33.
 1 SYSTEMPATH\View\View.php(201): CodeIgniter\Exceptions\FrameworkException::forInvalidFile('front_end/canvas_site/404_error/404_class_gallery.php')
 2 SYSTEMPATH\Common.php(1177): CodeIgniter\View\View->render('front_end/canvas_site/404_error/404_class_gallery', [], true)
 3 APPPATH\Controllers\MayMocController.php(580): view('front_end/canvas_site/404_error/404_class_gallery')
 4 SYSTEMPATH\CodeIgniter.php(935): App\Controllers\MayMocController->class_gallery('carousel1.jpg')
 5 SYSTEMPATH\CodeIgniter.php(500): CodeIgniter\CodeIgniter->runController(Object(App\Controllers\MayMocController))
 6 SYSTEMPATH\CodeIgniter.php(369): CodeIgniter\CodeIgniter->handleRequest(null, Object(Config\Cache), false)
 7 FCPATH\index.php(67): CodeIgniter\CodeIgniter->run()
INFO - 2024-11-24 19:35:48 --> Session: Class initialized using 'CodeIgniter\Session\Handlers\FileHandler' driver.
CRITICAL - 2024-11-24 19:35:48 --> Invalid file: "front_end/canvas_site/404_error/404_class_gallery.php"
in SYSTEMPATH\Exceptions\FrameworkException.php on line 33.
 1 SYSTEMPATH\View\View.php(201): CodeIgniter\Exceptions\FrameworkException::forInvalidFile('front_end/canvas_site/404_error/404_class_gallery.php')
 2 SYSTEMPATH\Common.php(1177): CodeIgniter\View\View->render('front_end/canvas_site/404_error/404_class_gallery', [], true)
 3 APPPATH\Controllers\MayMocController.php(580): view('front_end/canvas_site/404_error/404_class_gallery')
 4 SYSTEMPATH\CodeIgniter.php(935): App\Controllers\MayMocController->class_gallery('carousel2.jpg')
 5 SYSTEMPATH\CodeIgniter.php(500): CodeIgniter\CodeIgniter->runController(Object(App\Controllers\MayMocController))
 6 SYSTEMPATH\CodeIgniter.php(369): CodeIgniter\CodeIgniter->handleRequest(null, Object(Config\Cache), false)
 7 FCPATH\index.php(67): CodeIgniter\CodeIgniter->run()
INFO - 2024-11-24 19:35:48 --> Session: Class initialized using 'CodeIgniter\Session\Handlers\FileHandler' driver.
INFO - 2024-11-24 19:35:49 --> Session: Class initialized using 'CodeIgniter\Session\Handlers\FileHandler' driver.
INFO - 2024-11-24 19:35:49 --> Session: Class initialized using 'CodeIgniter\Session\Handlers\FileHandler' driver.
CRITICAL - 2024-11-24 19:35:49 --> Invalid file: "front_end/canvas_site/404_error/404_class_gallery.php"
in SYSTEMPATH\Exceptions\FrameworkException.php on line 33.
 1 SYSTEMPATH\View\View.php(201): CodeIgniter\Exceptions\FrameworkException::forInvalidFile('front_end/canvas_site/404_error/404_class_gallery.php')
 2 SYSTEMPATH\Common.php(1177): CodeIgniter\View\View->render('front_end/canvas_site/404_error/404_class_gallery', [], true)
 3 APPPATH\Controllers\MayMocController.php(580): view('front_end/canvas_site/404_error/404_class_gallery')
 4 SYSTEMPATH\CodeIgniter.php(935): App\Controllers\MayMocController->class_gallery('carousel3.jpg')
 5 SYSTEMPATH\CodeIgniter.php(500): CodeIgniter\CodeIgniter->runController(Object(App\Controllers\MayMocController))
 6 SYSTEMPATH\CodeIgniter.php(369): CodeIgniter\CodeIgniter->handleRequest(null, Object(Config\Cache), false)
 7 FCPATH\index.php(67): CodeIgniter\CodeIgniter->run()
INFO - 2024-11-24 19:35:49 --> Session: Class initialized using 'CodeIgniter\Session\Handlers\FileHandler' driver.
CRITICAL - 2024-11-24 19:35:49 --> Invalid file: "front_end/canvas_site/404_error/404_class_gallery.php"
in SYSTEMPATH\Exceptions\FrameworkException.php on line 33.
 1 SYSTEMPATH\View\View.php(201): CodeIgniter\Exceptions\FrameworkException::forInvalidFile('front_end/canvas_site/404_error/404_class_gallery.php')
 2 SYSTEMPATH\Common.php(1177): CodeIgniter\View\View->render('front_end/canvas_site/404_error/404_class_gallery', [], true)
 3 APPPATH\Controllers\MayMocController.php(580): view('front_end/canvas_site/404_error/404_class_gallery')
 4 SYSTEMPATH\CodeIgniter.php(935): App\Controllers\MayMocController->class_gallery('cnvsswitcher.js')
 5 SYSTEMPATH\CodeIgniter.php(500): CodeIgniter\CodeIgniter->runController(Object(App\Controllers\MayMocController))
 6 SYSTEMPATH\CodeIgniter.php(369): CodeIgniter\CodeIgniter->handleRequest(null, Object(Config\Cache), false)
 7 FCPATH\index.php(67): CodeIgniter\CodeIgniter->run()
INFO - 2024-11-24 19:36:26 --> Session: Class initialized using 'CodeIgniter\Session\Handlers\FileHandler' driver.
INFO - 2024-11-24 19:36:30 --> Session: Class initialized using 'CodeIgniter\Session\Handlers\FileHandler' driver.
INFO - 2024-11-24 19:36:32 --> Session: Class initialized using 'CodeIgniter\Session\Handlers\FileHandler' driver.
CRITICAL - 2024-11-24 19:36:32 --> Invalid file: "front_end/canvas_site/404_error/404_class_gallery.php"
in SYSTEMPATH\Exceptions\FrameworkException.php on line 33.
 1 SYSTEMPATH\View\View.php(201): CodeIgniter\Exceptions\FrameworkException::forInvalidFile('front_end/canvas_site/404_error/404_class_gallery.php')
 2 SYSTEMPATH\Common.php(1177): CodeIgniter\View\View->render('front_end/canvas_site/404_error/404_class_gallery', [], true)
 3 APPPATH\Controllers\MayMocController.php(580): view('front_end/canvas_site/404_error/404_class_gallery')
 4 SYSTEMPATH\CodeIgniter.php(935): App\Controllers\MayMocController->class_gallery('cnvsswitcher.js')
 5 SYSTEMPATH\CodeIgniter.php(500): CodeIgniter\CodeIgniter->runController(Object(App\Controllers\MayMocController))
 6 SYSTEMPATH\CodeIgniter.php(369): CodeIgniter\CodeIgniter->handleRequest(null, Object(Config\Cache), false)
 7 FCPATH\index.php(67): CodeIgniter\CodeIgniter->run()
INFO - 2024-11-24 19:37:00 --> Session: Class initialized using 'CodeIgniter\Session\Handlers\FileHandler' driver.
INFO - 2024-11-24 19:37:02 --> Session: Class initialized using 'CodeIgniter\Session\Handlers\FileHandler' driver.
INFO - 2024-11-24 19:37:03 --> Session: Class initialized using 'CodeIgniter\Session\Handlers\FileHandler' driver.
CRITICAL - 2024-11-24 19:37:03 --> Invalid file: "front_end/canvas_site/404_error/404_class_gallery.php"
in SYSTEMPATH\Exceptions\FrameworkException.php on line 33.
 1 SYSTEMPATH\View\View.php(201): CodeIgniter\Exceptions\FrameworkException::forInvalidFile('front_end/canvas_site/404_error/404_class_gallery.php')
 2 SYSTEMPATH\Common.php(1177): CodeIgniter\View\View->render('front_end/canvas_site/404_error/404_class_gallery', [], true)
 3 APPPATH\Controllers\MayMocController.php(580): view('front_end/canvas_site/404_error/404_class_gallery')
 4 SYSTEMPATH\CodeIgniter.php(935): App\Controllers\MayMocController->class_gallery('cnvsswitcher.js')
 5 SYSTEMPATH\CodeIgniter.php(500): CodeIgniter\CodeIgniter->runController(Object(App\Controllers\MayMocController))
 6 SYSTEMPATH\CodeIgniter.php(369): CodeIgniter\CodeIgniter->handleRequest(null, Object(Config\Cache), false)
 7 FCPATH\index.php(67): CodeIgniter\CodeIgniter->run()
INFO - 2024-11-24 19:37:55 --> Session: Class initialized using 'CodeIgniter\Session\Handlers\FileHandler' driver.
INFO - 2024-11-24 19:37:56 --> Session: Class initialized using 'CodeIgniter\Session\Handlers\FileHandler' driver.
INFO - 2024-11-24 19:37:57 --> Session: Class initialized using 'CodeIgniter\Session\Handlers\FileHandler' driver.
CRITICAL - 2024-11-24 19:37:57 --> Invalid file: "front_end/canvas_site/404_error/404_class_gallery.php"
in SYSTEMPATH\Exceptions\FrameworkException.php on line 33.
 1 SYSTEMPATH\View\View.php(201): CodeIgniter\Exceptions\FrameworkException::forInvalidFile('front_end/canvas_site/404_error/404_class_gallery.php')
 2 SYSTEMPATH\Common.php(1177): CodeIgniter\View\View->render('front_end/canvas_site/404_error/404_class_gallery', [], true)
 3 APPPATH\Controllers\MayMocController.php(580): view('front_end/canvas_site/404_error/404_class_gallery')
 4 SYSTEMPATH\CodeIgniter.php(935): App\Controllers\MayMocController->class_gallery('cnvsswitcher.js')
 5 SYSTEMPATH\CodeIgniter.php(500): CodeIgniter\CodeIgniter->runController(Object(App\Controllers\MayMocController))
 6 SYSTEMPATH\CodeIgniter.php(369): CodeIgniter\CodeIgniter->handleRequest(null, Object(Config\Cache), false)
 7 FCPATH\index.php(67): CodeIgniter\CodeIgniter->run()
INFO - 2024-11-24 19:38:47 --> Session: Class initialized using 'CodeIgniter\Session\Handlers\FileHandler' driver.
INFO - 2024-11-24 19:38:48 --> Session: Class initialized using 'CodeIgniter\Session\Handlers\FileHandler' driver.
INFO - 2024-11-24 19:38:49 --> Session: Class initialized using 'CodeIgniter\Session\Handlers\FileHandler' driver.
CRITICAL - 2024-11-24 19:38:49 --> Invalid file: "front_end/canvas_site/404_error/404_class_gallery.php"
in SYSTEMPATH\Exceptions\FrameworkException.php on line 33.
 1 SYSTEMPATH\View\View.php(201): CodeIgniter\Exceptions\FrameworkException::forInvalidFile('front_end/canvas_site/404_error/404_class_gallery.php')
 2 SYSTEMPATH\Common.php(1177): CodeIgniter\View\View->render('front_end/canvas_site/404_error/404_class_gallery', [], true)
 3 APPPATH\Controllers\MayMocController.php(580): view('front_end/canvas_site/404_error/404_class_gallery')
 4 SYSTEMPATH\CodeIgniter.php(935): App\Controllers\MayMocController->class_gallery('cnvsswitcher.js')
 5 SYSTEMPATH\CodeIgniter.php(500): CodeIgniter\CodeIgniter->runController(Object(App\Controllers\MayMocController))
 6 SYSTEMPATH\CodeIgniter.php(369): CodeIgniter\CodeIgniter->handleRequest(null, Object(Config\Cache), false)
 7 FCPATH\index.php(67): CodeIgniter\CodeIgniter->run()
INFO - 2024-11-24 19:39:11 --> Session: Class initialized using 'CodeIgniter\Session\Handlers\FileHandler' driver.
INFO - 2024-11-24 19:39:12 --> Session: Class initialized using 'CodeIgniter\Session\Handlers\FileHandler' driver.
INFO - 2024-11-24 19:39:13 --> Session: Class initialized using 'CodeIgniter\Session\Handlers\FileHandler' driver.
CRITICAL - 2024-11-24 19:39:13 --> Invalid file: "front_end/canvas_site/404_error/404_class_gallery.php"
in SYSTEMPATH\Exceptions\FrameworkException.php on line 33.
 1 SYSTEMPATH\View\View.php(201): CodeIgniter\Exceptions\FrameworkException::forInvalidFile('front_end/canvas_site/404_error/404_class_gallery.php')
 2 SYSTEMPATH\Common.php(1177): CodeIgniter\View\View->render('front_end/canvas_site/404_error/404_class_gallery', [], true)
 3 APPPATH\Controllers\MayMocController.php(580): view('front_end/canvas_site/404_error/404_class_gallery')
 4 SYSTEMPATH\CodeIgniter.php(935): App\Controllers\MayMocController->class_gallery('cnvsswitcher.js')
 5 SYSTEMPATH\CodeIgniter.php(500): CodeIgniter\CodeIgniter->runController(Object(App\Controllers\MayMocController))
 6 SYSTEMPATH\CodeIgniter.php(369): CodeIgniter\CodeIgniter->handleRequest(null, Object(Config\Cache), false)
 7 FCPATH\index.php(67): CodeIgniter\CodeIgniter->run()
INFO - 2024-11-24 19:40:32 --> Session: Class initialized using 'CodeIgniter\Session\Handlers\FileHandler' driver.
INFO - 2024-11-24 19:40:33 --> Session: Class initialized using 'CodeIgniter\Session\Handlers\FileHandler' driver.
INFO - 2024-11-24 19:40:34 --> Session: Class initialized using 'CodeIgniter\Session\Handlers\FileHandler' driver.
CRITICAL - 2024-11-24 19:40:34 --> Invalid file: "front_end/canvas_site/404_error/404_class_gallery.php"
in SYSTEMPATH\Exceptions\FrameworkException.php on line 33.
 1 SYSTEMPATH\View\View.php(201): CodeIgniter\Exceptions\FrameworkException::forInvalidFile('front_end/canvas_site/404_error/404_class_gallery.php')
 2 SYSTEMPATH\Common.php(1177): CodeIgniter\View\View->render('front_end/canvas_site/404_error/404_class_gallery', [], true)
 3 APPPATH\Controllers\MayMocController.php(580): view('front_end/canvas_site/404_error/404_class_gallery')
 4 SYSTEMPATH\CodeIgniter.php(935): App\Controllers\MayMocController->class_gallery('cnvsswitcher.js')
 5 SYSTEMPATH\CodeIgniter.php(500): CodeIgniter\CodeIgniter->runController(Object(App\Controllers\MayMocController))
 6 SYSTEMPATH\CodeIgniter.php(369): CodeIgniter\CodeIgniter->handleRequest(null, Object(Config\Cache), false)
 7 FCPATH\index.php(67): CodeIgniter\CodeIgniter->run()
INFO - 2024-11-24 19:40:42 --> Session: Class initialized using 'CodeIgniter\Session\Handlers\FileHandler' driver.
INFO - 2024-11-24 19:40:43 --> Session: Class initialized using 'CodeIgniter\Session\Handlers\FileHandler' driver.
INFO - 2024-11-24 19:40:43 --> Session: Class initialized using 'CodeIgniter\Session\Handlers\FileHandler' driver.
CRITICAL - 2024-11-24 19:40:43 --> Invalid file: "front_end/canvas_site/404_error/404_class_gallery.php"
in SYSTEMPATH\Exceptions\FrameworkException.php on line 33.
 1 SYSTEMPATH\View\View.php(201): CodeIgniter\Exceptions\FrameworkException::forInvalidFile('front_end/canvas_site/404_error/404_class_gallery.php')
 2 SYSTEMPATH\Common.php(1177): CodeIgniter\View\View->render('front_end/canvas_site/404_error/404_class_gallery', [], true)
 3 APPPATH\Controllers\MayMocController.php(580): view('front_end/canvas_site/404_error/404_class_gallery')
 4 SYSTEMPATH\CodeIgniter.php(935): App\Controllers\MayMocController->class_gallery('cnvsswitcher.js')
 5 SYSTEMPATH\CodeIgniter.php(500): CodeIgniter\CodeIgniter->runController(Object(App\Controllers\MayMocController))
 6 SYSTEMPATH\CodeIgniter.php(369): CodeIgniter\CodeIgniter->handleRequest(null, Object(Config\Cache), false)
 7 FCPATH\index.php(67): CodeIgniter\CodeIgniter->run()
INFO - 2024-11-24 19:41:55 --> Session: Class initialized using 'CodeIgniter\Session\Handlers\FileHandler' driver.
INFO - 2024-11-24 19:41:57 --> Session: Class initialized using 'CodeIgniter\Session\Handlers\FileHandler' driver.
INFO - 2024-11-24 19:41:57 --> Session: Class initialized using 'CodeIgniter\Session\Handlers\FileHandler' driver.
CRITICAL - 2024-11-24 19:41:57 --> Invalid file: "front_end/canvas_site/404_error/404_class_gallery.php"
in SYSTEMPATH\Exceptions\FrameworkException.php on line 33.
 1 SYSTEMPATH\View\View.php(201): CodeIgniter\Exceptions\FrameworkException::forInvalidFile('front_end/canvas_site/404_error/404_class_gallery.php')
 2 SYSTEMPATH\Common.php(1177): CodeIgniter\View\View->render('front_end/canvas_site/404_error/404_class_gallery', [], true)
 3 APPPATH\Controllers\MayMocController.php(580): view('front_end/canvas_site/404_error/404_class_gallery')
 4 SYSTEMPATH\CodeIgniter.php(935): App\Controllers\MayMocController->class_gallery('cnvsswitcher.js')
 5 SYSTEMPATH\CodeIgniter.php(500): CodeIgniter\CodeIgniter->runController(Object(App\Controllers\MayMocController))
 6 SYSTEMPATH\CodeIgniter.php(369): CodeIgniter\CodeIgniter->handleRequest(null, Object(Config\Cache), false)
 7 FCPATH\index.php(67): CodeIgniter\CodeIgniter->run()
INFO - 2024-11-24 19:42:41 --> Session: Class initialized using 'CodeIgniter\Session\Handlers\FileHandler' driver.
INFO - 2024-11-24 19:42:42 --> Session: Class initialized using 'CodeIgniter\Session\Handlers\FileHandler' driver.
INFO - 2024-11-24 19:42:42 --> Session: Class initialized using 'CodeIgniter\Session\Handlers\FileHandler' driver.
CRITICAL - 2024-11-24 19:42:42 --> Invalid file: "front_end/canvas_site/404_error/404_class_gallery.php"
in SYSTEMPATH\Exceptions\FrameworkException.php on line 33.
 1 SYSTEMPATH\View\View.php(201): CodeIgniter\Exceptions\FrameworkException::forInvalidFile('front_end/canvas_site/404_error/404_class_gallery.php')
 2 SYSTEMPATH\Common.php(1177): CodeIgniter\View\View->render('front_end/canvas_site/404_error/404_class_gallery', [], true)
 3 APPPATH\Controllers\MayMocController.php(580): view('front_end/canvas_site/404_error/404_class_gallery')
 4 SYSTEMPATH\CodeIgniter.php(935): App\Controllers\MayMocController->class_gallery('cnvsswitcher.js')
 5 SYSTEMPATH\CodeIgniter.php(500): CodeIgniter\CodeIgniter->runController(Object(App\Controllers\MayMocController))
 6 SYSTEMPATH\CodeIgniter.php(369): CodeIgniter\CodeIgniter->handleRequest(null, Object(Config\Cache), false)
 7 FCPATH\index.php(67): CodeIgniter\CodeIgniter->run()
INFO - 2024-11-24 19:43:12 --> Session: Class initialized using 'CodeIgniter\Session\Handlers\FileHandler' driver.
INFO - 2024-11-24 19:43:13 --> Session: Class initialized using 'CodeIgniter\Session\Handlers\FileHandler' driver.
INFO - 2024-11-24 19:43:13 --> Session: Class initialized using 'CodeIgniter\Session\Handlers\FileHandler' driver.
CRITICAL - 2024-11-24 19:43:13 --> Invalid file: "front_end/canvas_site/404_error/404_class_gallery.php"
in SYSTEMPATH\Exceptions\FrameworkException.php on line 33.
 1 SYSTEMPATH\View\View.php(201): CodeIgniter\Exceptions\FrameworkException::forInvalidFile('front_end/canvas_site/404_error/404_class_gallery.php')
 2 SYSTEMPATH\Common.php(1177): CodeIgniter\View\View->render('front_end/canvas_site/404_error/404_class_gallery', [], true)
 3 APPPATH\Controllers\MayMocController.php(580): view('front_end/canvas_site/404_error/404_class_gallery')
 4 SYSTEMPATH\CodeIgniter.php(935): App\Controllers\MayMocController->class_gallery('cnvsswitcher.js')
 5 SYSTEMPATH\CodeIgniter.php(500): CodeIgniter\CodeIgniter->runController(Object(App\Controllers\MayMocController))
 6 SYSTEMPATH\CodeIgniter.php(369): CodeIgniter\CodeIgniter->handleRequest(null, Object(Config\Cache), false)
 7 FCPATH\index.php(67): CodeIgniter\CodeIgniter->run()
INFO - 2024-11-24 19:43:38 --> Session: Class initialized using 'CodeIgniter\Session\Handlers\FileHandler' driver.
INFO - 2024-11-24 19:43:40 --> Session: Class initialized using 'CodeIgniter\Session\Handlers\FileHandler' driver.
INFO - 2024-11-24 19:43:40 --> Session: Class initialized using 'CodeIgniter\Session\Handlers\FileHandler' driver.
CRITICAL - 2024-11-24 19:43:40 --> Invalid file: "front_end/canvas_site/404_error/404_class_gallery.php"
in SYSTEMPATH\Exceptions\FrameworkException.php on line 33.
 1 SYSTEMPATH\View\View.php(201): CodeIgniter\Exceptions\FrameworkException::forInvalidFile('front_end/canvas_site/404_error/404_class_gallery.php')
 2 SYSTEMPATH\Common.php(1177): CodeIgniter\View\View->render('front_end/canvas_site/404_error/404_class_gallery', [], true)
 3 APPPATH\Controllers\MayMocController.php(580): view('front_end/canvas_site/404_error/404_class_gallery')
 4 SYSTEMPATH\CodeIgniter.php(935): App\Controllers\MayMocController->class_gallery('cnvsswitcher.js')
 5 SYSTEMPATH\CodeIgniter.php(500): CodeIgniter\CodeIgniter->runController(Object(App\Controllers\MayMocController))
 6 SYSTEMPATH\CodeIgniter.php(369): CodeIgniter\CodeIgniter->handleRequest(null, Object(Config\Cache), false)
 7 FCPATH\index.php(67): CodeIgniter\CodeIgniter->run()
INFO - 2024-11-24 19:43:54 --> Session: Class initialized using 'CodeIgniter\Session\Handlers\FileHandler' driver.
INFO - 2024-11-24 19:43:55 --> Session: Class initialized using 'CodeIgniter\Session\Handlers\FileHandler' driver.
INFO - 2024-11-24 19:43:55 --> Session: Class initialized using 'CodeIgniter\Session\Handlers\FileHandler' driver.
CRITICAL - 2024-11-24 19:43:55 --> Invalid file: "front_end/canvas_site/404_error/404_class_gallery.php"
in SYSTEMPATH\Exceptions\FrameworkException.php on line 33.
 1 SYSTEMPATH\View\View.php(201): CodeIgniter\Exceptions\FrameworkException::forInvalidFile('front_end/canvas_site/404_error/404_class_gallery.php')
 2 SYSTEMPATH\Common.php(1177): CodeIgniter\View\View->render('front_end/canvas_site/404_error/404_class_gallery', [], true)
 3 APPPATH\Controllers\MayMocController.php(580): view('front_end/canvas_site/404_error/404_class_gallery')
 4 SYSTEMPATH\CodeIgniter.php(935): App\Controllers\MayMocController->class_gallery('cnvsswitcher.js')
 5 SYSTEMPATH\CodeIgniter.php(500): CodeIgniter\CodeIgniter->runController(Object(App\Controllers\MayMocController))
 6 SYSTEMPATH\CodeIgniter.php(369): CodeIgniter\CodeIgniter->handleRequest(null, Object(Config\Cache), false)
 7 FCPATH\index.php(67): CodeIgniter\CodeIgniter->run()
INFO - 2024-11-24 19:44:14 --> Session: Class initialized using 'CodeIgniter\Session\Handlers\FileHandler' driver.
INFO - 2024-11-24 19:44:14 --> Session: Class initialized using 'CodeIgniter\Session\Handlers\FileHandler' driver.
INFO - 2024-11-24 19:44:15 --> Session: Class initialized using 'CodeIgniter\Session\Handlers\FileHandler' driver.
CRITICAL - 2024-11-24 19:44:15 --> Invalid file: "front_end/canvas_site/404_error/404_class_gallery.php"
in SYSTEMPATH\Exceptions\FrameworkException.php on line 33.
 1 SYSTEMPATH\View\View.php(201): CodeIgniter\Exceptions\FrameworkException::forInvalidFile('front_end/canvas_site/404_error/404_class_gallery.php')
 2 SYSTEMPATH\Common.php(1177): CodeIgniter\View\View->render('front_end/canvas_site/404_error/404_class_gallery', [], true)
 3 APPPATH\Controllers\MayMocController.php(580): view('front_end/canvas_site/404_error/404_class_gallery')
 4 SYSTEMPATH\CodeIgniter.php(935): App\Controllers\MayMocController->class_gallery('cnvsswitcher.js')
 5 SYSTEMPATH\CodeIgniter.php(500): CodeIgniter\CodeIgniter->runController(Object(App\Controllers\MayMocController))
 6 SYSTEMPATH\CodeIgniter.php(369): CodeIgniter\CodeIgniter->handleRequest(null, Object(Config\Cache), false)
 7 FCPATH\index.php(67): CodeIgniter\CodeIgniter->run()
INFO - 2024-11-24 19:44:52 --> Session: Class initialized using 'CodeIgniter\Session\Handlers\FileHandler' driver.
INFO - 2024-11-24 19:44:53 --> Session: Class initialized using 'CodeIgniter\Session\Handlers\FileHandler' driver.
INFO - 2024-11-24 19:44:53 --> Session: Class initialized using 'CodeIgniter\Session\Handlers\FileHandler' driver.
CRITICAL - 2024-11-24 19:44:53 --> Invalid file: "front_end/canvas_site/404_error/404_class_gallery.php"
in SYSTEMPATH\Exceptions\FrameworkException.php on line 33.
 1 SYSTEMPATH\View\View.php(201): CodeIgniter\Exceptions\FrameworkException::forInvalidFile('front_end/canvas_site/404_error/404_class_gallery.php')
 2 SYSTEMPATH\Common.php(1177): CodeIgniter\View\View->render('front_end/canvas_site/404_error/404_class_gallery', [], true)
 3 APPPATH\Controllers\MayMocController.php(580): view('front_end/canvas_site/404_error/404_class_gallery')
 4 SYSTEMPATH\CodeIgniter.php(935): App\Controllers\MayMocController->class_gallery('cnvsswitcher.js')
 5 SYSTEMPATH\CodeIgniter.php(500): CodeIgniter\CodeIgniter->runController(Object(App\Controllers\MayMocController))
 6 SYSTEMPATH\CodeIgniter.php(369): CodeIgniter\CodeIgniter->handleRequest(null, Object(Config\Cache), false)
 7 FCPATH\index.php(67): CodeIgniter\CodeIgniter->run()
INFO - 2024-11-24 19:45:05 --> Session: Class initialized using 'CodeIgniter\Session\Handlers\FileHandler' driver.
INFO - 2024-11-24 19:45:06 --> Session: Class initialized using 'CodeIgniter\Session\Handlers\FileHandler' driver.
INFO - 2024-11-24 19:45:06 --> Session: Class initialized using 'CodeIgniter\Session\Handlers\FileHandler' driver.
CRITICAL - 2024-11-24 19:45:06 --> Invalid file: "front_end/canvas_site/404_error/404_class_gallery.php"
in SYSTEMPATH\Exceptions\FrameworkException.php on line 33.
 1 SYSTEMPATH\View\View.php(201): CodeIgniter\Exceptions\FrameworkException::forInvalidFile('front_end/canvas_site/404_error/404_class_gallery.php')
 2 SYSTEMPATH\Common.php(1177): CodeIgniter\View\View->render('front_end/canvas_site/404_error/404_class_gallery', [], true)
 3 APPPATH\Controllers\MayMocController.php(580): view('front_end/canvas_site/404_error/404_class_gallery')
 4 SYSTEMPATH\CodeIgniter.php(935): App\Controllers\MayMocController->class_gallery('cnvsswitcher.js')
 5 SYSTEMPATH\CodeIgniter.php(500): CodeIgniter\CodeIgniter->runController(Object(App\Controllers\MayMocController))
 6 SYSTEMPATH\CodeIgniter.php(369): CodeIgniter\CodeIgniter->handleRequest(null, Object(Config\Cache), false)
 7 FCPATH\index.php(67): CodeIgniter\CodeIgniter->run()
INFO - 2024-11-24 19:45:15 --> Session: Class initialized using 'CodeIgniter\Session\Handlers\FileHandler' driver.
INFO - 2024-11-24 19:45:16 --> Session: Class initialized using 'CodeIgniter\Session\Handlers\FileHandler' driver.
INFO - 2024-11-24 19:45:16 --> Session: Class initialized using 'CodeIgniter\Session\Handlers\FileHandler' driver.
CRITICAL - 2024-11-24 19:45:16 --> Invalid file: "front_end/canvas_site/404_error/404_class_gallery.php"
in SYSTEMPATH\Exceptions\FrameworkException.php on line 33.
 1 SYSTEMPATH\View\View.php(201): CodeIgniter\Exceptions\FrameworkException::forInvalidFile('front_end/canvas_site/404_error/404_class_gallery.php')
 2 SYSTEMPATH\Common.php(1177): CodeIgniter\View\View->render('front_end/canvas_site/404_error/404_class_gallery', [], true)
 3 APPPATH\Controllers\MayMocController.php(580): view('front_end/canvas_site/404_error/404_class_gallery')
 4 SYSTEMPATH\CodeIgniter.php(935): App\Controllers\MayMocController->class_gallery('cnvsswitcher.js')
 5 SYSTEMPATH\CodeIgniter.php(500): CodeIgniter\CodeIgniter->runController(Object(App\Controllers\MayMocController))
 6 SYSTEMPATH\CodeIgniter.php(369): CodeIgniter\CodeIgniter->handleRequest(null, Object(Config\Cache), false)
 7 FCPATH\index.php(67): CodeIgniter\CodeIgniter->run()
INFO - 2024-11-24 19:45:21 --> Session: Class initialized using 'CodeIgniter\Session\Handlers\FileHandler' driver.
INFO - 2024-11-24 19:45:22 --> Session: Class initialized using 'CodeIgniter\Session\Handlers\FileHandler' driver.
INFO - 2024-11-24 19:45:22 --> Session: Class initialized using 'CodeIgniter\Session\Handlers\FileHandler' driver.
CRITICAL - 2024-11-24 19:45:22 --> Invalid file: "front_end/canvas_site/404_error/404_class_gallery.php"
in SYSTEMPATH\Exceptions\FrameworkException.php on line 33.
 1 SYSTEMPATH\View\View.php(201): CodeIgniter\Exceptions\FrameworkException::forInvalidFile('front_end/canvas_site/404_error/404_class_gallery.php')
 2 SYSTEMPATH\Common.php(1177): CodeIgniter\View\View->render('front_end/canvas_site/404_error/404_class_gallery', [], true)
 3 APPPATH\Controllers\MayMocController.php(580): view('front_end/canvas_site/404_error/404_class_gallery')
 4 SYSTEMPATH\CodeIgniter.php(935): App\Controllers\MayMocController->class_gallery('cnvsswitcher.js')
 5 SYSTEMPATH\CodeIgniter.php(500): CodeIgniter\CodeIgniter->runController(Object(App\Controllers\MayMocController))
 6 SYSTEMPATH\CodeIgniter.php(369): CodeIgniter\CodeIgniter->handleRequest(null, Object(Config\Cache), false)
 7 FCPATH\index.php(67): CodeIgniter\CodeIgniter->run()
INFO - 2024-11-24 19:45:48 --> Session: Class initialized using 'CodeIgniter\Session\Handlers\FileHandler' driver.
INFO - 2024-11-24 19:45:49 --> Session: Class initialized using 'CodeIgniter\Session\Handlers\FileHandler' driver.
INFO - 2024-11-24 19:45:49 --> Session: Class initialized using 'CodeIgniter\Session\Handlers\FileHandler' driver.
CRITICAL - 2024-11-24 19:45:49 --> Invalid file: "front_end/canvas_site/404_error/404_class_gallery.php"
in SYSTEMPATH\Exceptions\FrameworkException.php on line 33.
 1 SYSTEMPATH\View\View.php(201): CodeIgniter\Exceptions\FrameworkException::forInvalidFile('front_end/canvas_site/404_error/404_class_gallery.php')
 2 SYSTEMPATH\Common.php(1177): CodeIgniter\View\View->render('front_end/canvas_site/404_error/404_class_gallery', [], true)
 3 APPPATH\Controllers\MayMocController.php(580): view('front_end/canvas_site/404_error/404_class_gallery')
 4 SYSTEMPATH\CodeIgniter.php(935): App\Controllers\MayMocController->class_gallery('cnvsswitcher.js')
 5 SYSTEMPATH\CodeIgniter.php(500): CodeIgniter\CodeIgniter->runController(Object(App\Controllers\MayMocController))
 6 SYSTEMPATH\CodeIgniter.php(369): CodeIgniter\CodeIgniter->handleRequest(null, Object(Config\Cache), false)
 7 FCPATH\index.php(67): CodeIgniter\CodeIgniter->run()
INFO - 2024-11-24 19:46:13 --> Session: Class initialized using 'CodeIgniter\Session\Handlers\FileHandler' driver.
INFO - 2024-11-24 19:46:15 --> Session: Class initialized using 'CodeIgniter\Session\Handlers\FileHandler' driver.
INFO - 2024-11-24 19:46:15 --> Session: Class initialized using 'CodeIgniter\Session\Handlers\FileHandler' driver.
CRITICAL - 2024-11-24 19:46:15 --> Invalid file: "front_end/canvas_site/404_error/404_class_gallery.php"
in SYSTEMPATH\Exceptions\FrameworkException.php on line 33.
 1 SYSTEMPATH\View\View.php(201): CodeIgniter\Exceptions\FrameworkException::forInvalidFile('front_end/canvas_site/404_error/404_class_gallery.php')
 2 SYSTEMPATH\Common.php(1177): CodeIgniter\View\View->render('front_end/canvas_site/404_error/404_class_gallery', [], true)
 3 APPPATH\Controllers\MayMocController.php(580): view('front_end/canvas_site/404_error/404_class_gallery')
 4 SYSTEMPATH\CodeIgniter.php(935): App\Controllers\MayMocController->class_gallery('cnvsswitcher.js')
 5 SYSTEMPATH\CodeIgniter.php(500): CodeIgniter\CodeIgniter->runController(Object(App\Controllers\MayMocController))
 6 SYSTEMPATH\CodeIgniter.php(369): CodeIgniter\CodeIgniter->handleRequest(null, Object(Config\Cache), false)
 7 FCPATH\index.php(67): CodeIgniter\CodeIgniter->run()
INFO - 2024-11-24 19:46:20 --> Session: Class initialized using 'CodeIgniter\Session\Handlers\FileHandler' driver.
INFO - 2024-11-24 19:46:21 --> Session: Class initialized using 'CodeIgniter\Session\Handlers\FileHandler' driver.
INFO - 2024-11-24 19:46:21 --> Session: Class initialized using 'CodeIgniter\Session\Handlers\FileHandler' driver.
CRITICAL - 2024-11-24 19:46:21 --> Invalid file: "front_end/canvas_site/404_error/404_class_gallery.php"
in SYSTEMPATH\Exceptions\FrameworkException.php on line 33.
 1 SYSTEMPATH\View\View.php(201): CodeIgniter\Exceptions\FrameworkException::forInvalidFile('front_end/canvas_site/404_error/404_class_gallery.php')
 2 SYSTEMPATH\Common.php(1177): CodeIgniter\View\View->render('front_end/canvas_site/404_error/404_class_gallery', [], true)
 3 APPPATH\Controllers\MayMocController.php(580): view('front_end/canvas_site/404_error/404_class_gallery')
 4 SYSTEMPATH\CodeIgniter.php(935): App\Controllers\MayMocController->class_gallery('cnvsswitcher.js')
 5 SYSTEMPATH\CodeIgniter.php(500): CodeIgniter\CodeIgniter->runController(Object(App\Controllers\MayMocController))
 6 SYSTEMPATH\CodeIgniter.php(369): CodeIgniter\CodeIgniter->handleRequest(null, Object(Config\Cache), false)
 7 FCPATH\index.php(67): CodeIgniter\CodeIgniter->run()
INFO - 2024-11-24 19:46:32 --> Session: Class initialized using 'CodeIgniter\Session\Handlers\FileHandler' driver.
INFO - 2024-11-24 19:46:34 --> Session: Class initialized using 'CodeIgniter\Session\Handlers\FileHandler' driver.
INFO - 2024-11-24 19:46:34 --> Session: Class initialized using 'CodeIgniter\Session\Handlers\FileHandler' driver.
CRITICAL - 2024-11-24 19:46:34 --> Invalid file: "front_end/canvas_site/404_error/404_class_gallery.php"
in SYSTEMPATH\Exceptions\FrameworkException.php on line 33.
 1 SYSTEMPATH\View\View.php(201): CodeIgniter\Exceptions\FrameworkException::forInvalidFile('front_end/canvas_site/404_error/404_class_gallery.php')
 2 SYSTEMPATH\Common.php(1177): CodeIgniter\View\View->render('front_end/canvas_site/404_error/404_class_gallery', [], true)
 3 APPPATH\Controllers\MayMocController.php(580): view('front_end/canvas_site/404_error/404_class_gallery')
 4 SYSTEMPATH\CodeIgniter.php(935): App\Controllers\MayMocController->class_gallery('cnvsswitcher.js')
 5 SYSTEMPATH\CodeIgniter.php(500): CodeIgniter\CodeIgniter->runController(Object(App\Controllers\MayMocController))
 6 SYSTEMPATH\CodeIgniter.php(369): CodeIgniter\CodeIgniter->handleRequest(null, Object(Config\Cache), false)
 7 FCPATH\index.php(67): CodeIgniter\CodeIgniter->run()
INFO - 2024-11-24 19:47:04 --> Session: Class initialized using 'CodeIgniter\Session\Handlers\FileHandler' driver.
INFO - 2024-11-24 19:47:05 --> Session: Class initialized using 'CodeIgniter\Session\Handlers\FileHandler' driver.
INFO - 2024-11-24 19:47:06 --> Session: Class initialized using 'CodeIgniter\Session\Handlers\FileHandler' driver.
CRITICAL - 2024-11-24 19:47:06 --> Invalid file: "front_end/canvas_site/404_error/404_class_gallery.php"
in SYSTEMPATH\Exceptions\FrameworkException.php on line 33.
 1 SYSTEMPATH\View\View.php(201): CodeIgniter\Exceptions\FrameworkException::forInvalidFile('front_end/canvas_site/404_error/404_class_gallery.php')
 2 SYSTEMPATH\Common.php(1177): CodeIgniter\View\View->render('front_end/canvas_site/404_error/404_class_gallery', [], true)
 3 APPPATH\Controllers\MayMocController.php(580): view('front_end/canvas_site/404_error/404_class_gallery')
 4 SYSTEMPATH\CodeIgniter.php(935): App\Controllers\MayMocController->class_gallery('cnvsswitcher.js')
 5 SYSTEMPATH\CodeIgniter.php(500): CodeIgniter\CodeIgniter->runController(Object(App\Controllers\MayMocController))
 6 SYSTEMPATH\CodeIgniter.php(369): CodeIgniter\CodeIgniter->handleRequest(null, Object(Config\Cache), false)
 7 FCPATH\index.php(67): CodeIgniter\CodeIgniter->run()
INFO - 2024-11-24 19:47:26 --> Session: Class initialized using 'CodeIgniter\Session\Handlers\FileHandler' driver.
INFO - 2024-11-24 19:47:27 --> Session: Class initialized using 'CodeIgniter\Session\Handlers\FileHandler' driver.
INFO - 2024-11-24 19:47:27 --> Session: Class initialized using 'CodeIgniter\Session\Handlers\FileHandler' driver.
CRITICAL - 2024-11-24 19:47:27 --> Invalid file: "front_end/canvas_site/404_error/404_class_gallery.php"
in SYSTEMPATH\Exceptions\FrameworkException.php on line 33.
 1 SYSTEMPATH\View\View.php(201): CodeIgniter\Exceptions\FrameworkException::forInvalidFile('front_end/canvas_site/404_error/404_class_gallery.php')
 2 SYSTEMPATH\Common.php(1177): CodeIgniter\View\View->render('front_end/canvas_site/404_error/404_class_gallery', [], true)
 3 APPPATH\Controllers\MayMocController.php(580): view('front_end/canvas_site/404_error/404_class_gallery')
 4 SYSTEMPATH\CodeIgniter.php(935): App\Controllers\MayMocController->class_gallery('cnvsswitcher.js')
 5 SYSTEMPATH\CodeIgniter.php(500): CodeIgniter\CodeIgniter->runController(Object(App\Controllers\MayMocController))
 6 SYSTEMPATH\CodeIgniter.php(369): CodeIgniter\CodeIgniter->handleRequest(null, Object(Config\Cache), false)
 7 FCPATH\index.php(67): CodeIgniter\CodeIgniter->run()
INFO - 2024-11-24 19:47:42 --> Session: Class initialized using 'CodeIgniter\Session\Handlers\FileHandler' driver.
INFO - 2024-11-24 19:47:43 --> Session: Class initialized using 'CodeIgniter\Session\Handlers\FileHandler' driver.
INFO - 2024-11-24 19:47:43 --> Session: Class initialized using 'CodeIgniter\Session\Handlers\FileHandler' driver.
CRITICAL - 2024-11-24 19:47:43 --> Invalid file: "front_end/canvas_site/404_error/404_class_gallery.php"
in SYSTEMPATH\Exceptions\FrameworkException.php on line 33.
 1 SYSTEMPATH\View\View.php(201): CodeIgniter\Exceptions\FrameworkException::forInvalidFile('front_end/canvas_site/404_error/404_class_gallery.php')
 2 SYSTEMPATH\Common.php(1177): CodeIgniter\View\View->render('front_end/canvas_site/404_error/404_class_gallery', [], true)
 3 APPPATH\Controllers\MayMocController.php(580): view('front_end/canvas_site/404_error/404_class_gallery')
 4 SYSTEMPATH\CodeIgniter.php(935): App\Controllers\MayMocController->class_gallery('cnvsswitcher.js')
 5 SYSTEMPATH\CodeIgniter.php(500): CodeIgniter\CodeIgniter->runController(Object(App\Controllers\MayMocController))
 6 SYSTEMPATH\CodeIgniter.php(369): CodeIgniter\CodeIgniter->handleRequest(null, Object(Config\Cache), false)
 7 FCPATH\index.php(67): CodeIgniter\CodeIgniter->run()
INFO - 2024-11-24 19:48:06 --> Session: Class initialized using 'CodeIgniter\Session\Handlers\FileHandler' driver.
INFO - 2024-11-24 19:48:08 --> Session: Class initialized using 'CodeIgniter\Session\Handlers\FileHandler' driver.
INFO - 2024-11-24 19:48:09 --> Session: Class initialized using 'CodeIgniter\Session\Handlers\FileHandler' driver.
CRITICAL - 2024-11-24 19:48:09 --> Invalid file: "front_end/canvas_site/404_error/404_class_gallery.php"
in SYSTEMPATH\Exceptions\FrameworkException.php on line 33.
 1 SYSTEMPATH\View\View.php(201): CodeIgniter\Exceptions\FrameworkException::forInvalidFile('front_end/canvas_site/404_error/404_class_gallery.php')
 2 SYSTEMPATH\Common.php(1177): CodeIgniter\View\View->render('front_end/canvas_site/404_error/404_class_gallery', [], true)
 3 APPPATH\Controllers\MayMocController.php(580): view('front_end/canvas_site/404_error/404_class_gallery')
 4 SYSTEMPATH\CodeIgniter.php(935): App\Controllers\MayMocController->class_gallery('cnvsswitcher.js')
 5 SYSTEMPATH\CodeIgniter.php(500): CodeIgniter\CodeIgniter->runController(Object(App\Controllers\MayMocController))
 6 SYSTEMPATH\CodeIgniter.php(369): CodeIgniter\CodeIgniter->handleRequest(null, Object(Config\Cache), false)
 7 FCPATH\index.php(67): CodeIgniter\CodeIgniter->run()
INFO - 2024-11-24 19:48:23 --> Session: Class initialized using 'CodeIgniter\Session\Handlers\FileHandler' driver.
INFO - 2024-11-24 19:48:25 --> Session: Class initialized using 'CodeIgniter\Session\Handlers\FileHandler' driver.
INFO - 2024-11-24 19:48:26 --> Session: Class initialized using 'CodeIgniter\Session\Handlers\FileHandler' driver.
CRITICAL - 2024-11-24 19:48:26 --> Invalid file: "front_end/canvas_site/404_error/404_class_gallery.php"
in SYSTEMPATH\Exceptions\FrameworkException.php on line 33.
 1 SYSTEMPATH\View\View.php(201): CodeIgniter\Exceptions\FrameworkException::forInvalidFile('front_end/canvas_site/404_error/404_class_gallery.php')
 2 SYSTEMPATH\Common.php(1177): CodeIgniter\View\View->render('front_end/canvas_site/404_error/404_class_gallery', [], true)
 3 APPPATH\Controllers\MayMocController.php(580): view('front_end/canvas_site/404_error/404_class_gallery')
 4 SYSTEMPATH\CodeIgniter.php(935): App\Controllers\MayMocController->class_gallery('cnvsswitcher.js')
 5 SYSTEMPATH\CodeIgniter.php(500): CodeIgniter\CodeIgniter->runController(Object(App\Controllers\MayMocController))
 6 SYSTEMPATH\CodeIgniter.php(369): CodeIgniter\CodeIgniter->handleRequest(null, Object(Config\Cache), false)
 7 FCPATH\index.php(67): CodeIgniter\CodeIgniter->run()
INFO - 2024-11-24 19:49:11 --> Session: Class initialized using 'CodeIgniter\Session\Handlers\FileHandler' driver.
INFO - 2024-11-24 19:49:12 --> Session: Class initialized using 'CodeIgniter\Session\Handlers\FileHandler' driver.
INFO - 2024-11-24 19:49:12 --> Session: Class initialized using 'CodeIgniter\Session\Handlers\FileHandler' driver.
CRITICAL - 2024-11-24 19:49:12 --> Invalid file: "front_end/canvas_site/404_error/404_class_gallery.php"
in SYSTEMPATH\Exceptions\FrameworkException.php on line 33.
 1 SYSTEMPATH\View\View.php(201): CodeIgniter\Exceptions\FrameworkException::forInvalidFile('front_end/canvas_site/404_error/404_class_gallery.php')
 2 SYSTEMPATH\Common.php(1177): CodeIgniter\View\View->render('front_end/canvas_site/404_error/404_class_gallery', [], true)
 3 APPPATH\Controllers\MayMocController.php(580): view('front_end/canvas_site/404_error/404_class_gallery')
 4 SYSTEMPATH\CodeIgniter.php(935): App\Controllers\MayMocController->class_gallery('cnvsswitcher.js')
 5 SYSTEMPATH\CodeIgniter.php(500): CodeIgniter\CodeIgniter->runController(Object(App\Controllers\MayMocController))
 6 SYSTEMPATH\CodeIgniter.php(369): CodeIgniter\CodeIgniter->handleRequest(null, Object(Config\Cache), false)
 7 FCPATH\index.php(67): CodeIgniter\CodeIgniter->run()
INFO - 2024-11-24 19:49:20 --> Session: Class initialized using 'CodeIgniter\Session\Handlers\FileHandler' driver.
INFO - 2024-11-24 19:49:21 --> Session: Class initialized using 'CodeIgniter\Session\Handlers\FileHandler' driver.
INFO - 2024-11-24 19:49:21 --> Session: Class initialized using 'CodeIgniter\Session\Handlers\FileHandler' driver.
CRITICAL - 2024-11-24 19:49:21 --> Invalid file: "front_end/canvas_site/404_error/404_class_gallery.php"
in SYSTEMPATH\Exceptions\FrameworkException.php on line 33.
 1 SYSTEMPATH\View\View.php(201): CodeIgniter\Exceptions\FrameworkException::forInvalidFile('front_end/canvas_site/404_error/404_class_gallery.php')
 2 SYSTEMPATH\Common.php(1177): CodeIgniter\View\View->render('front_end/canvas_site/404_error/404_class_gallery', [], true)
 3 APPPATH\Controllers\MayMocController.php(580): view('front_end/canvas_site/404_error/404_class_gallery')
 4 SYSTEMPATH\CodeIgniter.php(935): App\Controllers\MayMocController->class_gallery('cnvsswitcher.js')
 5 SYSTEMPATH\CodeIgniter.php(500): CodeIgniter\CodeIgniter->runController(Object(App\Controllers\MayMocController))
 6 SYSTEMPATH\CodeIgniter.php(369): CodeIgniter\CodeIgniter->handleRequest(null, Object(Config\Cache), false)
 7 FCPATH\index.php(67): CodeIgniter\CodeIgniter->run()
INFO - 2024-11-24 19:52:34 --> Session: Class initialized using 'CodeIgniter\Session\Handlers\FileHandler' driver.
INFO - 2024-11-24 19:52:35 --> Session: Class initialized using 'CodeIgniter\Session\Handlers\FileHandler' driver.
INFO - 2024-11-24 19:52:36 --> Session: Class initialized using 'CodeIgniter\Session\Handlers\FileHandler' driver.
CRITICAL - 2024-11-24 19:52:36 --> Invalid file: "front_end/canvas_site/404_error/404_class_gallery.php"
in SYSTEMPATH\Exceptions\FrameworkException.php on line 33.
 1 SYSTEMPATH\View\View.php(201): CodeIgniter\Exceptions\FrameworkException::forInvalidFile('front_end/canvas_site/404_error/404_class_gallery.php')
 2 SYSTEMPATH\Common.php(1177): CodeIgniter\View\View->render('front_end/canvas_site/404_error/404_class_gallery', [], true)
 3 APPPATH\Controllers\MayMocController.php(580): view('front_end/canvas_site/404_error/404_class_gallery')
 4 SYSTEMPATH\CodeIgniter.php(935): App\Controllers\MayMocController->class_gallery('cnvsswitcher.js')
 5 SYSTEMPATH\CodeIgniter.php(500): CodeIgniter\CodeIgniter->runController(Object(App\Controllers\MayMocController))
 6 SYSTEMPATH\CodeIgniter.php(369): CodeIgniter\CodeIgniter->handleRequest(null, Object(Config\Cache), false)
 7 FCPATH\index.php(67): CodeIgniter\CodeIgniter->run()
INFO - 2024-11-24 19:53:11 --> Session: Class initialized using 'CodeIgniter\Session\Handlers\FileHandler' driver.
INFO - 2024-11-24 19:53:12 --> Session: Class initialized using 'CodeIgniter\Session\Handlers\FileHandler' driver.
INFO - 2024-11-24 19:53:12 --> Session: Class initialized using 'CodeIgniter\Session\Handlers\FileHandler' driver.
CRITICAL - 2024-11-24 19:53:12 --> Invalid file: "front_end/canvas_site/404_error/404_class_gallery.php"
in SYSTEMPATH\Exceptions\FrameworkException.php on line 33.
 1 SYSTEMPATH\View\View.php(201): CodeIgniter\Exceptions\FrameworkException::forInvalidFile('front_end/canvas_site/404_error/404_class_gallery.php')
 2 SYSTEMPATH\Common.php(1177): CodeIgniter\View\View->render('front_end/canvas_site/404_error/404_class_gallery', [], true)
 3 APPPATH\Controllers\MayMocController.php(580): view('front_end/canvas_site/404_error/404_class_gallery')
 4 SYSTEMPATH\CodeIgniter.php(935): App\Controllers\MayMocController->class_gallery('cnvsswitcher.js')
 5 SYSTEMPATH\CodeIgniter.php(500): CodeIgniter\CodeIgniter->runController(Object(App\Controllers\MayMocController))
 6 SYSTEMPATH\CodeIgniter.php(369): CodeIgniter\CodeIgniter->handleRequest(null, Object(Config\Cache), false)
 7 FCPATH\index.php(67): CodeIgniter\CodeIgniter->run()
INFO - 2024-11-24 19:53:34 --> Session: Class initialized using 'CodeIgniter\Session\Handlers\FileHandler' driver.
INFO - 2024-11-24 19:53:35 --> Session: Class initialized using 'CodeIgniter\Session\Handlers\FileHandler' driver.
INFO - 2024-11-24 19:53:36 --> Session: Class initialized using 'CodeIgniter\Session\Handlers\FileHandler' driver.
CRITICAL - 2024-11-24 19:53:36 --> Invalid file: "front_end/canvas_site/404_error/404_class_gallery.php"
in SYSTEMPATH\Exceptions\FrameworkException.php on line 33.
 1 SYSTEMPATH\View\View.php(201): CodeIgniter\Exceptions\FrameworkException::forInvalidFile('front_end/canvas_site/404_error/404_class_gallery.php')
 2 SYSTEMPATH\Common.php(1177): CodeIgniter\View\View->render('front_end/canvas_site/404_error/404_class_gallery', [], true)
 3 APPPATH\Controllers\MayMocController.php(580): view('front_end/canvas_site/404_error/404_class_gallery')
 4 SYSTEMPATH\CodeIgniter.php(935): App\Controllers\MayMocController->class_gallery('cnvsswitcher.js')
 5 SYSTEMPATH\CodeIgniter.php(500): CodeIgniter\CodeIgniter->runController(Object(App\Controllers\MayMocController))
 6 SYSTEMPATH\CodeIgniter.php(369): CodeIgniter\CodeIgniter->handleRequest(null, Object(Config\Cache), false)
 7 FCPATH\index.php(67): CodeIgniter\CodeIgniter->run()
INFO - 2024-11-24 19:54:18 --> Session: Class initialized using 'CodeIgniter\Session\Handlers\FileHandler' driver.
INFO - 2024-11-24 19:54:19 --> Session: Class initialized using 'CodeIgniter\Session\Handlers\FileHandler' driver.
INFO - 2024-11-24 19:54:19 --> Session: Class initialized using 'CodeIgniter\Session\Handlers\FileHandler' driver.
CRITICAL - 2024-11-24 19:54:19 --> Invalid file: "front_end/canvas_site/404_error/404_class_gallery.php"
in SYSTEMPATH\Exceptions\FrameworkException.php on line 33.
 1 SYSTEMPATH\View\View.php(201): CodeIgniter\Exceptions\FrameworkException::forInvalidFile('front_end/canvas_site/404_error/404_class_gallery.php')
 2 SYSTEMPATH\Common.php(1177): CodeIgniter\View\View->render('front_end/canvas_site/404_error/404_class_gallery', [], true)
 3 APPPATH\Controllers\MayMocController.php(580): view('front_end/canvas_site/404_error/404_class_gallery')
 4 SYSTEMPATH\CodeIgniter.php(935): App\Controllers\MayMocController->class_gallery('cnvsswitcher.js')
 5 SYSTEMPATH\CodeIgniter.php(500): CodeIgniter\CodeIgniter->runController(Object(App\Controllers\MayMocController))
 6 SYSTEMPATH\CodeIgniter.php(369): CodeIgniter\CodeIgniter->handleRequest(null, Object(Config\Cache), false)
 7 FCPATH\index.php(67): CodeIgniter\CodeIgniter->run()
INFO - 2024-11-24 19:54:39 --> Session: Class initialized using 'CodeIgniter\Session\Handlers\FileHandler' driver.
INFO - 2024-11-24 19:54:40 --> Session: Class initialized using 'CodeIgniter\Session\Handlers\FileHandler' driver.
INFO - 2024-11-24 19:54:40 --> Session: Class initialized using 'CodeIgniter\Session\Handlers\FileHandler' driver.
CRITICAL - 2024-11-24 19:54:40 --> Invalid file: "front_end/canvas_site/404_error/404_class_gallery.php"
in SYSTEMPATH\Exceptions\FrameworkException.php on line 33.
 1 SYSTEMPATH\View\View.php(201): CodeIgniter\Exceptions\FrameworkException::forInvalidFile('front_end/canvas_site/404_error/404_class_gallery.php')
 2 SYSTEMPATH\Common.php(1177): CodeIgniter\View\View->render('front_end/canvas_site/404_error/404_class_gallery', [], true)
 3 APPPATH\Controllers\MayMocController.php(580): view('front_end/canvas_site/404_error/404_class_gallery')
 4 SYSTEMPATH\CodeIgniter.php(935): App\Controllers\MayMocController->class_gallery('cnvsswitcher.js')
 5 SYSTEMPATH\CodeIgniter.php(500): CodeIgniter\CodeIgniter->runController(Object(App\Controllers\MayMocController))
 6 SYSTEMPATH\CodeIgniter.php(369): CodeIgniter\CodeIgniter->handleRequest(null, Object(Config\Cache), false)
 7 FCPATH\index.php(67): CodeIgniter\CodeIgniter->run()
INFO - 2024-11-24 19:54:46 --> Session: Class initialized using 'CodeIgniter\Session\Handlers\FileHandler' driver.
INFO - 2024-11-24 19:54:46 --> Session: Class initialized using 'CodeIgniter\Session\Handlers\FileHandler' driver.
INFO - 2024-11-24 19:54:47 --> Session: Class initialized using 'CodeIgniter\Session\Handlers\FileHandler' driver.
CRITICAL - 2024-11-24 19:54:47 --> Invalid file: "front_end/canvas_site/404_error/404_class_gallery.php"
in SYSTEMPATH\Exceptions\FrameworkException.php on line 33.
 1 SYSTEMPATH\View\View.php(201): CodeIgniter\Exceptions\FrameworkException::forInvalidFile('front_end/canvas_site/404_error/404_class_gallery.php')
 2 SYSTEMPATH\Common.php(1177): CodeIgniter\View\View->render('front_end/canvas_site/404_error/404_class_gallery', [], true)
 3 APPPATH\Controllers\MayMocController.php(580): view('front_end/canvas_site/404_error/404_class_gallery')
 4 SYSTEMPATH\CodeIgniter.php(935): App\Controllers\MayMocController->class_gallery('cnvsswitcher.js')
 5 SYSTEMPATH\CodeIgniter.php(500): CodeIgniter\CodeIgniter->runController(Object(App\Controllers\MayMocController))
 6 SYSTEMPATH\CodeIgniter.php(369): CodeIgniter\CodeIgniter->handleRequest(null, Object(Config\Cache), false)
 7 FCPATH\index.php(67): CodeIgniter\CodeIgniter->run()
INFO - 2024-11-24 19:55:02 --> Session: Class initialized using 'CodeIgniter\Session\Handlers\FileHandler' driver.
INFO - 2024-11-24 19:55:03 --> Session: Class initialized using 'CodeIgniter\Session\Handlers\FileHandler' driver.
INFO - 2024-11-24 19:55:04 --> Session: Class initialized using 'CodeIgniter\Session\Handlers\FileHandler' driver.
CRITICAL - 2024-11-24 19:55:04 --> Invalid file: "front_end/canvas_site/404_error/404_class_gallery.php"
in SYSTEMPATH\Exceptions\FrameworkException.php on line 33.
 1 SYSTEMPATH\View\View.php(201): CodeIgniter\Exceptions\FrameworkException::forInvalidFile('front_end/canvas_site/404_error/404_class_gallery.php')
 2 SYSTEMPATH\Common.php(1177): CodeIgniter\View\View->render('front_end/canvas_site/404_error/404_class_gallery', [], true)
 3 APPPATH\Controllers\MayMocController.php(580): view('front_end/canvas_site/404_error/404_class_gallery')
 4 SYSTEMPATH\CodeIgniter.php(935): App\Controllers\MayMocController->class_gallery('cnvsswitcher.js')
 5 SYSTEMPATH\CodeIgniter.php(500): CodeIgniter\CodeIgniter->runController(Object(App\Controllers\MayMocController))
 6 SYSTEMPATH\CodeIgniter.php(369): CodeIgniter\CodeIgniter->handleRequest(null, Object(Config\Cache), false)
 7 FCPATH\index.php(67): CodeIgniter\CodeIgniter->run()
