CRITICAL - 2022-12-15 11:24:31 --> Undefined variable $dataLogin
in APPPATH\Views\admin\auth\detail.php on line 40.
 1 APPPATH\Views\admin\auth\detail.php(40): CodeIgniter\Debug\Exceptions->errorHandler(2, 'Undefined variable $dataLogin', 'APPPATH\\Views\\admin\\auth\\detail.php', 40)
 2 SYSTEMPATH\View\View.php(213): include('APPPATH\\Views\\admin\\auth\\detail.php')
 3 SYSTEMPATH\View\View.php(216): CodeIgniter\View\View->CodeIgniter\View\{closure}()
 4 SYSTEMPATH\Common.php(1134): CodeIgniter\View\View->render('admin/auth/detail', [], true)
 5 APPPATH\Controllers\Admin\Auth.php(149): view('admin/auth/detail', [...])
 6 SYSTEMPATH\CodeIgniter.php(927): App\Controllers\Admin\Auth->getEdit()
 7 SYSTEMPATH\CodeIgniter.php(482): CodeIgniter\CodeIgniter->runController(Object(App\Controllers\Admin\Auth))
 8 SYSTEMPATH\CodeIgniter.php(351): CodeIgniter\CodeIgniter->handleRequest(null, Object(Config\Cache), false)
 9 FCPATH\index.php(67): CodeIgniter\CodeIgniter->run()
CRITICAL - 2022-12-15 11:25:13 --> Call to a member function first() on array
in APPPATH\Controllers\Admin\Auth.php on line 146.
 1 SYSTEMPATH\CodeIgniter.php(927): App\Controllers\Admin\Auth->getEdit()
 2 SYSTEMPATH\CodeIgniter.php(482): CodeIgniter\CodeIgniter->runController(Object(App\Controllers\Admin\Auth))
 3 SYSTEMPATH\CodeIgniter.php(351): CodeIgniter\CodeIgniter->handleRequest(null, Object(Config\Cache), false)
 4 FCPATH\index.php(67): CodeIgniter\CodeIgniter->run()
CRITICAL - 2022-12-15 11:25:26 --> Undefined variable $userInfo
in APPPATH\Views\admin\auth\detail.php on line 40.
 1 APPPATH\Views\admin\auth\detail.php(40): CodeIgniter\Debug\Exceptions->errorHandler(2, 'Undefined variable $userInfo', 'APPPATH\\Views\\admin\\auth\\detail.php', 40)
 2 SYSTEMPATH\View\View.php(213): include('APPPATH\\Views\\admin\\auth\\detail.php')
 3 SYSTEMPATH\View\View.php(216): CodeIgniter\View\View->CodeIgniter\View\{closure}()
 4 SYSTEMPATH\Common.php(1134): CodeIgniter\View\View->render('admin/auth/detail', [], true)
 5 APPPATH\Controllers\Admin\Auth.php(149): view('admin/auth/detail', [...])
 6 SYSTEMPATH\CodeIgniter.php(927): App\Controllers\Admin\Auth->getEdit()
 7 SYSTEMPATH\CodeIgniter.php(482): CodeIgniter\CodeIgniter->runController(Object(App\Controllers\Admin\Auth))
 8 SYSTEMPATH\CodeIgniter.php(351): CodeIgniter\CodeIgniter->handleRequest(null, Object(Config\Cache), false)
 9 FCPATH\index.php(67): CodeIgniter\CodeIgniter->run()
CRITICAL - 2022-12-15 11:26:04 --> Undefined variable $userInfo
in APPPATH\Views\admin\auth\detail.php on line 40.
 1 APPPATH\Views\admin\auth\detail.php(40): CodeIgniter\Debug\Exceptions->errorHandler(2, 'Undefined variable $userInfo', 'APPPATH\\Views\\admin\\auth\\detail.php', 40)
 2 SYSTEMPATH\View\View.php(213): include('APPPATH\\Views\\admin\\auth\\detail.php')
 3 SYSTEMPATH\View\View.php(216): CodeIgniter\View\View->CodeIgniter\View\{closure}()
 4 SYSTEMPATH\Common.php(1134): CodeIgniter\View\View->render('admin/auth/detail', [], true)
 5 APPPATH\Controllers\Admin\Auth.php(149): view('admin/auth/detail', [...])
 6 SYSTEMPATH\CodeIgniter.php(927): App\Controllers\Admin\Auth->getEdit()
 7 SYSTEMPATH\CodeIgniter.php(482): CodeIgniter\CodeIgniter->runController(Object(App\Controllers\Admin\Auth))
 8 SYSTEMPATH\CodeIgniter.php(351): CodeIgniter\CodeIgniter->handleRequest(null, Object(Config\Cache), false)
 9 FCPATH\index.php(67): CodeIgniter\CodeIgniter->run()
CRITICAL - 2022-12-15 11:42:47 --> Too few arguments to function App\Controllers\Admin\Auth::postEdit(), 0 passed in D:\Dev\xampp\htdocs\CI4_App\system\CodeIgniter.php on line 927 and exactly 1 expected
in APPPATH\Controllers\Admin\Auth.php on line 153.
 1 SYSTEMPATH\CodeIgniter.php(927): App\Controllers\Admin\Auth->postEdit()
 2 SYSTEMPATH\CodeIgniter.php(482): CodeIgniter\CodeIgniter->runController(Object(App\Controllers\Admin\Auth))
 3 SYSTEMPATH\CodeIgniter.php(351): CodeIgniter\CodeIgniter->handleRequest(null, Object(Config\Cache), false)
 4 FCPATH\index.php(67): CodeIgniter\CodeIgniter->run()
CRITICAL - 2022-12-15 11:44:18 --> Undefined variable $userInfo
in APPPATH\Views\admin\auth\detail.php on line 35.
 1 APPPATH\Views\admin\auth\detail.php(35): CodeIgniter\Debug\Exceptions->errorHandler(2, 'Undefined variable $userInfo', 'APPPATH\\Views\\admin\\auth\\detail.php', 35)
 2 SYSTEMPATH\View\View.php(213): include('APPPATH\\Views\\admin\\auth\\detail.php')
 3 SYSTEMPATH\View\View.php(216): CodeIgniter\View\View->CodeIgniter\View\{closure}()
 4 SYSTEMPATH\Common.php(1134): CodeIgniter\View\View->render('admin/auth/detail', [], true)
 5 APPPATH\Controllers\Admin\Auth.php(178): view('admin/auth/detail', [...])
 6 SYSTEMPATH\CodeIgniter.php(927): App\Controllers\Admin\Auth->postEdit('17')
 7 SYSTEMPATH\CodeIgniter.php(482): CodeIgniter\CodeIgniter->runController(Object(App\Controllers\Admin\Auth))
 8 SYSTEMPATH\CodeIgniter.php(351): CodeIgniter\CodeIgniter->handleRequest(null, Object(Config\Cache), false)
 9 FCPATH\index.php(67): CodeIgniter\CodeIgniter->run()
CRITICAL - 2022-12-15 11:44:36 --> Undefined variable $userInfo
in APPPATH\Views\admin\auth\detail.php on line 35.
 1 APPPATH\Views\admin\auth\detail.php(35): CodeIgniter\Debug\Exceptions->errorHandler(2, 'Undefined variable $userInfo', 'APPPATH\\Views\\admin\\auth\\detail.php', 35)
 2 SYSTEMPATH\View\View.php(213): include('APPPATH\\Views\\admin\\auth\\detail.php')
 3 SYSTEMPATH\View\View.php(216): CodeIgniter\View\View->CodeIgniter\View\{closure}()
 4 SYSTEMPATH\Common.php(1134): CodeIgniter\View\View->render('admin/auth/detail', [], true)
 5 APPPATH\Controllers\Admin\Auth.php(178): view('admin/auth/detail', [...])
 6 SYSTEMPATH\CodeIgniter.php(927): App\Controllers\Admin\Auth->postEdit('17')
 7 SYSTEMPATH\CodeIgniter.php(482): CodeIgniter\CodeIgniter->runController(Object(App\Controllers\Admin\Auth))
 8 SYSTEMPATH\CodeIgniter.php(351): CodeIgniter\CodeIgniter->handleRequest(null, Object(Config\Cache), false)
 9 FCPATH\index.php(67): CodeIgniter\CodeIgniter->run()
CRITICAL - 2022-12-15 11:44:41 --> Undefined variable $userInfo
in APPPATH\Views\admin\auth\detail.php on line 35.
 1 APPPATH\Views\admin\auth\detail.php(35): CodeIgniter\Debug\Exceptions->errorHandler(2, 'Undefined variable $userInfo', 'APPPATH\\Views\\admin\\auth\\detail.php', 35)
 2 SYSTEMPATH\View\View.php(213): include('APPPATH\\Views\\admin\\auth\\detail.php')
 3 SYSTEMPATH\View\View.php(216): CodeIgniter\View\View->CodeIgniter\View\{closure}()
 4 SYSTEMPATH\Common.php(1134): CodeIgniter\View\View->render('admin/auth/detail', [], true)
 5 APPPATH\Controllers\Admin\Auth.php(178): view('admin/auth/detail', [...])
 6 SYSTEMPATH\CodeIgniter.php(927): App\Controllers\Admin\Auth->postEdit('17')
 7 SYSTEMPATH\CodeIgniter.php(482): CodeIgniter\CodeIgniter->runController(Object(App\Controllers\Admin\Auth))
 8 SYSTEMPATH\CodeIgniter.php(351): CodeIgniter\CodeIgniter->handleRequest(null, Object(Config\Cache), false)
 9 FCPATH\index.php(67): CodeIgniter\CodeIgniter->run()
CRITICAL - 2022-12-15 11:45:30 --> Undefined variable $userInfo
in APPPATH\Views\admin\auth\detail.php on line 35.
 1 APPPATH\Views\admin\auth\detail.php(35): CodeIgniter\Debug\Exceptions->errorHandler(2, 'Undefined variable $userInfo', 'APPPATH\\Views\\admin\\auth\\detail.php', 35)
 2 SYSTEMPATH\View\View.php(213): include('APPPATH\\Views\\admin\\auth\\detail.php')
 3 SYSTEMPATH\View\View.php(216): CodeIgniter\View\View->CodeIgniter\View\{closure}()
 4 SYSTEMPATH\Common.php(1134): CodeIgniter\View\View->render('admin/auth/detail', [], true)
 5 APPPATH\Controllers\Admin\Auth.php(181): view('admin/auth/detail', [...])
 6 SYSTEMPATH\CodeIgniter.php(927): App\Controllers\Admin\Auth->postEdit('17')
 7 SYSTEMPATH\CodeIgniter.php(482): CodeIgniter\CodeIgniter->runController(Object(App\Controllers\Admin\Auth))
 8 SYSTEMPATH\CodeIgniter.php(351): CodeIgniter\CodeIgniter->handleRequest(null, Object(Config\Cache), false)
 9 FCPATH\index.php(67): CodeIgniter\CodeIgniter->run()
CRITICAL - 2022-12-15 11:45:38 --> Undefined variable $userInfo
in APPPATH\Views\admin\auth\detail.php on line 35.
 1 APPPATH\Views\admin\auth\detail.php(35): CodeIgniter\Debug\Exceptions->errorHandler(2, 'Undefined variable $userInfo', 'APPPATH\\Views\\admin\\auth\\detail.php', 35)
 2 SYSTEMPATH\View\View.php(213): include('APPPATH\\Views\\admin\\auth\\detail.php')
 3 SYSTEMPATH\View\View.php(216): CodeIgniter\View\View->CodeIgniter\View\{closure}()
 4 SYSTEMPATH\Common.php(1134): CodeIgniter\View\View->render('admin/auth/detail', [], true)
 5 APPPATH\Controllers\Admin\Auth.php(179): view('admin/auth/detail', [...])
 6 SYSTEMPATH\CodeIgniter.php(927): App\Controllers\Admin\Auth->postEdit('17')
 7 SYSTEMPATH\CodeIgniter.php(482): CodeIgniter\CodeIgniter->runController(Object(App\Controllers\Admin\Auth))
 8 SYSTEMPATH\CodeIgniter.php(351): CodeIgniter\CodeIgniter->handleRequest(null, Object(Config\Cache), false)
 9 FCPATH\index.php(67): CodeIgniter\CodeIgniter->run()
CRITICAL - 2022-12-15 11:46:06 --> Undefined variable $userInfo
in APPPATH\Views\admin\auth\detail.php on line 35.
 1 APPPATH\Views\admin\auth\detail.php(35): CodeIgniter\Debug\Exceptions->errorHandler(2, 'Undefined variable $userInfo', 'APPPATH\\Views\\admin\\auth\\detail.php', 35)
 2 SYSTEMPATH\View\View.php(213): include('APPPATH\\Views\\admin\\auth\\detail.php')
 3 SYSTEMPATH\View\View.php(216): CodeIgniter\View\View->CodeIgniter\View\{closure}()
 4 SYSTEMPATH\Common.php(1134): CodeIgniter\View\View->render('admin/auth/detail', [], true)
 5 APPPATH\Controllers\Admin\Auth.php(179): view('admin/auth/detail', [...])
 6 SYSTEMPATH\CodeIgniter.php(927): App\Controllers\Admin\Auth->postEdit('17')
 7 SYSTEMPATH\CodeIgniter.php(482): CodeIgniter\CodeIgniter->runController(Object(App\Controllers\Admin\Auth))
 8 SYSTEMPATH\CodeIgniter.php(351): CodeIgniter\CodeIgniter->handleRequest(null, Object(Config\Cache), false)
 9 FCPATH\index.php(67): CodeIgniter\CodeIgniter->run()
CRITICAL - 2022-12-15 11:46:54 --> Undefined variable $userInfo
in APPPATH\Views\admin\auth\detail.php on line 35.
 1 APPPATH\Views\admin\auth\detail.php(35): CodeIgniter\Debug\Exceptions->errorHandler(2, 'Undefined variable $userInfo', 'APPPATH\\Views\\admin\\auth\\detail.php', 35)
 2 SYSTEMPATH\View\View.php(213): include('APPPATH\\Views\\admin\\auth\\detail.php')
 3 SYSTEMPATH\View\View.php(216): CodeIgniter\View\View->CodeIgniter\View\{closure}()
 4 SYSTEMPATH\Common.php(1134): CodeIgniter\View\View->render('admin/auth/detail', [], true)
 5 APPPATH\Controllers\Admin\Auth.php(181): view('admin/auth/detail', [...])
 6 SYSTEMPATH\CodeIgniter.php(927): App\Controllers\Admin\Auth->postEdit('17')
 7 SYSTEMPATH\CodeIgniter.php(482): CodeIgniter\CodeIgniter->runController(Object(App\Controllers\Admin\Auth))
 8 SYSTEMPATH\CodeIgniter.php(351): CodeIgniter\CodeIgniter->handleRequest(null, Object(Config\Cache), false)
 9 FCPATH\index.php(67): CodeIgniter\CodeIgniter->run()
CRITICAL - 2022-12-15 11:48:03 --> Undefined variable $userInfo
in APPPATH\Views\admin\auth\detail.php on line 35.
 1 APPPATH\Views\admin\auth\detail.php(35): CodeIgniter\Debug\Exceptions->errorHandler(2, 'Undefined variable $userInfo', 'APPPATH\\Views\\admin\\auth\\detail.php', 35)
 2 SYSTEMPATH\View\View.php(213): include('APPPATH\\Views\\admin\\auth\\detail.php')
 3 SYSTEMPATH\View\View.php(216): CodeIgniter\View\View->CodeIgniter\View\{closure}()
 4 SYSTEMPATH\Common.php(1134): CodeIgniter\View\View->render('admin/auth/detail', [], true)
 5 APPPATH\Controllers\Admin\Auth.php(181): view('admin/auth/detail', [...])
 6 SYSTEMPATH\CodeIgniter.php(927): App\Controllers\Admin\Auth->postEdit('17')
 7 SYSTEMPATH\CodeIgniter.php(482): CodeIgniter\CodeIgniter->runController(Object(App\Controllers\Admin\Auth))
 8 SYSTEMPATH\CodeIgniter.php(351): CodeIgniter\CodeIgniter->handleRequest(null, Object(Config\Cache), false)
 9 FCPATH\index.php(67): CodeIgniter\CodeIgniter->run()
CRITICAL - 2022-12-15 11:48:48 --> Undefined variable $userInfo
in APPPATH\Views\admin\auth\detail.php on line 35.
 1 APPPATH\Views\admin\auth\detail.php(35): CodeIgniter\Debug\Exceptions->errorHandler(2, 'Undefined variable $userInfo', 'APPPATH\\Views\\admin\\auth\\detail.php', 35)
 2 SYSTEMPATH\View\View.php(213): include('APPPATH\\Views\\admin\\auth\\detail.php')
 3 SYSTEMPATH\View\View.php(216): CodeIgniter\View\View->CodeIgniter\View\{closure}()
 4 SYSTEMPATH\Common.php(1134): CodeIgniter\View\View->render('admin/auth/detail', [], true)
 5 APPPATH\Controllers\Admin\Auth.php(181): view('admin/auth/detail', [...])
 6 SYSTEMPATH\CodeIgniter.php(927): App\Controllers\Admin\Auth->postEdit('17')
 7 SYSTEMPATH\CodeIgniter.php(482): CodeIgniter\CodeIgniter->runController(Object(App\Controllers\Admin\Auth))
 8 SYSTEMPATH\CodeIgniter.php(351): CodeIgniter\CodeIgniter->handleRequest(null, Object(Config\Cache), false)
 9 FCPATH\index.php(67): CodeIgniter\CodeIgniter->run()
CRITICAL - 2022-12-15 11:49:18 --> Undefined variable $userInfo
in APPPATH\Views\admin\auth\detail.php on line 35.
 1 APPPATH\Views\admin\auth\detail.php(35): CodeIgniter\Debug\Exceptions->errorHandler(2, 'Undefined variable $userInfo', 'APPPATH\\Views\\admin\\auth\\detail.php', 35)
 2 SYSTEMPATH\View\View.php(213): include('APPPATH\\Views\\admin\\auth\\detail.php')
 3 SYSTEMPATH\View\View.php(216): CodeIgniter\View\View->CodeIgniter\View\{closure}()
 4 SYSTEMPATH\Common.php(1134): CodeIgniter\View\View->render('admin/auth/detail', [], true)
 5 APPPATH\Controllers\Admin\Auth.php(181): view('admin/auth/detail', [...])
 6 SYSTEMPATH\CodeIgniter.php(927): App\Controllers\Admin\Auth->postEdit('17')
 7 SYSTEMPATH\CodeIgniter.php(482): CodeIgniter\CodeIgniter->runController(Object(App\Controllers\Admin\Auth))
 8 SYSTEMPATH\CodeIgniter.php(351): CodeIgniter\CodeIgniter->handleRequest(null, Object(Config\Cache), false)
 9 FCPATH\index.php(67): CodeIgniter\CodeIgniter->run()
CRITICAL - 2022-12-15 11:49:23 --> Undefined variable $userInfo
in APPPATH\Views\admin\auth\detail.php on line 35.
 1 APPPATH\Views\admin\auth\detail.php(35): CodeIgniter\Debug\Exceptions->errorHandler(2, 'Undefined variable $userInfo', 'APPPATH\\Views\\admin\\auth\\detail.php', 35)
 2 SYSTEMPATH\View\View.php(213): include('APPPATH\\Views\\admin\\auth\\detail.php')
 3 SYSTEMPATH\View\View.php(216): CodeIgniter\View\View->CodeIgniter\View\{closure}()
 4 SYSTEMPATH\Common.php(1134): CodeIgniter\View\View->render('admin/auth/detail', [], true)
 5 APPPATH\Controllers\Admin\Auth.php(181): view('admin/auth/detail', [...])
 6 SYSTEMPATH\CodeIgniter.php(927): App\Controllers\Admin\Auth->postEdit('17')
 7 SYSTEMPATH\CodeIgniter.php(482): CodeIgniter\CodeIgniter->runController(Object(App\Controllers\Admin\Auth))
 8 SYSTEMPATH\CodeIgniter.php(351): CodeIgniter\CodeIgniter->handleRequest(null, Object(Config\Cache), false)
 9 FCPATH\index.php(67): CodeIgniter\CodeIgniter->run()
CRITICAL - 2022-12-15 11:50:25 --> Undefined variable $userInfo
in APPPATH\Views\admin\auth\detail.php on line 35.
 1 APPPATH\Views\admin\auth\detail.php(35): CodeIgniter\Debug\Exceptions->errorHandler(2, 'Undefined variable $userInfo', 'APPPATH\\Views\\admin\\auth\\detail.php', 35)
 2 SYSTEMPATH\View\View.php(213): include('APPPATH\\Views\\admin\\auth\\detail.php')
 3 SYSTEMPATH\View\View.php(216): CodeIgniter\View\View->CodeIgniter\View\{closure}()
 4 SYSTEMPATH\Common.php(1134): CodeIgniter\View\View->render('admin/auth/detail', [], true)
 5 APPPATH\Controllers\Admin\Auth.php(181): view('admin/auth/detail', [...])
 6 SYSTEMPATH\CodeIgniter.php(927): App\Controllers\Admin\Auth->postEdit('17')
 7 SYSTEMPATH\CodeIgniter.php(482): CodeIgniter\CodeIgniter->runController(Object(App\Controllers\Admin\Auth))
 8 SYSTEMPATH\CodeIgniter.php(351): CodeIgniter\CodeIgniter->handleRequest(null, Object(Config\Cache), false)
 9 FCPATH\index.php(67): CodeIgniter\CodeIgniter->run()
CRITICAL - 2022-12-15 11:54:04 --> Undefined variable $userInfo
in APPPATH\Views\admin\auth\detail.php on line 35.
 1 APPPATH\Views\admin\auth\detail.php(35): CodeIgniter\Debug\Exceptions->errorHandler(2, 'Undefined variable $userInfo', 'APPPATH\\Views\\admin\\auth\\detail.php', 35)
 2 SYSTEMPATH\View\View.php(213): include('APPPATH\\Views\\admin\\auth\\detail.php')
 3 SYSTEMPATH\View\View.php(216): CodeIgniter\View\View->CodeIgniter\View\{closure}()
 4 SYSTEMPATH\Common.php(1134): CodeIgniter\View\View->render('admin/auth/detail', [], true)
 5 APPPATH\Controllers\Admin\Auth.php(181): view('admin/auth/detail', [...])
 6 SYSTEMPATH\CodeIgniter.php(927): App\Controllers\Admin\Auth->postEdit('17')
 7 SYSTEMPATH\CodeIgniter.php(482): CodeIgniter\CodeIgniter->runController(Object(App\Controllers\Admin\Auth))
 8 SYSTEMPATH\CodeIgniter.php(351): CodeIgniter\CodeIgniter->handleRequest(null, Object(Config\Cache), false)
 9 FCPATH\index.php(67): CodeIgniter\CodeIgniter->run()
CRITICAL - 2022-12-15 11:56:16 --> syntax error, unexpected token "=>", expecting ")"
in APPPATH\Controllers\Admin\Auth.php on line 180.
 1 SYSTEMPATH\Autoloader\Autoloader.php(259): CodeIgniter\Autoloader\Autoloader->includeFile('APPPATH\\Controllers\\Admin\\Auth.php')
 2 SYSTEMPATH\Autoloader\Autoloader.php(237): CodeIgniter\Autoloader\Autoloader->loadInNamespace('App\\Controllers\\Admin\\Auth')
 3 [internal function]: CodeIgniter\Autoloader\Autoloader->loadClass('App\\Controllers\\Admin\\Auth')
 4 SYSTEMPATH\CodeIgniter.php(877): class_exists('\\App\\Controllers\\Admin\\Auth', true)
 5 SYSTEMPATH\CodeIgniter.php(469): CodeIgniter\CodeIgniter->startController()
 6 SYSTEMPATH\CodeIgniter.php(351): CodeIgniter\CodeIgniter->handleRequest(null, Object(Config\Cache), false)
 7 FCPATH\index.php(67): CodeIgniter\CodeIgniter->run()
CRITICAL - 2022-12-15 12:13:49 --> Undefined variable $validation
in APPPATH\Views\admin\auth\detail.php on line 34.
 1 APPPATH\Views\admin\auth\detail.php(34): CodeIgniter\Debug\Exceptions->errorHandler(2, 'Undefined variable $validation', 'APPPATH\\Views\\admin\\auth\\detail.php', 34)
 2 SYSTEMPATH\View\View.php(213): include('APPPATH\\Views\\admin\\auth\\detail.php')
 3 SYSTEMPATH\View\View.php(216): CodeIgniter\View\View->CodeIgniter\View\{closure}()
 4 SYSTEMPATH\Common.php(1134): CodeIgniter\View\View->render('admin/auth/detail', [], true)
 5 APPPATH\Controllers\Admin\Auth.php(150): view('admin/auth/detail', [...])
 6 SYSTEMPATH\CodeIgniter.php(927): App\Controllers\Admin\Auth->getEdit()
 7 SYSTEMPATH\CodeIgniter.php(482): CodeIgniter\CodeIgniter->runController(Object(App\Controllers\Admin\Auth))
 8 SYSTEMPATH\CodeIgniter.php(351): CodeIgniter\CodeIgniter->handleRequest(null, Object(Config\Cache), false)
 9 FCPATH\index.php(67): CodeIgniter\CodeIgniter->run()
CRITICAL - 2022-12-15 12:14:12 --> syntax error, unexpected token "if"
in APPPATH\Views\admin\auth\detail.php on line 34.
 1 SYSTEMPATH\View\View.php(216): CodeIgniter\View\View->CodeIgniter\View\{closure}()
 2 SYSTEMPATH\Common.php(1134): CodeIgniter\View\View->render('admin/auth/detail', [], true)
 3 APPPATH\Controllers\Admin\Auth.php(150): view('admin/auth/detail', [...])
 4 SYSTEMPATH\CodeIgniter.php(927): App\Controllers\Admin\Auth->getEdit()
 5 SYSTEMPATH\CodeIgniter.php(482): CodeIgniter\CodeIgniter->runController(Object(App\Controllers\Admin\Auth))
 6 SYSTEMPATH\CodeIgniter.php(351): CodeIgniter\CodeIgniter->handleRequest(null, Object(Config\Cache), false)
 7 FCPATH\index.php(67): CodeIgniter\CodeIgniter->run()
CRITICAL - 2022-12-15 12:14:29 --> syntax error, unexpected token "if"
in APPPATH\Views\admin\auth\detail.php on line 34.
 1 SYSTEMPATH\View\View.php(216): CodeIgniter\View\View->CodeIgniter\View\{closure}()
 2 SYSTEMPATH\Common.php(1134): CodeIgniter\View\View->render('admin/auth/detail', [], true)
 3 APPPATH\Controllers\Admin\Auth.php(150): view('admin/auth/detail', [...])
 4 SYSTEMPATH\CodeIgniter.php(927): App\Controllers\Admin\Auth->getEdit()
 5 SYSTEMPATH\CodeIgniter.php(482): CodeIgniter\CodeIgniter->runController(Object(App\Controllers\Admin\Auth))
 6 SYSTEMPATH\CodeIgniter.php(351): CodeIgniter\CodeIgniter->handleRequest(null, Object(Config\Cache), false)
 7 FCPATH\index.php(67): CodeIgniter\CodeIgniter->run()
CRITICAL - 2022-12-15 12:14:38 --> Undefined variable $validation
in APPPATH\Views\admin\auth\detail.php on line 34.
 1 APPPATH\Views\admin\auth\detail.php(34): CodeIgniter\Debug\Exceptions->errorHandler(2, 'Undefined variable $validation', 'APPPATH\\Views\\admin\\auth\\detail.php', 34)
 2 SYSTEMPATH\View\View.php(213): include('APPPATH\\Views\\admin\\auth\\detail.php')
 3 SYSTEMPATH\View\View.php(216): CodeIgniter\View\View->CodeIgniter\View\{closure}()
 4 SYSTEMPATH\Common.php(1134): CodeIgniter\View\View->render('admin/auth/detail', [], true)
 5 APPPATH\Controllers\Admin\Auth.php(150): view('admin/auth/detail', [...])
 6 SYSTEMPATH\CodeIgniter.php(927): App\Controllers\Admin\Auth->getEdit()
 7 SYSTEMPATH\CodeIgniter.php(482): CodeIgniter\CodeIgniter->runController(Object(App\Controllers\Admin\Auth))
 8 SYSTEMPATH\CodeIgniter.php(351): CodeIgniter\CodeIgniter->handleRequest(null, Object(Config\Cache), false)
 9 FCPATH\index.php(67): CodeIgniter\CodeIgniter->run()
