CRITICAL - 2022-12-13 03:57:05 --> Call to undefined function set_value()
in APPPATH\Views\admin\post\postCreate.php on line 43.
 1 SYSTEMPATH\View\View.php(213): include()
 2 SYSTEMPATH\View\View.php(216): CodeIgniter\View\View->CodeIgniter\View\{closure}()
 3 SYSTEMPATH\Common.php(1134): CodeIgniter\View\View->render('admin/post/postCreate', [], true)
 4 APPPATH\Controllers\Admin\PostController.php(11): view('admin/post/postCreate')
 5 SYSTEMPATH\CodeIgniter.php(927): App\Controllers\Admin\PostController->getPost()
 6 SYSTEMPATH\CodeIgniter.php(482): CodeIgniter\CodeIgniter->runController(Object(App\Controllers\Admin\PostController))
 7 SYSTEMPATH\CodeIgniter.php(351): CodeIgniter\CodeIgniter->handleRequest(null, Object(Config\Cache), false)
 8 FCPATH\index.php(67): CodeIgniter\CodeIgniter->run()
CRITICAL - 2022-12-13 04:06:14 --> Call to undefined function set_value()
in APPPATH\Views\admin\post\postCreate.php on line 48.
 1 SYSTEMPATH\View\View.php(213): include()
 2 SYSTEMPATH\View\View.php(216): CodeIgniter\View\View->CodeIgniter\View\{closure}()
 3 SYSTEMPATH\Common.php(1134): CodeIgniter\View\View->render('admin/post/postCreate', [], true)
 4 APPPATH\Controllers\Admin\PostController.php(11): view('admin/post/postCreate')
 5 SYSTEMPATH\CodeIgniter.php(927): App\Controllers\Admin\PostController->getPost()
 6 SYSTEMPATH\CodeIgniter.php(482): CodeIgniter\CodeIgniter->runController(Object(App\Controllers\Admin\PostController))
 7 SYSTEMPATH\CodeIgniter.php(351): CodeIgniter\CodeIgniter->handleRequest(null, Object(Config\Cache), false)
 8 FCPATH\index.php(67): CodeIgniter\CodeIgniter->run()
CRITICAL - 2022-12-13 04:06:56 --> Unmatched '}'
in APPPATH\Views\admin\post\postCreate.php on line 206.
 1 SYSTEMPATH\View\View.php(216): CodeIgniter\View\View->CodeIgniter\View\{closure}()
 2 SYSTEMPATH\Common.php(1134): CodeIgniter\View\View->render('admin/post/postCreate', [], true)
 3 APPPATH\Controllers\Admin\PostController.php(11): view('admin/post/postCreate')
 4 SYSTEMPATH\CodeIgniter.php(927): App\Controllers\Admin\PostController->getPost()
 5 SYSTEMPATH\CodeIgniter.php(482): CodeIgniter\CodeIgniter->runController(Object(App\Controllers\Admin\PostController))
 6 SYSTEMPATH\CodeIgniter.php(351): CodeIgniter\CodeIgniter->handleRequest(null, Object(Config\Cache), false)
 7 FCPATH\index.php(67): CodeIgniter\CodeIgniter->run()
CRITICAL - 2022-12-13 04:39:06 --> fopen(http://localhost/CI4_App/public/upload/tinymce/image_asset/index.html): Failed to open stream: HTTP wrapper does not support writeable connections
in SYSTEMPATH\HTTP\Files\UploadedFile.php on line 179.
 1 [internal function]: CodeIgniter\Debug\Exceptions->errorHandler(2, 'fopen(http://localhost/CI4_App/public/upload/tinymce/image_asset/index.html): Failed to open stream: HTTP wrapper does not support writeable connections', 'SYSTEMPATH\\HTTP\\Files\\UploadedFile.php', 179)
 2 SYSTEMPATH\HTTP\Files\UploadedFile.php(179): fopen('http://localhost/CI4_App/public/upload/tinymce/image_asset/index.html', 'x+b')
 3 SYSTEMPATH\HTTP\Files\UploadedFile.php(130): CodeIgniter\HTTP\Files\UploadedFile->setPath('http://localhost/CI4_App/public/upload/tinymce/image_asset/')
 4 APPPATH\Controllers\Admin\PostController.php(43): CodeIgniter\HTTP\Files\UploadedFile->move('http://localhost/CI4_App/public/upload/tinymce/image_asset/')
 5 SYSTEMPATH\CodeIgniter.php(927): App\Controllers\Admin\PostController->savePost()
 6 SYSTEMPATH\CodeIgniter.php(482): CodeIgniter\CodeIgniter->runController(Object(App\Controllers\Admin\PostController))
 7 SYSTEMPATH\CodeIgniter.php(351): CodeIgniter\CodeIgniter->handleRequest(null, Object(Config\Cache), false)
 8 FCPATH\index.php(67): CodeIgniter\CodeIgniter->run()
CRITICAL - 2022-12-13 05:06:58 --> Call to undefined function App\Controllers\Admin\convert_accented_characters()
in APPPATH\Controllers\Admin\PostController.php on line 23.
 1 SYSTEMPATH\CodeIgniter.php(927): App\Controllers\Admin\PostController->savePost()
 2 SYSTEMPATH\CodeIgniter.php(482): CodeIgniter\CodeIgniter->runController(Object(App\Controllers\Admin\PostController))
 3 SYSTEMPATH\CodeIgniter.php(351): CodeIgniter\CodeIgniter->handleRequest(null, Object(Config\Cache), false)
 4 FCPATH\index.php(67): CodeIgniter\CodeIgniter->run()
CRITICAL - 2022-12-13 05:20:24 --> Call to undefined function App\Controllers\Admin\utf8()
in APPPATH\Controllers\Admin\PostController.php on line 27.
 1 SYSTEMPATH\CodeIgniter.php(927): App\Controllers\Admin\PostController->savePost()
 2 SYSTEMPATH\CodeIgniter.php(482): CodeIgniter\CodeIgniter->runController(Object(App\Controllers\Admin\PostController))
 3 SYSTEMPATH\CodeIgniter.php(351): CodeIgniter\CodeIgniter->handleRequest(null, Object(Config\Cache), false)
 4 FCPATH\index.php(67): CodeIgniter\CodeIgniter->run()
CRITICAL - 2022-12-13 10:54:47 --> view(): Argument #2 ($data) must be of type array, CodeIgniter\Database\MySQLi\Result given, called in D:\Dev\xampp\htdocs\CI4_App\app\Controllers\Admin\CateController.php on line 16
in SYSTEMPATH\Common.php on line 1120.
 1 APPPATH\Controllers\Admin\CateController.php(16): view('admin/cate/create', Object(CodeIgniter\Database\MySQLi\Result))
 2 SYSTEMPATH\CodeIgniter.php(927): App\Controllers\Admin\CateController->getCate()
 3 SYSTEMPATH\CodeIgniter.php(482): CodeIgniter\CodeIgniter->runController(Object(App\Controllers\Admin\CateController))
 4 SYSTEMPATH\CodeIgniter.php(351): CodeIgniter\CodeIgniter->handleRequest(null, Object(Config\Cache), false)
 5 FCPATH\index.php(67): CodeIgniter\CodeIgniter->run()
CRITICAL - 2022-12-13 10:55:44 --> syntax error, unexpected token "foreach"
in APPPATH\Views\admin\cate\create.php on line 52.
 1 SYSTEMPATH\View\View.php(216): CodeIgniter\View\View->CodeIgniter\View\{closure}()
 2 SYSTEMPATH\Common.php(1134): CodeIgniter\View\View->render('admin/cate/create', [], true)
 3 APPPATH\Controllers\Admin\CateController.php(16): view('admin/cate/create', [...])
 4 SYSTEMPATH\CodeIgniter.php(927): App\Controllers\Admin\CateController->getCate()
 5 SYSTEMPATH\CodeIgniter.php(482): CodeIgniter\CodeIgniter->runController(Object(App\Controllers\Admin\CateController))
 6 SYSTEMPATH\CodeIgniter.php(351): CodeIgniter\CodeIgniter->handleRequest(null, Object(Config\Cache), false)
 7 FCPATH\index.php(67): CodeIgniter\CodeIgniter->run()
CRITICAL - 2022-12-13 10:56:07 --> syntax error, unexpected token "foreach"
in APPPATH\Views\admin\cate\create.php on line 52.
 1 SYSTEMPATH\View\View.php(216): CodeIgniter\View\View->CodeIgniter\View\{closure}()
 2 SYSTEMPATH\Common.php(1134): CodeIgniter\View\View->render('admin/cate/create', [], true)
 3 APPPATH\Controllers\Admin\CateController.php(16): view('admin/cate/create', [...])
 4 SYSTEMPATH\CodeIgniter.php(927): App\Controllers\Admin\CateController->getCate()
 5 SYSTEMPATH\CodeIgniter.php(482): CodeIgniter\CodeIgniter->runController(Object(App\Controllers\Admin\CateController))
 6 SYSTEMPATH\CodeIgniter.php(351): CodeIgniter\CodeIgniter->handleRequest(null, Object(Config\Cache), false)
 7 FCPATH\index.php(67): CodeIgniter\CodeIgniter->run()
CRITICAL - 2022-12-13 10:57:12 --> syntax error, unexpected token "endforeach", expecting end of file
in APPPATH\Views\admin\cate\create.php on line 54.
 1 SYSTEMPATH\View\View.php(216): CodeIgniter\View\View->CodeIgniter\View\{closure}()
 2 SYSTEMPATH\Common.php(1134): CodeIgniter\View\View->render('admin/cate/create', [], true)
 3 APPPATH\Controllers\Admin\CateController.php(16): view('admin/cate/create', [...])
 4 SYSTEMPATH\CodeIgniter.php(927): App\Controllers\Admin\CateController->getCate()
 5 SYSTEMPATH\CodeIgniter.php(482): CodeIgniter\CodeIgniter->runController(Object(App\Controllers\Admin\CateController))
 6 SYSTEMPATH\CodeIgniter.php(351): CodeIgniter\CodeIgniter->handleRequest(null, Object(Config\Cache), false)
 7 FCPATH\index.php(67): CodeIgniter\CodeIgniter->run()
CRITICAL - 2022-12-13 10:57:18 --> syntax error, unexpected token "endforeach", expecting end of file
in APPPATH\Views\admin\cate\create.php on line 54.
 1 SYSTEMPATH\View\View.php(216): CodeIgniter\View\View->CodeIgniter\View\{closure}()
 2 SYSTEMPATH\Common.php(1134): CodeIgniter\View\View->render('admin/cate/create', [], true)
 3 APPPATH\Controllers\Admin\CateController.php(16): view('admin/cate/create', [...])
 4 SYSTEMPATH\CodeIgniter.php(927): App\Controllers\Admin\CateController->getCate()
 5 SYSTEMPATH\CodeIgniter.php(482): CodeIgniter\CodeIgniter->runController(Object(App\Controllers\Admin\CateController))
 6 SYSTEMPATH\CodeIgniter.php(351): CodeIgniter\CodeIgniter->handleRequest(null, Object(Config\Cache), false)
 7 FCPATH\index.php(67): CodeIgniter\CodeIgniter->run()
CRITICAL - 2022-12-13 10:57:21 --> syntax error, unexpected token "endforeach", expecting end of file
in APPPATH\Views\admin\cate\create.php on line 54.
 1 SYSTEMPATH\View\View.php(216): CodeIgniter\View\View->CodeIgniter\View\{closure}()
 2 SYSTEMPATH\Common.php(1134): CodeIgniter\View\View->render('admin/cate/create', [], true)
 3 APPPATH\Controllers\Admin\CateController.php(16): view('admin/cate/create', [...])
 4 SYSTEMPATH\CodeIgniter.php(927): App\Controllers\Admin\CateController->getCate()
 5 SYSTEMPATH\CodeIgniter.php(482): CodeIgniter\CodeIgniter->runController(Object(App\Controllers\Admin\CateController))
 6 SYSTEMPATH\CodeIgniter.php(351): CodeIgniter\CodeIgniter->handleRequest(null, Object(Config\Cache), false)
 7 FCPATH\index.php(67): CodeIgniter\CodeIgniter->run()
CRITICAL - 2022-12-13 10:57:37 --> syntax error, unexpected token "endforeach", expecting end of file
in APPPATH\Views\admin\cate\create.php on line 54.
 1 SYSTEMPATH\View\View.php(216): CodeIgniter\View\View->CodeIgniter\View\{closure}()
 2 SYSTEMPATH\Common.php(1134): CodeIgniter\View\View->render('admin/cate/create', [], true)
 3 APPPATH\Controllers\Admin\CateController.php(16): view('admin/cate/create', [...])
 4 SYSTEMPATH\CodeIgniter.php(927): App\Controllers\Admin\CateController->getCate()
 5 SYSTEMPATH\CodeIgniter.php(482): CodeIgniter\CodeIgniter->runController(Object(App\Controllers\Admin\CateController))
 6 SYSTEMPATH\CodeIgniter.php(351): CodeIgniter\CodeIgniter->handleRequest(null, Object(Config\Cache), false)
 7 FCPATH\index.php(67): CodeIgniter\CodeIgniter->run()
CRITICAL - 2022-12-13 10:58:33 --> Undefined property: mysqli::$id
in APPPATH\Views\admin\cate\create.php on line 53.
 1 APPPATH\Views\admin\cate\create.php(53): CodeIgniter\Debug\Exceptions->errorHandler(2, 'Undefined property: mysqli::$id', 'APPPATH\\Views\\admin\\cate\\create.php', 53)
 2 SYSTEMPATH\View\View.php(213): include('APPPATH\\Views\\admin\\cate\\create.php')
 3 SYSTEMPATH\View\View.php(216): CodeIgniter\View\View->CodeIgniter\View\{closure}()
 4 SYSTEMPATH\Common.php(1134): CodeIgniter\View\View->render('admin/cate/create', [], true)
 5 APPPATH\Controllers\Admin\CateController.php(16): view('admin/cate/create', [...])
 6 SYSTEMPATH\CodeIgniter.php(927): App\Controllers\Admin\CateController->getCate()
 7 SYSTEMPATH\CodeIgniter.php(482): CodeIgniter\CodeIgniter->runController(Object(App\Controllers\Admin\CateController))
 8 SYSTEMPATH\CodeIgniter.php(351): CodeIgniter\CodeIgniter->handleRequest(null, Object(Config\Cache), false)
 9 FCPATH\index.php(67): CodeIgniter\CodeIgniter->run()
CRITICAL - 2022-12-13 10:58:46 --> Undefined property: mysqli::$cate_id
in APPPATH\Views\admin\cate\create.php on line 53.
 1 APPPATH\Views\admin\cate\create.php(53): CodeIgniter\Debug\Exceptions->errorHandler(2, 'Undefined property: mysqli::$cate_id', 'APPPATH\\Views\\admin\\cate\\create.php', 53)
 2 SYSTEMPATH\View\View.php(213): include('APPPATH\\Views\\admin\\cate\\create.php')
 3 SYSTEMPATH\View\View.php(216): CodeIgniter\View\View->CodeIgniter\View\{closure}()
 4 SYSTEMPATH\Common.php(1134): CodeIgniter\View\View->render('admin/cate/create', [], true)
 5 APPPATH\Controllers\Admin\CateController.php(16): view('admin/cate/create', [...])
 6 SYSTEMPATH\CodeIgniter.php(927): App\Controllers\Admin\CateController->getCate()
 7 SYSTEMPATH\CodeIgniter.php(482): CodeIgniter\CodeIgniter->runController(Object(App\Controllers\Admin\CateController))
 8 SYSTEMPATH\CodeIgniter.php(351): CodeIgniter\CodeIgniter->handleRequest(null, Object(Config\Cache), false)
 9 FCPATH\index.php(67): CodeIgniter\CodeIgniter->run()
CRITICAL - 2022-12-13 11:02:57 --> Attempt to read property "cate_id" on array
in APPPATH\Views\admin\cate\create.php on line 53.
 1 APPPATH\Views\admin\cate\create.php(53): CodeIgniter\Debug\Exceptions->errorHandler(2, 'Attempt to read property "cate_id" on array', 'APPPATH\\Views\\admin\\cate\\create.php', 53)
 2 SYSTEMPATH\View\View.php(213): include('APPPATH\\Views\\admin\\cate\\create.php')
 3 SYSTEMPATH\View\View.php(216): CodeIgniter\View\View->CodeIgniter\View\{closure}()
 4 SYSTEMPATH\Common.php(1134): CodeIgniter\View\View->render('admin/cate/create', [], true)
 5 APPPATH\Controllers\Admin\CateController.php(17): view('admin/cate/create', [...])
 6 SYSTEMPATH\CodeIgniter.php(927): App\Controllers\Admin\CateController->getCate()
 7 SYSTEMPATH\CodeIgniter.php(482): CodeIgniter\CodeIgniter->runController(Object(App\Controllers\Admin\CateController))
 8 SYSTEMPATH\CodeIgniter.php(351): CodeIgniter\CodeIgniter->handleRequest(null, Object(Config\Cache), false)
 9 FCPATH\index.php(67): CodeIgniter\CodeIgniter->run()
CRITICAL - 2022-12-13 11:03:34 --> Attempt to read property "cate_id" on array
in APPPATH\Views\admin\cate\create.php on line 53.
 1 APPPATH\Views\admin\cate\create.php(53): CodeIgniter\Debug\Exceptions->errorHandler(2, 'Attempt to read property "cate_id" on array', 'APPPATH\\Views\\admin\\cate\\create.php', 53)
 2 SYSTEMPATH\View\View.php(213): include('APPPATH\\Views\\admin\\cate\\create.php')
 3 SYSTEMPATH\View\View.php(216): CodeIgniter\View\View->CodeIgniter\View\{closure}()
 4 SYSTEMPATH\Common.php(1134): CodeIgniter\View\View->render('admin/cate/create', [], true)
 5 APPPATH\Controllers\Admin\CateController.php(17): view('admin/cate/create', [...])
 6 SYSTEMPATH\CodeIgniter.php(927): App\Controllers\Admin\CateController->getCate()
 7 SYSTEMPATH\CodeIgniter.php(482): CodeIgniter\CodeIgniter->runController(Object(App\Controllers\Admin\CateController))
 8 SYSTEMPATH\CodeIgniter.php(351): CodeIgniter\CodeIgniter->handleRequest(null, Object(Config\Cache), false)
 9 FCPATH\index.php(67): CodeIgniter\CodeIgniter->run()
CRITICAL - 2022-12-13 11:03:50 --> Attempt to read property "cate_name" on array
in APPPATH\Views\admin\cate\create.php on line 53.
 1 APPPATH\Views\admin\cate\create.php(53): CodeIgniter\Debug\Exceptions->errorHandler(2, 'Attempt to read property "cate_name" on array', 'APPPATH\\Views\\admin\\cate\\create.php', 53)
 2 SYSTEMPATH\View\View.php(213): include('APPPATH\\Views\\admin\\cate\\create.php')
 3 SYSTEMPATH\View\View.php(216): CodeIgniter\View\View->CodeIgniter\View\{closure}()
 4 SYSTEMPATH\Common.php(1134): CodeIgniter\View\View->render('admin/cate/create', [], true)
 5 APPPATH\Controllers\Admin\CateController.php(17): view('admin/cate/create', [...])
 6 SYSTEMPATH\CodeIgniter.php(927): App\Controllers\Admin\CateController->getCate()
 7 SYSTEMPATH\CodeIgniter.php(482): CodeIgniter\CodeIgniter->runController(Object(App\Controllers\Admin\CateController))
 8 SYSTEMPATH\CodeIgniter.php(351): CodeIgniter\CodeIgniter->handleRequest(null, Object(Config\Cache), false)
 9 FCPATH\index.php(67): CodeIgniter\CodeIgniter->run()
CRITICAL - 2022-12-13 11:26:59 --> Undefined variable $cateModel
in APPPATH\Controllers\Admin\CateController.php on line 16.
 1 APPPATH\Controllers\Admin\CateController.php(16): CodeIgniter\Debug\Exceptions->errorHandler(2, 'Undefined variable $cateModel', 'APPPATH\\Controllers\\Admin\\CateController.php', 16)
 2 SYSTEMPATH\CodeIgniter.php(927): App\Controllers\Admin\CateController->getCate()
 3 SYSTEMPATH\CodeIgniter.php(482): CodeIgniter\CodeIgniter->runController(Object(App\Controllers\Admin\CateController))
 4 SYSTEMPATH\CodeIgniter.php(351): CodeIgniter\CodeIgniter->handleRequest(null, Object(Config\Cache), false)
 5 FCPATH\index.php(67): CodeIgniter\CodeIgniter->run()
CRITICAL - 2022-12-13 11:30:08 --> Undefined variable $cate_title
in APPPATH\Controllers\Admin\CateController.php on line 29.
 1 APPPATH\Controllers\Admin\CateController.php(29): CodeIgniter\Debug\Exceptions->errorHandler(2, 'Undefined variable $cate_title', 'APPPATH\\Controllers\\Admin\\CateController.php', 29)
 2 SYSTEMPATH\CodeIgniter.php(927): App\Controllers\Admin\CateController->save()
 3 SYSTEMPATH\CodeIgniter.php(482): CodeIgniter\CodeIgniter->runController(Object(App\Controllers\Admin\CateController))
 4 SYSTEMPATH\CodeIgniter.php(351): CodeIgniter\CodeIgniter->handleRequest(null, Object(Config\Cache), false)
 5 FCPATH\index.php(67): CodeIgniter\CodeIgniter->run()
ERROR - 2022-12-13 11:30:20 --> mysqli_sql_exception: Column 'cate_name' cannot be null in D:\Dev\xampp\htdocs\CI4_App\system\Database\MySQLi\Connection.php:292
Stack trace:
#0 D:\Dev\xampp\htdocs\CI4_App\system\Database\MySQLi\Connection.php(292): mysqli->query('INSERT INTO `ca...', 0)
#1 D:\Dev\xampp\htdocs\CI4_App\system\Database\BaseConnection.php(666): CodeIgniter\Database\MySQLi\Connection->execute('INSERT INTO `ca...')
#2 D:\Dev\xampp\htdocs\CI4_App\system\Database\BaseConnection.php(593): CodeIgniter\Database\BaseConnection->simpleQuery('INSERT INTO `ca...')
#3 D:\Dev\xampp\htdocs\CI4_App\system\Database\BaseBuilder.php(1916): CodeIgniter\Database\BaseConnection->query('INSERT INTO `ca...', Array, false)
#4 D:\Dev\xampp\htdocs\CI4_App\system\Model.php(279): CodeIgniter\Database\BaseBuilder->insert()
#5 D:\Dev\xampp\htdocs\CI4_App\system\BaseModel.php(749): CodeIgniter\Model->doInsert(Array)
#6 D:\Dev\xampp\htdocs\CI4_App\system\Model.php(667): CodeIgniter\BaseModel->insert(Array, true)
#7 D:\Dev\xampp\htdocs\CI4_App\app\Controllers\Admin\CateController.php(39): CodeIgniter\Model->insert(Array)
#8 D:\Dev\xampp\htdocs\CI4_App\system\CodeIgniter.php(927): App\Controllers\Admin\CateController->save()
#9 D:\Dev\xampp\htdocs\CI4_App\system\CodeIgniter.php(482): CodeIgniter\CodeIgniter->runController(Object(App\Controllers\Admin\CateController))
#10 D:\Dev\xampp\htdocs\CI4_App\system\CodeIgniter.php(351): CodeIgniter\CodeIgniter->handleRequest(NULL, Object(Config\Cache), false)
#11 D:\Dev\xampp\htdocs\CI4_App\index.php(67): CodeIgniter\CodeIgniter->run()
#12 {main}
CRITICAL - 2022-12-13 11:30:20 --> Column 'cate_name' cannot be null
in SYSTEMPATH\Database\MySQLi\Connection.php on line 292.
 1 SYSTEMPATH\Database\MySQLi\Connection.php(292): mysqli->query('INSERT INTO `cate` (`cate_name`, `cate_slug`, `cate_status`, `cate_meta_desc`, `cate_meta_key`) VALUES (NULL, \'\', \'0\', \'danh mục mới 2 de\', \'danh mục mới 2 k\')', 0)
 2 SYSTEMPATH\Database\BaseConnection.php(666): CodeIgniter\Database\MySQLi\Connection->execute('INSERT INTO `cate` (`cate_name`, `cate_slug`, `cate_status`, `cate_meta_desc`, `cate_meta_key`) VALUES (NULL, \'\', \'0\', \'danh mục mới 2 de\', \'danh mục mới 2 k\')')
 3 SYSTEMPATH\Database\BaseConnection.php(593): CodeIgniter\Database\BaseConnection->simpleQuery('INSERT INTO `cate` (`cate_name`, `cate_slug`, `cate_status`, `cate_meta_desc`, `cate_meta_key`) VALUES (NULL, \'\', \'0\', \'danh mục mới 2 de\', \'danh mục mới 2 k\')')
 4 SYSTEMPATH\Database\BaseBuilder.php(1916): CodeIgniter\Database\BaseConnection->query('INSERT INTO `cate` (`cate_name`, `cate_slug`, `cate_status`, `cate_meta_desc`, `cate_meta_key`) VALUES (:cate_name:, :cate_slug:, :cate_status:, :cate_meta_desc:, :cate_meta_key:)', [...], false)
 5 SYSTEMPATH\Model.php(279): CodeIgniter\Database\BaseBuilder->insert()
 6 SYSTEMPATH\BaseModel.php(749): CodeIgniter\Model->doInsert([...])
 7 SYSTEMPATH\Model.php(667): CodeIgniter\BaseModel->insert([...], true)
 8 APPPATH\Controllers\Admin\CateController.php(39): CodeIgniter\Model->insert([...])
 9 SYSTEMPATH\CodeIgniter.php(927): App\Controllers\Admin\CateController->save()
10 SYSTEMPATH\CodeIgniter.php(482): CodeIgniter\CodeIgniter->runController(Object(App\Controllers\Admin\CateController))
11 SYSTEMPATH\CodeIgniter.php(351): CodeIgniter\CodeIgniter->handleRequest(null, Object(Config\Cache), false)
12 FCPATH\index.php(67): CodeIgniter\CodeIgniter->run()
ERROR - 2022-12-13 11:30:45 --> mysqli_sql_exception: Column 'cate_name' cannot be null in D:\Dev\xampp\htdocs\CI4_App\system\Database\MySQLi\Connection.php:292
Stack trace:
#0 D:\Dev\xampp\htdocs\CI4_App\system\Database\MySQLi\Connection.php(292): mysqli->query('INSERT INTO `ca...', 0)
#1 D:\Dev\xampp\htdocs\CI4_App\system\Database\BaseConnection.php(666): CodeIgniter\Database\MySQLi\Connection->execute('INSERT INTO `ca...')
#2 D:\Dev\xampp\htdocs\CI4_App\system\Database\BaseConnection.php(593): CodeIgniter\Database\BaseConnection->simpleQuery('INSERT INTO `ca...')
#3 D:\Dev\xampp\htdocs\CI4_App\system\Database\BaseBuilder.php(1916): CodeIgniter\Database\BaseConnection->query('INSERT INTO `ca...', Array, false)
#4 D:\Dev\xampp\htdocs\CI4_App\system\Model.php(279): CodeIgniter\Database\BaseBuilder->insert()
#5 D:\Dev\xampp\htdocs\CI4_App\system\BaseModel.php(749): CodeIgniter\Model->doInsert(Array)
#6 D:\Dev\xampp\htdocs\CI4_App\system\Model.php(667): CodeIgniter\BaseModel->insert(Array, true)
#7 D:\Dev\xampp\htdocs\CI4_App\app\Controllers\Admin\CateController.php(39): CodeIgniter\Model->insert(Array)
#8 D:\Dev\xampp\htdocs\CI4_App\system\CodeIgniter.php(927): App\Controllers\Admin\CateController->save()
#9 D:\Dev\xampp\htdocs\CI4_App\system\CodeIgniter.php(482): CodeIgniter\CodeIgniter->runController(Object(App\Controllers\Admin\CateController))
#10 D:\Dev\xampp\htdocs\CI4_App\system\CodeIgniter.php(351): CodeIgniter\CodeIgniter->handleRequest(NULL, Object(Config\Cache), false)
#11 D:\Dev\xampp\htdocs\CI4_App\index.php(67): CodeIgniter\CodeIgniter->run()
#12 {main}
CRITICAL - 2022-12-13 11:30:45 --> Column 'cate_name' cannot be null
in SYSTEMPATH\Database\MySQLi\Connection.php on line 292.
 1 SYSTEMPATH\Database\MySQLi\Connection.php(292): mysqli->query('INSERT INTO `cate` (`cate_name`, `cate_slug`, `cate_status`, `cate_meta_desc`, `cate_meta_key`) VALUES (NULL, \'\', \'0\', \'danh mục mới 2 de\', \'danh mục mới 2 k\')', 0)
 2 SYSTEMPATH\Database\BaseConnection.php(666): CodeIgniter\Database\MySQLi\Connection->execute('INSERT INTO `cate` (`cate_name`, `cate_slug`, `cate_status`, `cate_meta_desc`, `cate_meta_key`) VALUES (NULL, \'\', \'0\', \'danh mục mới 2 de\', \'danh mục mới 2 k\')')
 3 SYSTEMPATH\Database\BaseConnection.php(593): CodeIgniter\Database\BaseConnection->simpleQuery('INSERT INTO `cate` (`cate_name`, `cate_slug`, `cate_status`, `cate_meta_desc`, `cate_meta_key`) VALUES (NULL, \'\', \'0\', \'danh mục mới 2 de\', \'danh mục mới 2 k\')')
 4 SYSTEMPATH\Database\BaseBuilder.php(1916): CodeIgniter\Database\BaseConnection->query('INSERT INTO `cate` (`cate_name`, `cate_slug`, `cate_status`, `cate_meta_desc`, `cate_meta_key`) VALUES (:cate_name:, :cate_slug:, :cate_status:, :cate_meta_desc:, :cate_meta_key:)', [...], false)
 5 SYSTEMPATH\Model.php(279): CodeIgniter\Database\BaseBuilder->insert()
 6 SYSTEMPATH\BaseModel.php(749): CodeIgniter\Model->doInsert([...])
 7 SYSTEMPATH\Model.php(667): CodeIgniter\BaseModel->insert([...], true)
 8 APPPATH\Controllers\Admin\CateController.php(39): CodeIgniter\Model->insert([...])
 9 SYSTEMPATH\CodeIgniter.php(927): App\Controllers\Admin\CateController->save()
10 SYSTEMPATH\CodeIgniter.php(482): CodeIgniter\CodeIgniter->runController(Object(App\Controllers\Admin\CateController))
11 SYSTEMPATH\CodeIgniter.php(351): CodeIgniter\CodeIgniter->handleRequest(null, Object(Config\Cache), false)
12 FCPATH\index.php(67): CodeIgniter\CodeIgniter->run()
CRITICAL - 2022-12-13 12:16:00 --> Too few arguments to function App\Controllers\Admin\CateController::getEditCate(), 0 passed in D:\Dev\xampp\htdocs\CI4_App\system\CodeIgniter.php on line 927 and exactly 1 expected
in APPPATH\Controllers\Admin\CateController.php on line 53.
 1 SYSTEMPATH\CodeIgniter.php(927): App\Controllers\Admin\CateController->getEditCate()
 2 SYSTEMPATH\CodeIgniter.php(482): CodeIgniter\CodeIgniter->runController(Object(App\Controllers\Admin\CateController))
 3 SYSTEMPATH\CodeIgniter.php(351): CodeIgniter\CodeIgniter->handleRequest(null, Object(Config\Cache), false)
 4 FCPATH\index.php(67): CodeIgniter\CodeIgniter->run()
CRITICAL - 2022-12-13 12:17:25 --> Undefined variable $cate_id
in APPPATH\Config\Routes.php on line 82.
 1 APPPATH\Config\Routes.php(82): CodeIgniter\Debug\Exceptions->errorHandler(2, 'Undefined variable $cate_id', 'APPPATH\\Config\\Routes.php', 82)
 2 SYSTEMPATH\Router\RouteCollection.php(645): CodeIgniter\CodeIgniter->Config\{closure}(Object(CodeIgniter\Router\RouteCollection))
 3 APPPATH\Config\Routes.php(85): CodeIgniter\Router\RouteCollection->group('cate', Object(Closure))
 4 SYSTEMPATH\Router\RouteCollection.php(645): CodeIgniter\CodeIgniter->Config\{closure}(Object(CodeIgniter\Router\RouteCollection))
 5 APPPATH\Config\Routes.php(92): CodeIgniter\Router\RouteCollection->group('admin', [...], Object(Closure))
 6 SYSTEMPATH\CodeIgniter.php(789): require('APPPATH\\Config\\Routes.php')
 7 SYSTEMPATH\CodeIgniter.php(430): CodeIgniter\CodeIgniter->tryToRouteIt(Object(CodeIgniter\Router\RouteCollection))
 8 SYSTEMPATH\CodeIgniter.php(351): CodeIgniter\CodeIgniter->handleRequest(null, Object(Config\Cache), false)
 9 FCPATH\index.php(67): CodeIgniter\CodeIgniter->run()
ERROR - 2022-12-13 12:18:12 --> mysqli_sql_exception: Unknown column 'cate.id' in 'where clause' in D:\Dev\xampp\htdocs\CI4_App\system\Database\MySQLi\Connection.php:292
Stack trace:
#0 D:\Dev\xampp\htdocs\CI4_App\system\Database\MySQLi\Connection.php(292): mysqli->query('SELECT *\nFROM `...', 0)
#1 D:\Dev\xampp\htdocs\CI4_App\system\Database\BaseConnection.php(666): CodeIgniter\Database\MySQLi\Connection->execute('SELECT *\nFROM `...')
#2 D:\Dev\xampp\htdocs\CI4_App\system\Database\BaseConnection.php(593): CodeIgniter\Database\BaseConnection->simpleQuery('SELECT *\nFROM `...')
#3 D:\Dev\xampp\htdocs\CI4_App\system\Database\BaseBuilder.php(1585): CodeIgniter\Database\BaseConnection->query('SELECT *\nFROM `...', Array, false)
#4 D:\Dev\xampp\htdocs\CI4_App\system\Model.php(182): CodeIgniter\Database\BaseBuilder->get()
#5 D:\Dev\xampp\htdocs\CI4_App\system\BaseModel.php(524): CodeIgniter\Model->doFind(true, '14')
#6 D:\Dev\xampp\htdocs\CI4_App\app\Controllers\Admin\CateController.php(56): CodeIgniter\BaseModel->find('14')
#7 D:\Dev\xampp\htdocs\CI4_App\system\CodeIgniter.php(927): App\Controllers\Admin\CateController->getEditCate('14')
#8 D:\Dev\xampp\htdocs\CI4_App\system\CodeIgniter.php(482): CodeIgniter\CodeIgniter->runController(Object(App\Controllers\Admin\CateController))
#9 D:\Dev\xampp\htdocs\CI4_App\system\CodeIgniter.php(351): CodeIgniter\CodeIgniter->handleRequest(NULL, Object(Config\Cache), false)
#10 D:\Dev\xampp\htdocs\CI4_App\index.php(67): CodeIgniter\CodeIgniter->run()
#11 {main}
CRITICAL - 2022-12-13 12:18:12 --> Unknown column 'cate.id' in 'where clause'
in SYSTEMPATH\Database\MySQLi\Connection.php on line 292.
 1 SYSTEMPATH\Database\MySQLi\Connection.php(292): mysqli->query('SELECT *
FROM `cate`
WHERE `cate`.`id` = \'14\'', 0)
 2 SYSTEMPATH\Database\BaseConnection.php(666): CodeIgniter\Database\MySQLi\Connection->execute('SELECT *
FROM `cate`
WHERE `cate`.`id` = \'14\'')
 3 SYSTEMPATH\Database\BaseConnection.php(593): CodeIgniter\Database\BaseConnection->simpleQuery('SELECT *
FROM `cate`
WHERE `cate`.`id` = \'14\'')
 4 SYSTEMPATH\Database\BaseBuilder.php(1585): CodeIgniter\Database\BaseConnection->query('SELECT *
FROM `cate`
WHERE `cate`.`id` = :cate.id:', [...], false)
 5 SYSTEMPATH\Model.php(182): CodeIgniter\Database\BaseBuilder->get()
 6 SYSTEMPATH\BaseModel.php(524): CodeIgniter\Model->doFind(true, '14')
 7 APPPATH\Controllers\Admin\CateController.php(56): CodeIgniter\BaseModel->find('14')
 8 SYSTEMPATH\CodeIgniter.php(927): App\Controllers\Admin\CateController->getEditCate('14')
 9 SYSTEMPATH\CodeIgniter.php(482): CodeIgniter\CodeIgniter->runController(Object(App\Controllers\Admin\CateController))
10 SYSTEMPATH\CodeIgniter.php(351): CodeIgniter\CodeIgniter->handleRequest(null, Object(Config\Cache), false)
11 FCPATH\index.php(67): CodeIgniter\CodeIgniter->run()
CRITICAL - 2022-12-13 12:22:01 --> Cannot access offset of type string on string
in APPPATH\Views\admin\cate\edit.php on line 54.
 1 SYSTEMPATH\View\View.php(213): include()
 2 SYSTEMPATH\View\View.php(216): CodeIgniter\View\View->CodeIgniter\View\{closure}()
 3 SYSTEMPATH\Common.php(1134): CodeIgniter\View\View->render('admin/cate/edit', [], true)
 4 APPPATH\Controllers\Admin\CateController.php(58): view('admin/cate/edit', [...])
 5 SYSTEMPATH\CodeIgniter.php(927): App\Controllers\Admin\CateController->getEditCate('14')
 6 SYSTEMPATH\CodeIgniter.php(482): CodeIgniter\CodeIgniter->runController(Object(App\Controllers\Admin\CateController))
 7 SYSTEMPATH\CodeIgniter.php(351): CodeIgniter\CodeIgniter->handleRequest(null, Object(Config\Cache), false)
 8 FCPATH\index.php(67): CodeIgniter\CodeIgniter->run()
CRITICAL - 2022-12-13 12:25:00 --> Cannot use temporary expression in write context
in APPPATH\Controllers\Admin\CateController.php on line 58.
 1 [internal function]: CodeIgniter\Debug\Exceptions->shutdownHandler()
CRITICAL - 2022-12-13 12:25:24 --> syntax error, unexpected token "}", expecting "," or ";"
in APPPATH\Views\admin\cate\edit.php on line 51.
 1 SYSTEMPATH\View\View.php(216): CodeIgniter\View\View->CodeIgniter\View\{closure}()
 2 SYSTEMPATH\Common.php(1134): CodeIgniter\View\View->render('admin/cate/edit', [], true)
 3 APPPATH\Controllers\Admin\CateController.php(60): view('admin/cate/edit', [...])
 4 SYSTEMPATH\CodeIgniter.php(927): App\Controllers\Admin\CateController->getEditCate('14')
 5 SYSTEMPATH\CodeIgniter.php(482): CodeIgniter\CodeIgniter->runController(Object(App\Controllers\Admin\CateController))
 6 SYSTEMPATH\CodeIgniter.php(351): CodeIgniter\CodeIgniter->handleRequest(null, Object(Config\Cache), false)
 7 FCPATH\index.php(67): CodeIgniter\CodeIgniter->run()
CRITICAL - 2022-12-13 12:45:36 --> Trying to access array offset on value of type null
in APPPATH\Views\admin\cate\edit.php on line 42.
 1 APPPATH\Views\admin\cate\edit.php(42): CodeIgniter\Debug\Exceptions->errorHandler(2, 'Trying to access array offset on value of type null', 'APPPATH\\Views\\admin\\cate\\edit.php', 42)
 2 SYSTEMPATH\View\View.php(213): include('APPPATH\\Views\\admin\\cate\\edit.php')
 3 SYSTEMPATH\View\View.php(216): CodeIgniter\View\View->CodeIgniter\View\{closure}()
 4 SYSTEMPATH\Common.php(1134): CodeIgniter\View\View->render('admin/cate/edit', [], true)
 5 APPPATH\Controllers\Admin\CateController.php(61): view('admin/cate/edit', [...])
 6 SYSTEMPATH\CodeIgniter.php(927): App\Controllers\Admin\CateController->getEditCate('19')
 7 SYSTEMPATH\CodeIgniter.php(482): CodeIgniter\CodeIgniter->runController(Object(App\Controllers\Admin\CateController))
 8 SYSTEMPATH\CodeIgniter.php(351): CodeIgniter\CodeIgniter->handleRequest(null, Object(Config\Cache), false)
 9 FCPATH\index.php(67): CodeIgniter\CodeIgniter->run()
CRITICAL - 2022-12-13 12:46:16 --> Trying to access array offset on value of type null
in APPPATH\Views\admin\cate\edit.php on line 42.
 1 APPPATH\Views\admin\cate\edit.php(42): CodeIgniter\Debug\Exceptions->errorHandler(2, 'Trying to access array offset on value of type null', 'APPPATH\\Views\\admin\\cate\\edit.php', 42)
 2 SYSTEMPATH\View\View.php(213): include('APPPATH\\Views\\admin\\cate\\edit.php')
 3 SYSTEMPATH\View\View.php(216): CodeIgniter\View\View->CodeIgniter\View\{closure}()
 4 SYSTEMPATH\Common.php(1134): CodeIgniter\View\View->render('admin/cate/edit', [], true)
 5 APPPATH\Controllers\Admin\CateController.php(61): view('admin/cate/edit', [...])
 6 SYSTEMPATH\CodeIgniter.php(927): App\Controllers\Admin\CateController->getEditCate('19')
 7 SYSTEMPATH\CodeIgniter.php(482): CodeIgniter\CodeIgniter->runController(Object(App\Controllers\Admin\CateController))
 8 SYSTEMPATH\CodeIgniter.php(351): CodeIgniter\CodeIgniter->handleRequest(null, Object(Config\Cache), false)
 9 FCPATH\index.php(67): CodeIgniter\CodeIgniter->run()
CRITICAL - 2022-12-13 12:46:43 --> Trying to access array offset on value of type null
in APPPATH\Views\admin\cate\edit.php on line 42.
 1 APPPATH\Views\admin\cate\edit.php(42): CodeIgniter\Debug\Exceptions->errorHandler(2, 'Trying to access array offset on value of type null', 'APPPATH\\Views\\admin\\cate\\edit.php', 42)
 2 SYSTEMPATH\View\View.php(213): include('APPPATH\\Views\\admin\\cate\\edit.php')
 3 SYSTEMPATH\View\View.php(216): CodeIgniter\View\View->CodeIgniter\View\{closure}()
 4 SYSTEMPATH\Common.php(1134): CodeIgniter\View\View->render('admin/cate/edit', [], true)
 5 APPPATH\Controllers\Admin\CateController.php(61): view('admin/cate/edit', [...])
 6 SYSTEMPATH\CodeIgniter.php(927): App\Controllers\Admin\CateController->getEditCate('19')
 7 SYSTEMPATH\CodeIgniter.php(482): CodeIgniter\CodeIgniter->runController(Object(App\Controllers\Admin\CateController))
 8 SYSTEMPATH\CodeIgniter.php(351): CodeIgniter\CodeIgniter->handleRequest(null, Object(Config\Cache), false)
 9 FCPATH\index.php(67): CodeIgniter\CodeIgniter->run()
