CRITICAL - 2022-12-21 08:24:52 --> Cannot redeclare App\Controllers\Admin\PostController::show()
in APPPATH\Controllers\Admin\PostController.php on line 325.
 1 [internal function]: CodeIgniter\Debug\Exceptions->shutdownHandler()
CRITICAL - 2022-12-21 08:25:59 --> Cannot redeclare App\Controllers\Admin\PostController::show()
in APPPATH\Controllers\Admin\PostController.php on line 325.
 1 [internal function]: CodeIgniter\Debug\Exceptions->shutdownHandler()
CRITICAL - 2022-12-21 08:26:01 --> Cannot redeclare App\Controllers\Admin\PostController::show()
in APPPATH\Controllers\Admin\PostController.php on line 325.
 1 [internal function]: CodeIgniter\Debug\Exceptions->shutdownHandler()
CRITICAL - 2022-12-21 08:27:28 --> Cannot redeclare App\Controllers\Admin\PostController::show()
in APPPATH\Controllers\Admin\PostController.php on line 325.
 1 [internal function]: CodeIgniter\Debug\Exceptions->shutdownHandler()
CRITICAL - 2022-12-21 08:27:29 --> Cannot redeclare App\Controllers\Admin\PostController::show()
in APPPATH\Controllers\Admin\PostController.php on line 325.
 1 [internal function]: CodeIgniter\Debug\Exceptions->shutdownHandler()
CRITICAL - 2022-12-21 08:27:42 --> Cannot redeclare App\Controllers\Admin\PostController::show()
in APPPATH\Controllers\Admin\PostController.php on line 325.
 1 [internal function]: CodeIgniter\Debug\Exceptions->shutdownHandler()
CRITICAL - 2022-12-21 08:27:43 --> Cannot redeclare App\Controllers\Admin\PostController::show()
in APPPATH\Controllers\Admin\PostController.php on line 325.
 1 [internal function]: CodeIgniter\Debug\Exceptions->shutdownHandler()
CRITICAL - 2022-12-21 08:30:59 --> Undefined variable $builder
in APPPATH\Controllers\Admin\PostController.php on line 321.
 1 APPPATH\Controllers\Admin\PostController.php(321): CodeIgniter\Debug\Exceptions->errorHandler(2, 'Undefined variable $builder', 'APPPATH\\Controllers\\Admin\\PostController.php', 321)
 2 SYSTEMPATH\CodeIgniter.php(927): App\Controllers\Admin\PostController->show('28')
 3 SYSTEMPATH\CodeIgniter.php(482): CodeIgniter\CodeIgniter->runController(Object(App\Controllers\Admin\PostController))
 4 SYSTEMPATH\CodeIgniter.php(351): CodeIgniter\CodeIgniter->handleRequest(null, Object(Config\Cache), false)
 5 FCPATH\index.php(67): CodeIgniter\CodeIgniter->run()
CRITICAL - 2022-12-21 08:31:25 --> Call to a member function set() on array
in APPPATH\Controllers\Admin\PostController.php on line 321.
 1 SYSTEMPATH\CodeIgniter.php(927): App\Controllers\Admin\PostController->show('28')
 2 SYSTEMPATH\CodeIgniter.php(482): CodeIgniter\CodeIgniter->runController(Object(App\Controllers\Admin\PostController))
 3 SYSTEMPATH\CodeIgniter.php(351): CodeIgniter\CodeIgniter->handleRequest(null, Object(Config\Cache), false)
 4 FCPATH\index.php(67): CodeIgniter\CodeIgniter->run()
CRITICAL - 2022-12-21 08:35:49 --> There is no data to update.
in SYSTEMPATH\BaseModel.php on line 867.
 1 SYSTEMPATH\BaseModel.php(867): CodeIgniter\Database\Exceptions\DataException::forEmptyDataset('update')
 2 SYSTEMPATH\Model.php(693): CodeIgniter\BaseModel->update(null, [])
 3 APPPATH\Controllers\Admin\PostController.php(321): CodeIgniter\Model->update()
 4 SYSTEMPATH\CodeIgniter.php(927): App\Controllers\Admin\PostController->show('28')
 5 SYSTEMPATH\CodeIgniter.php(482): CodeIgniter\CodeIgniter->runController(Object(App\Controllers\Admin\PostController))
 6 SYSTEMPATH\CodeIgniter.php(351): CodeIgniter\CodeIgniter->handleRequest(null, Object(Config\Cache), false)
 7 FCPATH\index.php(67): CodeIgniter\CodeIgniter->run()
CRITICAL - 2022-12-21 08:38:57 --> There is no data to update.
in SYSTEMPATH\BaseModel.php on line 867.
 1 SYSTEMPATH\BaseModel.php(867): CodeIgniter\Database\Exceptions\DataException::forEmptyDataset('update')
 2 SYSTEMPATH\Model.php(693): CodeIgniter\BaseModel->update(null, [])
 3 APPPATH\Controllers\Admin\PostController.php(321): CodeIgniter\Model->update()
 4 SYSTEMPATH\CodeIgniter.php(927): App\Controllers\Admin\PostController->show('28')
 5 SYSTEMPATH\CodeIgniter.php(482): CodeIgniter\CodeIgniter->runController(Object(App\Controllers\Admin\PostController))
 6 SYSTEMPATH\CodeIgniter.php(351): CodeIgniter\CodeIgniter->handleRequest(null, Object(Config\Cache), false)
 7 FCPATH\index.php(67): CodeIgniter\CodeIgniter->run()
CRITICAL - 2022-12-21 08:40:14 --> There is no data to update.
in SYSTEMPATH\BaseModel.php on line 867.
 1 SYSTEMPATH\BaseModel.php(867): CodeIgniter\Database\Exceptions\DataException::forEmptyDataset('update')
 2 SYSTEMPATH\Model.php(693): CodeIgniter\BaseModel->update(null, [])
 3 APPPATH\Controllers\Admin\PostController.php(321): CodeIgniter\Model->update()
 4 SYSTEMPATH\CodeIgniter.php(927): App\Controllers\Admin\PostController->show('28')
 5 SYSTEMPATH\CodeIgniter.php(482): CodeIgniter\CodeIgniter->runController(Object(App\Controllers\Admin\PostController))
 6 SYSTEMPATH\CodeIgniter.php(351): CodeIgniter\CodeIgniter->handleRequest(null, Object(Config\Cache), false)
 7 FCPATH\index.php(67): CodeIgniter\CodeIgniter->run()
CRITICAL - 2022-12-21 08:40:32 --> There is no data to update.
in SYSTEMPATH\BaseModel.php on line 867.
 1 SYSTEMPATH\BaseModel.php(867): CodeIgniter\Database\Exceptions\DataException::forEmptyDataset('update')
 2 SYSTEMPATH\Model.php(693): CodeIgniter\BaseModel->update(null, [])
 3 APPPATH\Controllers\Admin\PostController.php(321): CodeIgniter\Model->update()
 4 SYSTEMPATH\CodeIgniter.php(927): App\Controllers\Admin\PostController->show('28')
 5 SYSTEMPATH\CodeIgniter.php(482): CodeIgniter\CodeIgniter->runController(Object(App\Controllers\Admin\PostController))
 6 SYSTEMPATH\CodeIgniter.php(351): CodeIgniter\CodeIgniter->handleRequest(null, Object(Config\Cache), false)
 7 FCPATH\index.php(67): CodeIgniter\CodeIgniter->run()
CRITICAL - 2022-12-21 08:53:25 --> There is no data to update.
in SYSTEMPATH\BaseModel.php on line 867.
 1 SYSTEMPATH\BaseModel.php(867): CodeIgniter\Database\Exceptions\DataException::forEmptyDataset('update')
 2 SYSTEMPATH\Model.php(693): CodeIgniter\BaseModel->update(null, [])
 3 APPPATH\Controllers\Admin\PostController.php(323): CodeIgniter\Model->update()
 4 SYSTEMPATH\CodeIgniter.php(927): App\Controllers\Admin\PostController->show('28')
 5 SYSTEMPATH\CodeIgniter.php(482): CodeIgniter\CodeIgniter->runController(Object(App\Controllers\Admin\PostController))
 6 SYSTEMPATH\CodeIgniter.php(351): CodeIgniter\CodeIgniter->handleRequest(null, Object(Config\Cache), false)
 7 FCPATH\index.php(67): CodeIgniter\CodeIgniter->run()
CRITICAL - 2022-12-21 08:53:26 --> There is no data to update.
in SYSTEMPATH\BaseModel.php on line 867.
 1 SYSTEMPATH\BaseModel.php(867): CodeIgniter\Database\Exceptions\DataException::forEmptyDataset('update')
 2 SYSTEMPATH\Model.php(693): CodeIgniter\BaseModel->update(null, [])
 3 APPPATH\Controllers\Admin\PostController.php(323): CodeIgniter\Model->update()
 4 SYSTEMPATH\CodeIgniter.php(927): App\Controllers\Admin\PostController->show('28')
 5 SYSTEMPATH\CodeIgniter.php(482): CodeIgniter\CodeIgniter->runController(Object(App\Controllers\Admin\PostController))
 6 SYSTEMPATH\CodeIgniter.php(351): CodeIgniter\CodeIgniter->handleRequest(null, Object(Config\Cache), false)
 7 FCPATH\index.php(67): CodeIgniter\CodeIgniter->run()
CRITICAL - 2022-12-21 08:53:27 --> There is no data to update.
in SYSTEMPATH\BaseModel.php on line 867.
 1 SYSTEMPATH\BaseModel.php(867): CodeIgniter\Database\Exceptions\DataException::forEmptyDataset('update')
 2 SYSTEMPATH\Model.php(693): CodeIgniter\BaseModel->update(null, [])
 3 APPPATH\Controllers\Admin\PostController.php(323): CodeIgniter\Model->update()
 4 SYSTEMPATH\CodeIgniter.php(927): App\Controllers\Admin\PostController->show('28')
 5 SYSTEMPATH\CodeIgniter.php(482): CodeIgniter\CodeIgniter->runController(Object(App\Controllers\Admin\PostController))
 6 SYSTEMPATH\CodeIgniter.php(351): CodeIgniter\CodeIgniter->handleRequest(null, Object(Config\Cache), false)
 7 FCPATH\index.php(67): CodeIgniter\CodeIgniter->run()
CRITICAL - 2022-12-21 08:53:30 --> There is no data to update.
in SYSTEMPATH\BaseModel.php on line 867.
 1 SYSTEMPATH\BaseModel.php(867): CodeIgniter\Database\Exceptions\DataException::forEmptyDataset('update')
 2 SYSTEMPATH\Model.php(693): CodeIgniter\BaseModel->update(null, [])
 3 APPPATH\Controllers\Admin\PostController.php(323): CodeIgniter\Model->update()
 4 SYSTEMPATH\CodeIgniter.php(927): App\Controllers\Admin\PostController->show('28')
 5 SYSTEMPATH\CodeIgniter.php(482): CodeIgniter\CodeIgniter->runController(Object(App\Controllers\Admin\PostController))
 6 SYSTEMPATH\CodeIgniter.php(351): CodeIgniter\CodeIgniter->handleRequest(null, Object(Config\Cache), false)
 7 FCPATH\index.php(67): CodeIgniter\CodeIgniter->run()
CRITICAL - 2022-12-21 08:54:13 --> There is no data to update.
in SYSTEMPATH\BaseModel.php on line 867.
 1 SYSTEMPATH\BaseModel.php(867): CodeIgniter\Database\Exceptions\DataException::forEmptyDataset('update')
 2 SYSTEMPATH\Model.php(693): CodeIgniter\BaseModel->update(null, [])
 3 APPPATH\Controllers\Admin\PostController.php(323): CodeIgniter\Model->update()
 4 SYSTEMPATH\CodeIgniter.php(927): App\Controllers\Admin\PostController->show('28')
 5 SYSTEMPATH\CodeIgniter.php(482): CodeIgniter\CodeIgniter->runController(Object(App\Controllers\Admin\PostController))
 6 SYSTEMPATH\CodeIgniter.php(351): CodeIgniter\CodeIgniter->handleRequest(null, Object(Config\Cache), false)
 7 FCPATH\index.php(67): CodeIgniter\CodeIgniter->run()
CRITICAL - 2022-12-21 08:54:14 --> There is no data to update.
in SYSTEMPATH\BaseModel.php on line 867.
 1 SYSTEMPATH\BaseModel.php(867): CodeIgniter\Database\Exceptions\DataException::forEmptyDataset('update')
 2 SYSTEMPATH\Model.php(693): CodeIgniter\BaseModel->update(null, [])
 3 APPPATH\Controllers\Admin\PostController.php(323): CodeIgniter\Model->update()
 4 SYSTEMPATH\CodeIgniter.php(927): App\Controllers\Admin\PostController->show('28')
 5 SYSTEMPATH\CodeIgniter.php(482): CodeIgniter\CodeIgniter->runController(Object(App\Controllers\Admin\PostController))
 6 SYSTEMPATH\CodeIgniter.php(351): CodeIgniter\CodeIgniter->handleRequest(null, Object(Config\Cache), false)
 7 FCPATH\index.php(67): CodeIgniter\CodeIgniter->run()
CRITICAL - 2022-12-21 08:54:19 --> There is no data to update.
in SYSTEMPATH\BaseModel.php on line 867.
 1 SYSTEMPATH\BaseModel.php(867): CodeIgniter\Database\Exceptions\DataException::forEmptyDataset('update')
 2 SYSTEMPATH\Model.php(693): CodeIgniter\BaseModel->update(null, [])
 3 APPPATH\Controllers\Admin\PostController.php(323): CodeIgniter\Model->update()
 4 SYSTEMPATH\CodeIgniter.php(927): App\Controllers\Admin\PostController->show('28')
 5 SYSTEMPATH\CodeIgniter.php(482): CodeIgniter\CodeIgniter->runController(Object(App\Controllers\Admin\PostController))
 6 SYSTEMPATH\CodeIgniter.php(351): CodeIgniter\CodeIgniter->handleRequest(null, Object(Config\Cache), false)
 7 FCPATH\index.php(67): CodeIgniter\CodeIgniter->run()
CRITICAL - 2022-12-21 08:54:25 --> There is no data to update.
in SYSTEMPATH\BaseModel.php on line 867.
 1 SYSTEMPATH\BaseModel.php(867): CodeIgniter\Database\Exceptions\DataException::forEmptyDataset('update')
 2 SYSTEMPATH\Model.php(693): CodeIgniter\BaseModel->update(null, [])
 3 APPPATH\Controllers\Admin\PostController.php(323): CodeIgniter\Model->update()
 4 SYSTEMPATH\CodeIgniter.php(927): App\Controllers\Admin\PostController->show('28')
 5 SYSTEMPATH\CodeIgniter.php(482): CodeIgniter\CodeIgniter->runController(Object(App\Controllers\Admin\PostController))
 6 SYSTEMPATH\CodeIgniter.php(351): CodeIgniter\CodeIgniter->handleRequest(null, Object(Config\Cache), false)
 7 FCPATH\index.php(67): CodeIgniter\CodeIgniter->run()
CRITICAL - 2022-12-21 08:54:26 --> There is no data to update.
in SYSTEMPATH\BaseModel.php on line 867.
 1 SYSTEMPATH\BaseModel.php(867): CodeIgniter\Database\Exceptions\DataException::forEmptyDataset('update')
 2 SYSTEMPATH\Model.php(693): CodeIgniter\BaseModel->update(null, [])
 3 APPPATH\Controllers\Admin\PostController.php(323): CodeIgniter\Model->update()
 4 SYSTEMPATH\CodeIgniter.php(927): App\Controllers\Admin\PostController->show('28')
 5 SYSTEMPATH\CodeIgniter.php(482): CodeIgniter\CodeIgniter->runController(Object(App\Controllers\Admin\PostController))
 6 SYSTEMPATH\CodeIgniter.php(351): CodeIgniter\CodeIgniter->handleRequest(null, Object(Config\Cache), false)
 7 FCPATH\index.php(67): CodeIgniter\CodeIgniter->run()
CRITICAL - 2022-12-21 08:54:50 --> There is no data to update.
in SYSTEMPATH\BaseModel.php on line 867.
 1 SYSTEMPATH\BaseModel.php(867): CodeIgniter\Database\Exceptions\DataException::forEmptyDataset('update')
 2 SYSTEMPATH\Model.php(693): CodeIgniter\BaseModel->update([...], [])
 3 APPPATH\Controllers\Admin\PostController.php(323): CodeIgniter\Model->update('28', [...])
 4 SYSTEMPATH\CodeIgniter.php(927): App\Controllers\Admin\PostController->show('28')
 5 SYSTEMPATH\CodeIgniter.php(482): CodeIgniter\CodeIgniter->runController(Object(App\Controllers\Admin\PostController))
 6 SYSTEMPATH\CodeIgniter.php(351): CodeIgniter\CodeIgniter->handleRequest(null, Object(Config\Cache), false)
 7 FCPATH\index.php(67): CodeIgniter\CodeIgniter->run()
CRITICAL - 2022-12-21 08:54:51 --> There is no data to update.
in SYSTEMPATH\BaseModel.php on line 867.
 1 SYSTEMPATH\BaseModel.php(867): CodeIgniter\Database\Exceptions\DataException::forEmptyDataset('update')
 2 SYSTEMPATH\Model.php(693): CodeIgniter\BaseModel->update([...], [])
 3 APPPATH\Controllers\Admin\PostController.php(323): CodeIgniter\Model->update('28', [...])
 4 SYSTEMPATH\CodeIgniter.php(927): App\Controllers\Admin\PostController->show('28')
 5 SYSTEMPATH\CodeIgniter.php(482): CodeIgniter\CodeIgniter->runController(Object(App\Controllers\Admin\PostController))
 6 SYSTEMPATH\CodeIgniter.php(351): CodeIgniter\CodeIgniter->handleRequest(null, Object(Config\Cache), false)
 7 FCPATH\index.php(67): CodeIgniter\CodeIgniter->run()
CRITICAL - 2022-12-21 08:54:54 --> There is no data to update.
in SYSTEMPATH\BaseModel.php on line 867.
 1 SYSTEMPATH\BaseModel.php(867): CodeIgniter\Database\Exceptions\DataException::forEmptyDataset('update')
 2 SYSTEMPATH\Model.php(693): CodeIgniter\BaseModel->update([...], [])
 3 APPPATH\Controllers\Admin\PostController.php(323): CodeIgniter\Model->update('28', [...])
 4 SYSTEMPATH\CodeIgniter.php(927): App\Controllers\Admin\PostController->show('28')
 5 SYSTEMPATH\CodeIgniter.php(482): CodeIgniter\CodeIgniter->runController(Object(App\Controllers\Admin\PostController))
 6 SYSTEMPATH\CodeIgniter.php(351): CodeIgniter\CodeIgniter->handleRequest(null, Object(Config\Cache), false)
 7 FCPATH\index.php(67): CodeIgniter\CodeIgniter->run()
CRITICAL - 2022-12-21 08:55:43 --> Call to a member function update() on array
in APPPATH\Controllers\Admin\PostController.php on line 323.
 1 SYSTEMPATH\CodeIgniter.php(927): App\Controllers\Admin\PostController->show('28')
 2 SYSTEMPATH\CodeIgniter.php(482): CodeIgniter\CodeIgniter->runController(Object(App\Controllers\Admin\PostController))
 3 SYSTEMPATH\CodeIgniter.php(351): CodeIgniter\CodeIgniter->handleRequest(null, Object(Config\Cache), false)
 4 FCPATH\index.php(67): CodeIgniter\CodeIgniter->run()
CRITICAL - 2022-12-21 08:57:08 --> There is no data to update.
in SYSTEMPATH\BaseModel.php on line 867.
 1 SYSTEMPATH\BaseModel.php(867): CodeIgniter\Database\Exceptions\DataException::forEmptyDataset('update')
 2 SYSTEMPATH\Model.php(693): CodeIgniter\BaseModel->update([...], [])
 3 APPPATH\Controllers\Admin\PostController.php(323): CodeIgniter\Model->update('28', [...])
 4 SYSTEMPATH\CodeIgniter.php(927): App\Controllers\Admin\PostController->show('28')
 5 SYSTEMPATH\CodeIgniter.php(482): CodeIgniter\CodeIgniter->runController(Object(App\Controllers\Admin\PostController))
 6 SYSTEMPATH\CodeIgniter.php(351): CodeIgniter\CodeIgniter->handleRequest(null, Object(Config\Cache), false)
 7 FCPATH\index.php(67): CodeIgniter\CodeIgniter->run()
CRITICAL - 2022-12-21 09:01:26 --> syntax error, unexpected variable "$data"
in APPPATH\Controllers\Admin\PostController.php on line 334.
 1 SYSTEMPATH\Autoloader\Autoloader.php(259): CodeIgniter\Autoloader\Autoloader->includeFile('APPPATH\\Controllers\\Admin\\PostController.php')
 2 SYSTEMPATH\Autoloader\Autoloader.php(237): CodeIgniter\Autoloader\Autoloader->loadInNamespace('App\\Controllers\\Admin\\PostController')
 3 [internal function]: CodeIgniter\Autoloader\Autoloader->loadClass('App\\Controllers\\Admin\\PostController')
 4 SYSTEMPATH\CodeIgniter.php(877): class_exists('\\App\\Controllers\\Admin\\PostController', true)
 5 SYSTEMPATH\CodeIgniter.php(469): CodeIgniter\CodeIgniter->startController()
 6 SYSTEMPATH\CodeIgniter.php(351): CodeIgniter\CodeIgniter->handleRequest(null, Object(Config\Cache), false)
 7 FCPATH\index.php(67): CodeIgniter\CodeIgniter->run()
CRITICAL - 2022-12-21 10:11:25 --> syntax error, unexpected token "."
in APPPATH\Controllers\Admin\PostController.php on line 337.
 1 SYSTEMPATH\Autoloader\Autoloader.php(259): CodeIgniter\Autoloader\Autoloader->includeFile('APPPATH\\Controllers\\Admin\\PostController.php')
 2 SYSTEMPATH\Autoloader\Autoloader.php(237): CodeIgniter\Autoloader\Autoloader->loadInNamespace('App\\Controllers\\Admin\\PostController')
 3 [internal function]: CodeIgniter\Autoloader\Autoloader->loadClass('App\\Controllers\\Admin\\PostController')
 4 SYSTEMPATH\CodeIgniter.php(877): class_exists('\\App\\Controllers\\Admin\\PostController', true)
 5 SYSTEMPATH\CodeIgniter.php(469): CodeIgniter\CodeIgniter->startController()
 6 SYSTEMPATH\CodeIgniter.php(351): CodeIgniter\CodeIgniter->handleRequest(null, Object(Config\Cache), false)
 7 FCPATH\index.php(67): CodeIgniter\CodeIgniter->run()
CRITICAL - 2022-12-21 10:11:36 --> syntax error, unexpected token "."
in APPPATH\Controllers\Admin\PostController.php on line 337.
 1 SYSTEMPATH\Autoloader\Autoloader.php(259): CodeIgniter\Autoloader\Autoloader->includeFile('APPPATH\\Controllers\\Admin\\PostController.php')
 2 SYSTEMPATH\Autoloader\Autoloader.php(237): CodeIgniter\Autoloader\Autoloader->loadInNamespace('App\\Controllers\\Admin\\PostController')
 3 [internal function]: CodeIgniter\Autoloader\Autoloader->loadClass('App\\Controllers\\Admin\\PostController')
 4 SYSTEMPATH\CodeIgniter.php(877): class_exists('\\App\\Controllers\\Admin\\PostController', true)
 5 SYSTEMPATH\CodeIgniter.php(469): CodeIgniter\CodeIgniter->startController()
 6 SYSTEMPATH\CodeIgniter.php(351): CodeIgniter\CodeIgniter->handleRequest(null, Object(Config\Cache), false)
 7 FCPATH\index.php(67): CodeIgniter\CodeIgniter->run()
CRITICAL - 2022-12-21 10:11:44 --> syntax error, unexpected token "<"
in APPPATH\Views\admin\post\index.php on line 71.
 1 SYSTEMPATH\View\View.php(216): CodeIgniter\View\View->CodeIgniter\View\{closure}()
 2 SYSTEMPATH\Common.php(1134): CodeIgniter\View\View->render('admin/post/index', [], true)
 3 APPPATH\Controllers\Admin\PostController.php(22): view('admin/post/index', [...])
 4 SYSTEMPATH\CodeIgniter.php(927): App\Controllers\Admin\PostController->index()
 5 SYSTEMPATH\CodeIgniter.php(482): CodeIgniter\CodeIgniter->runController(Object(App\Controllers\Admin\PostController))
 6 SYSTEMPATH\CodeIgniter.php(351): CodeIgniter\CodeIgniter->handleRequest(null, Object(Config\Cache), false)
 7 FCPATH\index.php(67): CodeIgniter\CodeIgniter->run()
