CRITICAL - 2022-12-17 00:02:15 --> syntax error, unexpected single-quoted string "errors", expecting "]"
in APPPATH\Controllers\Admin\PostController.php on line 69.
 1 SYSTEMPATH\Autoloader\Autoloader.php(259): CodeIgniter\Autoloader\Autoloader->includeFile('APPPATH\\Controllers\\Admin\\PostController.php')
 2 SYSTEMPATH\Autoloader\Autoloader.php(237): CodeIgniter\Autoloader\Autoloader->loadInNamespace('App\\Controllers\\Admin\\PostController')
 3 [internal function]: CodeIgniter\Autoloader\Autoloader->loadClass('App\\Controllers\\Admin\\PostController')
 4 SYSTEMPATH\CodeIgniter.php(877): class_exists('\\App\\Controllers\\Admin\\PostController', true)
 5 SYSTEMPATH\CodeIgniter.php(469): CodeIgniter\CodeIgniter->startController()
 6 SYSTEMPATH\CodeIgniter.php(351): CodeIgniter\CodeIgniter->handleRequest(null, Object(Config\Cache), false)
 7 FCPATH\index.php(67): CodeIgniter\CodeIgniter->run()
CRITICAL - 2022-12-17 00:02:27 --> syntax error, unexpected token ".", expecting "]"
in APPPATH\Controllers\Admin\PostController.php on line 67.
 1 SYSTEMPATH\Autoloader\Autoloader.php(259): CodeIgniter\Autoloader\Autoloader->includeFile('APPPATH\\Controllers\\Admin\\PostController.php')
 2 SYSTEMPATH\Autoloader\Autoloader.php(237): CodeIgniter\Autoloader\Autoloader->loadInNamespace('App\\Controllers\\Admin\\PostController')
 3 [internal function]: CodeIgniter\Autoloader\Autoloader->loadClass('App\\Controllers\\Admin\\PostController')
 4 SYSTEMPATH\CodeIgniter.php(877): class_exists('\\App\\Controllers\\Admin\\PostController', true)
 5 SYSTEMPATH\CodeIgniter.php(469): CodeIgniter\CodeIgniter->startController()
 6 SYSTEMPATH\CodeIgniter.php(351): CodeIgniter\CodeIgniter->handleRequest(null, Object(Config\Cache), false)
 7 FCPATH\index.php(67): CodeIgniter\CodeIgniter->run()
CRITICAL - 2022-12-17 09:35:01 --> syntax error, unexpected variable "$post_tags"
in APPPATH\Controllers\Admin\PostController.php on line 142.
 1 SYSTEMPATH\Autoloader\Autoloader.php(259): CodeIgniter\Autoloader\Autoloader->includeFile('APPPATH\\Controllers\\Admin\\PostController.php')
 2 SYSTEMPATH\Autoloader\Autoloader.php(237): CodeIgniter\Autoloader\Autoloader->loadInNamespace('App\\Controllers\\Admin\\PostController')
 3 [internal function]: CodeIgniter\Autoloader\Autoloader->loadClass('App\\Controllers\\Admin\\PostController')
 4 SYSTEMPATH\CodeIgniter.php(877): class_exists('\\App\\Controllers\\Admin\\PostController', true)
 5 SYSTEMPATH\CodeIgniter.php(469): CodeIgniter\CodeIgniter->startController()
 6 SYSTEMPATH\CodeIgniter.php(351): CodeIgniter\CodeIgniter->handleRequest(null, Object(Config\Cache), false)
 7 FCPATH\index.php(67): CodeIgniter\CodeIgniter->run()
CRITICAL - 2022-12-17 09:35:36 --> syntax error, unexpected variable "$post_tags"
in APPPATH\Controllers\Admin\PostController.php on line 142.
 1 SYSTEMPATH\Autoloader\Autoloader.php(259): CodeIgniter\Autoloader\Autoloader->includeFile('APPPATH\\Controllers\\Admin\\PostController.php')
 2 SYSTEMPATH\Autoloader\Autoloader.php(237): CodeIgniter\Autoloader\Autoloader->loadInNamespace('App\\Controllers\\Admin\\PostController')
 3 [internal function]: CodeIgniter\Autoloader\Autoloader->loadClass('App\\Controllers\\Admin\\PostController')
 4 SYSTEMPATH\CodeIgniter.php(877): class_exists('\\App\\Controllers\\Admin\\PostController', true)
 5 SYSTEMPATH\CodeIgniter.php(469): CodeIgniter\CodeIgniter->startController()
 6 SYSTEMPATH\CodeIgniter.php(351): CodeIgniter\CodeIgniter->handleRequest(null, Object(Config\Cache), false)
 7 FCPATH\index.php(67): CodeIgniter\CodeIgniter->run()
CRITICAL - 2022-12-17 09:35:58 --> Cannot use empty array elements in arrays
in APPPATH\Controllers\Admin\PostController.php on line 148.
 1 [internal function]: CodeIgniter\Debug\Exceptions->shutdownHandler()
CRITICAL - 2022-12-17 09:36:47 --> Cannot use empty array elements in arrays
in APPPATH\Controllers\Admin\PostController.php on line 148.
 1 [internal function]: CodeIgniter\Debug\Exceptions->shutdownHandler()
CRITICAL - 2022-12-17 09:37:35 --> Cannot use empty array elements in arrays
in APPPATH\Controllers\Admin\PostController.php on line 149.
 1 [internal function]: CodeIgniter\Debug\Exceptions->shutdownHandler()
CRITICAL - 2022-12-17 09:38:51 --> Cannot use empty array elements in arrays
in APPPATH\Controllers\Admin\PostController.php on line 150.
 1 [internal function]: CodeIgniter\Debug\Exceptions->shutdownHandler()
CRITICAL - 2022-12-17 09:40:04 --> Undefined array key "id"
in APPPATH\Controllers\Admin\PostController.php on line 150.
 1 APPPATH\Controllers\Admin\PostController.php(150): CodeIgniter\Debug\Exceptions->errorHandler(2, 'Undefined array key "id"', 'APPPATH\\Controllers\\Admin\\PostController.php', 150)
 2 SYSTEMPATH\CodeIgniter.php(927): App\Controllers\Admin\PostController->savePost()
 3 SYSTEMPATH\CodeIgniter.php(482): CodeIgniter\CodeIgniter->runController(Object(App\Controllers\Admin\PostController))
 4 SYSTEMPATH\CodeIgniter.php(351): CodeIgniter\CodeIgniter->handleRequest(null, Object(Config\Cache), false)
 5 FCPATH\index.php(67): CodeIgniter\CodeIgniter->run()
CRITICAL - 2022-12-17 10:01:15 --> syntax error, unexpected identifier "dd"
in APPPATH\Controllers\Admin\PostController.php on line 141.
 1 SYSTEMPATH\Autoloader\Autoloader.php(259): CodeIgniter\Autoloader\Autoloader->includeFile('APPPATH\\Controllers\\Admin\\PostController.php')
 2 SYSTEMPATH\Autoloader\Autoloader.php(237): CodeIgniter\Autoloader\Autoloader->loadInNamespace('App\\Controllers\\Admin\\PostController')
 3 [internal function]: CodeIgniter\Autoloader\Autoloader->loadClass('App\\Controllers\\Admin\\PostController')
 4 SYSTEMPATH\CodeIgniter.php(877): class_exists('\\App\\Controllers\\Admin\\PostController', true)
 5 SYSTEMPATH\CodeIgniter.php(469): CodeIgniter\CodeIgniter->startController()
 6 SYSTEMPATH\CodeIgniter.php(351): CodeIgniter\CodeIgniter->handleRequest(null, Object(Config\Cache), false)
 7 FCPATH\index.php(67): CodeIgniter\CodeIgniter->run()
CRITICAL - 2022-12-17 10:02:05 --> syntax error, unexpected variable "$this", expecting ")"
in APPPATH\Controllers\Admin\PostController.php on line 141.
 1 SYSTEMPATH\Autoloader\Autoloader.php(259): CodeIgniter\Autoloader\Autoloader->includeFile('APPPATH\\Controllers\\Admin\\PostController.php')
 2 SYSTEMPATH\Autoloader\Autoloader.php(237): CodeIgniter\Autoloader\Autoloader->loadInNamespace('App\\Controllers\\Admin\\PostController')
 3 [internal function]: CodeIgniter\Autoloader\Autoloader->loadClass('App\\Controllers\\Admin\\PostController')
 4 SYSTEMPATH\CodeIgniter.php(877): class_exists('\\App\\Controllers\\Admin\\PostController', true)
 5 SYSTEMPATH\CodeIgniter.php(469): CodeIgniter\CodeIgniter->startController()
 6 SYSTEMPATH\CodeIgniter.php(351): CodeIgniter\CodeIgniter->handleRequest(null, Object(Config\Cache), false)
 7 FCPATH\index.php(67): CodeIgniter\CodeIgniter->run()
CRITICAL - 2022-12-17 10:03:08 --> foreach() argument must be of type array|object, string given
in APPPATH\Controllers\Admin\PostController.php on line 150.
 1 APPPATH\Controllers\Admin\PostController.php(150): CodeIgniter\Debug\Exceptions->errorHandler(2, 'foreach() argument must be of type array|object, string given', 'APPPATH\\Controllers\\Admin\\PostController.php', 150)
 2 SYSTEMPATH\CodeIgniter.php(927): App\Controllers\Admin\PostController->savePost()
 3 SYSTEMPATH\CodeIgniter.php(482): CodeIgniter\CodeIgniter->runController(Object(App\Controllers\Admin\PostController))
 4 SYSTEMPATH\CodeIgniter.php(351): CodeIgniter\CodeIgniter->handleRequest(null, Object(Config\Cache), false)
 5 FCPATH\index.php(67): CodeIgniter\CodeIgniter->run()
CRITICAL - 2022-12-17 10:05:28 --> preg_replace(): Argument #3 ($subject) must be of type array|string, stdClass given
in APPPATH\Helpers\Text_helper.php on line 4.
 1 APPPATH\Helpers\Text_helper.php(4): preg_replace('/(à|á|ạ|ả|ã|â|ầ|ấ|ậ|ẩ|ẫ|ă|ằ|ắ|ặ|ẳ|ẵ)/', 'a', Object(stdClass))
 2 APPPATH\Controllers\Admin\PostController.php(153): convert_name(Object(stdClass))
 3 SYSTEMPATH\CodeIgniter.php(927): App\Controllers\Admin\PostController->savePost()
 4 SYSTEMPATH\CodeIgniter.php(482): CodeIgniter\CodeIgniter->runController(Object(App\Controllers\Admin\PostController))
 5 SYSTEMPATH\CodeIgniter.php(351): CodeIgniter\CodeIgniter->handleRequest(null, Object(Config\Cache), false)
 6 FCPATH\index.php(67): CodeIgniter\CodeIgniter->run()
CRITICAL - 2022-12-17 10:07:42 --> preg_replace(): Argument #3 ($subject) must be of type array|string, stdClass given
in APPPATH\Helpers\Text_helper.php on line 4.
 1 APPPATH\Helpers\Text_helper.php(4): preg_replace('/(à|á|ạ|ả|ã|â|ầ|ấ|ậ|ẩ|ẫ|ă|ằ|ắ|ặ|ẳ|ẵ)/', 'a', Object(stdClass))
 2 APPPATH\Controllers\Admin\PostController.php(155): convert_name(Object(stdClass))
 3 SYSTEMPATH\CodeIgniter.php(927): App\Controllers\Admin\PostController->savePost()
 4 SYSTEMPATH\CodeIgniter.php(482): CodeIgniter\CodeIgniter->runController(Object(App\Controllers\Admin\PostController))
 5 SYSTEMPATH\CodeIgniter.php(351): CodeIgniter\CodeIgniter->handleRequest(null, Object(Config\Cache), false)
 6 FCPATH\index.php(67): CodeIgniter\CodeIgniter->run()
CRITICAL - 2022-12-17 10:08:11 --> preg_replace(): Argument #3 ($subject) must be of type array|string, stdClass given
in APPPATH\Helpers\Text_helper.php on line 4.
 1 APPPATH\Helpers\Text_helper.php(4): preg_replace('/(à|á|ạ|ả|ã|â|ầ|ấ|ậ|ẩ|ẫ|ă|ằ|ắ|ặ|ẳ|ẵ)/', 'a', Object(stdClass))
 2 APPPATH\Controllers\Admin\PostController.php(155): convert_name(Object(stdClass))
 3 SYSTEMPATH\CodeIgniter.php(927): App\Controllers\Admin\PostController->savePost()
 4 SYSTEMPATH\CodeIgniter.php(482): CodeIgniter\CodeIgniter->runController(Object(App\Controllers\Admin\PostController))
 5 SYSTEMPATH\CodeIgniter.php(351): CodeIgniter\CodeIgniter->handleRequest(null, Object(Config\Cache), false)
 6 FCPATH\index.php(67): CodeIgniter\CodeIgniter->run()
CRITICAL - 2022-12-17 10:12:56 --> Undefined array key 0
in APPPATH\Controllers\Admin\PostController.php on line 144.
 1 APPPATH\Controllers\Admin\PostController.php(144): CodeIgniter\Debug\Exceptions->errorHandler(2, 'Undefined array key 0', 'APPPATH\\Controllers\\Admin\\PostController.php', 144)
 2 SYSTEMPATH\CodeIgniter.php(927): App\Controllers\Admin\PostController->savePost()
 3 SYSTEMPATH\CodeIgniter.php(482): CodeIgniter\CodeIgniter->runController(Object(App\Controllers\Admin\PostController))
 4 SYSTEMPATH\CodeIgniter.php(351): CodeIgniter\CodeIgniter->handleRequest(null, Object(Config\Cache), false)
 5 FCPATH\index.php(67): CodeIgniter\CodeIgniter->run()
CRITICAL - 2022-12-17 10:13:14 --> Trying to access array offset on value of type int
in APPPATH\Controllers\Admin\PostController.php on line 144.
 1 APPPATH\Controllers\Admin\PostController.php(144): CodeIgniter\Debug\Exceptions->errorHandler(2, 'Trying to access array offset on value of type int', 'APPPATH\\Controllers\\Admin\\PostController.php', 144)
 2 SYSTEMPATH\CodeIgniter.php(927): App\Controllers\Admin\PostController->savePost()
 3 SYSTEMPATH\CodeIgniter.php(482): CodeIgniter\CodeIgniter->runController(Object(App\Controllers\Admin\PostController))
 4 SYSTEMPATH\CodeIgniter.php(351): CodeIgniter\CodeIgniter->handleRequest(null, Object(Config\Cache), false)
 5 FCPATH\index.php(67): CodeIgniter\CodeIgniter->run()
CRITICAL - 2022-12-17 10:18:29 --> syntax error, unexpected token ")", expecting ";"
in APPPATH\Controllers\Admin\PostController.php on line 162.
 1 SYSTEMPATH\Autoloader\Autoloader.php(259): CodeIgniter\Autoloader\Autoloader->includeFile('APPPATH\\Controllers\\Admin\\PostController.php')
 2 SYSTEMPATH\Autoloader\Autoloader.php(237): CodeIgniter\Autoloader\Autoloader->loadInNamespace('App\\Controllers\\Admin\\PostController')
 3 [internal function]: CodeIgniter\Autoloader\Autoloader->loadClass('App\\Controllers\\Admin\\PostController')
 4 SYSTEMPATH\CodeIgniter.php(877): class_exists('\\App\\Controllers\\Admin\\PostController', true)
 5 SYSTEMPATH\CodeIgniter.php(469): CodeIgniter\CodeIgniter->startController()
 6 SYSTEMPATH\CodeIgniter.php(351): CodeIgniter\CodeIgniter->handleRequest(null, Object(Config\Cache), false)
 7 FCPATH\index.php(67): CodeIgniter\CodeIgniter->run()
CRITICAL - 2022-12-17 10:19:12 --> Undefined variable $t_a
in APPPATH\Controllers\Admin\PostController.php on line 164.
 1 APPPATH\Controllers\Admin\PostController.php(164): CodeIgniter\Debug\Exceptions->errorHandler(2, 'Undefined variable $t_a', 'APPPATH\\Controllers\\Admin\\PostController.php', 164)
 2 SYSTEMPATH\CodeIgniter.php(927): App\Controllers\Admin\PostController->savePost()
 3 SYSTEMPATH\CodeIgniter.php(482): CodeIgniter\CodeIgniter->runController(Object(App\Controllers\Admin\PostController))
 4 SYSTEMPATH\CodeIgniter.php(351): CodeIgniter\CodeIgniter->handleRequest(null, Object(Config\Cache), false)
 5 FCPATH\index.php(67): CodeIgniter\CodeIgniter->run()
CRITICAL - 2022-12-17 10:19:48 --> preg_replace(): Argument #3 ($subject) must be of type array|string, stdClass given
in APPPATH\Helpers\Text_helper.php on line 4.
 1 APPPATH\Helpers\Text_helper.php(4): preg_replace('/(à|á|ạ|ả|ã|â|ầ|ấ|ậ|ẩ|ẫ|ă|ằ|ắ|ặ|ẳ|ẵ)/', 'a', Object(stdClass))
 2 APPPATH\Controllers\Admin\PostController.php(164): convert_name(Object(stdClass))
 3 SYSTEMPATH\CodeIgniter.php(927): App\Controllers\Admin\PostController->savePost()
 4 SYSTEMPATH\CodeIgniter.php(482): CodeIgniter\CodeIgniter->runController(Object(App\Controllers\Admin\PostController))
 5 SYSTEMPATH\CodeIgniter.php(351): CodeIgniter\CodeIgniter->handleRequest(null, Object(Config\Cache), false)
 6 FCPATH\index.php(67): CodeIgniter\CodeIgniter->run()
CRITICAL - 2022-12-17 10:21:37 --> Cannot use object of type stdClass as array
in APPPATH\Controllers\Admin\PostController.php on line 164.
 1 SYSTEMPATH\CodeIgniter.php(927): App\Controllers\Admin\PostController->savePost()
 2 SYSTEMPATH\CodeIgniter.php(482): CodeIgniter\CodeIgniter->runController(Object(App\Controllers\Admin\PostController))
 3 SYSTEMPATH\CodeIgniter.php(351): CodeIgniter\CodeIgniter->handleRequest(null, Object(Config\Cache), false)
 4 FCPATH\index.php(67): CodeIgniter\CodeIgniter->run()
CRITICAL - 2022-12-17 10:25:02 --> Cannot use object of type stdClass as array
in APPPATH\Controllers\Admin\PostController.php on line 164.
 1 SYSTEMPATH\CodeIgniter.php(927): App\Controllers\Admin\PostController->savePost()
 2 SYSTEMPATH\CodeIgniter.php(482): CodeIgniter\CodeIgniter->runController(Object(App\Controllers\Admin\PostController))
 3 SYSTEMPATH\CodeIgniter.php(351): CodeIgniter\CodeIgniter->handleRequest(null, Object(Config\Cache), false)
 4 FCPATH\index.php(67): CodeIgniter\CodeIgniter->run()
CRITICAL - 2022-12-17 10:26:10 --> Cannot use object of type stdClass as array
in APPPATH\Controllers\Admin\PostController.php on line 164.
 1 SYSTEMPATH\CodeIgniter.php(927): App\Controllers\Admin\PostController->savePost()
 2 SYSTEMPATH\CodeIgniter.php(482): CodeIgniter\CodeIgniter->runController(Object(App\Controllers\Admin\PostController))
 3 SYSTEMPATH\CodeIgniter.php(351): CodeIgniter\CodeIgniter->handleRequest(null, Object(Config\Cache), false)
 4 FCPATH\index.php(67): CodeIgniter\CodeIgniter->run()
CRITICAL - 2022-12-17 10:28:21 --> Undefined array key 0
in APPPATH\Controllers\Admin\PostController.php on line 147.
 1 APPPATH\Controllers\Admin\PostController.php(147): CodeIgniter\Debug\Exceptions->errorHandler(2, 'Undefined array key 0', 'APPPATH\\Controllers\\Admin\\PostController.php', 147)
 2 SYSTEMPATH\CodeIgniter.php(927): App\Controllers\Admin\PostController->savePost()
 3 SYSTEMPATH\CodeIgniter.php(482): CodeIgniter\CodeIgniter->runController(Object(App\Controllers\Admin\PostController))
 4 SYSTEMPATH\CodeIgniter.php(351): CodeIgniter\CodeIgniter->handleRequest(null, Object(Config\Cache), false)
 5 FCPATH\index.php(67): CodeIgniter\CodeIgniter->run()
CRITICAL - 2022-12-17 10:28:40 --> Undefined array key 1
in APPPATH\Controllers\Admin\PostController.php on line 147.
 1 APPPATH\Controllers\Admin\PostController.php(147): CodeIgniter\Debug\Exceptions->errorHandler(2, 'Undefined array key 1', 'APPPATH\\Controllers\\Admin\\PostController.php', 147)
 2 SYSTEMPATH\CodeIgniter.php(927): App\Controllers\Admin\PostController->savePost()
 3 SYSTEMPATH\CodeIgniter.php(482): CodeIgniter\CodeIgniter->runController(Object(App\Controllers\Admin\PostController))
 4 SYSTEMPATH\CodeIgniter.php(351): CodeIgniter\CodeIgniter->handleRequest(null, Object(Config\Cache), false)
 5 FCPATH\index.php(67): CodeIgniter\CodeIgniter->run()
CRITICAL - 2022-12-17 10:29:34 --> Undefined variable $i
in APPPATH\Controllers\Admin\PostController.php on line 170.
 1 APPPATH\Controllers\Admin\PostController.php(170): CodeIgniter\Debug\Exceptions->errorHandler(2, 'Undefined variable $i', 'APPPATH\\Controllers\\Admin\\PostController.php', 170)
 2 SYSTEMPATH\CodeIgniter.php(927): App\Controllers\Admin\PostController->savePost()
 3 SYSTEMPATH\CodeIgniter.php(482): CodeIgniter\CodeIgniter->runController(Object(App\Controllers\Admin\PostController))
 4 SYSTEMPATH\CodeIgniter.php(351): CodeIgniter\CodeIgniter->handleRequest(null, Object(Config\Cache), false)
 5 FCPATH\index.php(67): CodeIgniter\CodeIgniter->run()
CRITICAL - 2022-12-17 11:15:58 --> syntax error, unexpected token ")"
in APPPATH\Controllers\Admin\PostController.php on line 161.
 1 SYSTEMPATH\Autoloader\Autoloader.php(259): CodeIgniter\Autoloader\Autoloader->includeFile('APPPATH\\Controllers\\Admin\\PostController.php')
 2 SYSTEMPATH\Autoloader\Autoloader.php(237): CodeIgniter\Autoloader\Autoloader->loadInNamespace('App\\Controllers\\Admin\\PostController')
 3 [internal function]: CodeIgniter\Autoloader\Autoloader->loadClass('App\\Controllers\\Admin\\PostController')
 4 SYSTEMPATH\CodeIgniter.php(877): class_exists('\\App\\Controllers\\Admin\\PostController', true)
 5 SYSTEMPATH\CodeIgniter.php(469): CodeIgniter\CodeIgniter->startController()
 6 SYSTEMPATH\CodeIgniter.php(351): CodeIgniter\CodeIgniter->handleRequest(null, Object(Config\Cache), false)
 7 FCPATH\index.php(67): CodeIgniter\CodeIgniter->run()
CRITICAL - 2022-12-17 11:16:02 --> syntax error, unexpected token ")"
in APPPATH\Controllers\Admin\PostController.php on line 161.
 1 SYSTEMPATH\Autoloader\Autoloader.php(259): CodeIgniter\Autoloader\Autoloader->includeFile('APPPATH\\Controllers\\Admin\\PostController.php')
 2 SYSTEMPATH\Autoloader\Autoloader.php(237): CodeIgniter\Autoloader\Autoloader->loadInNamespace('App\\Controllers\\Admin\\PostController')
 3 [internal function]: CodeIgniter\Autoloader\Autoloader->loadClass('App\\Controllers\\Admin\\PostController')
 4 SYSTEMPATH\CodeIgniter.php(877): class_exists('\\App\\Controllers\\Admin\\PostController', true)
 5 SYSTEMPATH\CodeIgniter.php(469): CodeIgniter\CodeIgniter->startController()
 6 SYSTEMPATH\CodeIgniter.php(351): CodeIgniter\CodeIgniter->handleRequest(null, Object(Config\Cache), false)
 7 FCPATH\index.php(67): CodeIgniter\CodeIgniter->run()
CRITICAL - 2022-12-17 11:16:24 --> syntax error, unexpected token ")"
in APPPATH\Controllers\Admin\PostController.php on line 161.
 1 SYSTEMPATH\Autoloader\Autoloader.php(259): CodeIgniter\Autoloader\Autoloader->includeFile('APPPATH\\Controllers\\Admin\\PostController.php')
 2 SYSTEMPATH\Autoloader\Autoloader.php(237): CodeIgniter\Autoloader\Autoloader->loadInNamespace('App\\Controllers\\Admin\\PostController')
 3 [internal function]: CodeIgniter\Autoloader\Autoloader->loadClass('App\\Controllers\\Admin\\PostController')
 4 SYSTEMPATH\CodeIgniter.php(877): class_exists('\\App\\Controllers\\Admin\\PostController', true)
 5 SYSTEMPATH\CodeIgniter.php(469): CodeIgniter\CodeIgniter->startController()
 6 SYSTEMPATH\CodeIgniter.php(351): CodeIgniter\CodeIgniter->handleRequest(null, Object(Config\Cache), false)
 7 FCPATH\index.php(67): CodeIgniter\CodeIgniter->run()
CRITICAL - 2022-12-17 11:19:59 --> Call to undefined method App\Models\TagModel::getResult
in SYSTEMPATH\Model.php on line 774.
 1 APPPATH\Controllers\Admin\PostController.php(170): CodeIgniter\Model->__call('getResult', [])
 2 SYSTEMPATH\CodeIgniter.php(927): App\Controllers\Admin\PostController->getEdit('35')
 3 SYSTEMPATH\CodeIgniter.php(482): CodeIgniter\CodeIgniter->runController(Object(App\Controllers\Admin\PostController))
 4 SYSTEMPATH\CodeIgniter.php(351): CodeIgniter\CodeIgniter->handleRequest(null, Object(Config\Cache), false)
 5 FCPATH\index.php(67): CodeIgniter\CodeIgniter->run()
CRITICAL - 2022-12-17 19:38:04 --> Cannot use [] for reading
in APPPATH\Controllers\Admin\PostController.php on line 32.
 1 SYSTEMPATH\CodeIgniter.php(927): App\Controllers\Admin\PostController->getPost()
 2 SYSTEMPATH\CodeIgniter.php(482): CodeIgniter\CodeIgniter->runController(Object(App\Controllers\Admin\PostController))
 3 SYSTEMPATH\CodeIgniter.php(351): CodeIgniter\CodeIgniter->handleRequest(null, Object(Config\Cache), false)
 4 FCPATH\index.php(67): CodeIgniter\CodeIgniter->run()
CRITICAL - 2022-12-17 19:38:14 --> Array to string conversion
in APPPATH\Controllers\Admin\PostController.php on line 32.
 1 [internal function]: CodeIgniter\Debug\Exceptions->errorHandler(2, 'Array to string conversion', 'APPPATH\\Controllers\\Admin\\PostController.php', 32)
 2 APPPATH\Controllers\Admin\PostController.php(32): array_intersect([...], [...])
 3 SYSTEMPATH\CodeIgniter.php(927): App\Controllers\Admin\PostController->getPost()
 4 SYSTEMPATH\CodeIgniter.php(482): CodeIgniter\CodeIgniter->runController(Object(App\Controllers\Admin\PostController))
 5 SYSTEMPATH\CodeIgniter.php(351): CodeIgniter\CodeIgniter->handleRequest(null, Object(Config\Cache), false)
 6 FCPATH\index.php(67): CodeIgniter\CodeIgniter->run()
CRITICAL - 2022-12-17 19:39:15 --> array_unique(): Argument #2 ($flags) must be of type int, array given
in APPPATH\Controllers\Admin\PostController.php on line 32.
 1 APPPATH\Controllers\Admin\PostController.php(32): array_unique([...], [...])
 2 SYSTEMPATH\CodeIgniter.php(927): App\Controllers\Admin\PostController->getPost()
 3 SYSTEMPATH\CodeIgniter.php(482): CodeIgniter\CodeIgniter->runController(Object(App\Controllers\Admin\PostController))
 4 SYSTEMPATH\CodeIgniter.php(351): CodeIgniter\CodeIgniter->handleRequest(null, Object(Config\Cache), false)
 5 FCPATH\index.php(67): CodeIgniter\CodeIgniter->run()
CRITICAL - 2022-12-17 19:39:16 --> array_unique(): Argument #2 ($flags) must be of type int, array given
in APPPATH\Controllers\Admin\PostController.php on line 32.
 1 APPPATH\Controllers\Admin\PostController.php(32): array_unique([...], [...])
 2 SYSTEMPATH\CodeIgniter.php(927): App\Controllers\Admin\PostController->getPost()
 3 SYSTEMPATH\CodeIgniter.php(482): CodeIgniter\CodeIgniter->runController(Object(App\Controllers\Admin\PostController))
 4 SYSTEMPATH\CodeIgniter.php(351): CodeIgniter\CodeIgniter->handleRequest(null, Object(Config\Cache), false)
 5 FCPATH\index.php(67): CodeIgniter\CodeIgniter->run()
CRITICAL - 2022-12-17 19:40:26 --> Array to string conversion
in APPPATH\Controllers\Admin\PostController.php on line 32.
 1 [internal function]: CodeIgniter\Debug\Exceptions->errorHandler(2, 'Array to string conversion', 'APPPATH\\Controllers\\Admin\\PostController.php', 32)
 2 APPPATH\Controllers\Admin\PostController.php(32): array_intersect_assoc([...], [...])
 3 SYSTEMPATH\CodeIgniter.php(927): App\Controllers\Admin\PostController->getPost()
 4 SYSTEMPATH\CodeIgniter.php(482): CodeIgniter\CodeIgniter->runController(Object(App\Controllers\Admin\PostController))
 5 SYSTEMPATH\CodeIgniter.php(351): CodeIgniter\CodeIgniter->handleRequest(null, Object(Config\Cache), false)
 6 FCPATH\index.php(67): CodeIgniter\CodeIgniter->run()
CRITICAL - 2022-12-17 19:40:27 --> Array to string conversion
in APPPATH\Controllers\Admin\PostController.php on line 32.
 1 [internal function]: CodeIgniter\Debug\Exceptions->errorHandler(2, 'Array to string conversion', 'APPPATH\\Controllers\\Admin\\PostController.php', 32)
 2 APPPATH\Controllers\Admin\PostController.php(32): array_intersect_assoc([...], [...])
 3 SYSTEMPATH\CodeIgniter.php(927): App\Controllers\Admin\PostController->getPost()
 4 SYSTEMPATH\CodeIgniter.php(482): CodeIgniter\CodeIgniter->runController(Object(App\Controllers\Admin\PostController))
 5 SYSTEMPATH\CodeIgniter.php(351): CodeIgniter\CodeIgniter->handleRequest(null, Object(Config\Cache), false)
 6 FCPATH\index.php(67): CodeIgniter\CodeIgniter->run()
CRITICAL - 2022-12-17 19:40:27 --> Array to string conversion
in APPPATH\Controllers\Admin\PostController.php on line 32.
 1 [internal function]: CodeIgniter\Debug\Exceptions->errorHandler(2, 'Array to string conversion', 'APPPATH\\Controllers\\Admin\\PostController.php', 32)
 2 APPPATH\Controllers\Admin\PostController.php(32): array_intersect_assoc([...], [...])
 3 SYSTEMPATH\CodeIgniter.php(927): App\Controllers\Admin\PostController->getPost()
 4 SYSTEMPATH\CodeIgniter.php(482): CodeIgniter\CodeIgniter->runController(Object(App\Controllers\Admin\PostController))
 5 SYSTEMPATH\CodeIgniter.php(351): CodeIgniter\CodeIgniter->handleRequest(null, Object(Config\Cache), false)
 6 FCPATH\index.php(67): CodeIgniter\CodeIgniter->run()
CRITICAL - 2022-12-17 19:40:28 --> Array to string conversion
in APPPATH\Controllers\Admin\PostController.php on line 32.
 1 [internal function]: CodeIgniter\Debug\Exceptions->errorHandler(2, 'Array to string conversion', 'APPPATH\\Controllers\\Admin\\PostController.php', 32)
 2 APPPATH\Controllers\Admin\PostController.php(32): array_intersect_assoc([...], [...])
 3 SYSTEMPATH\CodeIgniter.php(927): App\Controllers\Admin\PostController->getPost()
 4 SYSTEMPATH\CodeIgniter.php(482): CodeIgniter\CodeIgniter->runController(Object(App\Controllers\Admin\PostController))
 5 SYSTEMPATH\CodeIgniter.php(351): CodeIgniter\CodeIgniter->handleRequest(null, Object(Config\Cache), false)
 6 FCPATH\index.php(67): CodeIgniter\CodeIgniter->run()
CRITICAL - 2022-12-17 19:40:28 --> Array to string conversion
in APPPATH\Controllers\Admin\PostController.php on line 32.
 1 [internal function]: CodeIgniter\Debug\Exceptions->errorHandler(2, 'Array to string conversion', 'APPPATH\\Controllers\\Admin\\PostController.php', 32)
 2 APPPATH\Controllers\Admin\PostController.php(32): array_intersect_assoc([...], [...])
 3 SYSTEMPATH\CodeIgniter.php(927): App\Controllers\Admin\PostController->getPost()
 4 SYSTEMPATH\CodeIgniter.php(482): CodeIgniter\CodeIgniter->runController(Object(App\Controllers\Admin\PostController))
 5 SYSTEMPATH\CodeIgniter.php(351): CodeIgniter\CodeIgniter->handleRequest(null, Object(Config\Cache), false)
 6 FCPATH\index.php(67): CodeIgniter\CodeIgniter->run()
CRITICAL - 2022-12-17 19:40:28 --> Array to string conversion
in APPPATH\Controllers\Admin\PostController.php on line 32.
 1 [internal function]: CodeIgniter\Debug\Exceptions->errorHandler(2, 'Array to string conversion', 'APPPATH\\Controllers\\Admin\\PostController.php', 32)
 2 APPPATH\Controllers\Admin\PostController.php(32): array_intersect_assoc([...], [...])
 3 SYSTEMPATH\CodeIgniter.php(927): App\Controllers\Admin\PostController->getPost()
 4 SYSTEMPATH\CodeIgniter.php(482): CodeIgniter\CodeIgniter->runController(Object(App\Controllers\Admin\PostController))
 5 SYSTEMPATH\CodeIgniter.php(351): CodeIgniter\CodeIgniter->handleRequest(null, Object(Config\Cache), false)
 6 FCPATH\index.php(67): CodeIgniter\CodeIgniter->run()
CRITICAL - 2022-12-17 19:42:29 --> Array to string conversion
in APPPATH\Controllers\Admin\PostController.php on line 32.
 1 [internal function]: CodeIgniter\Debug\Exceptions->errorHandler(2, 'Array to string conversion', 'APPPATH\\Controllers\\Admin\\PostController.php', 32)
 2 APPPATH\Controllers\Admin\PostController.php(32): array_diff_assoc([...], [...])
 3 SYSTEMPATH\CodeIgniter.php(927): App\Controllers\Admin\PostController->getPost()
 4 SYSTEMPATH\CodeIgniter.php(482): CodeIgniter\CodeIgniter->runController(Object(App\Controllers\Admin\PostController))
 5 SYSTEMPATH\CodeIgniter.php(351): CodeIgniter\CodeIgniter->handleRequest(null, Object(Config\Cache), false)
 6 FCPATH\index.php(67): CodeIgniter\CodeIgniter->run()
CRITICAL - 2022-12-17 19:42:30 --> Array to string conversion
in APPPATH\Controllers\Admin\PostController.php on line 32.
 1 [internal function]: CodeIgniter\Debug\Exceptions->errorHandler(2, 'Array to string conversion', 'APPPATH\\Controllers\\Admin\\PostController.php', 32)
 2 APPPATH\Controllers\Admin\PostController.php(32): array_diff_assoc([...], [...])
 3 SYSTEMPATH\CodeIgniter.php(927): App\Controllers\Admin\PostController->getPost()
 4 SYSTEMPATH\CodeIgniter.php(482): CodeIgniter\CodeIgniter->runController(Object(App\Controllers\Admin\PostController))
 5 SYSTEMPATH\CodeIgniter.php(351): CodeIgniter\CodeIgniter->handleRequest(null, Object(Config\Cache), false)
 6 FCPATH\index.php(67): CodeIgniter\CodeIgniter->run()
CRITICAL - 2022-12-17 19:42:30 --> Array to string conversion
in APPPATH\Controllers\Admin\PostController.php on line 32.
 1 [internal function]: CodeIgniter\Debug\Exceptions->errorHandler(2, 'Array to string conversion', 'APPPATH\\Controllers\\Admin\\PostController.php', 32)
 2 APPPATH\Controllers\Admin\PostController.php(32): array_diff_assoc([...], [...])
 3 SYSTEMPATH\CodeIgniter.php(927): App\Controllers\Admin\PostController->getPost()
 4 SYSTEMPATH\CodeIgniter.php(482): CodeIgniter\CodeIgniter->runController(Object(App\Controllers\Admin\PostController))
 5 SYSTEMPATH\CodeIgniter.php(351): CodeIgniter\CodeIgniter->handleRequest(null, Object(Config\Cache), false)
 6 FCPATH\index.php(67): CodeIgniter\CodeIgniter->run()
CRITICAL - 2022-12-17 19:42:31 --> Array to string conversion
in APPPATH\Controllers\Admin\PostController.php on line 32.
 1 [internal function]: CodeIgniter\Debug\Exceptions->errorHandler(2, 'Array to string conversion', 'APPPATH\\Controllers\\Admin\\PostController.php', 32)
 2 APPPATH\Controllers\Admin\PostController.php(32): array_diff_assoc([...], [...])
 3 SYSTEMPATH\CodeIgniter.php(927): App\Controllers\Admin\PostController->getPost()
 4 SYSTEMPATH\CodeIgniter.php(482): CodeIgniter\CodeIgniter->runController(Object(App\Controllers\Admin\PostController))
 5 SYSTEMPATH\CodeIgniter.php(351): CodeIgniter\CodeIgniter->handleRequest(null, Object(Config\Cache), false)
 6 FCPATH\index.php(67): CodeIgniter\CodeIgniter->run()
CRITICAL - 2022-12-17 19:42:31 --> Array to string conversion
in APPPATH\Controllers\Admin\PostController.php on line 32.
 1 [internal function]: CodeIgniter\Debug\Exceptions->errorHandler(2, 'Array to string conversion', 'APPPATH\\Controllers\\Admin\\PostController.php', 32)
 2 APPPATH\Controllers\Admin\PostController.php(32): array_diff_assoc([...], [...])
 3 SYSTEMPATH\CodeIgniter.php(927): App\Controllers\Admin\PostController->getPost()
 4 SYSTEMPATH\CodeIgniter.php(482): CodeIgniter\CodeIgniter->runController(Object(App\Controllers\Admin\PostController))
 5 SYSTEMPATH\CodeIgniter.php(351): CodeIgniter\CodeIgniter->handleRequest(null, Object(Config\Cache), false)
 6 FCPATH\index.php(67): CodeIgniter\CodeIgniter->run()
CRITICAL - 2022-12-17 19:42:31 --> Array to string conversion
in APPPATH\Controllers\Admin\PostController.php on line 32.
 1 [internal function]: CodeIgniter\Debug\Exceptions->errorHandler(2, 'Array to string conversion', 'APPPATH\\Controllers\\Admin\\PostController.php', 32)
 2 APPPATH\Controllers\Admin\PostController.php(32): array_diff_assoc([...], [...])
 3 SYSTEMPATH\CodeIgniter.php(927): App\Controllers\Admin\PostController->getPost()
 4 SYSTEMPATH\CodeIgniter.php(482): CodeIgniter\CodeIgniter->runController(Object(App\Controllers\Admin\PostController))
 5 SYSTEMPATH\CodeIgniter.php(351): CodeIgniter\CodeIgniter->handleRequest(null, Object(Config\Cache), false)
 6 FCPATH\index.php(67): CodeIgniter\CodeIgniter->run()
CRITICAL - 2022-12-17 19:42:31 --> Array to string conversion
in APPPATH\Controllers\Admin\PostController.php on line 32.
 1 [internal function]: CodeIgniter\Debug\Exceptions->errorHandler(2, 'Array to string conversion', 'APPPATH\\Controllers\\Admin\\PostController.php', 32)
 2 APPPATH\Controllers\Admin\PostController.php(32): array_diff_assoc([...], [...])
 3 SYSTEMPATH\CodeIgniter.php(927): App\Controllers\Admin\PostController->getPost()
 4 SYSTEMPATH\CodeIgniter.php(482): CodeIgniter\CodeIgniter->runController(Object(App\Controllers\Admin\PostController))
 5 SYSTEMPATH\CodeIgniter.php(351): CodeIgniter\CodeIgniter->handleRequest(null, Object(Config\Cache), false)
 6 FCPATH\index.php(67): CodeIgniter\CodeIgniter->run()
CRITICAL - 2022-12-17 19:51:30 --> Undefined array key "cate"
in APPPATH\Controllers\Admin\PostController.php on line 245.
 1 APPPATH\Controllers\Admin\PostController.php(245): CodeIgniter\Debug\Exceptions->errorHandler(2, 'Undefined array key "cate"', 'APPPATH\\Controllers\\Admin\\PostController.php', 245)
 2 SYSTEMPATH\CodeIgniter.php(927): App\Controllers\Admin\PostController->SaveEdit('33')
 3 SYSTEMPATH\CodeIgniter.php(482): CodeIgniter\CodeIgniter->runController(Object(App\Controllers\Admin\PostController))
 4 SYSTEMPATH\CodeIgniter.php(351): CodeIgniter\CodeIgniter->handleRequest(null, Object(Config\Cache), false)
 5 FCPATH\index.php(67): CodeIgniter\CodeIgniter->run()
CRITICAL - 2022-12-17 20:07:53 --> Undefined array key "cate"
in APPPATH\Controllers\Admin\PostController.php on line 245.
 1 APPPATH\Controllers\Admin\PostController.php(245): CodeIgniter\Debug\Exceptions->errorHandler(2, 'Undefined array key "cate"', 'APPPATH\\Controllers\\Admin\\PostController.php', 245)
 2 SYSTEMPATH\CodeIgniter.php(927): App\Controllers\Admin\PostController->SaveEdit('33')
 3 SYSTEMPATH\CodeIgniter.php(482): CodeIgniter\CodeIgniter->runController(Object(App\Controllers\Admin\PostController))
 4 SYSTEMPATH\CodeIgniter.php(351): CodeIgniter\CodeIgniter->handleRequest(null, Object(Config\Cache), false)
 5 FCPATH\index.php(67): CodeIgniter\CodeIgniter->run()
CRITICAL - 2022-12-17 20:09:46 --> Undefined variable $post_cate_id
in APPPATH\Controllers\Admin\PostController.php on line 184.
 1 APPPATH\Controllers\Admin\PostController.php(184): CodeIgniter\Debug\Exceptions->errorHandler(2, 'Undefined variable $post_cate_id', 'APPPATH\\Controllers\\Admin\\PostController.php', 184)
 2 SYSTEMPATH\CodeIgniter.php(927): App\Controllers\Admin\PostController->SaveEdit('33')
 3 SYSTEMPATH\CodeIgniter.php(482): CodeIgniter\CodeIgniter->runController(Object(App\Controllers\Admin\PostController))
 4 SYSTEMPATH\CodeIgniter.php(351): CodeIgniter\CodeIgniter->handleRequest(null, Object(Config\Cache), false)
 5 FCPATH\index.php(67): CodeIgniter\CodeIgniter->run()
CRITICAL - 2022-12-17 20:10:19 --> foreach() argument must be of type array|object, null given
in APPPATH\Views\admin\post\create.php on line 109.
 1 APPPATH\Views\admin\post\create.php(109): CodeIgniter\Debug\Exceptions->errorHandler(2, 'foreach() argument must be of type array|object, null given', 'APPPATH\\Views\\admin\\post\\create.php', 109)
 2 SYSTEMPATH\View\View.php(213): include('APPPATH\\Views\\admin\\post\\create.php')
 3 SYSTEMPATH\View\View.php(216): CodeIgniter\View\View->CodeIgniter\View\{closure}()
 4 SYSTEMPATH\Common.php(1134): CodeIgniter\View\View->render('admin/post/create', [], true)
 5 APPPATH\Controllers\Admin\PostController.php(246): view('admin/post/create', [...])
 6 SYSTEMPATH\CodeIgniter.php(927): App\Controllers\Admin\PostController->SaveEdit('33')
 7 SYSTEMPATH\CodeIgniter.php(482): CodeIgniter\CodeIgniter->runController(Object(App\Controllers\Admin\PostController))
 8 SYSTEMPATH\CodeIgniter.php(351): CodeIgniter\CodeIgniter->handleRequest(null, Object(Config\Cache), false)
 9 FCPATH\index.php(67): CodeIgniter\CodeIgniter->run()
CRITICAL - 2022-12-17 20:11:06 --> foreach() argument must be of type array|object, null given
in APPPATH\Views\admin\post\create.php on line 109.
 1 APPPATH\Views\admin\post\create.php(109): CodeIgniter\Debug\Exceptions->errorHandler(2, 'foreach() argument must be of type array|object, null given', 'APPPATH\\Views\\admin\\post\\create.php', 109)
 2 SYSTEMPATH\View\View.php(213): include('APPPATH\\Views\\admin\\post\\create.php')
 3 SYSTEMPATH\View\View.php(216): CodeIgniter\View\View->CodeIgniter\View\{closure}()
 4 SYSTEMPATH\Common.php(1134): CodeIgniter\View\View->render('admin/post/create', [], true)
 5 APPPATH\Controllers\Admin\PostController.php(248): view('admin/post/create', [...])
 6 SYSTEMPATH\CodeIgniter.php(927): App\Controllers\Admin\PostController->SaveEdit('33')
 7 SYSTEMPATH\CodeIgniter.php(482): CodeIgniter\CodeIgniter->runController(Object(App\Controllers\Admin\PostController))
 8 SYSTEMPATH\CodeIgniter.php(351): CodeIgniter\CodeIgniter->handleRequest(null, Object(Config\Cache), false)
 9 FCPATH\index.php(67): CodeIgniter\CodeIgniter->run()
CRITICAL - 2022-12-17 20:13:36 --> Undefined array key "cate"
in APPPATH\Controllers\Admin\PostController.php on line 245.
 1 APPPATH\Controllers\Admin\PostController.php(245): CodeIgniter\Debug\Exceptions->errorHandler(2, 'Undefined array key "cate"', 'APPPATH\\Controllers\\Admin\\PostController.php', 245)
 2 SYSTEMPATH\CodeIgniter.php(927): App\Controllers\Admin\PostController->SaveEdit('33')
 3 SYSTEMPATH\CodeIgniter.php(482): CodeIgniter\CodeIgniter->runController(Object(App\Controllers\Admin\PostController))
 4 SYSTEMPATH\CodeIgniter.php(351): CodeIgniter\CodeIgniter->handleRequest(null, Object(Config\Cache), false)
 5 FCPATH\index.php(67): CodeIgniter\CodeIgniter->run()
CRITICAL - 2022-12-17 20:13:48 --> Undefined array key "cate"
in APPPATH\Controllers\Admin\PostController.php on line 246.
 1 APPPATH\Controllers\Admin\PostController.php(246): CodeIgniter\Debug\Exceptions->errorHandler(2, 'Undefined array key "cate"', 'APPPATH\\Controllers\\Admin\\PostController.php', 246)
 2 SYSTEMPATH\CodeIgniter.php(927): App\Controllers\Admin\PostController->SaveEdit('33')
 3 SYSTEMPATH\CodeIgniter.php(482): CodeIgniter\CodeIgniter->runController(Object(App\Controllers\Admin\PostController))
 4 SYSTEMPATH\CodeIgniter.php(351): CodeIgniter\CodeIgniter->handleRequest(null, Object(Config\Cache), false)
 5 FCPATH\index.php(67): CodeIgniter\CodeIgniter->run()
CRITICAL - 2022-12-17 20:13:59 --> Undefined array key "cate"
in APPPATH\Controllers\Admin\PostController.php on line 246.
 1 APPPATH\Controllers\Admin\PostController.php(246): CodeIgniter\Debug\Exceptions->errorHandler(2, 'Undefined array key "cate"', 'APPPATH\\Controllers\\Admin\\PostController.php', 246)
 2 SYSTEMPATH\CodeIgniter.php(927): App\Controllers\Admin\PostController->SaveEdit('33')
 3 SYSTEMPATH\CodeIgniter.php(482): CodeIgniter\CodeIgniter->runController(Object(App\Controllers\Admin\PostController))
 4 SYSTEMPATH\CodeIgniter.php(351): CodeIgniter\CodeIgniter->handleRequest(null, Object(Config\Cache), false)
 5 FCPATH\index.php(67): CodeIgniter\CodeIgniter->run()
CRITICAL - 2022-12-17 20:14:07 --> Undefined array key "cate"
in APPPATH\Controllers\Admin\PostController.php on line 246.
 1 APPPATH\Controllers\Admin\PostController.php(246): CodeIgniter\Debug\Exceptions->errorHandler(2, 'Undefined array key "cate"', 'APPPATH\\Controllers\\Admin\\PostController.php', 246)
 2 SYSTEMPATH\CodeIgniter.php(927): App\Controllers\Admin\PostController->SaveEdit('33')
 3 SYSTEMPATH\CodeIgniter.php(482): CodeIgniter\CodeIgniter->runController(Object(App\Controllers\Admin\PostController))
 4 SYSTEMPATH\CodeIgniter.php(351): CodeIgniter\CodeIgniter->handleRequest(null, Object(Config\Cache), false)
 5 FCPATH\index.php(67): CodeIgniter\CodeIgniter->run()
