INFO - 2023-01-26 01:00:02 --> Session: Class initialized using 'CodeIgniter\Session\Handlers\FileHandler' driver.
INFO - 2023-01-26 01:00:25 --> Session: Class initialized using 'CodeIgniter\Session\Handlers\FileHandler' driver.
INFO - 2023-01-26 01:00:30 --> Session: Class initialized using 'CodeIgniter\Session\Handlers\FileHandler' driver.
INFO - 2023-01-26 01:39:10 --> Session: Class initialized using 'CodeIgniter\Session\Handlers\FileHandler' driver.
INFO - 2023-01-26 01:57:26 --> Session: Class initialized using 'CodeIgniter\Session\Handlers\FileHandler' driver.
INFO - 2023-01-26 01:57:29 --> Session: Class initialized using 'CodeIgniter\Session\Handlers\FileHandler' driver.
INFO - 2023-01-26 01:58:14 --> Session: Class initialized using 'CodeIgniter\Session\Handlers\FileHandler' driver.
INFO - 2023-01-26 01:58:18 --> Session: Class initialized using 'CodeIgniter\Session\Handlers\FileHandler' driver.
INFO - 2023-01-26 01:59:28 --> Session: Class initialized using 'CodeIgniter\Session\Handlers\FileHandler' driver.
INFO - 2023-01-26 02:01:13 --> Session: Class initialized using 'CodeIgniter\Session\Handlers\FileHandler' driver.
INFO - 2023-01-26 02:05:58 --> Session: Class initialized using 'CodeIgniter\Session\Handlers\FileHandler' driver.
CRITICAL - 2023-01-26 02:05:58 --> Undefined array key "tag_post_slug"
in APPPATH\Views\front_end\site_map.php on line 40.
 1 APPPATH\Views\front_end\site_map.php(40): CodeIgniter\Debug\Exceptions->errorHandler(2, 'Undefined array key "tag_post_slug"', 'APPPATH\\Views\\front_end\\site_map.php', 40)
 2 SYSTEMPATH\View\View.php(213): include('APPPATH\\Views\\front_end\\site_map.php')
 3 SYSTEMPATH\View\View.php(216): CodeIgniter\View\View->CodeIgniter\View\{closure}()
 4 SYSTEMPATH\Common.php(1177): CodeIgniter\View\View->render('front_end/site_map', [], true)
 5 APPPATH\Controllers\CanvasController.php(274): view('front_end/site_map', [...])
 6 SYSTEMPATH\CodeIgniter.php(934): App\Controllers\CanvasController->siteMap()
 7 SYSTEMPATH\CodeIgniter.php(499): CodeIgniter\CodeIgniter->runController(Object(App\Controllers\CanvasController))
 8 SYSTEMPATH\CodeIgniter.php(368): CodeIgniter\CodeIgniter->handleRequest(null, Object(Config\Cache), false)
 9 FCPATH\index.php(67): CodeIgniter\CodeIgniter->run()
INFO - 2023-01-26 02:07:04 --> Session: Class initialized using 'CodeIgniter\Session\Handlers\FileHandler' driver.
CRITICAL - 2023-01-26 02:07:04 --> Undefined array key "tag_post_slug"
in APPPATH\Views\front_end\site_map.php on line 40.
 1 APPPATH\Views\front_end\site_map.php(40): CodeIgniter\Debug\Exceptions->errorHandler(2, 'Undefined array key "tag_post_slug"', 'APPPATH\\Views\\front_end\\site_map.php', 40)
 2 SYSTEMPATH\View\View.php(213): include('APPPATH\\Views\\front_end\\site_map.php')
 3 SYSTEMPATH\View\View.php(216): CodeIgniter\View\View->CodeIgniter\View\{closure}()
 4 SYSTEMPATH\Common.php(1177): CodeIgniter\View\View->render('front_end/site_map', [], true)
 5 APPPATH\Controllers\CanvasController.php(274): view('front_end/site_map', [...])
 6 SYSTEMPATH\CodeIgniter.php(934): App\Controllers\CanvasController->siteMap()
 7 SYSTEMPATH\CodeIgniter.php(499): CodeIgniter\CodeIgniter->runController(Object(App\Controllers\CanvasController))
 8 SYSTEMPATH\CodeIgniter.php(368): CodeIgniter\CodeIgniter->handleRequest(null, Object(Config\Cache), false)
 9 FCPATH\index.php(67): CodeIgniter\CodeIgniter->run()
INFO - 2023-01-26 02:07:05 --> Session: Class initialized using 'CodeIgniter\Session\Handlers\FileHandler' driver.
CRITICAL - 2023-01-26 02:07:05 --> Undefined array key "tag_post_slug"
in APPPATH\Views\front_end\site_map.php on line 40.
 1 APPPATH\Views\front_end\site_map.php(40): CodeIgniter\Debug\Exceptions->errorHandler(2, 'Undefined array key "tag_post_slug"', 'APPPATH\\Views\\front_end\\site_map.php', 40)
 2 SYSTEMPATH\View\View.php(213): include('APPPATH\\Views\\front_end\\site_map.php')
 3 SYSTEMPATH\View\View.php(216): CodeIgniter\View\View->CodeIgniter\View\{closure}()
 4 SYSTEMPATH\Common.php(1177): CodeIgniter\View\View->render('front_end/site_map', [], true)
 5 APPPATH\Controllers\CanvasController.php(274): view('front_end/site_map', [...])
 6 SYSTEMPATH\CodeIgniter.php(934): App\Controllers\CanvasController->siteMap()
 7 SYSTEMPATH\CodeIgniter.php(499): CodeIgniter\CodeIgniter->runController(Object(App\Controllers\CanvasController))
 8 SYSTEMPATH\CodeIgniter.php(368): CodeIgniter\CodeIgniter->handleRequest(null, Object(Config\Cache), false)
 9 FCPATH\index.php(67): CodeIgniter\CodeIgniter->run()
INFO - 2023-01-26 02:07:16 --> Session: Class initialized using 'CodeIgniter\Session\Handlers\FileHandler' driver.
INFO - 2023-01-26 02:07:38 --> Session: Class initialized using 'CodeIgniter\Session\Handlers\FileHandler' driver.
INFO - 2023-01-26 02:08:11 --> Session: Class initialized using 'CodeIgniter\Session\Handlers\FileHandler' driver.
INFO - 2023-01-26 02:12:13 --> Session: Class initialized using 'CodeIgniter\Session\Handlers\FileHandler' driver.
