CRITICAL - 2023-01-13 04:44:16 --> syntax error, unexpected token "echo"
in APPPATH\Views\front_end\canvas_site\footer.php on line 139.
 1 SYSTEMPATH\View\View.php(216): CodeIgniter\View\View->CodeIgniter\View\{closure}()
 2 SYSTEMPATH\View\View.php(431): CodeIgniter\View\View->render('front_end/canvas_site/footer', null, true)
 3 APPPATH\Views\front_end\canvas_site\layout.php(44): CodeIgniter\View\View->include('front_end/canvas_site/footer')
 4 SYSTEMPATH\View\View.php(213): include('APPPATH\\Views\\front_end\\canvas_site\\layout.php')
 5 SYSTEMPATH\View\View.php(216): CodeIgniter\View\View->CodeIgniter\View\{closure}()
 6 SYSTEMPATH\Common.php(1134): CodeIgniter\View\View->render('front_end/canvas_site/layout', [], true)
 7 APPPATH\Controllers\BaseController.php(65): view('front_end/canvas_site/layout', [...])
 8 SYSTEMPATH\CodeIgniter.php(890): App\Controllers\BaseController->initController(Object(CodeIgniter\HTTP\IncomingRequest), Object(CodeIgniter\HTTP\Response), Object(CodeIgniter\Log\Logger))
 9 SYSTEMPATH\CodeIgniter.php(473): CodeIgniter\CodeIgniter->createController()
10 SYSTEMPATH\CodeIgniter.php(351): CodeIgniter\CodeIgniter->handleRequest(null, Object(Config\Cache), false)
11 FCPATH\index.php(67): CodeIgniter\CodeIgniter->run()
CRITICAL - 2023-01-13 05:52:23 --> Undefined array key "page_favicon"
in APPPATH\Views\front_end\canvas_site\layout.php on line 7.
 1 APPPATH\Views\front_end\canvas_site\layout.php(7): CodeIgniter\Debug\Exceptions->errorHandler(2, 'Undefined array key "page_favicon"', 'APPPATH\\Views\\front_end\\canvas_site\\layout.php', 7)
 2 SYSTEMPATH\View\View.php(213): include('APPPATH\\Views\\front_end\\canvas_site\\layout.php')
 3 SYSTEMPATH\View\View.php(216): CodeIgniter\View\View->CodeIgniter\View\{closure}()
 4 SYSTEMPATH\Common.php(1134): CodeIgniter\View\View->render('front_end/canvas_site/layout', [], true)
 5 APPPATH\Controllers\BaseController.php(65): view('front_end/canvas_site/layout', [...])
 6 SYSTEMPATH\CodeIgniter.php(890): App\Controllers\BaseController->initController(Object(CodeIgniter\HTTP\IncomingRequest), Object(CodeIgniter\HTTP\Response), Object(CodeIgniter\Log\Logger))
 7 SYSTEMPATH\CodeIgniter.php(473): CodeIgniter\CodeIgniter->createController()
 8 SYSTEMPATH\CodeIgniter.php(351): CodeIgniter\CodeIgniter->handleRequest(null, Object(Config\Cache), false)
 9 FCPATH\index.php(67): CodeIgniter\CodeIgniter->run()
CRITICAL - 2023-01-13 05:53:14 --> Undefined array key "page_favicon"
in APPPATH\Views\front_end\canvas_site\layout.php on line 7.
 1 APPPATH\Views\front_end\canvas_site\layout.php(7): CodeIgniter\Debug\Exceptions->errorHandler(2, 'Undefined array key "page_favicon"', 'APPPATH\\Views\\front_end\\canvas_site\\layout.php', 7)
 2 SYSTEMPATH\View\View.php(213): include('APPPATH\\Views\\front_end\\canvas_site\\layout.php')
 3 SYSTEMPATH\View\View.php(216): CodeIgniter\View\View->CodeIgniter\View\{closure}()
 4 SYSTEMPATH\Common.php(1134): CodeIgniter\View\View->render('front_end/canvas_site/layout', [], true)
 5 APPPATH\Controllers\BaseController.php(65): view('front_end/canvas_site/layout', [...])
 6 SYSTEMPATH\CodeIgniter.php(890): App\Controllers\BaseController->initController(Object(CodeIgniter\HTTP\IncomingRequest), Object(CodeIgniter\HTTP\Response), Object(CodeIgniter\Log\Logger))
 7 SYSTEMPATH\CodeIgniter.php(473): CodeIgniter\CodeIgniter->createController()
 8 SYSTEMPATH\CodeIgniter.php(351): CodeIgniter\CodeIgniter->handleRequest(null, Object(Config\Cache), false)
 9 FCPATH\index.php(67): CodeIgniter\CodeIgniter->run()
CRITICAL - 2023-01-13 05:59:16 --> Too few arguments to function App\Controllers\CanvasController::post(), 2 passed in D:\Code\Xampp\htdocs\CI4_App\system\CodeIgniter.php on line 927 and exactly 3 expected
in APPPATH\Controllers\CanvasController.php on line 97.
 1 SYSTEMPATH\CodeIgniter.php(927): App\Controllers\CanvasController->post('dich-vu-du-lich', 'Xe-tai-cho-thue-tai-binh-duong-2-24')
 2 SYSTEMPATH\CodeIgniter.php(482): CodeIgniter\CodeIgniter->runController(Object(App\Controllers\CanvasController))
 3 SYSTEMPATH\CodeIgniter.php(351): CodeIgniter\CodeIgniter->handleRequest(null, Object(Config\Cache), false)
 4 FCPATH\index.php(67): CodeIgniter\CodeIgniter->run()
CRITICAL - 2023-01-13 10:35:33 --> Object of class App\Models\CateModel could not be converted to string
in SYSTEMPATH\Database\Query.php on line 335.
 1 SYSTEMPATH\Database\Query.php(335): strtr('SELECT *
FROM `cate`
WHERE `cate_slug` = :cate_slug:
 LIMIT 1', [...])
 2 SYSTEMPATH\Database\Query.php(310): CodeIgniter\Database\Query->matchNamedBinds('SELECT *
FROM `cate`
WHERE `cate_slug` = :cate_slug:
 LIMIT 1', [...])
 3 SYSTEMPATH\Database\Query.php(159): CodeIgniter\Database\Query->compileBinds()
 4 SYSTEMPATH\Database\BaseConnection.php(593): CodeIgniter\Database\Query->getQuery()
 5 SYSTEMPATH\Database\BaseBuilder.php(1585): CodeIgniter\Database\BaseConnection->query('SELECT *
FROM `cate`
WHERE `cate_slug` = :cate_slug:
 LIMIT 1', [...], false)
 6 SYSTEMPATH\Model.php(250): CodeIgniter\Database\BaseBuilder->get()
 7 SYSTEMPATH\BaseModel.php(623): CodeIgniter\Model->doFirst()
 8 APPPATH\Controllers\CanvasController.php(96): CodeIgniter\BaseModel->first()
 9 SYSTEMPATH\CodeIgniter.php(927): App\Controllers\CanvasController->post(Object(App\Models\CateModel), 'Bai-viet-co-anh-2', '26')
10 SYSTEMPATH\CodeIgniter.php(482): CodeIgniter\CodeIgniter->runController(Object(App\Controllers\CanvasController))
11 SYSTEMPATH\CodeIgniter.php(351): CodeIgniter\CodeIgniter->handleRequest(null, Object(Config\Cache), false)
12 FCPATH\index.php(67): CodeIgniter\CodeIgniter->run()
CRITICAL - 2023-01-13 10:36:07 --> Object of class App\Models\CateModel could not be converted to string
in SYSTEMPATH\Database\Query.php on line 335.
 1 SYSTEMPATH\Database\Query.php(335): strtr('SELECT *
FROM `cate`
WHERE `cate_slug` = :cate_slug:', [...])
 2 SYSTEMPATH\Database\Query.php(310): CodeIgniter\Database\Query->matchNamedBinds('SELECT *
FROM `cate`
WHERE `cate_slug` = :cate_slug:', [...])
 3 SYSTEMPATH\Database\Query.php(159): CodeIgniter\Database\Query->compileBinds()
 4 SYSTEMPATH\Database\BaseConnection.php(593): CodeIgniter\Database\Query->getQuery()
 5 SYSTEMPATH\Database\BaseBuilder.php(1585): CodeIgniter\Database\BaseConnection->query('SELECT *
FROM `cate`
WHERE `cate_slug` = :cate_slug:', [...], false)
 6 SYSTEMPATH\Model.php(185): CodeIgniter\Database\BaseBuilder->get()
 7 SYSTEMPATH\BaseModel.php(524): CodeIgniter\Model->doFind(false, null)
 8 APPPATH\Controllers\CanvasController.php(96): CodeIgniter\BaseModel->find()
 9 SYSTEMPATH\CodeIgniter.php(927): App\Controllers\CanvasController->post(Object(App\Models\CateModel), 'Bai-viet-co-anh-2', '26')
10 SYSTEMPATH\CodeIgniter.php(482): CodeIgniter\CodeIgniter->runController(Object(App\Controllers\CanvasController))
11 SYSTEMPATH\CodeIgniter.php(351): CodeIgniter\CodeIgniter->handleRequest(null, Object(Config\Cache), false)
12 FCPATH\index.php(67): CodeIgniter\CodeIgniter->run()
CRITICAL - 2023-01-13 10:36:16 --> Object of class App\Models\CateModel could not be converted to string
in SYSTEMPATH\Database\Query.php on line 335.
 1 SYSTEMPATH\Database\Query.php(335): strtr('SELECT *
FROM `cate`
WHERE `cate_slug` = :cate_slug:', [...])
 2 SYSTEMPATH\Database\Query.php(310): CodeIgniter\Database\Query->matchNamedBinds('SELECT *
FROM `cate`
WHERE `cate_slug` = :cate_slug:', [...])
 3 SYSTEMPATH\Database\Query.php(159): CodeIgniter\Database\Query->compileBinds()
 4 SYSTEMPATH\Database\BaseConnection.php(593): CodeIgniter\Database\Query->getQuery()
 5 SYSTEMPATH\Database\BaseBuilder.php(1585): CodeIgniter\Database\BaseConnection->query('SELECT *
FROM `cate`
WHERE `cate_slug` = :cate_slug:', [...], false)
 6 SYSTEMPATH\Model.php(772): CodeIgniter\Database\BaseBuilder->get()
 7 APPPATH\Controllers\CanvasController.php(96): CodeIgniter\Model->__call('get', [])
 8 SYSTEMPATH\CodeIgniter.php(927): App\Controllers\CanvasController->post(Object(App\Models\CateModel), 'Bai-viet-co-anh-2', '26')
 9 SYSTEMPATH\CodeIgniter.php(482): CodeIgniter\CodeIgniter->runController(Object(App\Controllers\CanvasController))
10 SYSTEMPATH\CodeIgniter.php(351): CodeIgniter\CodeIgniter->handleRequest(null, Object(Config\Cache), false)
11 FCPATH\index.php(67): CodeIgniter\CodeIgniter->run()
CRITICAL - 2023-01-13 11:05:39 --> Undefined variable $post_detail
in APPPATH\Views\front_end\canvas_site\post.php on line 11.
 1 APPPATH\Views\front_end\canvas_site\post.php(11): CodeIgniter\Debug\Exceptions->errorHandler(2, 'Undefined variable $post_detail', 'APPPATH\\Views\\front_end\\canvas_site\\post.php', 11)
 2 SYSTEMPATH\View\View.php(213): include('APPPATH\\Views\\front_end\\canvas_site\\post.php')
 3 SYSTEMPATH\View\View.php(216): CodeIgniter\View\View->CodeIgniter\View\{closure}()
 4 SYSTEMPATH\Common.php(1134): CodeIgniter\View\View->render('front_end/canvas_site/post', [], true)
 5 APPPATH\Controllers\CanvasController.php(121): view('front_end/canvas_site/post')
 6 SYSTEMPATH\CodeIgniter.php(927): App\Controllers\CanvasController->post('blog-222', 'Bai-viet-co-anh-2', '26')
 7 SYSTEMPATH\CodeIgniter.php(482): CodeIgniter\CodeIgniter->runController(Object(App\Controllers\CanvasController))
 8 SYSTEMPATH\CodeIgniter.php(351): CodeIgniter\CodeIgniter->handleRequest(null, Object(Config\Cache), false)
 9 FCPATH\index.php(67): CodeIgniter\CodeIgniter->run()
CRITICAL - 2023-01-13 11:06:40 --> Undefined variable $post_detail
in APPPATH\Views\front_end\canvas_site\post.php on line 11.
 1 APPPATH\Views\front_end\canvas_site\post.php(11): CodeIgniter\Debug\Exceptions->errorHandler(2, 'Undefined variable $post_detail', 'APPPATH\\Views\\front_end\\canvas_site\\post.php', 11)
 2 SYSTEMPATH\View\View.php(213): include('APPPATH\\Views\\front_end\\canvas_site\\post.php')
 3 SYSTEMPATH\View\View.php(216): CodeIgniter\View\View->CodeIgniter\View\{closure}()
 4 SYSTEMPATH\Common.php(1134): CodeIgniter\View\View->render('front_end/canvas_site/post', [], true)
 5 APPPATH\Controllers\CanvasController.php(121): view('front_end/canvas_site/post')
 6 SYSTEMPATH\CodeIgniter.php(927): App\Controllers\CanvasController->post('blog-222', 'Bai-viet-co-anh-2', '26')
 7 SYSTEMPATH\CodeIgniter.php(482): CodeIgniter\CodeIgniter->runController(Object(App\Controllers\CanvasController))
 8 SYSTEMPATH\CodeIgniter.php(351): CodeIgniter\CodeIgniter->handleRequest(null, Object(Config\Cache), false)
 9 FCPATH\index.php(67): CodeIgniter\CodeIgniter->run()
