CRITICAL - 2023-01-07 01:00:20 --> Call to a member function difference() on string
in APPPATH\Views\front_end\canvas_site\home.php on line 25.
 1 SYSTEMPATH\View\View.php(213): include()
 2 SYSTEMPATH\View\View.php(216): CodeIgniter\View\View->CodeIgniter\View\{closure}()
 3 SYSTEMPATH\Common.php(1134): CodeIgniter\View\View->render('front_end/canvas_site/home', [], true)
 4 APPPATH\Controllers\CanvasController.php(84): view('front_end/canvas_site/home', [...])
 5 SYSTEMPATH\CodeIgniter.php(927): App\Controllers\CanvasController->index()
 6 SYSTEMPATH\CodeIgniter.php(482): CodeIgniter\CodeIgniter->runController(Object(App\Controllers\CanvasController))
 7 SYSTEMPATH\CodeIgniter.php(351): CodeIgniter\CodeIgniter->handleRequest(null, Object(Config\Cache), false)
 8 FCPATH\index.php(67): CodeIgniter\CodeIgniter->run()
CRITICAL - 2023-01-07 01:02:01 --> Non-static method CodeIgniter\I18n\Time::difference() cannot be called statically
in APPPATH\Views\front_end\canvas_site\home.php on line 25.
 1 SYSTEMPATH\View\View.php(213): include()
 2 SYSTEMPATH\View\View.php(216): CodeIgniter\View\View->CodeIgniter\View\{closure}()
 3 SYSTEMPATH\Common.php(1134): CodeIgniter\View\View->render('front_end/canvas_site/home', [], true)
 4 APPPATH\Controllers\CanvasController.php(84): view('front_end/canvas_site/home', [...])
 5 SYSTEMPATH\CodeIgniter.php(927): App\Controllers\CanvasController->index()
 6 SYSTEMPATH\CodeIgniter.php(482): CodeIgniter\CodeIgniter->runController(Object(App\Controllers\CanvasController))
 7 SYSTEMPATH\CodeIgniter.php(351): CodeIgniter\CodeIgniter->handleRequest(null, Object(Config\Cache), false)
 8 FCPATH\index.php(67): CodeIgniter\CodeIgniter->run()
CRITICAL - 2023-01-07 01:02:10 --> Call to a member function difference() on string
in APPPATH\Views\front_end\canvas_site\home.php on line 25.
 1 SYSTEMPATH\View\View.php(213): include()
 2 SYSTEMPATH\View\View.php(216): CodeIgniter\View\View->CodeIgniter\View\{closure}()
 3 SYSTEMPATH\Common.php(1134): CodeIgniter\View\View->render('front_end/canvas_site/home', [], true)
 4 APPPATH\Controllers\CanvasController.php(84): view('front_end/canvas_site/home', [...])
 5 SYSTEMPATH\CodeIgniter.php(927): App\Controllers\CanvasController->index()
 6 SYSTEMPATH\CodeIgniter.php(482): CodeIgniter\CodeIgniter->runController(Object(App\Controllers\CanvasController))
 7 SYSTEMPATH\CodeIgniter.php(351): CodeIgniter\CodeIgniter->handleRequest(null, Object(Config\Cache), false)
 8 FCPATH\index.php(67): CodeIgniter\CodeIgniter->run()
CRITICAL - 2023-01-07 01:04:25 --> Call to undefined method CodeIgniter\I18n\Time::getMonths()
in APPPATH\Views\front_end\canvas_site\home.php on line 22.
 1 SYSTEMPATH\View\View.php(213): include()
 2 SYSTEMPATH\View\View.php(216): CodeIgniter\View\View->CodeIgniter\View\{closure}()
 3 SYSTEMPATH\Common.php(1134): CodeIgniter\View\View->render('front_end/canvas_site/home', [], true)
 4 APPPATH\Controllers\CanvasController.php(84): view('front_end/canvas_site/home', [...])
 5 SYSTEMPATH\CodeIgniter.php(927): App\Controllers\CanvasController->index()
 6 SYSTEMPATH\CodeIgniter.php(482): CodeIgniter\CodeIgniter->runController(Object(App\Controllers\CanvasController))
 7 SYSTEMPATH\CodeIgniter.php(351): CodeIgniter\CodeIgniter->handleRequest(null, Object(Config\Cache), false)
 8 FCPATH\index.php(67): CodeIgniter\CodeIgniter->run()
CRITICAL - 2023-01-07 01:06:57 --> syntax error, unexpected token "="
in APPPATH\Views\front_end\canvas_site\home.php on line 26.
 1 SYSTEMPATH\View\View.php(216): CodeIgniter\View\View->CodeIgniter\View\{closure}()
 2 SYSTEMPATH\Common.php(1134): CodeIgniter\View\View->render('front_end/canvas_site/home', [], true)
 3 APPPATH\Controllers\CanvasController.php(84): view('front_end/canvas_site/home', [...])
 4 SYSTEMPATH\CodeIgniter.php(927): App\Controllers\CanvasController->index()
 5 SYSTEMPATH\CodeIgniter.php(482): CodeIgniter\CodeIgniter->runController(Object(App\Controllers\CanvasController))
 6 SYSTEMPATH\CodeIgniter.php(351): CodeIgniter\CodeIgniter->handleRequest(null, Object(Config\Cache), false)
 7 FCPATH\index.php(67): CodeIgniter\CodeIgniter->run()
CRITICAL - 2023-01-07 01:07:13 --> syntax error, unexpected token ")"
in APPPATH\Views\front_end\canvas_site\home.php on line 29.
 1 SYSTEMPATH\View\View.php(216): CodeIgniter\View\View->CodeIgniter\View\{closure}()
 2 SYSTEMPATH\Common.php(1134): CodeIgniter\View\View->render('front_end/canvas_site/home', [], true)
 3 APPPATH\Controllers\CanvasController.php(84): view('front_end/canvas_site/home', [...])
 4 SYSTEMPATH\CodeIgniter.php(927): App\Controllers\CanvasController->index()
 5 SYSTEMPATH\CodeIgniter.php(482): CodeIgniter\CodeIgniter->runController(Object(App\Controllers\CanvasController))
 6 SYSTEMPATH\CodeIgniter.php(351): CodeIgniter\CodeIgniter->handleRequest(null, Object(Config\Cache), false)
 7 FCPATH\index.php(67): CodeIgniter\CodeIgniter->run()
