CRITICAL - 2023-01-01 06:53:43 --> Undefined variable $c3
in APPPATH\Views\front_end\canvas_site\navbar.php on line 38.
 1 APPPATH\Views\front_end\canvas_site\navbar.php(38): CodeIgniter\Debug\Exceptions->errorHandler(2, 'Undefined variable $c3', 'APPPATH\\Views\\front_end\\canvas_site\\navbar.php', 38)
 2 SYSTEMPATH\View\View.php(213): include('APPPATH\\Views\\front_end\\canvas_site\\navbar.php')
 3 SYSTEMPATH\View\View.php(216): CodeIgniter\View\View->CodeIgniter\View\{closure}()
 4 SYSTEMPATH\View\View.php(431): CodeIgniter\View\View->render('front_end/canvas_site/navbar', null, true)
 5 APPPATH\Views\front_end\canvas_site\layout.php(27): CodeIgniter\View\View->include('front_end/canvas_site/navbar')
 6 SYSTEMPATH\View\View.php(213): include('APPPATH\\Views\\front_end\\canvas_site\\layout.php')
 7 SYSTEMPATH\View\View.php(216): CodeIgniter\View\View->CodeIgniter\View\{closure}()
 8 SYSTEMPATH\Common.php(1134): CodeIgniter\View\View->render('front_end/canvas_site/layout', [], true)
 9 APPPATH\Controllers\BaseController.php(62): view('front_end/canvas_site/layout', [...])
10 SYSTEMPATH\CodeIgniter.php(890): App\Controllers\BaseController->initController(Object(CodeIgniter\HTTP\IncomingRequest), Object(CodeIgniter\HTTP\Response), Object(CodeIgniter\Log\Logger))
11 SYSTEMPATH\CodeIgniter.php(473): CodeIgniter\CodeIgniter->createController()
12 SYSTEMPATH\CodeIgniter.php(351): CodeIgniter\CodeIgniter->handleRequest(null, Object(Config\Cache), false)
13 FCPATH\index.php(67): CodeIgniter\CodeIgniter->run()
CRITICAL - 2023-01-01 06:54:48 --> syntax error, unexpected token "<"
in APPPATH\Views\front_end\canvas_site\navbar.php on line 38.
 1 SYSTEMPATH\View\View.php(216): CodeIgniter\View\View->CodeIgniter\View\{closure}()
 2 SYSTEMPATH\View\View.php(431): CodeIgniter\View\View->render('front_end/canvas_site/navbar', null, true)
 3 APPPATH\Views\front_end\canvas_site\layout.php(27): CodeIgniter\View\View->include('front_end/canvas_site/navbar')
 4 SYSTEMPATH\View\View.php(213): include('APPPATH\\Views\\front_end\\canvas_site\\layout.php')
 5 SYSTEMPATH\View\View.php(216): CodeIgniter\View\View->CodeIgniter\View\{closure}()
 6 SYSTEMPATH\Common.php(1134): CodeIgniter\View\View->render('front_end/canvas_site/layout', [], true)
 7 APPPATH\Controllers\BaseController.php(62): view('front_end/canvas_site/layout', [...])
 8 SYSTEMPATH\CodeIgniter.php(890): App\Controllers\BaseController->initController(Object(CodeIgniter\HTTP\IncomingRequest), Object(CodeIgniter\HTTP\Response), Object(CodeIgniter\Log\Logger))
 9 SYSTEMPATH\CodeIgniter.php(473): CodeIgniter\CodeIgniter->createController()
10 SYSTEMPATH\CodeIgniter.php(351): CodeIgniter\CodeIgniter->handleRequest(null, Object(Config\Cache), false)
11 FCPATH\index.php(67): CodeIgniter\CodeIgniter->run()
CRITICAL - 2023-01-01 06:55:04 --> syntax error, unexpected token "<"
in APPPATH\Views\front_end\canvas_site\navbar.php on line 41.
 1 SYSTEMPATH\View\View.php(216): CodeIgniter\View\View->CodeIgniter\View\{closure}()
 2 SYSTEMPATH\View\View.php(431): CodeIgniter\View\View->render('front_end/canvas_site/navbar', null, true)
 3 APPPATH\Views\front_end\canvas_site\layout.php(27): CodeIgniter\View\View->include('front_end/canvas_site/navbar')
 4 SYSTEMPATH\View\View.php(213): include('APPPATH\\Views\\front_end\\canvas_site\\layout.php')
 5 SYSTEMPATH\View\View.php(216): CodeIgniter\View\View->CodeIgniter\View\{closure}()
 6 SYSTEMPATH\Common.php(1134): CodeIgniter\View\View->render('front_end/canvas_site/layout', [], true)
 7 APPPATH\Controllers\BaseController.php(62): view('front_end/canvas_site/layout', [...])
 8 SYSTEMPATH\CodeIgniter.php(890): App\Controllers\BaseController->initController(Object(CodeIgniter\HTTP\IncomingRequest), Object(CodeIgniter\HTTP\Response), Object(CodeIgniter\Log\Logger))
 9 SYSTEMPATH\CodeIgniter.php(473): CodeIgniter\CodeIgniter->createController()
10 SYSTEMPATH\CodeIgniter.php(351): CodeIgniter\CodeIgniter->handleRequest(null, Object(Config\Cache), false)
11 FCPATH\index.php(67): CodeIgniter\CodeIgniter->run()
CRITICAL - 2023-01-01 06:55:40 --> syntax error, unexpected token "<"
in APPPATH\Views\front_end\canvas_site\navbar.php on line 49.
 1 SYSTEMPATH\View\View.php(216): CodeIgniter\View\View->CodeIgniter\View\{closure}()
 2 SYSTEMPATH\View\View.php(431): CodeIgniter\View\View->render('front_end/canvas_site/navbar', null, true)
 3 APPPATH\Views\front_end\canvas_site\layout.php(27): CodeIgniter\View\View->include('front_end/canvas_site/navbar')
 4 SYSTEMPATH\View\View.php(213): include('APPPATH\\Views\\front_end\\canvas_site\\layout.php')
 5 SYSTEMPATH\View\View.php(216): CodeIgniter\View\View->CodeIgniter\View\{closure}()
 6 SYSTEMPATH\Common.php(1134): CodeIgniter\View\View->render('front_end/canvas_site/layout', [], true)
 7 APPPATH\Controllers\BaseController.php(62): view('front_end/canvas_site/layout', [...])
 8 SYSTEMPATH\CodeIgniter.php(890): App\Controllers\BaseController->initController(Object(CodeIgniter\HTTP\IncomingRequest), Object(CodeIgniter\HTTP\Response), Object(CodeIgniter\Log\Logger))
 9 SYSTEMPATH\CodeIgniter.php(473): CodeIgniter\CodeIgniter->createController()
10 SYSTEMPATH\CodeIgniter.php(351): CodeIgniter\CodeIgniter->handleRequest(null, Object(Config\Cache), false)
11 FCPATH\index.php(67): CodeIgniter\CodeIgniter->run()
CRITICAL - 2023-01-01 06:56:13 --> syntax error, unexpected token "<", expecting ";"
in APPPATH\Views\front_end\canvas_site\navbar.php on line 61.
 1 SYSTEMPATH\View\View.php(216): CodeIgniter\View\View->CodeIgniter\View\{closure}()
 2 SYSTEMPATH\View\View.php(431): CodeIgniter\View\View->render('front_end/canvas_site/navbar', null, true)
 3 APPPATH\Views\front_end\canvas_site\layout.php(27): CodeIgniter\View\View->include('front_end/canvas_site/navbar')
 4 SYSTEMPATH\View\View.php(213): include('APPPATH\\Views\\front_end\\canvas_site\\layout.php')
 5 SYSTEMPATH\View\View.php(216): CodeIgniter\View\View->CodeIgniter\View\{closure}()
 6 SYSTEMPATH\Common.php(1134): CodeIgniter\View\View->render('front_end/canvas_site/layout', [], true)
 7 APPPATH\Controllers\BaseController.php(62): view('front_end/canvas_site/layout', [...])
 8 SYSTEMPATH\CodeIgniter.php(890): App\Controllers\BaseController->initController(Object(CodeIgniter\HTTP\IncomingRequest), Object(CodeIgniter\HTTP\Response), Object(CodeIgniter\Log\Logger))
 9 SYSTEMPATH\CodeIgniter.php(473): CodeIgniter\CodeIgniter->createController()
10 SYSTEMPATH\CodeIgniter.php(351): CodeIgniter\CodeIgniter->handleRequest(null, Object(Config\Cache), false)
11 FCPATH\index.php(67): CodeIgniter\CodeIgniter->run()
CRITICAL - 2023-01-01 06:56:36 --> syntax error, unexpected identifier "x"
in APPPATH\Views\front_end\canvas_site\navbar.php on line 129.
 1 SYSTEMPATH\View\View.php(216): CodeIgniter\View\View->CodeIgniter\View\{closure}()
 2 SYSTEMPATH\View\View.php(431): CodeIgniter\View\View->render('front_end/canvas_site/navbar', null, true)
 3 APPPATH\Views\front_end\canvas_site\layout.php(27): CodeIgniter\View\View->include('front_end/canvas_site/navbar')
 4 SYSTEMPATH\View\View.php(213): include('APPPATH\\Views\\front_end\\canvas_site\\layout.php')
 5 SYSTEMPATH\View\View.php(216): CodeIgniter\View\View->CodeIgniter\View\{closure}()
 6 SYSTEMPATH\Common.php(1134): CodeIgniter\View\View->render('front_end/canvas_site/layout', [], true)
 7 APPPATH\Controllers\BaseController.php(62): view('front_end/canvas_site/layout', [...])
 8 SYSTEMPATH\CodeIgniter.php(890): App\Controllers\BaseController->initController(Object(CodeIgniter\HTTP\IncomingRequest), Object(CodeIgniter\HTTP\Response), Object(CodeIgniter\Log\Logger))
 9 SYSTEMPATH\CodeIgniter.php(473): CodeIgniter\CodeIgniter->createController()
10 SYSTEMPATH\CodeIgniter.php(351): CodeIgniter\CodeIgniter->handleRequest(null, Object(Config\Cache), false)
11 FCPATH\index.php(67): CodeIgniter\CodeIgniter->run()
CRITICAL - 2023-01-01 06:58:45 --> syntax error, unexpected identifier "x"
in APPPATH\Views\front_end\canvas_site\navbar.php on line 175.
 1 SYSTEMPATH\View\View.php(216): CodeIgniter\View\View->CodeIgniter\View\{closure}()
 2 SYSTEMPATH\View\View.php(431): CodeIgniter\View\View->render('front_end/canvas_site/navbar', null, true)
 3 APPPATH\Views\front_end\canvas_site\layout.php(27): CodeIgniter\View\View->include('front_end/canvas_site/navbar')
 4 SYSTEMPATH\View\View.php(213): include('APPPATH\\Views\\front_end\\canvas_site\\layout.php')
 5 SYSTEMPATH\View\View.php(216): CodeIgniter\View\View->CodeIgniter\View\{closure}()
 6 SYSTEMPATH\Common.php(1134): CodeIgniter\View\View->render('front_end/canvas_site/layout', [], true)
 7 APPPATH\Controllers\BaseController.php(62): view('front_end/canvas_site/layout', [...])
 8 SYSTEMPATH\CodeIgniter.php(890): App\Controllers\BaseController->initController(Object(CodeIgniter\HTTP\IncomingRequest), Object(CodeIgniter\HTTP\Response), Object(CodeIgniter\Log\Logger))
 9 SYSTEMPATH\CodeIgniter.php(473): CodeIgniter\CodeIgniter->createController()
10 SYSTEMPATH\CodeIgniter.php(351): CodeIgniter\CodeIgniter->handleRequest(null, Object(Config\Cache), false)
11 FCPATH\index.php(67): CodeIgniter\CodeIgniter->run()
CRITICAL - 2023-01-01 06:59:00 --> Attempt to read property "cate_parent_id" on array
in APPPATH\Views\front_end\canvas_site\navbar.php on line 38.
 1 APPPATH\Views\front_end\canvas_site\navbar.php(38): CodeIgniter\Debug\Exceptions->errorHandler(2, 'Attempt to read property "cate_parent_id" on array', 'APPPATH\\Views\\front_end\\canvas_site\\navbar.php', 38)
 2 SYSTEMPATH\View\View.php(213): include('APPPATH\\Views\\front_end\\canvas_site\\navbar.php')
 3 SYSTEMPATH\View\View.php(216): CodeIgniter\View\View->CodeIgniter\View\{closure}()
 4 SYSTEMPATH\View\View.php(431): CodeIgniter\View\View->render('front_end/canvas_site/navbar', null, true)
 5 APPPATH\Views\front_end\canvas_site\layout.php(27): CodeIgniter\View\View->include('front_end/canvas_site/navbar')
 6 SYSTEMPATH\View\View.php(213): include('APPPATH\\Views\\front_end\\canvas_site\\layout.php')
 7 SYSTEMPATH\View\View.php(216): CodeIgniter\View\View->CodeIgniter\View\{closure}()
 8 SYSTEMPATH\Common.php(1134): CodeIgniter\View\View->render('front_end/canvas_site/layout', [], true)
 9 APPPATH\Controllers\BaseController.php(62): view('front_end/canvas_site/layout', [...])
10 SYSTEMPATH\CodeIgniter.php(890): App\Controllers\BaseController->initController(Object(CodeIgniter\HTTP\IncomingRequest), Object(CodeIgniter\HTTP\Response), Object(CodeIgniter\Log\Logger))
11 SYSTEMPATH\CodeIgniter.php(473): CodeIgniter\CodeIgniter->createController()
12 SYSTEMPATH\CodeIgniter.php(351): CodeIgniter\CodeIgniter->handleRequest(null, Object(Config\Cache), false)
13 FCPATH\index.php(67): CodeIgniter\CodeIgniter->run()
CRITICAL - 2023-01-01 07:00:18 --> Attempt to read property "id" on array
in APPPATH\Views\front_end\canvas_site\navbar.php on line 45.
 1 APPPATH\Views\front_end\canvas_site\navbar.php(45): CodeIgniter\Debug\Exceptions->errorHandler(2, 'Attempt to read property "id" on array', 'APPPATH\\Views\\front_end\\canvas_site\\navbar.php', 45)
 2 SYSTEMPATH\View\View.php(213): include('APPPATH\\Views\\front_end\\canvas_site\\navbar.php')
 3 SYSTEMPATH\View\View.php(216): CodeIgniter\View\View->CodeIgniter\View\{closure}()
 4 SYSTEMPATH\View\View.php(431): CodeIgniter\View\View->render('front_end/canvas_site/navbar', null, true)
 5 APPPATH\Views\front_end\canvas_site\layout.php(27): CodeIgniter\View\View->include('front_end/canvas_site/navbar')
 6 SYSTEMPATH\View\View.php(213): include('APPPATH\\Views\\front_end\\canvas_site\\layout.php')
 7 SYSTEMPATH\View\View.php(216): CodeIgniter\View\View->CodeIgniter\View\{closure}()
 8 SYSTEMPATH\Common.php(1134): CodeIgniter\View\View->render('front_end/canvas_site/layout', [], true)
 9 APPPATH\Controllers\BaseController.php(62): view('front_end/canvas_site/layout', [...])
10 SYSTEMPATH\CodeIgniter.php(890): App\Controllers\BaseController->initController(Object(CodeIgniter\HTTP\IncomingRequest), Object(CodeIgniter\HTTP\Response), Object(CodeIgniter\Log\Logger))
11 SYSTEMPATH\CodeIgniter.php(473): CodeIgniter\CodeIgniter->createController()
12 SYSTEMPATH\CodeIgniter.php(351): CodeIgniter\CodeIgniter->handleRequest(null, Object(Config\Cache), false)
13 FCPATH\index.php(67): CodeIgniter\CodeIgniter->run()
CRITICAL - 2023-01-01 07:00:37 --> Attempt to read property "id" on array
in APPPATH\Views\front_end\canvas_site\navbar.php on line 49.
 1 APPPATH\Views\front_end\canvas_site\navbar.php(49): CodeIgniter\Debug\Exceptions->errorHandler(2, 'Attempt to read property "id" on array', 'APPPATH\\Views\\front_end\\canvas_site\\navbar.php', 49)
 2 SYSTEMPATH\View\View.php(213): include('APPPATH\\Views\\front_end\\canvas_site\\navbar.php')
 3 SYSTEMPATH\View\View.php(216): CodeIgniter\View\View->CodeIgniter\View\{closure}()
 4 SYSTEMPATH\View\View.php(431): CodeIgniter\View\View->render('front_end/canvas_site/navbar', null, true)
 5 APPPATH\Views\front_end\canvas_site\layout.php(27): CodeIgniter\View\View->include('front_end/canvas_site/navbar')
 6 SYSTEMPATH\View\View.php(213): include('APPPATH\\Views\\front_end\\canvas_site\\layout.php')
 7 SYSTEMPATH\View\View.php(216): CodeIgniter\View\View->CodeIgniter\View\{closure}()
 8 SYSTEMPATH\Common.php(1134): CodeIgniter\View\View->render('front_end/canvas_site/layout', [], true)
 9 APPPATH\Controllers\BaseController.php(62): view('front_end/canvas_site/layout', [...])
10 SYSTEMPATH\CodeIgniter.php(890): App\Controllers\BaseController->initController(Object(CodeIgniter\HTTP\IncomingRequest), Object(CodeIgniter\HTTP\Response), Object(CodeIgniter\Log\Logger))
11 SYSTEMPATH\CodeIgniter.php(473): CodeIgniter\CodeIgniter->createController()
12 SYSTEMPATH\CodeIgniter.php(351): CodeIgniter\CodeIgniter->handleRequest(null, Object(Config\Cache), false)
13 FCPATH\index.php(67): CodeIgniter\CodeIgniter->run()
