INFO - 2023-08-29 03:35:23 --> Session: Class initialized using 'CodeIgniter\Session\Handlers\FileHandler' driver.
INFO - 2023-08-29 03:35:29 --> Session: Class initialized using 'CodeIgniter\Session\Handlers\FileHandler' driver.
INFO - 2023-08-29 03:36:39 --> Session: Class initialized using 'CodeIgniter\Session\Handlers\FileHandler' driver.
INFO - 2023-08-29 03:36:42 --> Session: Class initialized using 'CodeIgniter\Session\Handlers\FileHandler' driver.
INFO - 2023-08-29 03:36:42 --> Session: Class initialized using 'CodeIgniter\Session\Handlers\FileHandler' driver.
INFO - 2023-08-29 03:36:46 --> Session: Class initialized using 'CodeIgniter\Session\Handlers\FileHandler' driver.
INFO - 2023-08-29 03:36:46 --> Session: Class initialized using 'CodeIgniter\Session\Handlers\FileHandler' driver.
WARNING - 2023-08-29 03:36:46 --> [DEPRECATED] number_format(): Passing null to parameter #1 ($num) of type float is deprecated in APPPATH\Views\front_end\canvas_site\cart.php on line 106.
 1 APPPATH\Views\front_end\canvas_site\cart.php(106): number_format(null, 0, ',', 'E:\\Code\\Xampp\\htdocs\\CI4_App')
 2 SYSTEMPATH\View\View.php(213): include('APPPATH\\Views\\front_end\\canvas_site\\cart.php')
 3 SYSTEMPATH\View\View.php(216): CodeIgniter\View\View->CodeIgniter\View\{closure}()
 4 SYSTEMPATH\Common.php(1177): CodeIgniter\View\View->render('front_end/canvas_site/cart', [], true)
 5 APPPATH\Controllers\CanvasController.php(400): view('front_end/canvas_site/cart', [...])
 6 SYSTEMPATH\CodeIgniter.php(935): App\Controllers\CanvasController->cart()
 7 SYSTEMPATH\CodeIgniter.php(500): CodeIgniter\CodeIgniter->runController(Object(App\Controllers\CanvasController))
 8 SYSTEMPATH\CodeIgniter.php(369): CodeIgniter\CodeIgniter->handleRequest(null, Object(Config\Cache), false)
 9 FCPATH\index.php(67): CodeIgniter\CodeIgniter->run()
INFO - 2023-08-29 03:36:49 --> Session: Class initialized using 'CodeIgniter\Session\Handlers\FileHandler' driver.
INFO - 2023-08-29 03:36:51 --> Session: Class initialized using 'CodeIgniter\Session\Handlers\FileHandler' driver.
INFO - 2023-08-29 03:36:52 --> Session: Class initialized using 'CodeIgniter\Session\Handlers\FileHandler' driver.
INFO - 2023-08-29 03:36:57 --> Session: Class initialized using 'CodeIgniter\Session\Handlers\FileHandler' driver.
INFO - 2023-08-29 03:37:00 --> Session: Class initialized using 'CodeIgniter\Session\Handlers\FileHandler' driver.
INFO - 2023-08-29 03:37:19 --> Session: Class initialized using 'CodeIgniter\Session\Handlers\FileHandler' driver.
INFO - 2023-08-29 03:37:26 --> Session: Class initialized using 'CodeIgniter\Session\Handlers\FileHandler' driver.
INFO - 2023-08-29 03:37:30 --> Session: Class initialized using 'CodeIgniter\Session\Handlers\FileHandler' driver.
INFO - 2023-08-29 03:37:32 --> Session: Class initialized using 'CodeIgniter\Session\Handlers\FileHandler' driver.
INFO - 2023-08-29 03:38:16 --> Session: Class initialized using 'CodeIgniter\Session\Handlers\FileHandler' driver.
INFO - 2023-08-29 03:38:48 --> Session: Class initialized using 'CodeIgniter\Session\Handlers\FileHandler' driver.
INFO - 2023-08-29 03:39:10 --> Session: Class initialized using 'CodeIgniter\Session\Handlers\FileHandler' driver.
INFO - 2023-08-29 03:39:14 --> Session: Class initialized using 'CodeIgniter\Session\Handlers\FileHandler' driver.
INFO - 2023-08-29 03:39:20 --> Session: Class initialized using 'CodeIgniter\Session\Handlers\FileHandler' driver.
INFO - 2023-08-29 03:39:23 --> Session: Class initialized using 'CodeIgniter\Session\Handlers\FileHandler' driver.
INFO - 2023-08-29 03:39:34 --> Session: Class initialized using 'CodeIgniter\Session\Handlers\FileHandler' driver.
INFO - 2023-08-29 03:39:54 --> Session: Class initialized using 'CodeIgniter\Session\Handlers\FileHandler' driver.
INFO - 2023-08-29 03:40:11 --> Session: Class initialized using 'CodeIgniter\Session\Handlers\FileHandler' driver.
INFO - 2023-08-29 03:40:15 --> Session: Class initialized using 'CodeIgniter\Session\Handlers\FileHandler' driver.
INFO - 2023-08-29 03:40:17 --> Session: Class initialized using 'CodeIgniter\Session\Handlers\FileHandler' driver.
INFO - 2023-08-29 03:40:39 --> Session: Class initialized using 'CodeIgniter\Session\Handlers\FileHandler' driver.
INFO - 2023-08-29 03:40:44 --> Session: Class initialized using 'CodeIgniter\Session\Handlers\FileHandler' driver.
INFO - 2023-08-29 03:40:49 --> Session: Class initialized using 'CodeIgniter\Session\Handlers\FileHandler' driver.
INFO - 2023-08-29 03:40:49 --> Session: Class initialized using 'CodeIgniter\Session\Handlers\FileHandler' driver.
INFO - 2023-08-29 13:52:07 --> Session: Class initialized using 'CodeIgniter\Session\Handlers\FileHandler' driver.
INFO - 2023-08-29 13:52:13 --> Session: Class initialized using 'CodeIgniter\Session\Handlers\FileHandler' driver.
INFO - 2023-08-29 13:52:34 --> Session: Class initialized using 'CodeIgniter\Session\Handlers\FileHandler' driver.
INFO - 2023-08-29 15:32:24 --> Session: Class initialized using 'CodeIgniter\Session\Handlers\FileHandler' driver.
CRITICAL - 2023-08-29 15:32:24 --> Array to string conversion
in APPPATH\Views\front_end\sitemap.php on line 57.
 1 APPPATH\Views\front_end\sitemap.php(57): CodeIgniter\Debug\Exceptions->errorHandler(2, 'Array to string conversion', 'APPPATH\\Views\\front_end\\sitemap.php', 57)
 2 SYSTEMPATH\View\View.php(213): include('APPPATH\\Views\\front_end\\sitemap.php')
 3 SYSTEMPATH\View\View.php(216): CodeIgniter\View\View->CodeIgniter\View\{closure}()
 4 SYSTEMPATH\Common.php(1177): CodeIgniter\View\View->render('front_end/sitemap', [], true)
 5 APPPATH\Controllers\CanvasController.php(691): view('front_end/sitemap', [...])
 6 SYSTEMPATH\CodeIgniter.php(935): App\Controllers\CanvasController->siteMap()
 7 SYSTEMPATH\CodeIgniter.php(500): CodeIgniter\CodeIgniter->runController(Object(App\Controllers\CanvasController))
 8 SYSTEMPATH\CodeIgniter.php(369): CodeIgniter\CodeIgniter->handleRequest(null, Object(Config\Cache), false)
 9 FCPATH\index.php(67): CodeIgniter\CodeIgniter->run()
CRITICAL - 2023-08-29 15:32:35 --> Array to string conversion
in APPPATH\Views\front_end\sitemap.php on line 57.
 1 APPPATH\Views\front_end\sitemap.php(57): CodeIgniter\Debug\Exceptions->errorHandler(2, 'Array to string conversion', 'APPPATH\\Views\\front_end\\sitemap.php', 57)
 2 SYSTEMPATH\View\View.php(213): include('APPPATH\\Views\\front_end\\sitemap.php')
 3 SYSTEMPATH\View\View.php(216): CodeIgniter\View\View->CodeIgniter\View\{closure}()
 4 SYSTEMPATH\Common.php(1177): CodeIgniter\View\View->render('front_end/sitemap', [], true)
 5 APPPATH\Controllers\CanvasController.php(691): view('front_end/sitemap', [...])
 6 SYSTEMPATH\CodeIgniter.php(935): App\Controllers\CanvasController->siteMap()
 7 SYSTEMPATH\CodeIgniter.php(500): CodeIgniter\CodeIgniter->runController(Object(App\Controllers\CanvasController))
 8 SYSTEMPATH\CodeIgniter.php(369): CodeIgniter\CodeIgniter->handleRequest(null, Object(Config\Cache), false)
 9 FCPATH\index.php(67): CodeIgniter\CodeIgniter->run()
CRITICAL - 2023-08-29 15:32:52 --> Array to string conversion
in APPPATH\Views\front_end\sitemap.php on line 57.
 1 APPPATH\Views\front_end\sitemap.php(57): CodeIgniter\Debug\Exceptions->errorHandler(2, 'Array to string conversion', 'APPPATH\\Views\\front_end\\sitemap.php', 57)
 2 SYSTEMPATH\View\View.php(213): include('APPPATH\\Views\\front_end\\sitemap.php')
 3 SYSTEMPATH\View\View.php(216): CodeIgniter\View\View->CodeIgniter\View\{closure}()
 4 SYSTEMPATH\Common.php(1177): CodeIgniter\View\View->render('front_end/sitemap', [], true)
 5 APPPATH\Controllers\CanvasController.php(691): view('front_end/sitemap', [...])
 6 SYSTEMPATH\CodeIgniter.php(935): App\Controllers\CanvasController->siteMap()
 7 SYSTEMPATH\CodeIgniter.php(500): CodeIgniter\CodeIgniter->runController(Object(App\Controllers\CanvasController))
 8 SYSTEMPATH\CodeIgniter.php(369): CodeIgniter\CodeIgniter->handleRequest(null, Object(Config\Cache), false)
 9 FCPATH\index.php(67): CodeIgniter\CodeIgniter->run()
CRITICAL - 2023-08-29 15:34:44 --> Array to string conversion
in APPPATH\Views\front_end\sitemap.php on line 57.
 1 APPPATH\Views\front_end\sitemap.php(57): CodeIgniter\Debug\Exceptions->errorHandler(2, 'Array to string conversion', 'APPPATH\\Views\\front_end\\sitemap.php', 57)
 2 SYSTEMPATH\View\View.php(213): include('APPPATH\\Views\\front_end\\sitemap.php')
 3 SYSTEMPATH\View\View.php(216): CodeIgniter\View\View->CodeIgniter\View\{closure}()
 4 SYSTEMPATH\Common.php(1177): CodeIgniter\View\View->render('front_end/sitemap', [], true)
 5 APPPATH\Controllers\CanvasController.php(691): view('front_end/sitemap', [...])
 6 SYSTEMPATH\CodeIgniter.php(935): App\Controllers\CanvasController->siteMap()
 7 SYSTEMPATH\CodeIgniter.php(500): CodeIgniter\CodeIgniter->runController(Object(App\Controllers\CanvasController))
 8 SYSTEMPATH\CodeIgniter.php(369): CodeIgniter\CodeIgniter->handleRequest(null, Object(Config\Cache), false)
 9 FCPATH\index.php(67): CodeIgniter\CodeIgniter->run()
CRITICAL - 2023-08-29 15:36:10 --> Undefined array key "gallery_title_slug"
in APPPATH\Views\front_end\sitemap.php on line 57.
 1 APPPATH\Views\front_end\sitemap.php(57): CodeIgniter\Debug\Exceptions->errorHandler(2, 'Undefined array key "gallery_title_slug"', 'APPPATH\\Views\\front_end\\sitemap.php', 57)
 2 SYSTEMPATH\View\View.php(213): include('APPPATH\\Views\\front_end\\sitemap.php')
 3 SYSTEMPATH\View\View.php(216): CodeIgniter\View\View->CodeIgniter\View\{closure}()
 4 SYSTEMPATH\Common.php(1177): CodeIgniter\View\View->render('front_end/sitemap', [], true)
 5 APPPATH\Controllers\CanvasController.php(691): view('front_end/sitemap', [...])
 6 SYSTEMPATH\CodeIgniter.php(935): App\Controllers\CanvasController->siteMap()
 7 SYSTEMPATH\CodeIgniter.php(500): CodeIgniter\CodeIgniter->runController(Object(App\Controllers\CanvasController))
 8 SYSTEMPATH\CodeIgniter.php(369): CodeIgniter\CodeIgniter->handleRequest(null, Object(Config\Cache), false)
 9 FCPATH\index.php(67): CodeIgniter\CodeIgniter->run()
CRITICAL - 2023-08-29 15:36:20 --> Undefined array key "gallery_title_slug"
in APPPATH\Views\front_end\sitemap.php on line 57.
 1 APPPATH\Views\front_end\sitemap.php(57): CodeIgniter\Debug\Exceptions->errorHandler(2, 'Undefined array key "gallery_title_slug"', 'APPPATH\\Views\\front_end\\sitemap.php', 57)
 2 SYSTEMPATH\View\View.php(213): include('APPPATH\\Views\\front_end\\sitemap.php')
 3 SYSTEMPATH\View\View.php(216): CodeIgniter\View\View->CodeIgniter\View\{closure}()
 4 SYSTEMPATH\Common.php(1177): CodeIgniter\View\View->render('front_end/sitemap', [], true)
 5 APPPATH\Controllers\CanvasController.php(691): view('front_end/sitemap', [...])
 6 SYSTEMPATH\CodeIgniter.php(935): App\Controllers\CanvasController->siteMap()
 7 SYSTEMPATH\CodeIgniter.php(500): CodeIgniter\CodeIgniter->runController(Object(App\Controllers\CanvasController))
 8 SYSTEMPATH\CodeIgniter.php(369): CodeIgniter\CodeIgniter->handleRequest(null, Object(Config\Cache), false)
 9 FCPATH\index.php(67): CodeIgniter\CodeIgniter->run()
CRITICAL - 2023-08-29 15:37:34 --> Undefined array key "gallery_title_slug"
in APPPATH\Views\front_end\sitemap.php on line 57.
 1 APPPATH\Views\front_end\sitemap.php(57): CodeIgniter\Debug\Exceptions->errorHandler(2, 'Undefined array key "gallery_title_slug"', 'APPPATH\\Views\\front_end\\sitemap.php', 57)
 2 SYSTEMPATH\View\View.php(213): include('APPPATH\\Views\\front_end\\sitemap.php')
 3 SYSTEMPATH\View\View.php(216): CodeIgniter\View\View->CodeIgniter\View\{closure}()
 4 SYSTEMPATH\Common.php(1177): CodeIgniter\View\View->render('front_end/sitemap', [], true)
 5 APPPATH\Controllers\CanvasController.php(691): view('front_end/sitemap', [...])
 6 SYSTEMPATH\CodeIgniter.php(935): App\Controllers\CanvasController->siteMap()
 7 SYSTEMPATH\CodeIgniter.php(500): CodeIgniter\CodeIgniter->runController(Object(App\Controllers\CanvasController))
 8 SYSTEMPATH\CodeIgniter.php(369): CodeIgniter\CodeIgniter->handleRequest(null, Object(Config\Cache), false)
 9 FCPATH\index.php(67): CodeIgniter\CodeIgniter->run()
CRITICAL - 2023-08-29 15:37:39 --> Undefined array key "gallery_title_slug"
in APPPATH\Views\front_end\sitemap.php on line 57.
 1 APPPATH\Views\front_end\sitemap.php(57): CodeIgniter\Debug\Exceptions->errorHandler(2, 'Undefined array key "gallery_title_slug"', 'APPPATH\\Views\\front_end\\sitemap.php', 57)
 2 SYSTEMPATH\View\View.php(213): include('APPPATH\\Views\\front_end\\sitemap.php')
 3 SYSTEMPATH\View\View.php(216): CodeIgniter\View\View->CodeIgniter\View\{closure}()
 4 SYSTEMPATH\Common.php(1177): CodeIgniter\View\View->render('front_end/sitemap', [], true)
 5 APPPATH\Controllers\CanvasController.php(691): view('front_end/sitemap', [...])
 6 SYSTEMPATH\CodeIgniter.php(935): App\Controllers\CanvasController->siteMap()
 7 SYSTEMPATH\CodeIgniter.php(500): CodeIgniter\CodeIgniter->runController(Object(App\Controllers\CanvasController))
 8 SYSTEMPATH\CodeIgniter.php(369): CodeIgniter\CodeIgniter->handleRequest(null, Object(Config\Cache), false)
 9 FCPATH\index.php(67): CodeIgniter\CodeIgniter->run()
CRITICAL - 2023-08-29 15:42:36 --> Undefined array key "gallery_title_slug"
in APPPATH\Views\front_end\sitemap.php on line 56.
 1 APPPATH\Views\front_end\sitemap.php(56): CodeIgniter\Debug\Exceptions->errorHandler(2, 'Undefined array key "gallery_title_slug"', 'APPPATH\\Views\\front_end\\sitemap.php', 56)
 2 SYSTEMPATH\View\View.php(213): include('APPPATH\\Views\\front_end\\sitemap.php')
 3 SYSTEMPATH\View\View.php(216): CodeIgniter\View\View->CodeIgniter\View\{closure}()
 4 SYSTEMPATH\Common.php(1177): CodeIgniter\View\View->render('front_end/sitemap', [], true)
 5 APPPATH\Controllers\CanvasController.php(695): view('front_end/sitemap', [...])
 6 SYSTEMPATH\CodeIgniter.php(935): App\Controllers\CanvasController->siteMap()
 7 SYSTEMPATH\CodeIgniter.php(500): CodeIgniter\CodeIgniter->runController(Object(App\Controllers\CanvasController))
 8 SYSTEMPATH\CodeIgniter.php(369): CodeIgniter\CodeIgniter->handleRequest(null, Object(Config\Cache), false)
 9 FCPATH\index.php(67): CodeIgniter\CodeIgniter->run()
CRITICAL - 2023-08-29 15:42:45 --> Undefined array key "gallery_title_slug"
in APPPATH\Views\front_end\sitemap.php on line 56.
 1 APPPATH\Views\front_end\sitemap.php(56): CodeIgniter\Debug\Exceptions->errorHandler(2, 'Undefined array key "gallery_title_slug"', 'APPPATH\\Views\\front_end\\sitemap.php', 56)
 2 SYSTEMPATH\View\View.php(213): include('APPPATH\\Views\\front_end\\sitemap.php')
 3 SYSTEMPATH\View\View.php(216): CodeIgniter\View\View->CodeIgniter\View\{closure}()
 4 SYSTEMPATH\Common.php(1177): CodeIgniter\View\View->render('front_end/sitemap', [], true)
 5 APPPATH\Controllers\CanvasController.php(695): view('front_end/sitemap', [...])
 6 SYSTEMPATH\CodeIgniter.php(935): App\Controllers\CanvasController->siteMap()
 7 SYSTEMPATH\CodeIgniter.php(500): CodeIgniter\CodeIgniter->runController(Object(App\Controllers\CanvasController))
 8 SYSTEMPATH\CodeIgniter.php(369): CodeIgniter\CodeIgniter->handleRequest(null, Object(Config\Cache), false)
 9 FCPATH\index.php(67): CodeIgniter\CodeIgniter->run()
CRITICAL - 2023-08-29 15:45:41 --> Undefined array key "gallery_title_slug"
in APPPATH\Views\front_end\sitemap.php on line 56.
 1 APPPATH\Views\front_end\sitemap.php(56): CodeIgniter\Debug\Exceptions->errorHandler(2, 'Undefined array key "gallery_title_slug"', 'APPPATH\\Views\\front_end\\sitemap.php', 56)
 2 SYSTEMPATH\View\View.php(213): include('APPPATH\\Views\\front_end\\sitemap.php')
 3 SYSTEMPATH\View\View.php(216): CodeIgniter\View\View->CodeIgniter\View\{closure}()
 4 SYSTEMPATH\Common.php(1177): CodeIgniter\View\View->render('front_end/sitemap', [], true)
 5 APPPATH\Controllers\CanvasController.php(696): view('front_end/sitemap', [...])
 6 SYSTEMPATH\CodeIgniter.php(935): App\Controllers\CanvasController->siteMap()
 7 SYSTEMPATH\CodeIgniter.php(500): CodeIgniter\CodeIgniter->runController(Object(App\Controllers\CanvasController))
 8 SYSTEMPATH\CodeIgniter.php(369): CodeIgniter\CodeIgniter->handleRequest(null, Object(Config\Cache), false)
 9 FCPATH\index.php(67): CodeIgniter\CodeIgniter->run()
CRITICAL - 2023-08-29 15:46:20 --> Undefined array key "id"
in APPPATH\Views\front_end\sitemap.php on line 56.
 1 APPPATH\Views\front_end\sitemap.php(56): CodeIgniter\Debug\Exceptions->errorHandler(2, 'Undefined array key "id"', 'APPPATH\\Views\\front_end\\sitemap.php', 56)
 2 SYSTEMPATH\View\View.php(213): include('APPPATH\\Views\\front_end\\sitemap.php')
 3 SYSTEMPATH\View\View.php(216): CodeIgniter\View\View->CodeIgniter\View\{closure}()
 4 SYSTEMPATH\Common.php(1177): CodeIgniter\View\View->render('front_end/sitemap', [], true)
 5 APPPATH\Controllers\CanvasController.php(696): view('front_end/sitemap', [...])
 6 SYSTEMPATH\CodeIgniter.php(935): App\Controllers\CanvasController->siteMap()
 7 SYSTEMPATH\CodeIgniter.php(500): CodeIgniter\CodeIgniter->runController(Object(App\Controllers\CanvasController))
 8 SYSTEMPATH\CodeIgniter.php(369): CodeIgniter\CodeIgniter->handleRequest(null, Object(Config\Cache), false)
 9 FCPATH\index.php(67): CodeIgniter\CodeIgniter->run()
CRITICAL - 2023-08-29 16:09:19 --> syntax error, unexpected token "echo"
in APPPATH\Views\front_end\sitemap.php on line 20.
 1 SYSTEMPATH\View\View.php(216): CodeIgniter\View\View->CodeIgniter\View\{closure}()
 2 SYSTEMPATH\Common.php(1177): CodeIgniter\View\View->render('front_end/sitemap', [], true)
 3 APPPATH\Controllers\CanvasController.php(696): view('front_end/sitemap', [...])
 4 SYSTEMPATH\CodeIgniter.php(935): App\Controllers\CanvasController->siteMap()
 5 SYSTEMPATH\CodeIgniter.php(500): CodeIgniter\CodeIgniter->runController(Object(App\Controllers\CanvasController))
 6 SYSTEMPATH\CodeIgniter.php(369): CodeIgniter\CodeIgniter->handleRequest(null, Object(Config\Cache), false)
 7 FCPATH\index.php(67): CodeIgniter\CodeIgniter->run()
CRITICAL - 2023-08-29 16:10:11 --> syntax error, unexpected token "echo"
in APPPATH\Views\front_end\sitemap.php on line 20.
 1 SYSTEMPATH\View\View.php(216): CodeIgniter\View\View->CodeIgniter\View\{closure}()
 2 SYSTEMPATH\Common.php(1177): CodeIgniter\View\View->render('front_end/sitemap', [], true)
 3 APPPATH\Controllers\CanvasController.php(696): view('front_end/sitemap', [...])
 4 SYSTEMPATH\CodeIgniter.php(935): App\Controllers\CanvasController->siteMap()
 5 SYSTEMPATH\CodeIgniter.php(500): CodeIgniter\CodeIgniter->runController(Object(App\Controllers\CanvasController))
 6 SYSTEMPATH\CodeIgniter.php(369): CodeIgniter\CodeIgniter->handleRequest(null, Object(Config\Cache), false)
 7 FCPATH\index.php(67): CodeIgniter\CodeIgniter->run()
CRITICAL - 2023-08-29 16:10:18 --> syntax error, unexpected token "echo"
in APPPATH\Views\front_end\sitemap.php on line 20.
 1 SYSTEMPATH\View\View.php(216): CodeIgniter\View\View->CodeIgniter\View\{closure}()
 2 SYSTEMPATH\Common.php(1177): CodeIgniter\View\View->render('front_end/sitemap', [], true)
 3 APPPATH\Controllers\CanvasController.php(696): view('front_end/sitemap', [...])
 4 SYSTEMPATH\CodeIgniter.php(935): App\Controllers\CanvasController->siteMap()
 5 SYSTEMPATH\CodeIgniter.php(500): CodeIgniter\CodeIgniter->runController(Object(App\Controllers\CanvasController))
 6 SYSTEMPATH\CodeIgniter.php(369): CodeIgniter\CodeIgniter->handleRequest(null, Object(Config\Cache), false)
 7 FCPATH\index.php(67): CodeIgniter\CodeIgniter->run()
CRITICAL - 2023-08-29 16:10:41 --> syntax error, unexpected token "echo"
in APPPATH\Views\front_end\sitemap.php on line 20.
 1 SYSTEMPATH\View\View.php(216): CodeIgniter\View\View->CodeIgniter\View\{closure}()
 2 SYSTEMPATH\Common.php(1177): CodeIgniter\View\View->render('front_end/sitemap', [], true)
 3 APPPATH\Controllers\CanvasController.php(696): view('front_end/sitemap', [...])
 4 SYSTEMPATH\CodeIgniter.php(935): App\Controllers\CanvasController->siteMap()
 5 SYSTEMPATH\CodeIgniter.php(500): CodeIgniter\CodeIgniter->runController(Object(App\Controllers\CanvasController))
 6 SYSTEMPATH\CodeIgniter.php(369): CodeIgniter\CodeIgniter->handleRequest(null, Object(Config\Cache), false)
 7 FCPATH\index.php(67): CodeIgniter\CodeIgniter->run()
CRITICAL - 2023-08-29 16:33:22 --> Unsupported operand types: string / int
in APPPATH\Views\front_end\canvas_site\post_cate.php on line 85.
 1 SYSTEMPATH\View\View.php(213): include()
 2 SYSTEMPATH\View\View.php(216): CodeIgniter\View\View->CodeIgniter\View\{closure}()
 3 SYSTEMPATH\Common.php(1177): CodeIgniter\View\View->render('front_end/canvas_site/post_cate', [], true)
 4 APPPATH\Controllers\CanvasController.php(206): view('front_end/canvas_site/post_cate', [...])
 5 SYSTEMPATH\CodeIgniter.php(935): App\Controllers\CanvasController->postCate('in-ky-thuat-so', '1')
 6 SYSTEMPATH\CodeIgniter.php(500): CodeIgniter\CodeIgniter->runController(Object(App\Controllers\CanvasController))
 7 SYSTEMPATH\CodeIgniter.php(369): CodeIgniter\CodeIgniter->handleRequest(null, Object(Config\Cache), false)
 8 FCPATH\index.php(67): CodeIgniter\CodeIgniter->run()
INFO - 2023-08-29 16:33:40 --> Session: Class initialized using 'CodeIgniter\Session\Handlers\FileHandler' driver.
CRITICAL - 2023-08-29 16:33:40 --> Unsupported operand types: string / int
in APPPATH\Views\front_end\canvas_site\post_cate.php on line 85.
 1 SYSTEMPATH\View\View.php(213): include()
 2 SYSTEMPATH\View\View.php(216): CodeIgniter\View\View->CodeIgniter\View\{closure}()
 3 SYSTEMPATH\Common.php(1177): CodeIgniter\View\View->render('front_end/canvas_site/post_cate', [], true)
 4 APPPATH\Controllers\CanvasController.php(206): view('front_end/canvas_site/post_cate', [...])
 5 SYSTEMPATH\CodeIgniter.php(935): App\Controllers\CanvasController->postCate('in-ky-thuat-so', '1')
 6 SYSTEMPATH\CodeIgniter.php(500): CodeIgniter\CodeIgniter->runController(Object(App\Controllers\CanvasController))
 7 SYSTEMPATH\CodeIgniter.php(369): CodeIgniter\CodeIgniter->handleRequest(null, Object(Config\Cache), false)
 8 FCPATH\index.php(67): CodeIgniter\CodeIgniter->run()
INFO - 2023-08-29 16:33:59 --> Session: Class initialized using 'CodeIgniter\Session\Handlers\FileHandler' driver.
CRITICAL - 2023-08-29 16:33:59 --> count(): Argument #1 ($value) must be of type Countable|array, string given
in APPPATH\Views\front_end\canvas_site\post_cate.php on line 85.
 1 SYSTEMPATH\View\View.php(213): include()
 2 SYSTEMPATH\View\View.php(216): CodeIgniter\View\View->CodeIgniter\View\{closure}()
 3 SYSTEMPATH\Common.php(1177): CodeIgniter\View\View->render('front_end/canvas_site/post_cate', [], true)
 4 APPPATH\Controllers\CanvasController.php(206): view('front_end/canvas_site/post_cate', [...])
 5 SYSTEMPATH\CodeIgniter.php(935): App\Controllers\CanvasController->postCate('in-ky-thuat-so', '1')
 6 SYSTEMPATH\CodeIgniter.php(500): CodeIgniter\CodeIgniter->runController(Object(App\Controllers\CanvasController))
 7 SYSTEMPATH\CodeIgniter.php(369): CodeIgniter\CodeIgniter->handleRequest(null, Object(Config\Cache), false)
 8 FCPATH\index.php(67): CodeIgniter\CodeIgniter->run()
INFO - 2023-08-29 16:34:43 --> Session: Class initialized using 'CodeIgniter\Session\Handlers\FileHandler' driver.
INFO - 2023-08-29 16:34:59 --> Session: Class initialized using 'CodeIgniter\Session\Handlers\FileHandler' driver.
INFO - 2023-08-29 16:35:10 --> Session: Class initialized using 'CodeIgniter\Session\Handlers\FileHandler' driver.
INFO - 2023-08-29 16:35:28 --> Session: Class initialized using 'CodeIgniter\Session\Handlers\FileHandler' driver.
INFO - 2023-08-29 16:36:36 --> Session: Class initialized using 'CodeIgniter\Session\Handlers\FileHandler' driver.
INFO - 2023-08-29 16:42:41 --> Session: Class initialized using 'CodeIgniter\Session\Handlers\FileHandler' driver.
INFO - 2023-08-29 16:42:50 --> Session: Class initialized using 'CodeIgniter\Session\Handlers\FileHandler' driver.
INFO - 2023-08-29 16:42:53 --> Session: Class initialized using 'CodeIgniter\Session\Handlers\FileHandler' driver.
INFO - 2023-08-29 16:42:55 --> Session: Class initialized using 'CodeIgniter\Session\Handlers\FileHandler' driver.
INFO - 2023-08-29 16:43:38 --> Session: Class initialized using 'CodeIgniter\Session\Handlers\FileHandler' driver.
INFO - 2023-08-29 16:43:56 --> Session: Class initialized using 'CodeIgniter\Session\Handlers\FileHandler' driver.
