INFO - 2024-04-20 05:42:18 --> Session: Class initialized using 'CodeIgniter\Session\Handlers\FileHandler' driver.
INFO - 2024-04-20 05:42:40 --> Session: Class initialized using 'CodeIgniter\Session\Handlers\FileHandler' driver.
INFO - 2024-04-20 05:42:46 --> Session: Class initialized using 'CodeIgniter\Session\Handlers\FileHandler' driver.
INFO - 2024-04-20 05:42:50 --> Session: Class initialized using 'CodeIgniter\Session\Handlers\FileHandler' driver.
INFO - 2024-04-20 05:42:57 --> Session: Class initialized using 'CodeIgniter\Session\Handlers\FileHandler' driver.
INFO - 2024-04-20 06:40:49 --> Session: Class initialized using 'CodeIgniter\Session\Handlers\FileHandler' driver.
INFO - 2024-04-20 06:40:57 --> Session: Class initialized using 'CodeIgniter\Session\Handlers\FileHandler' driver.
INFO - 2024-04-20 06:41:09 --> Session: Class initialized using 'CodeIgniter\Session\Handlers\FileHandler' driver.
INFO - 2024-04-20 14:45:32 --> Session: Class initialized using 'CodeIgniter\Session\Handlers\FileHandler' driver.
INFO - 2024-04-20 14:49:52 --> Session: Class initialized using 'CodeIgniter\Session\Handlers\FileHandler' driver.
INFO - 2024-04-20 14:58:20 --> Session: Class initialized using 'CodeIgniter\Session\Handlers\FileHandler' driver.
INFO - 2024-04-20 14:58:20 --> Session: Class initialized using 'CodeIgniter\Session\Handlers\FileHandler' driver.
INFO - 2024-04-20 14:58:20 --> Session: Class initialized using 'CodeIgniter\Session\Handlers\FileHandler' driver.
INFO - 2024-04-20 14:58:20 --> Session: Class initialized using 'CodeIgniter\Session\Handlers\FileHandler' driver.
INFO - 2024-04-20 14:58:20 --> Session: Class initialized using 'CodeIgniter\Session\Handlers\FileHandler' driver.
INFO - 2024-04-20 14:58:21 --> Session: Class initialized using 'CodeIgniter\Session\Handlers\FileHandler' driver.
INFO - 2024-04-20 14:58:21 --> Session: Class initialized using 'CodeIgniter\Session\Handlers\FileHandler' driver.
INFO - 2024-04-20 14:58:21 --> Session: Class initialized using 'CodeIgniter\Session\Handlers\FileHandler' driver.
CRITICAL - 2024-04-20 14:58:21 --> Invalid file: "front_end/canvas_site/layout.php"
in SYSTEMPATH\Exceptions\FrameworkException.php on line 33.
 1 SYSTEMPATH\View\View.php(201): CodeIgniter\Exceptions\FrameworkException::forInvalidFile('front_end/canvas_site/layout.php')
 2 SYSTEMPATH\View\View.php(229): CodeIgniter\View\View->render('front_end/canvas_site/layout', [], true)
 3 SYSTEMPATH\Common.php(1177): CodeIgniter\View\View->render('front_end/dailong_site/404_error/404_class_gallery', [], true)
 4 APPPATH\Controllers\CanvasController.php(582): view('front_end/dailong_site/404_error/404_class_gallery')
 5 SYSTEMPATH\CodeIgniter.php(935): App\Controllers\CanvasController->class_gallery('2.jpg')
 6 SYSTEMPATH\CodeIgniter.php(500): CodeIgniter\CodeIgniter->runController(Object(App\Controllers\CanvasController))
 7 SYSTEMPATH\CodeIgniter.php(369): CodeIgniter\CodeIgniter->handleRequest(null, Object(Config\Cache), false)
 8 FCPATH\index.php(67): CodeIgniter\CodeIgniter->run()
INFO - 2024-04-20 14:58:21 --> Session: Class initialized using 'CodeIgniter\Session\Handlers\FileHandler' driver.
CRITICAL - 2024-04-20 14:58:21 --> Invalid file: "front_end/canvas_site/layout.php"
in SYSTEMPATH\Exceptions\FrameworkException.php on line 33.
 1 SYSTEMPATH\View\View.php(201): CodeIgniter\Exceptions\FrameworkException::forInvalidFile('front_end/canvas_site/layout.php')
 2 SYSTEMPATH\View\View.php(229): CodeIgniter\View\View->render('front_end/canvas_site/layout', [], true)
 3 SYSTEMPATH\Common.php(1177): CodeIgniter\View\View->render('front_end/dailong_site/404_error/404_class_gallery', [], true)
 4 APPPATH\Controllers\CanvasController.php(582): view('front_end/dailong_site/404_error/404_class_gallery')
 5 SYSTEMPATH\CodeIgniter.php(935): App\Controllers\CanvasController->class_gallery('avatar.jpg')
 6 SYSTEMPATH\CodeIgniter.php(500): CodeIgniter\CodeIgniter->runController(Object(App\Controllers\CanvasController))
 7 SYSTEMPATH\CodeIgniter.php(369): CodeIgniter\CodeIgniter->handleRequest(null, Object(Config\Cache), false)
 8 FCPATH\index.php(67): CodeIgniter\CodeIgniter->run()
INFO - 2024-04-20 14:58:21 --> Session: Class initialized using 'CodeIgniter\Session\Handlers\FileHandler' driver.
CRITICAL - 2024-04-20 14:58:21 --> Invalid file: "front_end/canvas_site/layout.php"
in SYSTEMPATH\Exceptions\FrameworkException.php on line 33.
 1 SYSTEMPATH\View\View.php(201): CodeIgniter\Exceptions\FrameworkException::forInvalidFile('front_end/canvas_site/layout.php')
 2 SYSTEMPATH\View\View.php(229): CodeIgniter\View\View->render('front_end/canvas_site/layout', [], true)
 3 SYSTEMPATH\Common.php(1177): CodeIgniter\View\View->render('front_end/dailong_site/404_error/404_class_gallery', [], true)
 4 APPPATH\Controllers\CanvasController.php(582): view('front_end/dailong_site/404_error/404_class_gallery')
 5 SYSTEMPATH\CodeIgniter.php(935): App\Controllers\CanvasController->class_gallery('3.jpg')
 6 SYSTEMPATH\CodeIgniter.php(500): CodeIgniter\CodeIgniter->runController(Object(App\Controllers\CanvasController))
 7 SYSTEMPATH\CodeIgniter.php(369): CodeIgniter\CodeIgniter->handleRequest(null, Object(Config\Cache), false)
 8 FCPATH\index.php(67): CodeIgniter\CodeIgniter->run()
INFO - 2024-04-20 14:58:21 --> Session: Class initialized using 'CodeIgniter\Session\Handlers\FileHandler' driver.
CRITICAL - 2024-04-20 14:58:21 --> Invalid file: "front_end/canvas_site/layout.php"
in SYSTEMPATH\Exceptions\FrameworkException.php on line 33.
 1 SYSTEMPATH\View\View.php(201): CodeIgniter\Exceptions\FrameworkException::forInvalidFile('front_end/canvas_site/layout.php')
 2 SYSTEMPATH\View\View.php(229): CodeIgniter\View\View->render('front_end/canvas_site/layout', [], true)
 3 SYSTEMPATH\Common.php(1177): CodeIgniter\View\View->render('front_end/dailong_site/404_error/404_class_gallery', [], true)
 4 APPPATH\Controllers\CanvasController.php(582): view('front_end/dailong_site/404_error/404_class_gallery')
 5 SYSTEMPATH\CodeIgniter.php(935): App\Controllers\CanvasController->class_gallery('1.jpg')
 6 SYSTEMPATH\CodeIgniter.php(500): CodeIgniter\CodeIgniter->runController(Object(App\Controllers\CanvasController))
 7 SYSTEMPATH\CodeIgniter.php(369): CodeIgniter\CodeIgniter->handleRequest(null, Object(Config\Cache), false)
 8 FCPATH\index.php(67): CodeIgniter\CodeIgniter->run()
INFO - 2024-04-20 14:58:21 --> Session: Class initialized using 'CodeIgniter\Session\Handlers\FileHandler' driver.
CRITICAL - 2024-04-20 14:58:21 --> Invalid file: "front_end/canvas_site/layout.php"
in SYSTEMPATH\Exceptions\FrameworkException.php on line 33.
 1 SYSTEMPATH\View\View.php(201): CodeIgniter\Exceptions\FrameworkException::forInvalidFile('front_end/canvas_site/layout.php')
 2 SYSTEMPATH\View\View.php(229): CodeIgniter\View\View->render('front_end/canvas_site/layout', [], true)
 3 SYSTEMPATH\Common.php(1177): CodeIgniter\View\View->render('front_end/dailong_site/404_error/404_class_gallery', [], true)
 4 APPPATH\Controllers\CanvasController.php(582): view('front_end/dailong_site/404_error/404_class_gallery')
 5 SYSTEMPATH\CodeIgniter.php(935): App\Controllers\CanvasController->class_gallery('3.jpg')
 6 SYSTEMPATH\CodeIgniter.php(500): CodeIgniter\CodeIgniter->runController(Object(App\Controllers\CanvasController))
 7 SYSTEMPATH\CodeIgniter.php(369): CodeIgniter\CodeIgniter->handleRequest(null, Object(Config\Cache), false)
 8 FCPATH\index.php(67): CodeIgniter\CodeIgniter->run()
INFO - 2024-04-20 14:58:21 --> Session: Class initialized using 'CodeIgniter\Session\Handlers\FileHandler' driver.
CRITICAL - 2024-04-20 14:58:21 --> Invalid file: "front_end/canvas_site/layout.php"
in SYSTEMPATH\Exceptions\FrameworkException.php on line 33.
 1 SYSTEMPATH\View\View.php(201): CodeIgniter\Exceptions\FrameworkException::forInvalidFile('front_end/canvas_site/layout.php')
 2 SYSTEMPATH\View\View.php(229): CodeIgniter\View\View->render('front_end/canvas_site/layout', [], true)
 3 SYSTEMPATH\Common.php(1177): CodeIgniter\View\View->render('front_end/dailong_site/404_error/404_class_gallery', [], true)
 4 APPPATH\Controllers\CanvasController.php(582): view('front_end/dailong_site/404_error/404_class_gallery')
 5 SYSTEMPATH\CodeIgniter.php(935): App\Controllers\CanvasController->class_gallery('1.jpg')
 6 SYSTEMPATH\CodeIgniter.php(500): CodeIgniter\CodeIgniter->runController(Object(App\Controllers\CanvasController))
 7 SYSTEMPATH\CodeIgniter.php(369): CodeIgniter\CodeIgniter->handleRequest(null, Object(Config\Cache), false)
 8 FCPATH\index.php(67): CodeIgniter\CodeIgniter->run()
INFO - 2024-04-20 14:58:21 --> Session: Class initialized using 'CodeIgniter\Session\Handlers\FileHandler' driver.
INFO - 2024-04-20 14:58:21 --> Session: Class initialized using 'CodeIgniter\Session\Handlers\FileHandler' driver.
CRITICAL - 2024-04-20 14:58:21 --> Invalid file: "front_end/canvas_site/layout.php"
in SYSTEMPATH\Exceptions\FrameworkException.php on line 33.
 1 SYSTEMPATH\View\View.php(201): CodeIgniter\Exceptions\FrameworkException::forInvalidFile('front_end/canvas_site/layout.php')
 2 SYSTEMPATH\View\View.php(229): CodeIgniter\View\View->render('front_end/canvas_site/layout', [], true)
 3 SYSTEMPATH\Common.php(1177): CodeIgniter\View\View->render('front_end/dailong_site/404_error/404_class_gallery', [], true)
 4 APPPATH\Controllers\CanvasController.php(582): view('front_end/dailong_site/404_error/404_class_gallery')
 5 SYSTEMPATH\CodeIgniter.php(935): App\Controllers\CanvasController->class_gallery('tweets.php')
 6 SYSTEMPATH\CodeIgniter.php(500): CodeIgniter\CodeIgniter->runController(Object(App\Controllers\CanvasController))
 7 SYSTEMPATH\CodeIgniter.php(369): CodeIgniter\CodeIgniter->handleRequest(null, Object(Config\Cache), false)
 8 FCPATH\index.php(67): CodeIgniter\CodeIgniter->run()
INFO - 2024-04-20 15:00:44 --> Session: Class initialized using 'CodeIgniter\Session\Handlers\FileHandler' driver.
INFO - 2024-04-20 15:00:45 --> Session: Class initialized using 'CodeIgniter\Session\Handlers\FileHandler' driver.
INFO - 2024-04-20 15:00:45 --> Session: Class initialized using 'CodeIgniter\Session\Handlers\FileHandler' driver.
INFO - 2024-04-20 15:00:45 --> Session: Class initialized using 'CodeIgniter\Session\Handlers\FileHandler' driver.
INFO - 2024-04-20 15:00:45 --> Session: Class initialized using 'CodeIgniter\Session\Handlers\FileHandler' driver.
INFO - 2024-04-20 15:00:45 --> Session: Class initialized using 'CodeIgniter\Session\Handlers\FileHandler' driver.
INFO - 2024-04-20 15:00:45 --> Session: Class initialized using 'CodeIgniter\Session\Handlers\FileHandler' driver.
INFO - 2024-04-20 15:00:45 --> Session: Class initialized using 'CodeIgniter\Session\Handlers\FileHandler' driver.
CRITICAL - 2024-04-20 15:00:45 --> Invalid file: "front_end/canvas_site/layout.php"
in SYSTEMPATH\Exceptions\FrameworkException.php on line 33.
 1 SYSTEMPATH\View\View.php(201): CodeIgniter\Exceptions\FrameworkException::forInvalidFile('front_end/canvas_site/layout.php')
 2 SYSTEMPATH\View\View.php(229): CodeIgniter\View\View->render('front_end/canvas_site/layout', [], true)
 3 SYSTEMPATH\Common.php(1177): CodeIgniter\View\View->render('front_end/dailong_site/404_error/404_class_gallery', [], true)
 4 APPPATH\Controllers\CanvasController.php(582): view('front_end/dailong_site/404_error/404_class_gallery')
 5 SYSTEMPATH\CodeIgniter.php(935): App\Controllers\CanvasController->class_gallery('1.jpg')
 6 SYSTEMPATH\CodeIgniter.php(500): CodeIgniter\CodeIgniter->runController(Object(App\Controllers\CanvasController))
 7 SYSTEMPATH\CodeIgniter.php(369): CodeIgniter\CodeIgniter->handleRequest(null, Object(Config\Cache), false)
 8 FCPATH\index.php(67): CodeIgniter\CodeIgniter->run()
INFO - 2024-04-20 15:00:45 --> Session: Class initialized using 'CodeIgniter\Session\Handlers\FileHandler' driver.
CRITICAL - 2024-04-20 15:00:46 --> Invalid file: "front_end/canvas_site/layout.php"
in SYSTEMPATH\Exceptions\FrameworkException.php on line 33.
 1 SYSTEMPATH\View\View.php(201): CodeIgniter\Exceptions\FrameworkException::forInvalidFile('front_end/canvas_site/layout.php')
 2 SYSTEMPATH\View\View.php(229): CodeIgniter\View\View->render('front_end/canvas_site/layout', [], true)
 3 SYSTEMPATH\Common.php(1177): CodeIgniter\View\View->render('front_end/dailong_site/404_error/404_class_gallery', [], true)
 4 APPPATH\Controllers\CanvasController.php(582): view('front_end/dailong_site/404_error/404_class_gallery')
 5 SYSTEMPATH\CodeIgniter.php(935): App\Controllers\CanvasController->class_gallery('3.jpg')
 6 SYSTEMPATH\CodeIgniter.php(500): CodeIgniter\CodeIgniter->runController(Object(App\Controllers\CanvasController))
 7 SYSTEMPATH\CodeIgniter.php(369): CodeIgniter\CodeIgniter->handleRequest(null, Object(Config\Cache), false)
 8 FCPATH\index.php(67): CodeIgniter\CodeIgniter->run()
INFO - 2024-04-20 15:00:46 --> Session: Class initialized using 'CodeIgniter\Session\Handlers\FileHandler' driver.
CRITICAL - 2024-04-20 15:00:46 --> Invalid file: "front_end/canvas_site/layout.php"
in SYSTEMPATH\Exceptions\FrameworkException.php on line 33.
 1 SYSTEMPATH\View\View.php(201): CodeIgniter\Exceptions\FrameworkException::forInvalidFile('front_end/canvas_site/layout.php')
 2 SYSTEMPATH\View\View.php(229): CodeIgniter\View\View->render('front_end/canvas_site/layout', [], true)
 3 SYSTEMPATH\Common.php(1177): CodeIgniter\View\View->render('front_end/dailong_site/404_error/404_class_gallery', [], true)
 4 APPPATH\Controllers\CanvasController.php(582): view('front_end/dailong_site/404_error/404_class_gallery')
 5 SYSTEMPATH\CodeIgniter.php(935): App\Controllers\CanvasController->class_gallery('2.jpg')
 6 SYSTEMPATH\CodeIgniter.php(500): CodeIgniter\CodeIgniter->runController(Object(App\Controllers\CanvasController))
 7 SYSTEMPATH\CodeIgniter.php(369): CodeIgniter\CodeIgniter->handleRequest(null, Object(Config\Cache), false)
 8 FCPATH\index.php(67): CodeIgniter\CodeIgniter->run()
INFO - 2024-04-20 15:00:46 --> Session: Class initialized using 'CodeIgniter\Session\Handlers\FileHandler' driver.
CRITICAL - 2024-04-20 15:00:46 --> Invalid file: "front_end/canvas_site/layout.php"
in SYSTEMPATH\Exceptions\FrameworkException.php on line 33.
 1 SYSTEMPATH\View\View.php(201): CodeIgniter\Exceptions\FrameworkException::forInvalidFile('front_end/canvas_site/layout.php')
 2 SYSTEMPATH\View\View.php(229): CodeIgniter\View\View->render('front_end/canvas_site/layout', [], true)
 3 SYSTEMPATH\Common.php(1177): CodeIgniter\View\View->render('front_end/dailong_site/404_error/404_class_gallery', [], true)
 4 APPPATH\Controllers\CanvasController.php(582): view('front_end/dailong_site/404_error/404_class_gallery')
 5 SYSTEMPATH\CodeIgniter.php(935): App\Controllers\CanvasController->class_gallery('avatar.jpg')
 6 SYSTEMPATH\CodeIgniter.php(500): CodeIgniter\CodeIgniter->runController(Object(App\Controllers\CanvasController))
 7 SYSTEMPATH\CodeIgniter.php(369): CodeIgniter\CodeIgniter->handleRequest(null, Object(Config\Cache), false)
 8 FCPATH\index.php(67): CodeIgniter\CodeIgniter->run()
INFO - 2024-04-20 15:00:46 --> Session: Class initialized using 'CodeIgniter\Session\Handlers\FileHandler' driver.
CRITICAL - 2024-04-20 15:00:46 --> Invalid file: "front_end/canvas_site/layout.php"
in SYSTEMPATH\Exceptions\FrameworkException.php on line 33.
 1 SYSTEMPATH\View\View.php(201): CodeIgniter\Exceptions\FrameworkException::forInvalidFile('front_end/canvas_site/layout.php')
 2 SYSTEMPATH\View\View.php(229): CodeIgniter\View\View->render('front_end/canvas_site/layout', [], true)
 3 SYSTEMPATH\Common.php(1177): CodeIgniter\View\View->render('front_end/dailong_site/404_error/404_class_gallery', [], true)
 4 APPPATH\Controllers\CanvasController.php(582): view('front_end/dailong_site/404_error/404_class_gallery')
 5 SYSTEMPATH\CodeIgniter.php(935): App\Controllers\CanvasController->class_gallery('1.jpg')
 6 SYSTEMPATH\CodeIgniter.php(500): CodeIgniter\CodeIgniter->runController(Object(App\Controllers\CanvasController))
 7 SYSTEMPATH\CodeIgniter.php(369): CodeIgniter\CodeIgniter->handleRequest(null, Object(Config\Cache), false)
 8 FCPATH\index.php(67): CodeIgniter\CodeIgniter->run()
INFO - 2024-04-20 15:00:46 --> Session: Class initialized using 'CodeIgniter\Session\Handlers\FileHandler' driver.
CRITICAL - 2024-04-20 15:00:46 --> Invalid file: "front_end/canvas_site/layout.php"
in SYSTEMPATH\Exceptions\FrameworkException.php on line 33.
 1 SYSTEMPATH\View\View.php(201): CodeIgniter\Exceptions\FrameworkException::forInvalidFile('front_end/canvas_site/layout.php')
 2 SYSTEMPATH\View\View.php(229): CodeIgniter\View\View->render('front_end/canvas_site/layout', [], true)
 3 SYSTEMPATH\Common.php(1177): CodeIgniter\View\View->render('front_end/dailong_site/404_error/404_class_gallery', [], true)
 4 APPPATH\Controllers\CanvasController.php(582): view('front_end/dailong_site/404_error/404_class_gallery')
 5 SYSTEMPATH\CodeIgniter.php(935): App\Controllers\CanvasController->class_gallery('3.jpg')
 6 SYSTEMPATH\CodeIgniter.php(500): CodeIgniter\CodeIgniter->runController(Object(App\Controllers\CanvasController))
 7 SYSTEMPATH\CodeIgniter.php(369): CodeIgniter\CodeIgniter->handleRequest(null, Object(Config\Cache), false)
 8 FCPATH\index.php(67): CodeIgniter\CodeIgniter->run()
INFO - 2024-04-20 15:00:46 --> Session: Class initialized using 'CodeIgniter\Session\Handlers\FileHandler' driver.
INFO - 2024-04-20 15:00:46 --> Session: Class initialized using 'CodeIgniter\Session\Handlers\FileHandler' driver.
CRITICAL - 2024-04-20 15:00:46 --> Invalid file: "front_end/canvas_site/layout.php"
in SYSTEMPATH\Exceptions\FrameworkException.php on line 33.
 1 SYSTEMPATH\View\View.php(201): CodeIgniter\Exceptions\FrameworkException::forInvalidFile('front_end/canvas_site/layout.php')
 2 SYSTEMPATH\View\View.php(229): CodeIgniter\View\View->render('front_end/canvas_site/layout', [], true)
 3 SYSTEMPATH\Common.php(1177): CodeIgniter\View\View->render('front_end/dailong_site/404_error/404_class_gallery', [], true)
 4 APPPATH\Controllers\CanvasController.php(582): view('front_end/dailong_site/404_error/404_class_gallery')
 5 SYSTEMPATH\CodeIgniter.php(935): App\Controllers\CanvasController->class_gallery('3.jpg')
 6 SYSTEMPATH\CodeIgniter.php(500): CodeIgniter\CodeIgniter->runController(Object(App\Controllers\CanvasController))
 7 SYSTEMPATH\CodeIgniter.php(369): CodeIgniter\CodeIgniter->handleRequest(null, Object(Config\Cache), false)
 8 FCPATH\index.php(67): CodeIgniter\CodeIgniter->run()
INFO - 2024-04-20 15:01:11 --> Session: Class initialized using 'CodeIgniter\Session\Handlers\FileHandler' driver.
INFO - 2024-04-20 15:01:12 --> Session: Class initialized using 'CodeIgniter\Session\Handlers\FileHandler' driver.
INFO - 2024-04-20 15:01:12 --> Session: Class initialized using 'CodeIgniter\Session\Handlers\FileHandler' driver.
INFO - 2024-04-20 15:01:12 --> Session: Class initialized using 'CodeIgniter\Session\Handlers\FileHandler' driver.
CRITICAL - 2024-04-20 15:01:12 --> Invalid file: "front_end/canvas_site/layout.php"
in SYSTEMPATH\Exceptions\FrameworkException.php on line 33.
 1 SYSTEMPATH\View\View.php(201): CodeIgniter\Exceptions\FrameworkException::forInvalidFile('front_end/canvas_site/layout.php')
 2 SYSTEMPATH\View\View.php(229): CodeIgniter\View\View->render('front_end/canvas_site/layout', [], true)
 3 SYSTEMPATH\Common.php(1177): CodeIgniter\View\View->render('front_end/dailong_site/404_error/404_class_gallery', [], true)
 4 APPPATH\Controllers\CanvasController.php(582): view('front_end/dailong_site/404_error/404_class_gallery')
 5 SYSTEMPATH\CodeIgniter.php(935): App\Controllers\CanvasController->class_gallery('3.jpg')
 6 SYSTEMPATH\CodeIgniter.php(500): CodeIgniter\CodeIgniter->runController(Object(App\Controllers\CanvasController))
 7 SYSTEMPATH\CodeIgniter.php(369): CodeIgniter\CodeIgniter->handleRequest(null, Object(Config\Cache), false)
 8 FCPATH\index.php(67): CodeIgniter\CodeIgniter->run()
INFO - 2024-04-20 15:01:12 --> Session: Class initialized using 'CodeIgniter\Session\Handlers\FileHandler' driver.
CRITICAL - 2024-04-20 15:01:12 --> Invalid file: "front_end/canvas_site/layout.php"
in SYSTEMPATH\Exceptions\FrameworkException.php on line 33.
 1 SYSTEMPATH\View\View.php(201): CodeIgniter\Exceptions\FrameworkException::forInvalidFile('front_end/canvas_site/layout.php')
 2 SYSTEMPATH\View\View.php(229): CodeIgniter\View\View->render('front_end/canvas_site/layout', [], true)
 3 SYSTEMPATH\Common.php(1177): CodeIgniter\View\View->render('front_end/dailong_site/404_error/404_class_gallery', [], true)
 4 APPPATH\Controllers\CanvasController.php(582): view('front_end/dailong_site/404_error/404_class_gallery')
 5 SYSTEMPATH\CodeIgniter.php(935): App\Controllers\CanvasController->class_gallery('1.jpg')
 6 SYSTEMPATH\CodeIgniter.php(500): CodeIgniter\CodeIgniter->runController(Object(App\Controllers\CanvasController))
 7 SYSTEMPATH\CodeIgniter.php(369): CodeIgniter\CodeIgniter->handleRequest(null, Object(Config\Cache), false)
 8 FCPATH\index.php(67): CodeIgniter\CodeIgniter->run()
INFO - 2024-04-20 15:02:59 --> Session: Class initialized using 'CodeIgniter\Session\Handlers\FileHandler' driver.
INFO - 2024-04-20 15:03:00 --> Session: Class initialized using 'CodeIgniter\Session\Handlers\FileHandler' driver.
INFO - 2024-04-20 15:03:00 --> Session: Class initialized using 'CodeIgniter\Session\Handlers\FileHandler' driver.
INFO - 2024-04-20 15:03:00 --> Session: Class initialized using 'CodeIgniter\Session\Handlers\FileHandler' driver.
CRITICAL - 2024-04-20 15:03:00 --> Invalid file: "front_end/canvas_site/layout.php"
in SYSTEMPATH\Exceptions\FrameworkException.php on line 33.
 1 SYSTEMPATH\View\View.php(201): CodeIgniter\Exceptions\FrameworkException::forInvalidFile('front_end/canvas_site/layout.php')
 2 SYSTEMPATH\View\View.php(229): CodeIgniter\View\View->render('front_end/canvas_site/layout', [], true)
 3 SYSTEMPATH\Common.php(1177): CodeIgniter\View\View->render('front_end/dailong_site/404_error/404_class_gallery', [], true)
 4 APPPATH\Controllers\CanvasController.php(582): view('front_end/dailong_site/404_error/404_class_gallery')
 5 SYSTEMPATH\CodeIgniter.php(935): App\Controllers\CanvasController->class_gallery('3.jpg')
 6 SYSTEMPATH\CodeIgniter.php(500): CodeIgniter\CodeIgniter->runController(Object(App\Controllers\CanvasController))
 7 SYSTEMPATH\CodeIgniter.php(369): CodeIgniter\CodeIgniter->handleRequest(null, Object(Config\Cache), false)
 8 FCPATH\index.php(67): CodeIgniter\CodeIgniter->run()
INFO - 2024-04-20 15:03:00 --> Session: Class initialized using 'CodeIgniter\Session\Handlers\FileHandler' driver.
CRITICAL - 2024-04-20 15:03:01 --> Invalid file: "front_end/canvas_site/layout.php"
in SYSTEMPATH\Exceptions\FrameworkException.php on line 33.
 1 SYSTEMPATH\View\View.php(201): CodeIgniter\Exceptions\FrameworkException::forInvalidFile('front_end/canvas_site/layout.php')
 2 SYSTEMPATH\View\View.php(229): CodeIgniter\View\View->render('front_end/canvas_site/layout', [], true)
 3 SYSTEMPATH\Common.php(1177): CodeIgniter\View\View->render('front_end/dailong_site/404_error/404_class_gallery', [], true)
 4 APPPATH\Controllers\CanvasController.php(582): view('front_end/dailong_site/404_error/404_class_gallery')
 5 SYSTEMPATH\CodeIgniter.php(935): App\Controllers\CanvasController->class_gallery('1.jpg')
 6 SYSTEMPATH\CodeIgniter.php(500): CodeIgniter\CodeIgniter->runController(Object(App\Controllers\CanvasController))
 7 SYSTEMPATH\CodeIgniter.php(369): CodeIgniter\CodeIgniter->handleRequest(null, Object(Config\Cache), false)
 8 FCPATH\index.php(67): CodeIgniter\CodeIgniter->run()
INFO - 2024-04-20 15:03:19 --> Session: Class initialized using 'CodeIgniter\Session\Handlers\FileHandler' driver.
INFO - 2024-04-20 15:03:20 --> Session: Class initialized using 'CodeIgniter\Session\Handlers\FileHandler' driver.
INFO - 2024-04-20 15:03:20 --> Session: Class initialized using 'CodeIgniter\Session\Handlers\FileHandler' driver.
INFO - 2024-04-20 15:03:20 --> Session: Class initialized using 'CodeIgniter\Session\Handlers\FileHandler' driver.
CRITICAL - 2024-04-20 15:03:20 --> Invalid file: "front_end/canvas_site/layout.php"
in SYSTEMPATH\Exceptions\FrameworkException.php on line 33.
 1 SYSTEMPATH\View\View.php(201): CodeIgniter\Exceptions\FrameworkException::forInvalidFile('front_end/canvas_site/layout.php')
 2 SYSTEMPATH\View\View.php(229): CodeIgniter\View\View->render('front_end/canvas_site/layout', [], true)
 3 SYSTEMPATH\Common.php(1177): CodeIgniter\View\View->render('front_end/dailong_site/404_error/404_class_gallery', [], true)
 4 APPPATH\Controllers\CanvasController.php(582): view('front_end/dailong_site/404_error/404_class_gallery')
 5 SYSTEMPATH\CodeIgniter.php(935): App\Controllers\CanvasController->class_gallery('1.jpg')
 6 SYSTEMPATH\CodeIgniter.php(500): CodeIgniter\CodeIgniter->runController(Object(App\Controllers\CanvasController))
 7 SYSTEMPATH\CodeIgniter.php(369): CodeIgniter\CodeIgniter->handleRequest(null, Object(Config\Cache), false)
 8 FCPATH\index.php(67): CodeIgniter\CodeIgniter->run()
INFO - 2024-04-20 15:03:20 --> Session: Class initialized using 'CodeIgniter\Session\Handlers\FileHandler' driver.
CRITICAL - 2024-04-20 15:03:20 --> Invalid file: "front_end/canvas_site/layout.php"
in SYSTEMPATH\Exceptions\FrameworkException.php on line 33.
 1 SYSTEMPATH\View\View.php(201): CodeIgniter\Exceptions\FrameworkException::forInvalidFile('front_end/canvas_site/layout.php')
 2 SYSTEMPATH\View\View.php(229): CodeIgniter\View\View->render('front_end/canvas_site/layout', [], true)
 3 SYSTEMPATH\Common.php(1177): CodeIgniter\View\View->render('front_end/dailong_site/404_error/404_class_gallery', [], true)
 4 APPPATH\Controllers\CanvasController.php(582): view('front_end/dailong_site/404_error/404_class_gallery')
 5 SYSTEMPATH\CodeIgniter.php(935): App\Controllers\CanvasController->class_gallery('3.jpg')
 6 SYSTEMPATH\CodeIgniter.php(500): CodeIgniter\CodeIgniter->runController(Object(App\Controllers\CanvasController))
 7 SYSTEMPATH\CodeIgniter.php(369): CodeIgniter\CodeIgniter->handleRequest(null, Object(Config\Cache), false)
 8 FCPATH\index.php(67): CodeIgniter\CodeIgniter->run()
INFO - 2024-04-20 15:03:58 --> Session: Class initialized using 'CodeIgniter\Session\Handlers\FileHandler' driver.
INFO - 2024-04-20 15:03:59 --> Session: Class initialized using 'CodeIgniter\Session\Handlers\FileHandler' driver.
INFO - 2024-04-20 15:03:59 --> Session: Class initialized using 'CodeIgniter\Session\Handlers\FileHandler' driver.
INFO - 2024-04-20 15:03:59 --> Session: Class initialized using 'CodeIgniter\Session\Handlers\FileHandler' driver.
CRITICAL - 2024-04-20 15:03:59 --> Invalid file: "front_end/canvas_site/layout.php"
in SYSTEMPATH\Exceptions\FrameworkException.php on line 33.
 1 SYSTEMPATH\View\View.php(201): CodeIgniter\Exceptions\FrameworkException::forInvalidFile('front_end/canvas_site/layout.php')
 2 SYSTEMPATH\View\View.php(229): CodeIgniter\View\View->render('front_end/canvas_site/layout', [], true)
 3 SYSTEMPATH\Common.php(1177): CodeIgniter\View\View->render('front_end/dailong_site/404_error/404_class_gallery', [], true)
 4 APPPATH\Controllers\CanvasController.php(582): view('front_end/dailong_site/404_error/404_class_gallery')
 5 SYSTEMPATH\CodeIgniter.php(935): App\Controllers\CanvasController->class_gallery('3.jpg')
 6 SYSTEMPATH\CodeIgniter.php(500): CodeIgniter\CodeIgniter->runController(Object(App\Controllers\CanvasController))
 7 SYSTEMPATH\CodeIgniter.php(369): CodeIgniter\CodeIgniter->handleRequest(null, Object(Config\Cache), false)
 8 FCPATH\index.php(67): CodeIgniter\CodeIgniter->run()
INFO - 2024-04-20 15:04:00 --> Session: Class initialized using 'CodeIgniter\Session\Handlers\FileHandler' driver.
CRITICAL - 2024-04-20 15:04:00 --> Invalid file: "front_end/canvas_site/layout.php"
in SYSTEMPATH\Exceptions\FrameworkException.php on line 33.
 1 SYSTEMPATH\View\View.php(201): CodeIgniter\Exceptions\FrameworkException::forInvalidFile('front_end/canvas_site/layout.php')
 2 SYSTEMPATH\View\View.php(229): CodeIgniter\View\View->render('front_end/canvas_site/layout', [], true)
 3 SYSTEMPATH\Common.php(1177): CodeIgniter\View\View->render('front_end/dailong_site/404_error/404_class_gallery', [], true)
 4 APPPATH\Controllers\CanvasController.php(582): view('front_end/dailong_site/404_error/404_class_gallery')
 5 SYSTEMPATH\CodeIgniter.php(935): App\Controllers\CanvasController->class_gallery('1.jpg')
 6 SYSTEMPATH\CodeIgniter.php(500): CodeIgniter\CodeIgniter->runController(Object(App\Controllers\CanvasController))
 7 SYSTEMPATH\CodeIgniter.php(369): CodeIgniter\CodeIgniter->handleRequest(null, Object(Config\Cache), false)
 8 FCPATH\index.php(67): CodeIgniter\CodeIgniter->run()
INFO - 2024-04-20 15:04:25 --> Session: Class initialized using 'CodeIgniter\Session\Handlers\FileHandler' driver.
INFO - 2024-04-20 15:04:26 --> Session: Class initialized using 'CodeIgniter\Session\Handlers\FileHandler' driver.
INFO - 2024-04-20 15:04:26 --> Session: Class initialized using 'CodeIgniter\Session\Handlers\FileHandler' driver.
INFO - 2024-04-20 15:04:26 --> Session: Class initialized using 'CodeIgniter\Session\Handlers\FileHandler' driver.
CRITICAL - 2024-04-20 15:04:26 --> Invalid file: "front_end/canvas_site/layout.php"
in SYSTEMPATH\Exceptions\FrameworkException.php on line 33.
 1 SYSTEMPATH\View\View.php(201): CodeIgniter\Exceptions\FrameworkException::forInvalidFile('front_end/canvas_site/layout.php')
 2 SYSTEMPATH\View\View.php(229): CodeIgniter\View\View->render('front_end/canvas_site/layout', [], true)
 3 SYSTEMPATH\Common.php(1177): CodeIgniter\View\View->render('front_end/dailong_site/404_error/404_class_gallery', [], true)
 4 APPPATH\Controllers\CanvasController.php(582): view('front_end/dailong_site/404_error/404_class_gallery')
 5 SYSTEMPATH\CodeIgniter.php(935): App\Controllers\CanvasController->class_gallery('1.jpg')
 6 SYSTEMPATH\CodeIgniter.php(500): CodeIgniter\CodeIgniter->runController(Object(App\Controllers\CanvasController))
 7 SYSTEMPATH\CodeIgniter.php(369): CodeIgniter\CodeIgniter->handleRequest(null, Object(Config\Cache), false)
 8 FCPATH\index.php(67): CodeIgniter\CodeIgniter->run()
INFO - 2024-04-20 15:04:27 --> Session: Class initialized using 'CodeIgniter\Session\Handlers\FileHandler' driver.
CRITICAL - 2024-04-20 15:04:27 --> Invalid file: "front_end/canvas_site/layout.php"
in SYSTEMPATH\Exceptions\FrameworkException.php on line 33.
 1 SYSTEMPATH\View\View.php(201): CodeIgniter\Exceptions\FrameworkException::forInvalidFile('front_end/canvas_site/layout.php')
 2 SYSTEMPATH\View\View.php(229): CodeIgniter\View\View->render('front_end/canvas_site/layout', [], true)
 3 SYSTEMPATH\Common.php(1177): CodeIgniter\View\View->render('front_end/dailong_site/404_error/404_class_gallery', [], true)
 4 APPPATH\Controllers\CanvasController.php(582): view('front_end/dailong_site/404_error/404_class_gallery')
 5 SYSTEMPATH\CodeIgniter.php(935): App\Controllers\CanvasController->class_gallery('3.jpg')
 6 SYSTEMPATH\CodeIgniter.php(500): CodeIgniter\CodeIgniter->runController(Object(App\Controllers\CanvasController))
 7 SYSTEMPATH\CodeIgniter.php(369): CodeIgniter\CodeIgniter->handleRequest(null, Object(Config\Cache), false)
 8 FCPATH\index.php(67): CodeIgniter\CodeIgniter->run()
INFO - 2024-04-20 15:04:43 --> Session: Class initialized using 'CodeIgniter\Session\Handlers\FileHandler' driver.
INFO - 2024-04-20 15:04:43 --> Session: Class initialized using 'CodeIgniter\Session\Handlers\FileHandler' driver.
INFO - 2024-04-20 15:04:43 --> Session: Class initialized using 'CodeIgniter\Session\Handlers\FileHandler' driver.
INFO - 2024-04-20 15:04:44 --> Session: Class initialized using 'CodeIgniter\Session\Handlers\FileHandler' driver.
CRITICAL - 2024-04-20 15:04:44 --> Invalid file: "front_end/canvas_site/layout.php"
in SYSTEMPATH\Exceptions\FrameworkException.php on line 33.
 1 SYSTEMPATH\View\View.php(201): CodeIgniter\Exceptions\FrameworkException::forInvalidFile('front_end/canvas_site/layout.php')
 2 SYSTEMPATH\View\View.php(229): CodeIgniter\View\View->render('front_end/canvas_site/layout', [], true)
 3 SYSTEMPATH\Common.php(1177): CodeIgniter\View\View->render('front_end/dailong_site/404_error/404_class_gallery', [], true)
 4 APPPATH\Controllers\CanvasController.php(582): view('front_end/dailong_site/404_error/404_class_gallery')
 5 SYSTEMPATH\CodeIgniter.php(935): App\Controllers\CanvasController->class_gallery('1.jpg')
 6 SYSTEMPATH\CodeIgniter.php(500): CodeIgniter\CodeIgniter->runController(Object(App\Controllers\CanvasController))
 7 SYSTEMPATH\CodeIgniter.php(369): CodeIgniter\CodeIgniter->handleRequest(null, Object(Config\Cache), false)
 8 FCPATH\index.php(67): CodeIgniter\CodeIgniter->run()
INFO - 2024-04-20 15:04:44 --> Session: Class initialized using 'CodeIgniter\Session\Handlers\FileHandler' driver.
CRITICAL - 2024-04-20 15:04:44 --> Invalid file: "front_end/canvas_site/layout.php"
in SYSTEMPATH\Exceptions\FrameworkException.php on line 33.
 1 SYSTEMPATH\View\View.php(201): CodeIgniter\Exceptions\FrameworkException::forInvalidFile('front_end/canvas_site/layout.php')
 2 SYSTEMPATH\View\View.php(229): CodeIgniter\View\View->render('front_end/canvas_site/layout', [], true)
 3 SYSTEMPATH\Common.php(1177): CodeIgniter\View\View->render('front_end/dailong_site/404_error/404_class_gallery', [], true)
 4 APPPATH\Controllers\CanvasController.php(582): view('front_end/dailong_site/404_error/404_class_gallery')
 5 SYSTEMPATH\CodeIgniter.php(935): App\Controllers\CanvasController->class_gallery('3.jpg')
 6 SYSTEMPATH\CodeIgniter.php(500): CodeIgniter\CodeIgniter->runController(Object(App\Controllers\CanvasController))
 7 SYSTEMPATH\CodeIgniter.php(369): CodeIgniter\CodeIgniter->handleRequest(null, Object(Config\Cache), false)
 8 FCPATH\index.php(67): CodeIgniter\CodeIgniter->run()
INFO - 2024-04-20 15:05:04 --> Session: Class initialized using 'CodeIgniter\Session\Handlers\FileHandler' driver.
INFO - 2024-04-20 15:05:04 --> Session: Class initialized using 'CodeIgniter\Session\Handlers\FileHandler' driver.
INFO - 2024-04-20 15:05:04 --> Session: Class initialized using 'CodeIgniter\Session\Handlers\FileHandler' driver.
INFO - 2024-04-20 15:05:04 --> Session: Class initialized using 'CodeIgniter\Session\Handlers\FileHandler' driver.
CRITICAL - 2024-04-20 15:05:04 --> Invalid file: "front_end/canvas_site/layout.php"
in SYSTEMPATH\Exceptions\FrameworkException.php on line 33.
 1 SYSTEMPATH\View\View.php(201): CodeIgniter\Exceptions\FrameworkException::forInvalidFile('front_end/canvas_site/layout.php')
 2 SYSTEMPATH\View\View.php(229): CodeIgniter\View\View->render('front_end/canvas_site/layout', [], true)
 3 SYSTEMPATH\Common.php(1177): CodeIgniter\View\View->render('front_end/dailong_site/404_error/404_class_gallery', [], true)
 4 APPPATH\Controllers\CanvasController.php(582): view('front_end/dailong_site/404_error/404_class_gallery')
 5 SYSTEMPATH\CodeIgniter.php(935): App\Controllers\CanvasController->class_gallery('3.jpg')
 6 SYSTEMPATH\CodeIgniter.php(500): CodeIgniter\CodeIgniter->runController(Object(App\Controllers\CanvasController))
 7 SYSTEMPATH\CodeIgniter.php(369): CodeIgniter\CodeIgniter->handleRequest(null, Object(Config\Cache), false)
 8 FCPATH\index.php(67): CodeIgniter\CodeIgniter->run()
INFO - 2024-04-20 15:05:04 --> Session: Class initialized using 'CodeIgniter\Session\Handlers\FileHandler' driver.
CRITICAL - 2024-04-20 15:05:05 --> Invalid file: "front_end/canvas_site/layout.php"
in SYSTEMPATH\Exceptions\FrameworkException.php on line 33.
 1 SYSTEMPATH\View\View.php(201): CodeIgniter\Exceptions\FrameworkException::forInvalidFile('front_end/canvas_site/layout.php')
 2 SYSTEMPATH\View\View.php(229): CodeIgniter\View\View->render('front_end/canvas_site/layout', [], true)
 3 SYSTEMPATH\Common.php(1177): CodeIgniter\View\View->render('front_end/dailong_site/404_error/404_class_gallery', [], true)
 4 APPPATH\Controllers\CanvasController.php(582): view('front_end/dailong_site/404_error/404_class_gallery')
 5 SYSTEMPATH\CodeIgniter.php(935): App\Controllers\CanvasController->class_gallery('1.jpg')
 6 SYSTEMPATH\CodeIgniter.php(500): CodeIgniter\CodeIgniter->runController(Object(App\Controllers\CanvasController))
 7 SYSTEMPATH\CodeIgniter.php(369): CodeIgniter\CodeIgniter->handleRequest(null, Object(Config\Cache), false)
 8 FCPATH\index.php(67): CodeIgniter\CodeIgniter->run()
INFO - 2024-04-20 15:05:41 --> Session: Class initialized using 'CodeIgniter\Session\Handlers\FileHandler' driver.
INFO - 2024-04-20 15:06:21 --> Session: Class initialized using 'CodeIgniter\Session\Handlers\FileHandler' driver.
INFO - 2024-04-20 15:07:17 --> Session: Class initialized using 'CodeIgniter\Session\Handlers\FileHandler' driver.
INFO - 2024-04-20 15:07:33 --> Session: Class initialized using 'CodeIgniter\Session\Handlers\FileHandler' driver.
INFO - 2024-04-20 15:21:05 --> Session: Class initialized using 'CodeIgniter\Session\Handlers\FileHandler' driver.
INFO - 2024-04-20 15:35:38 --> Session: Class initialized using 'CodeIgniter\Session\Handlers\FileHandler' driver.
INFO - 2024-04-20 15:35:53 --> Session: Class initialized using 'CodeIgniter\Session\Handlers\FileHandler' driver.
INFO - 2024-04-20 15:37:47 --> Session: Class initialized using 'CodeIgniter\Session\Handlers\FileHandler' driver.
INFO - 2024-04-20 15:38:02 --> Session: Class initialized using 'CodeIgniter\Session\Handlers\FileHandler' driver.
INFO - 2024-04-20 15:39:02 --> Session: Class initialized using 'CodeIgniter\Session\Handlers\FileHandler' driver.
INFO - 2024-04-20 15:39:21 --> Session: Class initialized using 'CodeIgniter\Session\Handlers\FileHandler' driver.
INFO - 2024-04-20 15:39:21 --> Session: Class initialized using 'CodeIgniter\Session\Handlers\FileHandler' driver.
INFO - 2024-04-20 15:39:21 --> Session: Class initialized using 'CodeIgniter\Session\Handlers\FileHandler' driver.
CRITICAL - 2024-04-20 15:39:21 --> Invalid file: "front_end/canvas_site/layout.php"
in SYSTEMPATH\Exceptions\FrameworkException.php on line 33.
 1 SYSTEMPATH\View\View.php(201): CodeIgniter\Exceptions\FrameworkException::forInvalidFile('front_end/canvas_site/layout.php')
 2 SYSTEMPATH\View\View.php(229): CodeIgniter\View\View->render('front_end/canvas_site/layout', [], true)
 3 SYSTEMPATH\Common.php(1177): CodeIgniter\View\View->render('front_end/dailong_site/404_error/404_class_gallery', [], true)
 4 APPPATH\Controllers\CanvasController.php(582): view('front_end/dailong_site/404_error/404_class_gallery')
 5 SYSTEMPATH\CodeIgniter.php(935): App\Controllers\CanvasController->class_gallery('FCPATH\\switcher-html.html')
 6 SYSTEMPATH\CodeIgniter.php(500): CodeIgniter\CodeIgniter->runController(Object(App\Controllers\CanvasController))
 7 SYSTEMPATH\CodeIgniter.php(369): CodeIgniter\CodeIgniter->handleRequest(null, Object(Config\Cache), false)
 8 FCPATH\index.php(67): CodeIgniter\CodeIgniter->run()
INFO - 2024-04-20 15:46:55 --> Session: Class initialized using 'CodeIgniter\Session\Handlers\FileHandler' driver.
INFO - 2024-04-20 15:47:14 --> Session: Class initialized using 'CodeIgniter\Session\Handlers\FileHandler' driver.
INFO - 2024-04-20 15:47:14 --> Session: Class initialized using 'CodeIgniter\Session\Handlers\FileHandler' driver.
INFO - 2024-04-20 15:47:14 --> Session: Class initialized using 'CodeIgniter\Session\Handlers\FileHandler' driver.
CRITICAL - 2024-04-20 15:47:14 --> Invalid file: "front_end/canvas_site/layout.php"
in SYSTEMPATH\Exceptions\FrameworkException.php on line 33.
 1 SYSTEMPATH\View\View.php(201): CodeIgniter\Exceptions\FrameworkException::forInvalidFile('front_end/canvas_site/layout.php')
 2 SYSTEMPATH\View\View.php(229): CodeIgniter\View\View->render('front_end/canvas_site/layout', [], true)
 3 SYSTEMPATH\Common.php(1177): CodeIgniter\View\View->render('front_end/dailong_site/404_error/404_class_gallery', [], true)
 4 APPPATH\Controllers\CanvasController.php(582): view('front_end/dailong_site/404_error/404_class_gallery')
 5 SYSTEMPATH\CodeIgniter.php(935): App\Controllers\CanvasController->class_gallery('FCPATH\\switcher-html.html')
 6 SYSTEMPATH\CodeIgniter.php(500): CodeIgniter\CodeIgniter->runController(Object(App\Controllers\CanvasController))
 7 SYSTEMPATH\CodeIgniter.php(369): CodeIgniter\CodeIgniter->handleRequest(null, Object(Config\Cache), false)
 8 FCPATH\index.php(67): CodeIgniter\CodeIgniter->run()
INFO - 2024-04-20 15:47:26 --> Session: Class initialized using 'CodeIgniter\Session\Handlers\FileHandler' driver.
INFO - 2024-04-20 15:49:04 --> Session: Class initialized using 'CodeIgniter\Session\Handlers\FileHandler' driver.
INFO - 2024-04-20 15:49:22 --> Session: Class initialized using 'CodeIgniter\Session\Handlers\FileHandler' driver.
INFO - 2024-04-20 15:49:23 --> Session: Class initialized using 'CodeIgniter\Session\Handlers\FileHandler' driver.
INFO - 2024-04-20 15:49:23 --> Session: Class initialized using 'CodeIgniter\Session\Handlers\FileHandler' driver.
CRITICAL - 2024-04-20 15:49:23 --> Invalid file: "front_end/canvas_site/layout.php"
in SYSTEMPATH\Exceptions\FrameworkException.php on line 33.
 1 SYSTEMPATH\View\View.php(201): CodeIgniter\Exceptions\FrameworkException::forInvalidFile('front_end/canvas_site/layout.php')
 2 SYSTEMPATH\View\View.php(229): CodeIgniter\View\View->render('front_end/canvas_site/layout', [], true)
 3 SYSTEMPATH\Common.php(1177): CodeIgniter\View\View->render('front_end/dailong_site/404_error/404_class_gallery', [], true)
 4 APPPATH\Controllers\CanvasController.php(582): view('front_end/dailong_site/404_error/404_class_gallery')
 5 SYSTEMPATH\CodeIgniter.php(935): App\Controllers\CanvasController->class_gallery('FCPATH\\switcher-html.html')
 6 SYSTEMPATH\CodeIgniter.php(500): CodeIgniter\CodeIgniter->runController(Object(App\Controllers\CanvasController))
 7 SYSTEMPATH\CodeIgniter.php(369): CodeIgniter\CodeIgniter->handleRequest(null, Object(Config\Cache), false)
 8 FCPATH\index.php(67): CodeIgniter\CodeIgniter->run()
INFO - 2024-04-20 15:49:52 --> Session: Class initialized using 'CodeIgniter\Session\Handlers\FileHandler' driver.
INFO - 2024-04-20 15:49:57 --> Session: Class initialized using 'CodeIgniter\Session\Handlers\FileHandler' driver.
INFO - 2024-04-20 15:49:57 --> Session: Class initialized using 'CodeIgniter\Session\Handlers\FileHandler' driver.
INFO - 2024-04-20 15:49:57 --> Session: Class initialized using 'CodeIgniter\Session\Handlers\FileHandler' driver.
CRITICAL - 2024-04-20 15:49:57 --> Invalid file: "front_end/canvas_site/layout.php"
in SYSTEMPATH\Exceptions\FrameworkException.php on line 33.
 1 SYSTEMPATH\View\View.php(201): CodeIgniter\Exceptions\FrameworkException::forInvalidFile('front_end/canvas_site/layout.php')
 2 SYSTEMPATH\View\View.php(229): CodeIgniter\View\View->render('front_end/canvas_site/layout', [], true)
 3 SYSTEMPATH\Common.php(1177): CodeIgniter\View\View->render('front_end/dailong_site/404_error/404_class_gallery', [], true)
 4 APPPATH\Controllers\CanvasController.php(582): view('front_end/dailong_site/404_error/404_class_gallery')
 5 SYSTEMPATH\CodeIgniter.php(935): App\Controllers\CanvasController->class_gallery('FCPATH\\switcher-html.html')
 6 SYSTEMPATH\CodeIgniter.php(500): CodeIgniter\CodeIgniter->runController(Object(App\Controllers\CanvasController))
 7 SYSTEMPATH\CodeIgniter.php(369): CodeIgniter\CodeIgniter->handleRequest(null, Object(Config\Cache), false)
 8 FCPATH\index.php(67): CodeIgniter\CodeIgniter->run()
INFO - 2024-04-20 15:55:28 --> Session: Class initialized using 'CodeIgniter\Session\Handlers\FileHandler' driver.
INFO - 2024-04-20 15:55:47 --> Session: Class initialized using 'CodeIgniter\Session\Handlers\FileHandler' driver.
INFO - 2024-04-20 15:55:48 --> Session: Class initialized using 'CodeIgniter\Session\Handlers\FileHandler' driver.
INFO - 2024-04-20 15:55:48 --> Session: Class initialized using 'CodeIgniter\Session\Handlers\FileHandler' driver.
CRITICAL - 2024-04-20 15:55:48 --> Invalid file: "front_end/canvas_site/layout.php"
in SYSTEMPATH\Exceptions\FrameworkException.php on line 33.
 1 SYSTEMPATH\View\View.php(201): CodeIgniter\Exceptions\FrameworkException::forInvalidFile('front_end/canvas_site/layout.php')
 2 SYSTEMPATH\View\View.php(229): CodeIgniter\View\View->render('front_end/canvas_site/layout', [], true)
 3 SYSTEMPATH\Common.php(1177): CodeIgniter\View\View->render('front_end/dailong_site/404_error/404_class_gallery', [], true)
 4 APPPATH\Controllers\CanvasController.php(582): view('front_end/dailong_site/404_error/404_class_gallery')
 5 SYSTEMPATH\CodeIgniter.php(935): App\Controllers\CanvasController->class_gallery('FCPATH\\switcher-html.html')
 6 SYSTEMPATH\CodeIgniter.php(500): CodeIgniter\CodeIgniter->runController(Object(App\Controllers\CanvasController))
 7 SYSTEMPATH\CodeIgniter.php(369): CodeIgniter\CodeIgniter->handleRequest(null, Object(Config\Cache), false)
 8 FCPATH\index.php(67): CodeIgniter\CodeIgniter->run()
INFO - 2024-04-20 15:56:40 --> Session: Class initialized using 'CodeIgniter\Session\Handlers\FileHandler' driver.
INFO - 2024-04-20 16:00:51 --> Session: Class initialized using 'CodeIgniter\Session\Handlers\FileHandler' driver.
INFO - 2024-04-20 16:01:20 --> Session: Class initialized using 'CodeIgniter\Session\Handlers\FileHandler' driver.
INFO - 2024-04-20 16:01:39 --> Session: Class initialized using 'CodeIgniter\Session\Handlers\FileHandler' driver.
INFO - 2024-04-20 16:02:13 --> Session: Class initialized using 'CodeIgniter\Session\Handlers\FileHandler' driver.
INFO - 2024-04-20 16:02:49 --> Session: Class initialized using 'CodeIgniter\Session\Handlers\FileHandler' driver.
INFO - 2024-04-20 16:02:50 --> Session: Class initialized using 'CodeIgniter\Session\Handlers\FileHandler' driver.
INFO - 2024-04-20 17:48:36 --> Session: Class initialized using 'CodeIgniter\Session\Handlers\FileHandler' driver.
INFO - 2024-04-20 17:48:51 --> Session: Class initialized using 'CodeIgniter\Session\Handlers\FileHandler' driver.
INFO - 2024-04-20 17:48:57 --> Session: Class initialized using 'CodeIgniter\Session\Handlers\FileHandler' driver.
INFO - 2024-04-20 17:48:57 --> Session: Class initialized using 'CodeIgniter\Session\Handlers\FileHandler' driver.
INFO - 2024-04-20 17:48:57 --> Session: Class initialized using 'CodeIgniter\Session\Handlers\FileHandler' driver.
CRITICAL - 2024-04-20 17:48:57 --> Invalid file: "front_end/canvas_site/layout.php"
in SYSTEMPATH\Exceptions\FrameworkException.php on line 33.
 1 SYSTEMPATH\View\View.php(201): CodeIgniter\Exceptions\FrameworkException::forInvalidFile('front_end/canvas_site/layout.php')
 2 SYSTEMPATH\View\View.php(229): CodeIgniter\View\View->render('front_end/canvas_site/layout', [], true)
 3 SYSTEMPATH\Common.php(1177): CodeIgniter\View\View->render('front_end/dailong_site/404_error/404_class_gallery', [], true)
 4 APPPATH\Controllers\CanvasController.php(582): view('front_end/dailong_site/404_error/404_class_gallery')
 5 SYSTEMPATH\CodeIgniter.php(935): App\Controllers\CanvasController->class_gallery('FCPATH\\switcher-html.html')
 6 SYSTEMPATH\CodeIgniter.php(500): CodeIgniter\CodeIgniter->runController(Object(App\Controllers\CanvasController))
 7 SYSTEMPATH\CodeIgniter.php(369): CodeIgniter\CodeIgniter->handleRequest(null, Object(Config\Cache), false)
 8 FCPATH\index.php(67): CodeIgniter\CodeIgniter->run()
INFO - 2024-04-20 17:49:03 --> Session: Class initialized using 'CodeIgniter\Session\Handlers\FileHandler' driver.
INFO - 2024-04-20 17:49:06 --> Session: Class initialized using 'CodeIgniter\Session\Handlers\FileHandler' driver.
INFO - 2024-04-20 17:49:07 --> Session: Class initialized using 'CodeIgniter\Session\Handlers\FileHandler' driver.
INFO - 2024-04-20 17:49:07 --> Session: Class initialized using 'CodeIgniter\Session\Handlers\FileHandler' driver.
CRITICAL - 2024-04-20 17:49:07 --> Invalid file: "front_end/canvas_site/layout.php"
in SYSTEMPATH\Exceptions\FrameworkException.php on line 33.
 1 SYSTEMPATH\View\View.php(201): CodeIgniter\Exceptions\FrameworkException::forInvalidFile('front_end/canvas_site/layout.php')
 2 SYSTEMPATH\View\View.php(229): CodeIgniter\View\View->render('front_end/canvas_site/layout', [], true)
 3 SYSTEMPATH\Common.php(1177): CodeIgniter\View\View->render('front_end/dailong_site/404_error/404_class_gallery', [], true)
 4 APPPATH\Controllers\CanvasController.php(582): view('front_end/dailong_site/404_error/404_class_gallery')
 5 SYSTEMPATH\CodeIgniter.php(935): App\Controllers\CanvasController->class_gallery('FCPATH\\switcher-html.html')
 6 SYSTEMPATH\CodeIgniter.php(500): CodeIgniter\CodeIgniter->runController(Object(App\Controllers\CanvasController))
 7 SYSTEMPATH\CodeIgniter.php(369): CodeIgniter\CodeIgniter->handleRequest(null, Object(Config\Cache), false)
 8 FCPATH\index.php(67): CodeIgniter\CodeIgniter->run()
INFO - 2024-04-20 17:51:17 --> Session: Class initialized using 'CodeIgniter\Session\Handlers\FileHandler' driver.
