INFO - 2023-01-27 03:26:42 --> Session: Class initialized using 'CodeIgniter\Session\Handlers\FileHandler' driver.
INFO - 2023-01-27 03:26:51 --> Session: Class initialized using 'CodeIgniter\Session\Handlers\FileHandler' driver.
CRITICAL - 2023-01-27 03:26:51 --> Call to a member function header() on string
in APPPATH\Controllers\CanvasController.php on line 274.
 1 SYSTEMPATH\CodeIgniter.php(934): App\Controllers\CanvasController->siteMap()
 2 SYSTEMPATH\CodeIgniter.php(499): CodeIgniter\CodeIgniter->runController(Object(App\Controllers\CanvasController))
 3 SYSTEMPATH\CodeIgniter.php(368): CodeIgniter\CodeIgniter->handleRequest(null, Object(Config\Cache), false)
 4 FCPATH\index.php(67): CodeIgniter\CodeIgniter->run()
CRITICAL - 2023-01-27 03:27:11 --> syntax error, unexpected token "return"
in APPPATH\Controllers\CanvasController.php on line 274.
 1 SYSTEMPATH\Autoloader\Autoloader.php(289): CodeIgniter\Autoloader\Autoloader->includeFile('APPPATH\\Controllers\\CanvasController.php')
 2 SYSTEMPATH\Autoloader\Autoloader.php(267): CodeIgniter\Autoloader\Autoloader->loadInNamespace('App\\Controllers\\CanvasController')
 3 [internal function]: CodeIgniter\Autoloader\Autoloader->loadClass('App\\Controllers\\CanvasController')
 4 SYSTEMPATH\CodeIgniter.php(892): class_exists('\\App\\Controllers\\CanvasController', true)
 5 SYSTEMPATH\CodeIgniter.php(486): CodeIgniter\CodeIgniter->startController()
 6 SYSTEMPATH\CodeIgniter.php(368): CodeIgniter\CodeIgniter->handleRequest(null, Object(Config\Cache), false)
 7 FCPATH\index.php(67): CodeIgniter\CodeIgniter->run()
INFO - 2023-01-27 03:27:17 --> Session: Class initialized using 'CodeIgniter\Session\Handlers\FileHandler' driver.
INFO - 2023-01-27 03:32:44 --> Session: Class initialized using 'CodeIgniter\Session\Handlers\FileHandler' driver.
INFO - 2023-01-27 03:33:26 --> Session: Class initialized using 'CodeIgniter\Session\Handlers\FileHandler' driver.
INFO - 2023-01-27 03:33:28 --> Session: Class initialized using 'CodeIgniter\Session\Handlers\FileHandler' driver.
INFO - 2023-01-27 03:34:03 --> Session: Class initialized using 'CodeIgniter\Session\Handlers\FileHandler' driver.
INFO - 2023-01-27 03:34:07 --> Session: Class initialized using 'CodeIgniter\Session\Handlers\FileHandler' driver.
INFO - 2023-01-27 03:34:11 --> Session: Class initialized using 'CodeIgniter\Session\Handlers\FileHandler' driver.
INFO - 2023-01-27 03:34:38 --> Session: Class initialized using 'CodeIgniter\Session\Handlers\FileHandler' driver.
INFO - 2023-01-27 03:35:38 --> Session: Class initialized using 'CodeIgniter\Session\Handlers\FileHandler' driver.
INFO - 2023-01-27 03:35:39 --> Session: Class initialized using 'CodeIgniter\Session\Handlers\FileHandler' driver.
INFO - 2023-01-27 03:35:45 --> Session: Class initialized using 'CodeIgniter\Session\Handlers\FileHandler' driver.
INFO - 2023-01-27 03:35:51 --> Session: Class initialized using 'CodeIgniter\Session\Handlers\FileHandler' driver.
CRITICAL - 2023-01-27 03:35:51 --> Undefined variable $data
in APPPATH\Controllers\CanvasController.php on line 285.
 1 APPPATH\Controllers\CanvasController.php(285): CodeIgniter\Debug\Exceptions->errorHandler(2, 'Undefined variable $data', 'APPPATH\\Controllers\\CanvasController.php', 285)
 2 SYSTEMPATH\CodeIgniter.php(934): App\Controllers\CanvasController->getSearch()
 3 SYSTEMPATH\CodeIgniter.php(499): CodeIgniter\CodeIgniter->runController(Object(App\Controllers\CanvasController))
 4 SYSTEMPATH\CodeIgniter.php(368): CodeIgniter\CodeIgniter->handleRequest(null, Object(Config\Cache), false)
 5 FCPATH\index.php(67): CodeIgniter\CodeIgniter->run()
INFO - 2023-01-27 03:36:18 --> Session: Class initialized using 'CodeIgniter\Session\Handlers\FileHandler' driver.
INFO - 2023-01-27 03:36:30 --> Session: Class initialized using 'CodeIgniter\Session\Handlers\FileHandler' driver.
CRITICAL - 2023-01-27 03:36:30 --> Undefined variable $data
in APPPATH\Controllers\CanvasController.php on line 285.
 1 APPPATH\Controllers\CanvasController.php(285): CodeIgniter\Debug\Exceptions->errorHandler(2, 'Undefined variable $data', 'APPPATH\\Controllers\\CanvasController.php', 285)
 2 SYSTEMPATH\CodeIgniter.php(934): App\Controllers\CanvasController->getSearch()
 3 SYSTEMPATH\CodeIgniter.php(499): CodeIgniter\CodeIgniter->runController(Object(App\Controllers\CanvasController))
 4 SYSTEMPATH\CodeIgniter.php(368): CodeIgniter\CodeIgniter->handleRequest(null, Object(Config\Cache), false)
 5 FCPATH\index.php(67): CodeIgniter\CodeIgniter->run()
INFO - 2023-01-27 03:36:50 --> Session: Class initialized using 'CodeIgniter\Session\Handlers\FileHandler' driver.
INFO - 2023-01-27 03:37:08 --> Session: Class initialized using 'CodeIgniter\Session\Handlers\FileHandler' driver.
INFO - 2023-01-27 03:37:15 --> Session: Class initialized using 'CodeIgniter\Session\Handlers\FileHandler' driver.
CRITICAL - 2023-01-27 03:37:15 --> Undefined variable $data
in APPPATH\Controllers\CanvasController.php on line 285.
 1 APPPATH\Controllers\CanvasController.php(285): CodeIgniter\Debug\Exceptions->errorHandler(2, 'Undefined variable $data', 'APPPATH\\Controllers\\CanvasController.php', 285)
 2 SYSTEMPATH\CodeIgniter.php(934): App\Controllers\CanvasController->getSearch()
 3 SYSTEMPATH\CodeIgniter.php(499): CodeIgniter\CodeIgniter->runController(Object(App\Controllers\CanvasController))
 4 SYSTEMPATH\CodeIgniter.php(368): CodeIgniter\CodeIgniter->handleRequest(null, Object(Config\Cache), false)
 5 FCPATH\index.php(67): CodeIgniter\CodeIgniter->run()
INFO - 2023-01-27 03:37:40 --> Session: Class initialized using 'CodeIgniter\Session\Handlers\FileHandler' driver.
CRITICAL - 2023-01-27 03:37:40 --> Undefined variable $data
in APPPATH\Controllers\CanvasController.php on line 285.
 1 APPPATH\Controllers\CanvasController.php(285): CodeIgniter\Debug\Exceptions->errorHandler(2, 'Undefined variable $data', 'APPPATH\\Controllers\\CanvasController.php', 285)
 2 SYSTEMPATH\CodeIgniter.php(934): App\Controllers\CanvasController->getSearch()
 3 SYSTEMPATH\CodeIgniter.php(499): CodeIgniter\CodeIgniter->runController(Object(App\Controllers\CanvasController))
 4 SYSTEMPATH\CodeIgniter.php(368): CodeIgniter\CodeIgniter->handleRequest(null, Object(Config\Cache), false)
 5 FCPATH\index.php(67): CodeIgniter\CodeIgniter->run()
INFO - 2023-01-27 03:37:44 --> Session: Class initialized using 'CodeIgniter\Session\Handlers\FileHandler' driver.
CRITICAL - 2023-01-27 03:37:44 --> Undefined variable $data
in APPPATH\Controllers\CanvasController.php on line 285.
 1 APPPATH\Controllers\CanvasController.php(285): CodeIgniter\Debug\Exceptions->errorHandler(2, 'Undefined variable $data', 'APPPATH\\Controllers\\CanvasController.php', 285)
 2 SYSTEMPATH\CodeIgniter.php(934): App\Controllers\CanvasController->getSearch()
 3 SYSTEMPATH\CodeIgniter.php(499): CodeIgniter\CodeIgniter->runController(Object(App\Controllers\CanvasController))
 4 SYSTEMPATH\CodeIgniter.php(368): CodeIgniter\CodeIgniter->handleRequest(null, Object(Config\Cache), false)
 5 FCPATH\index.php(67): CodeIgniter\CodeIgniter->run()
INFO - 2023-01-27 03:37:50 --> Session: Class initialized using 'CodeIgniter\Session\Handlers\FileHandler' driver.
INFO - 2023-01-27 03:37:56 --> Session: Class initialized using 'CodeIgniter\Session\Handlers\FileHandler' driver.
CRITICAL - 2023-01-27 03:37:56 --> Undefined variable $data
in APPPATH\Controllers\CanvasController.php on line 285.
 1 APPPATH\Controllers\CanvasController.php(285): CodeIgniter\Debug\Exceptions->errorHandler(2, 'Undefined variable $data', 'APPPATH\\Controllers\\CanvasController.php', 285)
 2 SYSTEMPATH\CodeIgniter.php(934): App\Controllers\CanvasController->getSearch()
 3 SYSTEMPATH\CodeIgniter.php(499): CodeIgniter\CodeIgniter->runController(Object(App\Controllers\CanvasController))
 4 SYSTEMPATH\CodeIgniter.php(368): CodeIgniter\CodeIgniter->handleRequest(null, Object(Config\Cache), false)
 5 FCPATH\index.php(67): CodeIgniter\CodeIgniter->run()
INFO - 2023-01-27 03:38:01 --> Session: Class initialized using 'CodeIgniter\Session\Handlers\FileHandler' driver.
CRITICAL - 2023-01-27 03:38:01 --> Undefined variable $data
in APPPATH\Controllers\CanvasController.php on line 285.
 1 APPPATH\Controllers\CanvasController.php(285): CodeIgniter\Debug\Exceptions->errorHandler(2, 'Undefined variable $data', 'APPPATH\\Controllers\\CanvasController.php', 285)
 2 SYSTEMPATH\CodeIgniter.php(934): App\Controllers\CanvasController->getSearch()
 3 SYSTEMPATH\CodeIgniter.php(499): CodeIgniter\CodeIgniter->runController(Object(App\Controllers\CanvasController))
 4 SYSTEMPATH\CodeIgniter.php(368): CodeIgniter\CodeIgniter->handleRequest(null, Object(Config\Cache), false)
 5 FCPATH\index.php(67): CodeIgniter\CodeIgniter->run()
INFO - 2023-01-27 03:38:08 --> Session: Class initialized using 'CodeIgniter\Session\Handlers\FileHandler' driver.
CRITICAL - 2023-01-27 03:38:08 --> Undefined variable $data
in APPPATH\Controllers\CanvasController.php on line 285.
 1 APPPATH\Controllers\CanvasController.php(285): CodeIgniter\Debug\Exceptions->errorHandler(2, 'Undefined variable $data', 'APPPATH\\Controllers\\CanvasController.php', 285)
 2 SYSTEMPATH\CodeIgniter.php(934): App\Controllers\CanvasController->getSearch()
 3 SYSTEMPATH\CodeIgniter.php(499): CodeIgniter\CodeIgniter->runController(Object(App\Controllers\CanvasController))
 4 SYSTEMPATH\CodeIgniter.php(368): CodeIgniter\CodeIgniter->handleRequest(null, Object(Config\Cache), false)
 5 FCPATH\index.php(67): CodeIgniter\CodeIgniter->run()
INFO - 2023-01-27 03:38:26 --> Session: Class initialized using 'CodeIgniter\Session\Handlers\FileHandler' driver.
INFO - 2023-01-27 03:39:42 --> Session: Class initialized using 'CodeIgniter\Session\Handlers\FileHandler' driver.
CRITICAL - 2023-01-27 03:39:42 --> Undefined variable $data
in APPPATH\Controllers\CanvasController.php on line 285.
 1 APPPATH\Controllers\CanvasController.php(285): CodeIgniter\Debug\Exceptions->errorHandler(2, 'Undefined variable $data', 'APPPATH\\Controllers\\CanvasController.php', 285)
 2 SYSTEMPATH\CodeIgniter.php(934): App\Controllers\CanvasController->getSearch()
 3 SYSTEMPATH\CodeIgniter.php(499): CodeIgniter\CodeIgniter->runController(Object(App\Controllers\CanvasController))
 4 SYSTEMPATH\CodeIgniter.php(368): CodeIgniter\CodeIgniter->handleRequest(null, Object(Config\Cache), false)
 5 FCPATH\index.php(67): CodeIgniter\CodeIgniter->run()
INFO - 2023-01-27 03:42:20 --> Session: Class initialized using 'CodeIgniter\Session\Handlers\FileHandler' driver.
CRITICAL - 2023-01-27 03:42:20 --> Undefined variable $cate_slug
in APPPATH\Views\front_end\canvas_site\getSearch.php on line 14.
 1 APPPATH\Views\front_end\canvas_site\getSearch.php(14): CodeIgniter\Debug\Exceptions->errorHandler(2, 'Undefined variable $cate_slug', 'APPPATH\\Views\\front_end\\canvas_site\\getSearch.php', 14)
 2 SYSTEMPATH\View\View.php(213): include('APPPATH\\Views\\front_end\\canvas_site\\getSearch.php')
 3 SYSTEMPATH\View\View.php(216): CodeIgniter\View\View->CodeIgniter\View\{closure}()
 4 SYSTEMPATH\Common.php(1177): CodeIgniter\View\View->render('front_end/canvas_site/getSearch', [], true)
 5 APPPATH\Controllers\CanvasController.php(298): view('front_end/canvas_site/getSearch', [...])
 6 SYSTEMPATH\CodeIgniter.php(934): App\Controllers\CanvasController->getSearch()
 7 SYSTEMPATH\CodeIgniter.php(499): CodeIgniter\CodeIgniter->runController(Object(App\Controllers\CanvasController))
 8 SYSTEMPATH\CodeIgniter.php(368): CodeIgniter\CodeIgniter->handleRequest(null, Object(Config\Cache), false)
 9 FCPATH\index.php(67): CodeIgniter\CodeIgniter->run()
INFO - 2023-01-27 03:43:26 --> Session: Class initialized using 'CodeIgniter\Session\Handlers\FileHandler' driver.
CRITICAL - 2023-01-27 03:43:26 --> syntax error, unexpected token "."
in APPPATH\Views\front_end\canvas_site\getSearch.php on line 14.
 1 SYSTEMPATH\View\View.php(216): CodeIgniter\View\View->CodeIgniter\View\{closure}()
 2 SYSTEMPATH\Common.php(1177): CodeIgniter\View\View->render('front_end/canvas_site/getSearch', [], true)
 3 APPPATH\Controllers\CanvasController.php(298): view('front_end/canvas_site/getSearch', [...])
 4 SYSTEMPATH\CodeIgniter.php(934): App\Controllers\CanvasController->getSearch()
 5 SYSTEMPATH\CodeIgniter.php(499): CodeIgniter\CodeIgniter->runController(Object(App\Controllers\CanvasController))
 6 SYSTEMPATH\CodeIgniter.php(368): CodeIgniter\CodeIgniter->handleRequest(null, Object(Config\Cache), false)
 7 FCPATH\index.php(67): CodeIgniter\CodeIgniter->run()
INFO - 2023-01-27 03:43:34 --> Session: Class initialized using 'CodeIgniter\Session\Handlers\FileHandler' driver.
CRITICAL - 2023-01-27 03:43:34 --> Undefined variable $key
in APPPATH\Views\front_end\canvas_site\getSearch.php on line 14.
 1 APPPATH\Views\front_end\canvas_site\getSearch.php(14): CodeIgniter\Debug\Exceptions->errorHandler(2, 'Undefined variable $key', 'APPPATH\\Views\\front_end\\canvas_site\\getSearch.php', 14)
 2 SYSTEMPATH\View\View.php(213): include('APPPATH\\Views\\front_end\\canvas_site\\getSearch.php')
 3 SYSTEMPATH\View\View.php(216): CodeIgniter\View\View->CodeIgniter\View\{closure}()
 4 SYSTEMPATH\Common.php(1177): CodeIgniter\View\View->render('front_end/canvas_site/getSearch', [], true)
 5 APPPATH\Controllers\CanvasController.php(298): view('front_end/canvas_site/getSearch', [...])
 6 SYSTEMPATH\CodeIgniter.php(934): App\Controllers\CanvasController->getSearch()
 7 SYSTEMPATH\CodeIgniter.php(499): CodeIgniter\CodeIgniter->runController(Object(App\Controllers\CanvasController))
 8 SYSTEMPATH\CodeIgniter.php(368): CodeIgniter\CodeIgniter->handleRequest(null, Object(Config\Cache), false)
 9 FCPATH\index.php(67): CodeIgniter\CodeIgniter->run()
INFO - 2023-01-27 03:44:10 --> Session: Class initialized using 'CodeIgniter\Session\Handlers\FileHandler' driver.
INFO - 2023-01-27 04:10:18 --> Session: Class initialized using 'CodeIgniter\Session\Handlers\FileHandler' driver.
ERROR - 2023-01-27 04:10:18 --> mysqli_sql_exception: Unknown column 'title' in 'where clause' in D:\Code\Xampp\htdocs\CI4_App\system\Database\MySQLi\Connection.php:295
Stack trace:
#0 D:\Code\Xampp\htdocs\CI4_App\system\Database\MySQLi\Connection.php(295): mysqli->query('SELECT *\nFROM `...', 0)
#1 D:\Code\Xampp\htdocs\CI4_App\system\Database\BaseConnection.php(691): CodeIgniter\Database\MySQLi\Connection->execute('SELECT *\nFROM `...')
#2 D:\Code\Xampp\htdocs\CI4_App\system\Database\BaseConnection.php(605): CodeIgniter\Database\BaseConnection->simpleQuery('SELECT *\nFROM `...')
#3 D:\Code\Xampp\htdocs\CI4_App\system\Database\BaseBuilder.php(1602): CodeIgniter\Database\BaseConnection->query('SELECT *\nFROM `...', Array, false)
#4 D:\Code\Xampp\htdocs\CI4_App\system\Model.php(240): CodeIgniter\Database\BaseBuilder->get()
#5 D:\Code\Xampp\htdocs\CI4_App\system\BaseModel.php(618): CodeIgniter\Model->doFindAll(0, 0)
#6 D:\Code\Xampp\htdocs\CI4_App\app\Controllers\CanvasController.php(288): CodeIgniter\BaseModel->findAll()
#7 D:\Code\Xampp\htdocs\CI4_App\system\CodeIgniter.php(934): App\Controllers\CanvasController->getSearch()
#8 D:\Code\Xampp\htdocs\CI4_App\system\CodeIgniter.php(499): CodeIgniter\CodeIgniter->runController(Object(App\Controllers\CanvasController))
#9 D:\Code\Xampp\htdocs\CI4_App\system\CodeIgniter.php(368): CodeIgniter\CodeIgniter->handleRequest(NULL, Object(Config\Cache), false)
#10 D:\Code\Xampp\htdocs\CI4_App\index.php(67): CodeIgniter\CodeIgniter->run()
#11 {main}
CRITICAL - 2023-01-27 04:10:18 --> Unknown column 'title' in 'where clause'
in SYSTEMPATH\Database\BaseConnection.php on line 645.
 1 SYSTEMPATH\Database\BaseBuilder.php(1602): CodeIgniter\Database\BaseConnection->query('SELECT *
FROM `post`
WHERE `title` LIKE :title: ESCAPE \'!\'
AND  `post_intro` LIKE :post_intro: ESCAPE \'!\'
AND  `post_content` LIKE :post_content: ESCAPE \'!\'', [...], false)
 2 SYSTEMPATH\Model.php(240): CodeIgniter\Database\BaseBuilder->get()
 3 SYSTEMPATH\BaseModel.php(618): CodeIgniter\Model->doFindAll(0, 0)
 4 APPPATH\Controllers\CanvasController.php(288): CodeIgniter\BaseModel->findAll()
 5 SYSTEMPATH\CodeIgniter.php(934): App\Controllers\CanvasController->getSearch()
 6 SYSTEMPATH\CodeIgniter.php(499): CodeIgniter\CodeIgniter->runController(Object(App\Controllers\CanvasController))
 7 SYSTEMPATH\CodeIgniter.php(368): CodeIgniter\CodeIgniter->handleRequest(null, Object(Config\Cache), false)
 8 FCPATH\index.php(67): CodeIgniter\CodeIgniter->run()
INFO - 2023-01-27 04:10:31 --> Session: Class initialized using 'CodeIgniter\Session\Handlers\FileHandler' driver.
INFO - 2023-01-27 05:03:47 --> Session: Class initialized using 'CodeIgniter\Session\Handlers\FileHandler' driver.
CRITICAL - 2023-01-27 05:03:47 --> Undefined variable $post_cate
in APPPATH\Views\front_end\canvas_site\getSearch.php on line 56.
 1 APPPATH\Views\front_end\canvas_site\getSearch.php(56): CodeIgniter\Debug\Exceptions->errorHandler(2, 'Undefined variable $post_cate', 'APPPATH\\Views\\front_end\\canvas_site\\getSearch.php', 56)
 2 SYSTEMPATH\View\View.php(213): include('APPPATH\\Views\\front_end\\canvas_site\\getSearch.php')
 3 SYSTEMPATH\View\View.php(216): CodeIgniter\View\View->CodeIgniter\View\{closure}()
 4 SYSTEMPATH\Common.php(1177): CodeIgniter\View\View->render('front_end/canvas_site/getSearch', [], true)
 5 APPPATH\Controllers\CanvasController.php(308): view('front_end/canvas_site/getSearch', [...])
 6 SYSTEMPATH\CodeIgniter.php(934): App\Controllers\CanvasController->getSearch()
 7 SYSTEMPATH\CodeIgniter.php(499): CodeIgniter\CodeIgniter->runController(Object(App\Controllers\CanvasController))
 8 SYSTEMPATH\CodeIgniter.php(368): CodeIgniter\CodeIgniter->handleRequest(null, Object(Config\Cache), false)
 9 FCPATH\index.php(67): CodeIgniter\CodeIgniter->run()
INFO - 2023-01-27 05:04:59 --> Session: Class initialized using 'CodeIgniter\Session\Handlers\FileHandler' driver.
CRITICAL - 2023-01-27 05:04:59 --> Undefined array key "post_image"
in APPPATH\Views\front_end\canvas_site\getSearch.php on line 43.
 1 APPPATH\Views\front_end\canvas_site\getSearch.php(43): CodeIgniter\Debug\Exceptions->errorHandler(2, 'Undefined array key "post_image"', 'APPPATH\\Views\\front_end\\canvas_site\\getSearch.php', 43)
 2 SYSTEMPATH\View\View.php(213): include('APPPATH\\Views\\front_end\\canvas_site\\getSearch.php')
 3 SYSTEMPATH\View\View.php(216): CodeIgniter\View\View->CodeIgniter\View\{closure}()
 4 SYSTEMPATH\Common.php(1177): CodeIgniter\View\View->render('front_end/canvas_site/getSearch', [], true)
 5 APPPATH\Controllers\CanvasController.php(308): view('front_end/canvas_site/getSearch', [...])
 6 SYSTEMPATH\CodeIgniter.php(934): App\Controllers\CanvasController->getSearch()
 7 SYSTEMPATH\CodeIgniter.php(499): CodeIgniter\CodeIgniter->runController(Object(App\Controllers\CanvasController))
 8 SYSTEMPATH\CodeIgniter.php(368): CodeIgniter\CodeIgniter->handleRequest(null, Object(Config\Cache), false)
 9 FCPATH\index.php(67): CodeIgniter\CodeIgniter->run()
INFO - 2023-01-27 05:05:18 --> Session: Class initialized using 'CodeIgniter\Session\Handlers\FileHandler' driver.
CRITICAL - 2023-01-27 05:05:18 --> Undefined variable $cate_slug
in APPPATH\Views\front_end\canvas_site\getSearch.php on line 45.
 1 APPPATH\Views\front_end\canvas_site\getSearch.php(45): CodeIgniter\Debug\Exceptions->errorHandler(2, 'Undefined variable $cate_slug', 'APPPATH\\Views\\front_end\\canvas_site\\getSearch.php', 45)
 2 SYSTEMPATH\View\View.php(213): include('APPPATH\\Views\\front_end\\canvas_site\\getSearch.php')
 3 SYSTEMPATH\View\View.php(216): CodeIgniter\View\View->CodeIgniter\View\{closure}()
 4 SYSTEMPATH\Common.php(1177): CodeIgniter\View\View->render('front_end/canvas_site/getSearch', [], true)
 5 APPPATH\Controllers\CanvasController.php(308): view('front_end/canvas_site/getSearch', [...])
 6 SYSTEMPATH\CodeIgniter.php(934): App\Controllers\CanvasController->getSearch()
 7 SYSTEMPATH\CodeIgniter.php(499): CodeIgniter\CodeIgniter->runController(Object(App\Controllers\CanvasController))
 8 SYSTEMPATH\CodeIgniter.php(368): CodeIgniter\CodeIgniter->handleRequest(null, Object(Config\Cache), false)
 9 FCPATH\index.php(67): CodeIgniter\CodeIgniter->run()
INFO - 2023-01-27 05:05:38 --> Session: Class initialized using 'CodeIgniter\Session\Handlers\FileHandler' driver.
INFO - 2023-01-27 05:06:12 --> Session: Class initialized using 'CodeIgniter\Session\Handlers\FileHandler' driver.
CRITICAL - 2023-01-27 05:06:12 --> Undefined array key "post_title"
in APPPATH\Views\front_end\canvas_site\getSearch.php on line 45.
 1 APPPATH\Views\front_end\canvas_site\getSearch.php(45): CodeIgniter\Debug\Exceptions->errorHandler(2, 'Undefined array key "post_title"', 'APPPATH\\Views\\front_end\\canvas_site\\getSearch.php', 45)
 2 SYSTEMPATH\View\View.php(213): include('APPPATH\\Views\\front_end\\canvas_site\\getSearch.php')
 3 SYSTEMPATH\View\View.php(216): CodeIgniter\View\View->CodeIgniter\View\{closure}()
 4 SYSTEMPATH\Common.php(1177): CodeIgniter\View\View->render('front_end/canvas_site/getSearch', [], true)
 5 APPPATH\Controllers\CanvasController.php(308): view('front_end/canvas_site/getSearch', [...])
 6 SYSTEMPATH\CodeIgniter.php(934): App\Controllers\CanvasController->getSearch()
 7 SYSTEMPATH\CodeIgniter.php(499): CodeIgniter\CodeIgniter->runController(Object(App\Controllers\CanvasController))
 8 SYSTEMPATH\CodeIgniter.php(368): CodeIgniter\CodeIgniter->handleRequest(null, Object(Config\Cache), false)
 9 FCPATH\index.php(67): CodeIgniter\CodeIgniter->run()
INFO - 2023-01-27 05:06:38 --> Session: Class initialized using 'CodeIgniter\Session\Handlers\FileHandler' driver.
CRITICAL - 2023-01-27 05:06:38 --> Undefined array key "post_intro"
in APPPATH\Views\front_end\canvas_site\getSearch.php on line 46.
 1 APPPATH\Views\front_end\canvas_site\getSearch.php(46): CodeIgniter\Debug\Exceptions->errorHandler(2, 'Undefined array key "post_intro"', 'APPPATH\\Views\\front_end\\canvas_site\\getSearch.php', 46)
 2 SYSTEMPATH\View\View.php(213): include('APPPATH\\Views\\front_end\\canvas_site\\getSearch.php')
 3 SYSTEMPATH\View\View.php(216): CodeIgniter\View\View->CodeIgniter\View\{closure}()
 4 SYSTEMPATH\Common.php(1177): CodeIgniter\View\View->render('front_end/canvas_site/getSearch', [], true)
 5 APPPATH\Controllers\CanvasController.php(308): view('front_end/canvas_site/getSearch', [...])
 6 SYSTEMPATH\CodeIgniter.php(934): App\Controllers\CanvasController->getSearch()
 7 SYSTEMPATH\CodeIgniter.php(499): CodeIgniter\CodeIgniter->runController(Object(App\Controllers\CanvasController))
 8 SYSTEMPATH\CodeIgniter.php(368): CodeIgniter\CodeIgniter->handleRequest(null, Object(Config\Cache), false)
 9 FCPATH\index.php(67): CodeIgniter\CodeIgniter->run()
INFO - 2023-01-27 05:06:55 --> Session: Class initialized using 'CodeIgniter\Session\Handlers\FileHandler' driver.
CRITICAL - 2023-01-27 05:06:55 --> Undefined array key "updated_at"
in APPPATH\Views\front_end\canvas_site\getSearch.php on line 52.
 1 APPPATH\Views\front_end\canvas_site\getSearch.php(52): CodeIgniter\Debug\Exceptions->errorHandler(2, 'Undefined array key "updated_at"', 'APPPATH\\Views\\front_end\\canvas_site\\getSearch.php', 52)
 2 SYSTEMPATH\View\View.php(213): include('APPPATH\\Views\\front_end\\canvas_site\\getSearch.php')
 3 SYSTEMPATH\View\View.php(216): CodeIgniter\View\View->CodeIgniter\View\{closure}()
 4 SYSTEMPATH\Common.php(1177): CodeIgniter\View\View->render('front_end/canvas_site/getSearch', [], true)
 5 APPPATH\Controllers\CanvasController.php(308): view('front_end/canvas_site/getSearch', [...])
 6 SYSTEMPATH\CodeIgniter.php(934): App\Controllers\CanvasController->getSearch()
 7 SYSTEMPATH\CodeIgniter.php(499): CodeIgniter\CodeIgniter->runController(Object(App\Controllers\CanvasController))
 8 SYSTEMPATH\CodeIgniter.php(368): CodeIgniter\CodeIgniter->handleRequest(null, Object(Config\Cache), false)
 9 FCPATH\index.php(67): CodeIgniter\CodeIgniter->run()
INFO - 2023-01-27 05:07:18 --> Session: Class initialized using 'CodeIgniter\Session\Handlers\FileHandler' driver.
CRITICAL - 2023-01-27 05:07:18 --> Undefined variable $cate_slug
in APPPATH\Views\front_end\canvas_site\getSearch.php on line 68.
 1 APPPATH\Views\front_end\canvas_site\getSearch.php(68): CodeIgniter\Debug\Exceptions->errorHandler(2, 'Undefined variable $cate_slug', 'APPPATH\\Views\\front_end\\canvas_site\\getSearch.php', 68)
 2 SYSTEMPATH\View\View.php(213): include('APPPATH\\Views\\front_end\\canvas_site\\getSearch.php')
 3 SYSTEMPATH\View\View.php(216): CodeIgniter\View\View->CodeIgniter\View\{closure}()
 4 SYSTEMPATH\Common.php(1177): CodeIgniter\View\View->render('front_end/canvas_site/getSearch', [], true)
 5 APPPATH\Controllers\CanvasController.php(308): view('front_end/canvas_site/getSearch', [...])
 6 SYSTEMPATH\CodeIgniter.php(934): App\Controllers\CanvasController->getSearch()
 7 SYSTEMPATH\CodeIgniter.php(499): CodeIgniter\CodeIgniter->runController(Object(App\Controllers\CanvasController))
 8 SYSTEMPATH\CodeIgniter.php(368): CodeIgniter\CodeIgniter->handleRequest(null, Object(Config\Cache), false)
 9 FCPATH\index.php(67): CodeIgniter\CodeIgniter->run()
INFO - 2023-01-27 05:07:36 --> Session: Class initialized using 'CodeIgniter\Session\Handlers\FileHandler' driver.
CRITICAL - 2023-01-27 05:07:36 --> Undefined variable $pager
in APPPATH\Views\front_end\canvas_site\getSearch.php on line 81.
 1 APPPATH\Views\front_end\canvas_site\getSearch.php(81): CodeIgniter\Debug\Exceptions->errorHandler(2, 'Undefined variable $pager', 'APPPATH\\Views\\front_end\\canvas_site\\getSearch.php', 81)
 2 SYSTEMPATH\View\View.php(213): include('APPPATH\\Views\\front_end\\canvas_site\\getSearch.php')
 3 SYSTEMPATH\View\View.php(216): CodeIgniter\View\View->CodeIgniter\View\{closure}()
 4 SYSTEMPATH\Common.php(1177): CodeIgniter\View\View->render('front_end/canvas_site/getSearch', [], true)
 5 APPPATH\Controllers\CanvasController.php(308): view('front_end/canvas_site/getSearch', [...])
 6 SYSTEMPATH\CodeIgniter.php(934): App\Controllers\CanvasController->getSearch()
 7 SYSTEMPATH\CodeIgniter.php(499): CodeIgniter\CodeIgniter->runController(Object(App\Controllers\CanvasController))
 8 SYSTEMPATH\CodeIgniter.php(368): CodeIgniter\CodeIgniter->handleRequest(null, Object(Config\Cache), false)
 9 FCPATH\index.php(67): CodeIgniter\CodeIgniter->run()
INFO - 2023-01-27 05:07:43 --> Session: Class initialized using 'CodeIgniter\Session\Handlers\FileHandler' driver.
CRITICAL - 2023-01-27 05:07:43 --> syntax error, unexpected token ";"
in APPPATH\Views\front_end\canvas_site\getSearch.php on line 81.
 1 SYSTEMPATH\View\View.php(216): CodeIgniter\View\View->CodeIgniter\View\{closure}()
 2 SYSTEMPATH\Common.php(1177): CodeIgniter\View\View->render('front_end/canvas_site/getSearch', [], true)
 3 APPPATH\Controllers\CanvasController.php(308): view('front_end/canvas_site/getSearch', [...])
 4 SYSTEMPATH\CodeIgniter.php(934): App\Controllers\CanvasController->getSearch()
 5 SYSTEMPATH\CodeIgniter.php(499): CodeIgniter\CodeIgniter->runController(Object(App\Controllers\CanvasController))
 6 SYSTEMPATH\CodeIgniter.php(368): CodeIgniter\CodeIgniter->handleRequest(null, Object(Config\Cache), false)
 7 FCPATH\index.php(67): CodeIgniter\CodeIgniter->run()
INFO - 2023-01-27 05:07:55 --> Session: Class initialized using 'CodeIgniter\Session\Handlers\FileHandler' driver.
INFO - 2023-01-27 05:08:18 --> Session: Class initialized using 'CodeIgniter\Session\Handlers\FileHandler' driver.
INFO - 2023-01-27 05:08:53 --> Session: Class initialized using 'CodeIgniter\Session\Handlers\FileHandler' driver.
INFO - 2023-01-27 05:10:24 --> Session: Class initialized using 'CodeIgniter\Session\Handlers\FileHandler' driver.
INFO - 2023-01-27 05:15:38 --> Session: Class initialized using 'CodeIgniter\Session\Handlers\FileHandler' driver.
INFO - 2023-01-27 05:16:29 --> Session: Class initialized using 'CodeIgniter\Session\Handlers\FileHandler' driver.
INFO - 2023-01-27 05:16:55 --> Session: Class initialized using 'CodeIgniter\Session\Handlers\FileHandler' driver.
INFO - 2023-01-27 05:17:24 --> Session: Class initialized using 'CodeIgniter\Session\Handlers\FileHandler' driver.
INFO - 2023-01-27 05:17:35 --> Session: Class initialized using 'CodeIgniter\Session\Handlers\FileHandler' driver.
INFO - 2023-01-27 05:18:08 --> Session: Class initialized using 'CodeIgniter\Session\Handlers\FileHandler' driver.
CRITICAL - 2023-01-27 05:18:08 --> Undefined variable $post_content
in APPPATH\Views\front_end\canvas_site\getSearch.php on line 49.
 1 APPPATH\Views\front_end\canvas_site\getSearch.php(49): CodeIgniter\Debug\Exceptions->errorHandler(2, 'Undefined variable $post_content', 'APPPATH\\Views\\front_end\\canvas_site\\getSearch.php', 49)
 2 SYSTEMPATH\View\View.php(213): include('APPPATH\\Views\\front_end\\canvas_site\\getSearch.php')
 3 SYSTEMPATH\View\View.php(216): CodeIgniter\View\View->CodeIgniter\View\{closure}()
 4 SYSTEMPATH\Common.php(1177): CodeIgniter\View\View->render('front_end/canvas_site/getSearch', [], true)
 5 APPPATH\Controllers\CanvasController.php(308): view('front_end/canvas_site/getSearch', [...])
 6 SYSTEMPATH\CodeIgniter.php(934): App\Controllers\CanvasController->getSearch()
 7 SYSTEMPATH\CodeIgniter.php(499): CodeIgniter\CodeIgniter->runController(Object(App\Controllers\CanvasController))
 8 SYSTEMPATH\CodeIgniter.php(368): CodeIgniter\CodeIgniter->handleRequest(null, Object(Config\Cache), false)
 9 FCPATH\index.php(67): CodeIgniter\CodeIgniter->run()
INFO - 2023-01-27 05:18:23 --> Session: Class initialized using 'CodeIgniter\Session\Handlers\FileHandler' driver.
CRITICAL - 2023-01-27 05:18:23 --> Undefined variable $post_content
in APPPATH\Views\front_end\canvas_site\getSearch.php on line 49.
 1 APPPATH\Views\front_end\canvas_site\getSearch.php(49): CodeIgniter\Debug\Exceptions->errorHandler(2, 'Undefined variable $post_content', 'APPPATH\\Views\\front_end\\canvas_site\\getSearch.php', 49)
 2 SYSTEMPATH\View\View.php(213): include('APPPATH\\Views\\front_end\\canvas_site\\getSearch.php')
 3 SYSTEMPATH\View\View.php(216): CodeIgniter\View\View->CodeIgniter\View\{closure}()
 4 SYSTEMPATH\Common.php(1177): CodeIgniter\View\View->render('front_end/canvas_site/getSearch', [], true)
 5 APPPATH\Controllers\CanvasController.php(308): view('front_end/canvas_site/getSearch', [...])
 6 SYSTEMPATH\CodeIgniter.php(934): App\Controllers\CanvasController->getSearch()
 7 SYSTEMPATH\CodeIgniter.php(499): CodeIgniter\CodeIgniter->runController(Object(App\Controllers\CanvasController))
 8 SYSTEMPATH\CodeIgniter.php(368): CodeIgniter\CodeIgniter->handleRequest(null, Object(Config\Cache), false)
 9 FCPATH\index.php(67): CodeIgniter\CodeIgniter->run()
INFO - 2023-01-27 05:18:59 --> Session: Class initialized using 'CodeIgniter\Session\Handlers\FileHandler' driver.
CRITICAL - 2023-01-27 05:18:59 --> Unsupported operand types: string / int
in APPPATH\Views\front_end\canvas_site\getSearch.php on line 49.
 1 SYSTEMPATH\View\View.php(213): include()
 2 SYSTEMPATH\View\View.php(216): CodeIgniter\View\View->CodeIgniter\View\{closure}()
 3 SYSTEMPATH\Common.php(1177): CodeIgniter\View\View->render('front_end/canvas_site/getSearch', [], true)
 4 APPPATH\Controllers\CanvasController.php(308): view('front_end/canvas_site/getSearch', [...])
 5 SYSTEMPATH\CodeIgniter.php(934): App\Controllers\CanvasController->getSearch()
 6 SYSTEMPATH\CodeIgniter.php(499): CodeIgniter\CodeIgniter->runController(Object(App\Controllers\CanvasController))
 7 SYSTEMPATH\CodeIgniter.php(368): CodeIgniter\CodeIgniter->handleRequest(null, Object(Config\Cache), false)
 8 FCPATH\index.php(67): CodeIgniter\CodeIgniter->run()
INFO - 2023-01-27 05:19:16 --> Session: Class initialized using 'CodeIgniter\Session\Handlers\FileHandler' driver.
CRITICAL - 2023-01-27 05:19:16 --> count(): Argument #1 ($value) must be of type Countable|array, string given
in APPPATH\Views\front_end\canvas_site\getSearch.php on line 49.
 1 SYSTEMPATH\View\View.php(213): include()
 2 SYSTEMPATH\View\View.php(216): CodeIgniter\View\View->CodeIgniter\View\{closure}()
 3 SYSTEMPATH\Common.php(1177): CodeIgniter\View\View->render('front_end/canvas_site/getSearch', [], true)
 4 APPPATH\Controllers\CanvasController.php(308): view('front_end/canvas_site/getSearch', [...])
 5 SYSTEMPATH\CodeIgniter.php(934): App\Controllers\CanvasController->getSearch()
 6 SYSTEMPATH\CodeIgniter.php(499): CodeIgniter\CodeIgniter->runController(Object(App\Controllers\CanvasController))
 7 SYSTEMPATH\CodeIgniter.php(368): CodeIgniter\CodeIgniter->handleRequest(null, Object(Config\Cache), false)
 8 FCPATH\index.php(67): CodeIgniter\CodeIgniter->run()
INFO - 2023-01-27 05:20:33 --> Session: Class initialized using 'CodeIgniter\Session\Handlers\FileHandler' driver.
CRITICAL - 2023-01-27 05:20:33 --> Undefined variable $strlen
in APPPATH\Views\front_end\canvas_site\getSearch.php on line 49.
 1 APPPATH\Views\front_end\canvas_site\getSearch.php(49): CodeIgniter\Debug\Exceptions->errorHandler(2, 'Undefined variable $strlen', 'APPPATH\\Views\\front_end\\canvas_site\\getSearch.php', 49)
 2 SYSTEMPATH\View\View.php(213): include('APPPATH\\Views\\front_end\\canvas_site\\getSearch.php')
 3 SYSTEMPATH\View\View.php(216): CodeIgniter\View\View->CodeIgniter\View\{closure}()
 4 SYSTEMPATH\Common.php(1177): CodeIgniter\View\View->render('front_end/canvas_site/getSearch', [], true)
 5 APPPATH\Controllers\CanvasController.php(308): view('front_end/canvas_site/getSearch', [...])
 6 SYSTEMPATH\CodeIgniter.php(934): App\Controllers\CanvasController->getSearch()
 7 SYSTEMPATH\CodeIgniter.php(499): CodeIgniter\CodeIgniter->runController(Object(App\Controllers\CanvasController))
 8 SYSTEMPATH\CodeIgniter.php(368): CodeIgniter\CodeIgniter->handleRequest(null, Object(Config\Cache), false)
 9 FCPATH\index.php(67): CodeIgniter\CodeIgniter->run()
INFO - 2023-01-27 05:20:44 --> Session: Class initialized using 'CodeIgniter\Session\Handlers\FileHandler' driver.
INFO - 2023-01-27 05:21:02 --> Session: Class initialized using 'CodeIgniter\Session\Handlers\FileHandler' driver.
INFO - 2023-01-27 05:21:34 --> Session: Class initialized using 'CodeIgniter\Session\Handlers\FileHandler' driver.
INFO - 2023-01-27 05:21:52 --> Session: Class initialized using 'CodeIgniter\Session\Handlers\FileHandler' driver.
INFO - 2023-01-27 05:22:05 --> Session: Class initialized using 'CodeIgniter\Session\Handlers\FileHandler' driver.
INFO - 2023-01-27 05:22:30 --> Session: Class initialized using 'CodeIgniter\Session\Handlers\FileHandler' driver.
INFO - 2023-01-27 05:22:44 --> Session: Class initialized using 'CodeIgniter\Session\Handlers\FileHandler' driver.
INFO - 2023-01-27 05:23:26 --> Session: Class initialized using 'CodeIgniter\Session\Handlers\FileHandler' driver.
INFO - 2023-01-27 05:23:36 --> Session: Class initialized using 'CodeIgniter\Session\Handlers\FileHandler' driver.
INFO - 2023-01-27 05:25:46 --> Session: Class initialized using 'CodeIgniter\Session\Handlers\FileHandler' driver.
CRITICAL - 2023-01-27 05:25:46 --> Call to a member function links() on null
in APPPATH\Views\front_end\canvas_site\getSearch.php on line 66.
 1 SYSTEMPATH\View\View.php(213): include()
 2 SYSTEMPATH\View\View.php(216): CodeIgniter\View\View->CodeIgniter\View\{closure}()
 3 SYSTEMPATH\Common.php(1177): CodeIgniter\View\View->render('front_end/canvas_site/getSearch', [], true)
 4 APPPATH\Controllers\CanvasController.php(309): view('front_end/canvas_site/getSearch', [...])
 5 SYSTEMPATH\CodeIgniter.php(934): App\Controllers\CanvasController->getSearch()
 6 SYSTEMPATH\CodeIgniter.php(499): CodeIgniter\CodeIgniter->runController(Object(App\Controllers\CanvasController))
 7 SYSTEMPATH\CodeIgniter.php(368): CodeIgniter\CodeIgniter->handleRequest(null, Object(Config\Cache), false)
 8 FCPATH\index.php(67): CodeIgniter\CodeIgniter->run()
INFO - 2023-01-27 05:47:45 --> Session: Class initialized using 'CodeIgniter\Session\Handlers\FileHandler' driver.
CRITICAL - 2023-01-27 05:47:45 --> Call to a member function links() on null
in APPPATH\Views\front_end\canvas_site\getSearch.php on line 66.
 1 SYSTEMPATH\View\View.php(213): include()
 2 SYSTEMPATH\View\View.php(216): CodeIgniter\View\View->CodeIgniter\View\{closure}()
 3 SYSTEMPATH\Common.php(1177): CodeIgniter\View\View->render('front_end/canvas_site/getSearch', [], true)
 4 APPPATH\Controllers\CanvasController.php(309): view('front_end/canvas_site/getSearch', [...])
 5 SYSTEMPATH\CodeIgniter.php(934): App\Controllers\CanvasController->getSearch()
 6 SYSTEMPATH\CodeIgniter.php(499): CodeIgniter\CodeIgniter->runController(Object(App\Controllers\CanvasController))
 7 SYSTEMPATH\CodeIgniter.php(368): CodeIgniter\CodeIgniter->handleRequest(null, Object(Config\Cache), false)
 8 FCPATH\index.php(67): CodeIgniter\CodeIgniter->run()
INFO - 2023-01-27 05:47:55 --> Session: Class initialized using 'CodeIgniter\Session\Handlers\FileHandler' driver.
CRITICAL - 2023-01-27 05:47:55 --> Call to a member function links() on null
in APPPATH\Views\front_end\canvas_site\getSearch.php on line 66.
 1 SYSTEMPATH\View\View.php(213): include()
 2 SYSTEMPATH\View\View.php(216): CodeIgniter\View\View->CodeIgniter\View\{closure}()
 3 SYSTEMPATH\Common.php(1177): CodeIgniter\View\View->render('front_end/canvas_site/getSearch', [], true)
 4 APPPATH\Controllers\CanvasController.php(313): view('front_end/canvas_site/getSearch', [...])
 5 SYSTEMPATH\CodeIgniter.php(934): App\Controllers\CanvasController->getSearch()
 6 SYSTEMPATH\CodeIgniter.php(499): CodeIgniter\CodeIgniter->runController(Object(App\Controllers\CanvasController))
 7 SYSTEMPATH\CodeIgniter.php(368): CodeIgniter\CodeIgniter->handleRequest(null, Object(Config\Cache), false)
 8 FCPATH\index.php(67): CodeIgniter\CodeIgniter->run()
INFO - 2023-01-27 05:48:31 --> Session: Class initialized using 'CodeIgniter\Session\Handlers\FileHandler' driver.
INFO - 2023-01-27 14:39:51 --> Session: Class initialized using 'CodeIgniter\Session\Handlers\FileHandler' driver.
INFO - 2023-01-27 14:40:14 --> Session: Class initialized using 'CodeIgniter\Session\Handlers\FileHandler' driver.
INFO - 2023-01-27 14:41:02 --> Session: Class initialized using 'CodeIgniter\Session\Handlers\FileHandler' driver.
INFO - 2023-01-27 14:41:40 --> Session: Class initialized using 'CodeIgniter\Session\Handlers\FileHandler' driver.
INFO - 2023-01-27 14:43:08 --> Session: Class initialized using 'CodeIgniter\Session\Handlers\FileHandler' driver.
INFO - 2023-01-27 14:43:14 --> Session: Class initialized using 'CodeIgniter\Session\Handlers\FileHandler' driver.
INFO - 2023-01-27 14:43:30 --> Session: Class initialized using 'CodeIgniter\Session\Handlers\FileHandler' driver.
INFO - 2023-01-27 14:46:21 --> Session: Class initialized using 'CodeIgniter\Session\Handlers\FileHandler' driver.
INFO - 2023-01-27 14:46:24 --> Session: Class initialized using 'CodeIgniter\Session\Handlers\FileHandler' driver.
INFO - 2023-01-27 14:48:29 --> Session: Class initialized using 'CodeIgniter\Session\Handlers\FileHandler' driver.
INFO - 2023-01-27 14:48:32 --> Session: Class initialized using 'CodeIgniter\Session\Handlers\FileHandler' driver.
INFO - 2023-01-27 14:51:01 --> Session: Class initialized using 'CodeIgniter\Session\Handlers\FileHandler' driver.
INFO - 2023-01-27 14:51:31 --> Session: Class initialized using 'CodeIgniter\Session\Handlers\FileHandler' driver.
INFO - 2023-01-27 14:51:43 --> Session: Class initialized using 'CodeIgniter\Session\Handlers\FileHandler' driver.
INFO - 2023-01-27 14:52:33 --> Session: Class initialized using 'CodeIgniter\Session\Handlers\FileHandler' driver.
INFO - 2023-01-27 14:52:42 --> Session: Class initialized using 'CodeIgniter\Session\Handlers\FileHandler' driver.
INFO - 2023-01-27 14:52:47 --> Session: Class initialized using 'CodeIgniter\Session\Handlers\FileHandler' driver.
INFO - 2023-01-27 14:53:12 --> Session: Class initialized using 'CodeIgniter\Session\Handlers\FileHandler' driver.
INFO - 2023-01-27 14:53:15 --> Session: Class initialized using 'CodeIgniter\Session\Handlers\FileHandler' driver.
INFO - 2023-01-27 14:53:51 --> Session: Class initialized using 'CodeIgniter\Session\Handlers\FileHandler' driver.
INFO - 2023-01-27 14:53:53 --> Session: Class initialized using 'CodeIgniter\Session\Handlers\FileHandler' driver.
INFO - 2023-01-27 14:53:56 --> Session: Class initialized using 'CodeIgniter\Session\Handlers\FileHandler' driver.
INFO - 2023-01-27 14:54:22 --> Session: Class initialized using 'CodeIgniter\Session\Handlers\FileHandler' driver.
INFO - 2023-01-27 14:54:27 --> Session: Class initialized using 'CodeIgniter\Session\Handlers\FileHandler' driver.
INFO - 2023-01-27 15:08:50 --> Session: Class initialized using 'CodeIgniter\Session\Handlers\FileHandler' driver.
INFO - 2023-01-27 15:09:01 --> Session: Class initialized using 'CodeIgniter\Session\Handlers\FileHandler' driver.
INFO - 2023-01-27 15:09:03 --> Session: Class initialized using 'CodeIgniter\Session\Handlers\FileHandler' driver.
INFO - 2023-01-27 15:09:07 --> Session: Class initialized using 'CodeIgniter\Session\Handlers\FileHandler' driver.
INFO - 2023-01-27 15:09:10 --> Session: Class initialized using 'CodeIgniter\Session\Handlers\FileHandler' driver.
INFO - 2023-01-27 15:09:12 --> Session: Class initialized using 'CodeIgniter\Session\Handlers\FileHandler' driver.
INFO - 2023-01-27 15:09:14 --> Session: Class initialized using 'CodeIgniter\Session\Handlers\FileHandler' driver.
INFO - 2023-01-27 15:09:19 --> Session: Class initialized using 'CodeIgniter\Session\Handlers\FileHandler' driver.
INFO - 2023-01-27 15:09:23 --> Session: Class initialized using 'CodeIgniter\Session\Handlers\FileHandler' driver.
INFO - 2023-01-27 15:09:44 --> Session: Class initialized using 'CodeIgniter\Session\Handlers\FileHandler' driver.
INFO - 2023-01-27 15:10:36 --> Session: Class initialized using 'CodeIgniter\Session\Handlers\FileHandler' driver.
INFO - 2023-01-27 15:10:41 --> Session: Class initialized using 'CodeIgniter\Session\Handlers\FileHandler' driver.
INFO - 2023-01-27 15:13:30 --> Session: Class initialized using 'CodeIgniter\Session\Handlers\FileHandler' driver.
INFO - 2023-01-27 15:13:33 --> Session: Class initialized using 'CodeIgniter\Session\Handlers\FileHandler' driver.
INFO - 2023-01-27 15:14:13 --> Session: Class initialized using 'CodeIgniter\Session\Handlers\FileHandler' driver.
INFO - 2023-01-27 15:14:17 --> Session: Class initialized using 'CodeIgniter\Session\Handlers\FileHandler' driver.
INFO - 2023-01-27 15:14:58 --> Session: Class initialized using 'CodeIgniter\Session\Handlers\FileHandler' driver.
INFO - 2023-01-27 15:15:06 --> Session: Class initialized using 'CodeIgniter\Session\Handlers\FileHandler' driver.
INFO - 2023-01-27 15:17:15 --> Session: Class initialized using 'CodeIgniter\Session\Handlers\FileHandler' driver.
INFO - 2023-01-27 15:19:13 --> Session: Class initialized using 'CodeIgniter\Session\Handlers\FileHandler' driver.
INFO - 2023-01-27 15:19:25 --> Session: Class initialized using 'CodeIgniter\Session\Handlers\FileHandler' driver.
INFO - 2023-01-27 15:19:31 --> Session: Class initialized using 'CodeIgniter\Session\Handlers\FileHandler' driver.
INFO - 2023-01-27 15:19:50 --> Session: Class initialized using 'CodeIgniter\Session\Handlers\FileHandler' driver.
INFO - 2023-01-27 15:20:11 --> Session: Class initialized using 'CodeIgniter\Session\Handlers\FileHandler' driver.
INFO - 2023-01-27 15:20:20 --> Session: Class initialized using 'CodeIgniter\Session\Handlers\FileHandler' driver.
INFO - 2023-01-27 15:24:16 --> Session: Class initialized using 'CodeIgniter\Session\Handlers\FileHandler' driver.
CRITICAL - 2023-01-27 15:24:16 --> Undefined variable $post_count
in APPPATH\Views\front_end\canvas_site\post_cate.php on line 68.
 1 APPPATH\Views\front_end\canvas_site\post_cate.php(68): CodeIgniter\Debug\Exceptions->errorHandler(2, 'Undefined variable $post_count', 'APPPATH\\Views\\front_end\\canvas_site\\post_cate.php', 68)
 2 SYSTEMPATH\View\View.php(213): include('APPPATH\\Views\\front_end\\canvas_site\\post_cate.php')
 3 SYSTEMPATH\View\View.php(216): CodeIgniter\View\View->CodeIgniter\View\{closure}()
 4 SYSTEMPATH\Common.php(1177): CodeIgniter\View\View->render('front_end/canvas_site/post_cate', [], true)
 5 APPPATH\Controllers\CanvasController.php(174): view('front_end/canvas_site/post_cate', [...])
 6 SYSTEMPATH\CodeIgniter.php(934): App\Controllers\CanvasController->postCate('dich-vu-van-tai', '1')
 7 SYSTEMPATH\CodeIgniter.php(499): CodeIgniter\CodeIgniter->runController(Object(App\Controllers\CanvasController))
 8 SYSTEMPATH\CodeIgniter.php(368): CodeIgniter\CodeIgniter->handleRequest(null, Object(Config\Cache), false)
 9 FCPATH\index.php(67): CodeIgniter\CodeIgniter->run()
INFO - 2023-01-27 15:24:45 --> Session: Class initialized using 'CodeIgniter\Session\Handlers\FileHandler' driver.
INFO - 2023-01-27 15:28:06 --> Session: Class initialized using 'CodeIgniter\Session\Handlers\FileHandler' driver.
INFO - 2023-01-27 15:30:14 --> Session: Class initialized using 'CodeIgniter\Session\Handlers\FileHandler' driver.
INFO - 2023-01-27 15:41:53 --> Session: Class initialized using 'CodeIgniter\Session\Handlers\FileHandler' driver.
INFO - 2023-01-27 15:42:01 --> Session: Class initialized using 'CodeIgniter\Session\Handlers\FileHandler' driver.
INFO - 2023-01-27 15:43:40 --> Session: Class initialized using 'CodeIgniter\Session\Handlers\FileHandler' driver.
INFO - 2023-01-27 15:44:12 --> Session: Class initialized using 'CodeIgniter\Session\Handlers\FileHandler' driver.
INFO - 2023-01-27 15:47:33 --> Session: Class initialized using 'CodeIgniter\Session\Handlers\FileHandler' driver.
INFO - 2023-01-27 15:47:36 --> Session: Class initialized using 'CodeIgniter\Session\Handlers\FileHandler' driver.
INFO - 2023-01-27 15:48:13 --> Session: Class initialized using 'CodeIgniter\Session\Handlers\FileHandler' driver.
INFO - 2023-01-27 15:48:51 --> Session: Class initialized using 'CodeIgniter\Session\Handlers\FileHandler' driver.
INFO - 2023-01-27 15:48:57 --> Session: Class initialized using 'CodeIgniter\Session\Handlers\FileHandler' driver.
INFO - 2023-01-27 15:49:02 --> Session: Class initialized using 'CodeIgniter\Session\Handlers\FileHandler' driver.
INFO - 2023-01-27 15:49:07 --> Session: Class initialized using 'CodeIgniter\Session\Handlers\FileHandler' driver.
INFO - 2023-01-27 15:49:12 --> Session: Class initialized using 'CodeIgniter\Session\Handlers\FileHandler' driver.
INFO - 2023-01-27 15:49:17 --> Session: Class initialized using 'CodeIgniter\Session\Handlers\FileHandler' driver.
INFO - 2023-01-27 15:49:23 --> Session: Class initialized using 'CodeIgniter\Session\Handlers\FileHandler' driver.
INFO - 2023-01-27 15:49:27 --> Session: Class initialized using 'CodeIgniter\Session\Handlers\FileHandler' driver.
INFO - 2023-01-27 15:49:34 --> Session: Class initialized using 'CodeIgniter\Session\Handlers\FileHandler' driver.
INFO - 2023-01-27 15:50:10 --> Session: Class initialized using 'CodeIgniter\Session\Handlers\FileHandler' driver.
INFO - 2023-01-27 15:50:36 --> Session: Class initialized using 'CodeIgniter\Session\Handlers\FileHandler' driver.
INFO - 2023-01-27 15:51:47 --> Session: Class initialized using 'CodeIgniter\Session\Handlers\FileHandler' driver.
INFO - 2023-01-27 15:51:54 --> Session: Class initialized using 'CodeIgniter\Session\Handlers\FileHandler' driver.
INFO - 2023-01-27 15:51:54 --> Session: Class initialized using 'CodeIgniter\Session\Handlers\FileHandler' driver.
INFO - 2023-01-27 15:51:57 --> Session: Class initialized using 'CodeIgniter\Session\Handlers\FileHandler' driver.
INFO - 2023-01-27 15:52:35 --> Session: Class initialized using 'CodeIgniter\Session\Handlers\FileHandler' driver.
CRITICAL - 2023-01-27 15:52:35 --> Undefined array key "cate_slug"
in APPPATH\Views\front_end\canvas_site\post_cate.php on line 54.
 1 APPPATH\Views\front_end\canvas_site\post_cate.php(54): CodeIgniter\Debug\Exceptions->errorHandler(2, 'Undefined array key "cate_slug"', 'APPPATH\\Views\\front_end\\canvas_site\\post_cate.php', 54)
 2 SYSTEMPATH\View\View.php(213): include('APPPATH\\Views\\front_end\\canvas_site\\post_cate.php')
 3 SYSTEMPATH\View\View.php(216): CodeIgniter\View\View->CodeIgniter\View\{closure}()
 4 SYSTEMPATH\Common.php(1177): CodeIgniter\View\View->render('front_end/canvas_site/post_cate', [], true)
 5 APPPATH\Controllers\CanvasController.php(175): view('front_end/canvas_site/post_cate', [...])
 6 SYSTEMPATH\CodeIgniter.php(934): App\Controllers\CanvasController->postCate('dich-vu-van-tai', '1')
 7 SYSTEMPATH\CodeIgniter.php(499): CodeIgniter\CodeIgniter->runController(Object(App\Controllers\CanvasController))
 8 SYSTEMPATH\CodeIgniter.php(368): CodeIgniter\CodeIgniter->handleRequest(null, Object(Config\Cache), false)
 9 FCPATH\index.php(67): CodeIgniter\CodeIgniter->run()
INFO - 2023-01-27 15:54:58 --> Session: Class initialized using 'CodeIgniter\Session\Handlers\FileHandler' driver.
INFO - 2023-01-27 15:55:45 --> Session: Class initialized using 'CodeIgniter\Session\Handlers\FileHandler' driver.
INFO - 2023-01-27 15:56:51 --> Session: Class initialized using 'CodeIgniter\Session\Handlers\FileHandler' driver.
INFO - 2023-01-27 15:57:22 --> Session: Class initialized using 'CodeIgniter\Session\Handlers\FileHandler' driver.
INFO - 2023-01-27 15:57:22 --> Session: Class initialized using 'CodeIgniter\Session\Handlers\FileHandler' driver.
INFO - 2023-01-27 15:57:25 --> Session: Class initialized using 'CodeIgniter\Session\Handlers\FileHandler' driver.
INFO - 2023-01-27 15:58:30 --> Session: Class initialized using 'CodeIgniter\Session\Handlers\FileHandler' driver.
INFO - 2023-01-27 15:58:58 --> Session: Class initialized using 'CodeIgniter\Session\Handlers\FileHandler' driver.
INFO - 2023-01-27 15:58:59 --> Session: Class initialized using 'CodeIgniter\Session\Handlers\FileHandler' driver.
INFO - 2023-01-27 15:59:06 --> Session: Class initialized using 'CodeIgniter\Session\Handlers\FileHandler' driver.
INFO - 2023-01-27 15:59:12 --> Session: Class initialized using 'CodeIgniter\Session\Handlers\FileHandler' driver.
INFO - 2023-01-27 15:59:15 --> Session: Class initialized using 'CodeIgniter\Session\Handlers\FileHandler' driver.
INFO - 2023-01-27 16:00:02 --> Session: Class initialized using 'CodeIgniter\Session\Handlers\FileHandler' driver.
INFO - 2023-01-27 16:00:35 --> Session: Class initialized using 'CodeIgniter\Session\Handlers\FileHandler' driver.
INFO - 2023-01-27 16:01:05 --> Session: Class initialized using 'CodeIgniter\Session\Handlers\FileHandler' driver.
INFO - 2023-01-27 16:01:11 --> Session: Class initialized using 'CodeIgniter\Session\Handlers\FileHandler' driver.
INFO - 2023-01-27 16:01:57 --> Session: Class initialized using 'CodeIgniter\Session\Handlers\FileHandler' driver.
INFO - 2023-01-27 16:02:42 --> Session: Class initialized using 'CodeIgniter\Session\Handlers\FileHandler' driver.
INFO - 2023-01-27 16:03:02 --> Session: Class initialized using 'CodeIgniter\Session\Handlers\FileHandler' driver.
INFO - 2023-01-27 16:03:54 --> Session: Class initialized using 'CodeIgniter\Session\Handlers\FileHandler' driver.
INFO - 2023-01-27 16:40:39 --> Session: Class initialized using 'CodeIgniter\Session\Handlers\FileHandler' driver.
INFO - 2023-01-27 16:41:13 --> Session: Class initialized using 'CodeIgniter\Session\Handlers\FileHandler' driver.
INFO - 2023-01-27 16:42:11 --> Session: Class initialized using 'CodeIgniter\Session\Handlers\FileHandler' driver.
INFO - 2023-01-27 16:42:34 --> Session: Class initialized using 'CodeIgniter\Session\Handlers\FileHandler' driver.
INFO - 2023-01-27 16:42:59 --> Session: Class initialized using 'CodeIgniter\Session\Handlers\FileHandler' driver.
INFO - 2023-01-27 16:43:38 --> Session: Class initialized using 'CodeIgniter\Session\Handlers\FileHandler' driver.
INFO - 2023-01-27 16:43:53 --> Session: Class initialized using 'CodeIgniter\Session\Handlers\FileHandler' driver.
INFO - 2023-01-27 16:44:13 --> Session: Class initialized using 'CodeIgniter\Session\Handlers\FileHandler' driver.
INFO - 2023-01-27 16:45:40 --> Session: Class initialized using 'CodeIgniter\Session\Handlers\FileHandler' driver.
INFO - 2023-01-27 16:46:10 --> Session: Class initialized using 'CodeIgniter\Session\Handlers\FileHandler' driver.
INFO - 2023-01-27 16:48:54 --> Session: Class initialized using 'CodeIgniter\Session\Handlers\FileHandler' driver.
INFO - 2023-01-27 16:49:22 --> Session: Class initialized using 'CodeIgniter\Session\Handlers\FileHandler' driver.
INFO - 2023-01-27 16:50:06 --> Session: Class initialized using 'CodeIgniter\Session\Handlers\FileHandler' driver.
INFO - 2023-01-27 16:51:08 --> Session: Class initialized using 'CodeIgniter\Session\Handlers\FileHandler' driver.
INFO - 2023-01-27 16:52:00 --> Session: Class initialized using 'CodeIgniter\Session\Handlers\FileHandler' driver.
INFO - 2023-01-27 16:52:29 --> Session: Class initialized using 'CodeIgniter\Session\Handlers\FileHandler' driver.
INFO - 2023-01-27 16:52:42 --> Session: Class initialized using 'CodeIgniter\Session\Handlers\FileHandler' driver.
INFO - 2023-01-27 16:53:09 --> Session: Class initialized using 'CodeIgniter\Session\Handlers\FileHandler' driver.
INFO - 2023-01-27 16:53:23 --> Session: Class initialized using 'CodeIgniter\Session\Handlers\FileHandler' driver.
INFO - 2023-01-27 16:55:37 --> Session: Class initialized using 'CodeIgniter\Session\Handlers\FileHandler' driver.
INFO - 2023-01-27 16:59:51 --> Session: Class initialized using 'CodeIgniter\Session\Handlers\FileHandler' driver.
INFO - 2023-01-27 17:00:18 --> Session: Class initialized using 'CodeIgniter\Session\Handlers\FileHandler' driver.
INFO - 2023-01-27 17:00:55 --> Session: Class initialized using 'CodeIgniter\Session\Handlers\FileHandler' driver.
INFO - 2023-01-27 17:01:23 --> Session: Class initialized using 'CodeIgniter\Session\Handlers\FileHandler' driver.
INFO - 2023-01-27 17:02:15 --> Session: Class initialized using 'CodeIgniter\Session\Handlers\FileHandler' driver.
INFO - 2023-01-27 17:02:31 --> Session: Class initialized using 'CodeIgniter\Session\Handlers\FileHandler' driver.
INFO - 2023-01-27 17:02:41 --> Session: Class initialized using 'CodeIgniter\Session\Handlers\FileHandler' driver.
INFO - 2023-01-27 17:03:30 --> Session: Class initialized using 'CodeIgniter\Session\Handlers\FileHandler' driver.
INFO - 2023-01-27 17:03:47 --> Session: Class initialized using 'CodeIgniter\Session\Handlers\FileHandler' driver.
INFO - 2023-01-27 17:04:13 --> Session: Class initialized using 'CodeIgniter\Session\Handlers\FileHandler' driver.
INFO - 2023-01-27 17:05:20 --> Session: Class initialized using 'CodeIgniter\Session\Handlers\FileHandler' driver.
INFO - 2023-01-27 17:11:38 --> Session: Class initialized using 'CodeIgniter\Session\Handlers\FileHandler' driver.
INFO - 2023-01-27 17:11:39 --> Session: Class initialized using 'CodeIgniter\Session\Handlers\FileHandler' driver.
CRITICAL - 2023-01-27 17:11:39 --> Object of class App\Models\TagModel could not be converted to string
in SYSTEMPATH\Database\Query.php on line 335.
 1 SYSTEMPATH\Database\Query.php(335): strtr('SELECT *
FROM `tag`
WHERE `tag_post_slug` = :tag_post_slug:
 LIMIT 1', [...])
 2 SYSTEMPATH\Database\Query.php(310): CodeIgniter\Database\Query->matchNamedBinds('SELECT *
FROM `tag`
WHERE `tag_post_slug` = :tag_post_slug:
 LIMIT 1', [...])
 3 SYSTEMPATH\Database\Query.php(159): CodeIgniter\Database\Query->compileBinds()
 4 SYSTEMPATH\Database\BaseConnection.php(605): CodeIgniter\Database\Query->getQuery()
 5 SYSTEMPATH\Database\BaseBuilder.php(1602): CodeIgniter\Database\BaseConnection->query('SELECT *
FROM `tag`
WHERE `tag_post_slug` = :tag_post_slug:
 LIMIT 1', [...], false)
 6 SYSTEMPATH\Model.php(267): CodeIgniter\Database\BaseBuilder->get()
 7 SYSTEMPATH\BaseModel.php(656): CodeIgniter\Model->doFirst()
 8 APPPATH\Controllers\CanvasController.php(235): CodeIgniter\BaseModel->first()
 9 SYSTEMPATH\CodeIgniter.php(934): App\Controllers\CanvasController->tag(Object(App\Models\TagModel))
10 SYSTEMPATH\CodeIgniter.php(499): CodeIgniter\CodeIgniter->runController(Object(App\Controllers\CanvasController))
11 SYSTEMPATH\CodeIgniter.php(368): CodeIgniter\CodeIgniter->handleRequest(null, Object(Config\Cache), false)
12 FCPATH\index.php(67): CodeIgniter\CodeIgniter->run()
INFO - 2023-01-27 17:12:43 --> Session: Class initialized using 'CodeIgniter\Session\Handlers\FileHandler' driver.
INFO - 2023-01-27 17:12:43 --> Session: Class initialized using 'CodeIgniter\Session\Handlers\FileHandler' driver.
CRITICAL - 2023-01-27 17:12:43 --> Object of class App\Models\TagModel could not be converted to string
in SYSTEMPATH\Database\Query.php on line 335.
 1 SYSTEMPATH\Database\Query.php(335): strtr('SELECT *
FROM `tag`
WHERE `tag_post_slug` = :tag_post_slug:
 LIMIT 1', [...])
 2 SYSTEMPATH\Database\Query.php(310): CodeIgniter\Database\Query->matchNamedBinds('SELECT *
FROM `tag`
WHERE `tag_post_slug` = :tag_post_slug:
 LIMIT 1', [...])
 3 SYSTEMPATH\Database\Query.php(159): CodeIgniter\Database\Query->compileBinds()
 4 SYSTEMPATH\Database\BaseConnection.php(605): CodeIgniter\Database\Query->getQuery()
 5 SYSTEMPATH\Database\BaseBuilder.php(1602): CodeIgniter\Database\BaseConnection->query('SELECT *
FROM `tag`
WHERE `tag_post_slug` = :tag_post_slug:
 LIMIT 1', [...], false)
 6 SYSTEMPATH\Model.php(267): CodeIgniter\Database\BaseBuilder->get()
 7 SYSTEMPATH\BaseModel.php(656): CodeIgniter\Model->doFirst()
 8 APPPATH\Controllers\CanvasController.php(235): CodeIgniter\BaseModel->first()
 9 SYSTEMPATH\CodeIgniter.php(934): App\Controllers\CanvasController->tag(Object(App\Models\TagModel))
10 SYSTEMPATH\CodeIgniter.php(499): CodeIgniter\CodeIgniter->runController(Object(App\Controllers\CanvasController))
11 SYSTEMPATH\CodeIgniter.php(368): CodeIgniter\CodeIgniter->handleRequest(null, Object(Config\Cache), false)
12 FCPATH\index.php(67): CodeIgniter\CodeIgniter->run()
INFO - 2023-01-27 17:13:10 --> Session: Class initialized using 'CodeIgniter\Session\Handlers\FileHandler' driver.
INFO - 2023-01-27 17:13:11 --> Session: Class initialized using 'CodeIgniter\Session\Handlers\FileHandler' driver.
CRITICAL - 2023-01-27 17:13:11 --> Object of class App\Models\TagModel could not be converted to string
in SYSTEMPATH\Database\Query.php on line 335.
 1 SYSTEMPATH\Database\Query.php(335): strtr('SELECT *
FROM `tag`
WHERE `tag_post_slug` = :tag_post_slug:
 LIMIT 1', [...])
 2 SYSTEMPATH\Database\Query.php(310): CodeIgniter\Database\Query->matchNamedBinds('SELECT *
FROM `tag`
WHERE `tag_post_slug` = :tag_post_slug:
 LIMIT 1', [...])
 3 SYSTEMPATH\Database\Query.php(159): CodeIgniter\Database\Query->compileBinds()
 4 SYSTEMPATH\Database\BaseConnection.php(605): CodeIgniter\Database\Query->getQuery()
 5 SYSTEMPATH\Database\BaseBuilder.php(1602): CodeIgniter\Database\BaseConnection->query('SELECT *
FROM `tag`
WHERE `tag_post_slug` = :tag_post_slug:
 LIMIT 1', [...], false)
 6 SYSTEMPATH\Model.php(267): CodeIgniter\Database\BaseBuilder->get()
 7 SYSTEMPATH\BaseModel.php(656): CodeIgniter\Model->doFirst()
 8 APPPATH\Controllers\CanvasController.php(235): CodeIgniter\BaseModel->first()
 9 SYSTEMPATH\CodeIgniter.php(934): App\Controllers\CanvasController->tag(Object(App\Models\TagModel))
10 SYSTEMPATH\CodeIgniter.php(499): CodeIgniter\CodeIgniter->runController(Object(App\Controllers\CanvasController))
11 SYSTEMPATH\CodeIgniter.php(368): CodeIgniter\CodeIgniter->handleRequest(null, Object(Config\Cache), false)
12 FCPATH\index.php(67): CodeIgniter\CodeIgniter->run()
INFO - 2023-01-27 17:13:15 --> Session: Class initialized using 'CodeIgniter\Session\Handlers\FileHandler' driver.
INFO - 2023-01-27 17:13:16 --> Session: Class initialized using 'CodeIgniter\Session\Handlers\FileHandler' driver.
CRITICAL - 2023-01-27 17:13:16 --> Object of class App\Models\TagModel could not be converted to string
in SYSTEMPATH\Database\Query.php on line 335.
 1 SYSTEMPATH\Database\Query.php(335): strtr('SELECT *
FROM `tag`
WHERE `tag_post_slug` = :tag_post_slug:
 LIMIT 1', [...])
 2 SYSTEMPATH\Database\Query.php(310): CodeIgniter\Database\Query->matchNamedBinds('SELECT *
FROM `tag`
WHERE `tag_post_slug` = :tag_post_slug:
 LIMIT 1', [...])
 3 SYSTEMPATH\Database\Query.php(159): CodeIgniter\Database\Query->compileBinds()
 4 SYSTEMPATH\Database\BaseConnection.php(605): CodeIgniter\Database\Query->getQuery()
 5 SYSTEMPATH\Database\BaseBuilder.php(1602): CodeIgniter\Database\BaseConnection->query('SELECT *
FROM `tag`
WHERE `tag_post_slug` = :tag_post_slug:
 LIMIT 1', [...], false)
 6 SYSTEMPATH\Model.php(267): CodeIgniter\Database\BaseBuilder->get()
 7 SYSTEMPATH\BaseModel.php(656): CodeIgniter\Model->doFirst()
 8 APPPATH\Controllers\CanvasController.php(235): CodeIgniter\BaseModel->first()
 9 SYSTEMPATH\CodeIgniter.php(934): App\Controllers\CanvasController->tag(Object(App\Models\TagModel))
10 SYSTEMPATH\CodeIgniter.php(499): CodeIgniter\CodeIgniter->runController(Object(App\Controllers\CanvasController))
11 SYSTEMPATH\CodeIgniter.php(368): CodeIgniter\CodeIgniter->handleRequest(null, Object(Config\Cache), false)
12 FCPATH\index.php(67): CodeIgniter\CodeIgniter->run()
INFO - 2023-01-27 17:13:51 --> Session: Class initialized using 'CodeIgniter\Session\Handlers\FileHandler' driver.
CRITICAL - 2023-01-27 17:13:51 --> Object of class App\Models\TagModel could not be converted to string
in SYSTEMPATH\Database\Query.php on line 335.
 1 SYSTEMPATH\Database\Query.php(335): strtr('SELECT *
FROM `tag`
WHERE `tag_post_slug` = :tag_post_slug:
 LIMIT 1', [...])
 2 SYSTEMPATH\Database\Query.php(310): CodeIgniter\Database\Query->matchNamedBinds('SELECT *
FROM `tag`
WHERE `tag_post_slug` = :tag_post_slug:
 LIMIT 1', [...])
 3 SYSTEMPATH\Database\Query.php(159): CodeIgniter\Database\Query->compileBinds()
 4 SYSTEMPATH\Database\BaseConnection.php(605): CodeIgniter\Database\Query->getQuery()
 5 SYSTEMPATH\Database\BaseBuilder.php(1602): CodeIgniter\Database\BaseConnection->query('SELECT *
FROM `tag`
WHERE `tag_post_slug` = :tag_post_slug:
 LIMIT 1', [...], false)
 6 SYSTEMPATH\Model.php(267): CodeIgniter\Database\BaseBuilder->get()
 7 SYSTEMPATH\BaseModel.php(656): CodeIgniter\Model->doFirst()
 8 APPPATH\Controllers\CanvasController.php(235): CodeIgniter\BaseModel->first()
 9 SYSTEMPATH\CodeIgniter.php(934): App\Controllers\CanvasController->tag(Object(App\Models\TagModel))
10 SYSTEMPATH\CodeIgniter.php(499): CodeIgniter\CodeIgniter->runController(Object(App\Controllers\CanvasController))
11 SYSTEMPATH\CodeIgniter.php(368): CodeIgniter\CodeIgniter->handleRequest(null, Object(Config\Cache), false)
12 FCPATH\index.php(67): CodeIgniter\CodeIgniter->run()
INFO - 2023-01-27 17:14:40 --> Session: Class initialized using 'CodeIgniter\Session\Handlers\FileHandler' driver.
INFO - 2023-01-27 17:15:02 --> Session: Class initialized using 'CodeIgniter\Session\Handlers\FileHandler' driver.
INFO - 2023-01-27 17:15:22 --> Session: Class initialized using 'CodeIgniter\Session\Handlers\FileHandler' driver.
INFO - 2023-01-27 17:15:31 --> Session: Class initialized using 'CodeIgniter\Session\Handlers\FileHandler' driver.
INFO - 2023-01-27 17:16:52 --> Session: Class initialized using 'CodeIgniter\Session\Handlers\FileHandler' driver.
CRITICAL - 2023-01-27 17:16:52 --> Undefined variable $tags_origin
in APPPATH\Controllers\CanvasController.php on line 242.
 1 APPPATH\Controllers\CanvasController.php(242): CodeIgniter\Debug\Exceptions->errorHandler(2, 'Undefined variable $tags_origin', 'APPPATH\\Controllers\\CanvasController.php', 242)
 2 SYSTEMPATH\CodeIgniter.php(934): App\Controllers\CanvasController->tag('tag-8')
 3 SYSTEMPATH\CodeIgniter.php(499): CodeIgniter\CodeIgniter->runController(Object(App\Controllers\CanvasController))
 4 SYSTEMPATH\CodeIgniter.php(368): CodeIgniter\CodeIgniter->handleRequest(null, Object(Config\Cache), false)
 5 FCPATH\index.php(67): CodeIgniter\CodeIgniter->run()
INFO - 2023-01-27 17:16:56 --> Session: Class initialized using 'CodeIgniter\Session\Handlers\FileHandler' driver.
INFO - 2023-01-27 17:16:56 --> Session: Class initialized using 'CodeIgniter\Session\Handlers\FileHandler' driver.
INFO - 2023-01-27 17:16:56 --> Session: Class initialized using 'CodeIgniter\Session\Handlers\FileHandler' driver.
INFO - 2023-01-27 17:16:57 --> Session: Class initialized using 'CodeIgniter\Session\Handlers\FileHandler' driver.
INFO - 2023-01-27 17:16:57 --> Session: Class initialized using 'CodeIgniter\Session\Handlers\FileHandler' driver.
INFO - 2023-01-27 17:16:57 --> Session: Class initialized using 'CodeIgniter\Session\Handlers\FileHandler' driver.
INFO - 2023-01-27 17:16:58 --> Session: Class initialized using 'CodeIgniter\Session\Handlers\FileHandler' driver.
INFO - 2023-01-27 17:16:58 --> Session: Class initialized using 'CodeIgniter\Session\Handlers\FileHandler' driver.
INFO - 2023-01-27 17:16:58 --> Session: Class initialized using 'CodeIgniter\Session\Handlers\FileHandler' driver.
INFO - 2023-01-27 17:16:59 --> Session: Class initialized using 'CodeIgniter\Session\Handlers\FileHandler' driver.
INFO - 2023-01-27 17:16:59 --> Session: Class initialized using 'CodeIgniter\Session\Handlers\FileHandler' driver.
INFO - 2023-01-27 17:16:59 --> Session: Class initialized using 'CodeIgniter\Session\Handlers\FileHandler' driver.
INFO - 2023-01-27 17:17:00 --> Session: Class initialized using 'CodeIgniter\Session\Handlers\FileHandler' driver.
INFO - 2023-01-27 17:17:00 --> Session: Class initialized using 'CodeIgniter\Session\Handlers\FileHandler' driver.
INFO - 2023-01-27 17:17:01 --> Session: Class initialized using 'CodeIgniter\Session\Handlers\FileHandler' driver.
INFO - 2023-01-27 17:17:02 --> Session: Class initialized using 'CodeIgniter\Session\Handlers\FileHandler' driver.
INFO - 2023-01-27 17:17:02 --> Session: Class initialized using 'CodeIgniter\Session\Handlers\FileHandler' driver.
INFO - 2023-01-27 17:17:03 --> Session: Class initialized using 'CodeIgniter\Session\Handlers\FileHandler' driver.
INFO - 2023-01-27 17:17:04 --> Session: Class initialized using 'CodeIgniter\Session\Handlers\FileHandler' driver.
INFO - 2023-01-27 17:17:05 --> Session: Class initialized using 'CodeIgniter\Session\Handlers\FileHandler' driver.
INFO - 2023-01-27 17:17:07 --> Session: Class initialized using 'CodeIgniter\Session\Handlers\FileHandler' driver.
INFO - 2023-01-27 17:17:08 --> Session: Class initialized using 'CodeIgniter\Session\Handlers\FileHandler' driver.
INFO - 2023-01-27 17:17:10 --> Session: Class initialized using 'CodeIgniter\Session\Handlers\FileHandler' driver.
INFO - 2023-01-27 17:17:11 --> Session: Class initialized using 'CodeIgniter\Session\Handlers\FileHandler' driver.
INFO - 2023-01-27 17:17:13 --> Session: Class initialized using 'CodeIgniter\Session\Handlers\FileHandler' driver.
INFO - 2023-01-27 17:17:15 --> Session: Class initialized using 'CodeIgniter\Session\Handlers\FileHandler' driver.
INFO - 2023-01-27 17:17:17 --> Session: Class initialized using 'CodeIgniter\Session\Handlers\FileHandler' driver.
INFO - 2023-01-27 17:17:20 --> Session: Class initialized using 'CodeIgniter\Session\Handlers\FileHandler' driver.
INFO - 2023-01-27 17:17:22 --> Session: Class initialized using 'CodeIgniter\Session\Handlers\FileHandler' driver.
INFO - 2023-01-27 17:17:24 --> Session: Class initialized using 'CodeIgniter\Session\Handlers\FileHandler' driver.
INFO - 2023-01-27 17:17:26 --> Session: Class initialized using 'CodeIgniter\Session\Handlers\FileHandler' driver.
INFO - 2023-01-27 17:17:29 --> Session: Class initialized using 'CodeIgniter\Session\Handlers\FileHandler' driver.
INFO - 2023-01-27 17:17:31 --> Session: Class initialized using 'CodeIgniter\Session\Handlers\FileHandler' driver.
INFO - 2023-01-27 17:17:33 --> Session: Class initialized using 'CodeIgniter\Session\Handlers\FileHandler' driver.
INFO - 2023-01-27 17:17:39 --> Session: Class initialized using 'CodeIgniter\Session\Handlers\FileHandler' driver.
INFO - 2023-01-27 17:17:42 --> Session: Class initialized using 'CodeIgniter\Session\Handlers\FileHandler' driver.
INFO - 2023-01-27 17:17:46 --> Session: Class initialized using 'CodeIgniter\Session\Handlers\FileHandler' driver.
INFO - 2023-01-27 17:17:51 --> Session: Class initialized using 'CodeIgniter\Session\Handlers\FileHandler' driver.
INFO - 2023-01-27 17:17:55 --> Session: Class initialized using 'CodeIgniter\Session\Handlers\FileHandler' driver.
INFO - 2023-01-27 17:18:00 --> Session: Class initialized using 'CodeIgniter\Session\Handlers\FileHandler' driver.
INFO - 2023-01-27 17:18:05 --> Session: Class initialized using 'CodeIgniter\Session\Handlers\FileHandler' driver.
INFO - 2023-01-27 17:18:11 --> Session: Class initialized using 'CodeIgniter\Session\Handlers\FileHandler' driver.
INFO - 2023-01-27 17:18:14 --> Session: Class initialized using 'CodeIgniter\Session\Handlers\FileHandler' driver.
INFO - 2023-01-27 17:18:17 --> Session: Class initialized using 'CodeIgniter\Session\Handlers\FileHandler' driver.
INFO - 2023-01-27 17:18:23 --> Session: Class initialized using 'CodeIgniter\Session\Handlers\FileHandler' driver.
INFO - 2023-01-27 17:18:29 --> Session: Class initialized using 'CodeIgniter\Session\Handlers\FileHandler' driver.
INFO - 2023-01-27 17:18:36 --> Session: Class initialized using 'CodeIgniter\Session\Handlers\FileHandler' driver.
INFO - 2023-01-27 17:18:40 --> Session: Class initialized using 'CodeIgniter\Session\Handlers\FileHandler' driver.
INFO - 2023-01-27 17:18:48 --> Session: Class initialized using 'CodeIgniter\Session\Handlers\FileHandler' driver.
INFO - 2023-01-27 17:18:55 --> Session: Class initialized using 'CodeIgniter\Session\Handlers\FileHandler' driver.
INFO - 2023-01-27 17:19:00 --> Session: Class initialized using 'CodeIgniter\Session\Handlers\FileHandler' driver.
INFO - 2023-01-27 17:19:04 --> Session: Class initialized using 'CodeIgniter\Session\Handlers\FileHandler' driver.
INFO - 2023-01-27 17:19:13 --> Session: Class initialized using 'CodeIgniter\Session\Handlers\FileHandler' driver.
INFO - 2023-01-27 17:19:23 --> Session: Class initialized using 'CodeIgniter\Session\Handlers\FileHandler' driver.
INFO - 2023-01-27 17:19:32 --> Session: Class initialized using 'CodeIgniter\Session\Handlers\FileHandler' driver.
INFO - 2023-01-27 17:19:43 --> Session: Class initialized using 'CodeIgniter\Session\Handlers\FileHandler' driver.
INFO - 2023-01-27 17:19:54 --> Session: Class initialized using 'CodeIgniter\Session\Handlers\FileHandler' driver.
INFO - 2023-01-27 17:20:06 --> Session: Class initialized using 'CodeIgniter\Session\Handlers\FileHandler' driver.
INFO - 2023-01-27 17:20:19 --> Session: Class initialized using 'CodeIgniter\Session\Handlers\FileHandler' driver.
INFO - 2023-01-27 17:20:30 --> Session: Class initialized using 'CodeIgniter\Session\Handlers\FileHandler' driver.
INFO - 2023-01-27 17:20:42 --> Session: Class initialized using 'CodeIgniter\Session\Handlers\FileHandler' driver.
INFO - 2023-01-27 17:20:49 --> Session: Class initialized using 'CodeIgniter\Session\Handlers\FileHandler' driver.
INFO - 2023-01-27 17:21:02 --> Session: Class initialized using 'CodeIgniter\Session\Handlers\FileHandler' driver.
INFO - 2023-01-27 17:21:09 --> Session: Class initialized using 'CodeIgniter\Session\Handlers\FileHandler' driver.
INFO - 2023-01-27 17:21:23 --> Session: Class initialized using 'CodeIgniter\Session\Handlers\FileHandler' driver.
INFO - 2023-01-27 17:21:30 --> Session: Class initialized using 'CodeIgniter\Session\Handlers\FileHandler' driver.
INFO - 2023-01-27 17:21:45 --> Session: Class initialized using 'CodeIgniter\Session\Handlers\FileHandler' driver.
INFO - 2023-01-27 17:21:54 --> Session: Class initialized using 'CodeIgniter\Session\Handlers\FileHandler' driver.
INFO - 2023-01-27 17:22:20 --> Session: Class initialized using 'CodeIgniter\Session\Handlers\FileHandler' driver.
INFO - 2023-01-27 17:22:29 --> Session: Class initialized using 'CodeIgniter\Session\Handlers\FileHandler' driver.
INFO - 2023-01-27 17:22:45 --> Session: Class initialized using 'CodeIgniter\Session\Handlers\FileHandler' driver.
INFO - 2023-01-27 17:23:02 --> Session: Class initialized using 'CodeIgniter\Session\Handlers\FileHandler' driver.
INFO - 2023-01-27 17:23:13 --> Session: Class initialized using 'CodeIgniter\Session\Handlers\FileHandler' driver.
INFO - 2023-01-27 17:23:34 --> Session: Class initialized using 'CodeIgniter\Session\Handlers\FileHandler' driver.
INFO - 2023-01-27 17:24:21 --> Session: Class initialized using 'CodeIgniter\Session\Handlers\FileHandler' driver.
INFO - 2023-01-27 17:24:24 --> Session: Class initialized using 'CodeIgniter\Session\Handlers\FileHandler' driver.
INFO - 2023-01-27 17:24:56 --> Session: Class initialized using 'CodeIgniter\Session\Handlers\FileHandler' driver.
INFO - 2023-01-27 17:24:57 --> Session: Class initialized using 'CodeIgniter\Session\Handlers\FileHandler' driver.
INFO - 2023-01-27 17:24:57 --> Session: Class initialized using 'CodeIgniter\Session\Handlers\FileHandler' driver.
INFO - 2023-01-27 17:24:57 --> Session: Class initialized using 'CodeIgniter\Session\Handlers\FileHandler' driver.
INFO - 2023-01-27 17:24:58 --> Session: Class initialized using 'CodeIgniter\Session\Handlers\FileHandler' driver.
INFO - 2023-01-27 17:24:58 --> Session: Class initialized using 'CodeIgniter\Session\Handlers\FileHandler' driver.
INFO - 2023-01-27 17:24:59 --> Session: Class initialized using 'CodeIgniter\Session\Handlers\FileHandler' driver.
INFO - 2023-01-27 17:24:59 --> Session: Class initialized using 'CodeIgniter\Session\Handlers\FileHandler' driver.
CRITICAL - 2023-01-27 17:24:59 --> Undefined variable $tags_origin
in APPPATH\Controllers\CanvasController.php on line 243.
 1 APPPATH\Controllers\CanvasController.php(243): CodeIgniter\Debug\Exceptions->errorHandler(2, 'Undefined variable $tags_origin', 'APPPATH\\Controllers\\CanvasController.php', 243)
 2 SYSTEMPATH\CodeIgniter.php(934): App\Controllers\CanvasController->tag('tag-8')
 3 SYSTEMPATH\CodeIgniter.php(499): CodeIgniter\CodeIgniter->runController(Object(App\Controllers\CanvasController))
 4 SYSTEMPATH\CodeIgniter.php(368): CodeIgniter\CodeIgniter->handleRequest(null, Object(Config\Cache), false)
 5 FCPATH\index.php(67): CodeIgniter\CodeIgniter->run()
INFO - 2023-01-27 17:24:59 --> Session: Class initialized using 'CodeIgniter\Session\Handlers\FileHandler' driver.
INFO - 2023-01-27 17:32:49 --> Session: Class initialized using 'CodeIgniter\Session\Handlers\FileHandler' driver.
CRITICAL - 2023-01-27 17:32:49 --> Undefined array key "tag_post_id"
in APPPATH\Controllers\CanvasController.php on line 243.
 1 APPPATH\Controllers\CanvasController.php(243): CodeIgniter\Debug\Exceptions->errorHandler(2, 'Undefined array key "tag_post_id"', 'APPPATH\\Controllers\\CanvasController.php', 243)
 2 SYSTEMPATH\CodeIgniter.php(934): App\Controllers\CanvasController->tag('tag-8')
 3 SYSTEMPATH\CodeIgniter.php(499): CodeIgniter\CodeIgniter->runController(Object(App\Controllers\CanvasController))
 4 SYSTEMPATH\CodeIgniter.php(368): CodeIgniter\CodeIgniter->handleRequest(null, Object(Config\Cache), false)
 5 FCPATH\index.php(67): CodeIgniter\CodeIgniter->run()
INFO - 2023-01-27 17:33:03 --> Session: Class initialized using 'CodeIgniter\Session\Handlers\FileHandler' driver.
INFO - 2023-01-27 17:36:35 --> Session: Class initialized using 'CodeIgniter\Session\Handlers\FileHandler' driver.
INFO - 2023-01-27 17:36:54 --> Session: Class initialized using 'CodeIgniter\Session\Handlers\FileHandler' driver.
ERROR - 2023-01-27 17:36:54 --> mysqli_sql_exception: Unknown column 'cate.cate_id' in 'on clause' in D:\Code\Xampp\htdocs\CI4_App\system\Database\MySQLi\Connection.php:295
Stack trace:
#0 D:\Code\Xampp\htdocs\CI4_App\system\Database\MySQLi\Connection.php(295): mysqli->query('SELECT COUNT(*)...', 0)
#1 D:\Code\Xampp\htdocs\CI4_App\system\Database\BaseConnection.php(691): CodeIgniter\Database\MySQLi\Connection->execute('SELECT COUNT(*)...')
#2 D:\Code\Xampp\htdocs\CI4_App\system\Database\BaseConnection.php(605): CodeIgniter\Database\BaseConnection->simpleQuery('SELECT COUNT(*)...')
#3 D:\Code\Xampp\htdocs\CI4_App\system\Database\BaseBuilder.php(1686): CodeIgniter\Database\BaseConnection->query('SELECT COUNT(*)...', Array, false)
#4 D:\Code\Xampp\htdocs\CI4_App\system\Model.php(605): CodeIgniter\Database\BaseBuilder->countAllResults(false)
#5 D:\Code\Xampp\htdocs\CI4_App\system\BaseModel.php(1188): CodeIgniter\Model->countAllResults(false)
#6 D:\Code\Xampp\htdocs\CI4_App\app\Controllers\CanvasController.php(248): CodeIgniter\BaseModel->paginate(10)
#7 D:\Code\Xampp\htdocs\CI4_App\system\CodeIgniter.php(934): App\Controllers\CanvasController->tag('tag-8')
#8 D:\Code\Xampp\htdocs\CI4_App\system\CodeIgniter.php(499): CodeIgniter\CodeIgniter->runController(Object(App\Controllers\CanvasController))
#9 D:\Code\Xampp\htdocs\CI4_App\system\CodeIgniter.php(368): CodeIgniter\CodeIgniter->handleRequest(NULL, Object(Config\Cache), false)
#10 D:\Code\Xampp\htdocs\CI4_App\index.php(67): CodeIgniter\CodeIgniter->run()
#11 {main}
CRITICAL - 2023-01-27 17:36:54 --> Unknown column 'cate.cate_id' in 'on clause'
in SYSTEMPATH\Database\BaseConnection.php on line 645.
 1 SYSTEMPATH\Database\BaseBuilder.php(1686): CodeIgniter\Database\BaseConnection->query('SELECT COUNT(*) AS `numrows`
FROM `post`
LEFT JOIN `cate` ON `cate`.`cate_id` = `post`.`post_cate_id`
WHERE `post_cate_id` IN :post_cate_id:', [...], false)
 2 SYSTEMPATH\Model.php(605): CodeIgniter\Database\BaseBuilder->countAllResults(false)
 3 SYSTEMPATH\BaseModel.php(1188): CodeIgniter\Model->countAllResults(false)
 4 APPPATH\Controllers\CanvasController.php(248): CodeIgniter\BaseModel->paginate(10)
 5 SYSTEMPATH\CodeIgniter.php(934): App\Controllers\CanvasController->tag('tag-8')
 6 SYSTEMPATH\CodeIgniter.php(499): CodeIgniter\CodeIgniter->runController(Object(App\Controllers\CanvasController))
 7 SYSTEMPATH\CodeIgniter.php(368): CodeIgniter\CodeIgniter->handleRequest(null, Object(Config\Cache), false)
 8 FCPATH\index.php(67): CodeIgniter\CodeIgniter->run()
INFO - 2023-01-27 17:37:48 --> Session: Class initialized using 'CodeIgniter\Session\Handlers\FileHandler' driver.
ERROR - 2023-01-27 17:37:48 --> mysqli_sql_exception: Unknown column 'post_id' in 'order clause' in D:\Code\Xampp\htdocs\CI4_App\system\Database\MySQLi\Connection.php:295
Stack trace:
#0 D:\Code\Xampp\htdocs\CI4_App\system\Database\MySQLi\Connection.php(295): mysqli->query('SELECT *\nFROM `...', 0)
#1 D:\Code\Xampp\htdocs\CI4_App\system\Database\BaseConnection.php(691): CodeIgniter\Database\MySQLi\Connection->execute('SELECT *\nFROM `...')
#2 D:\Code\Xampp\htdocs\CI4_App\system\Database\BaseConnection.php(605): CodeIgniter\Database\BaseConnection->simpleQuery('SELECT *\nFROM `...')
#3 D:\Code\Xampp\htdocs\CI4_App\system\Database\BaseBuilder.php(1602): CodeIgniter\Database\BaseConnection->query('SELECT *\nFROM `...', Array, false)
#4 D:\Code\Xampp\htdocs\CI4_App\system\Model.php(240): CodeIgniter\Database\BaseBuilder->get()
#5 D:\Code\Xampp\htdocs\CI4_App\system\BaseModel.php(618): CodeIgniter\Model->doFindAll(10, 0)
#6 D:\Code\Xampp\htdocs\CI4_App\system\BaseModel.php(1192): CodeIgniter\BaseModel->findAll(10, 0)
#7 D:\Code\Xampp\htdocs\CI4_App\app\Controllers\CanvasController.php(248): CodeIgniter\BaseModel->paginate(10)
#8 D:\Code\Xampp\htdocs\CI4_App\system\CodeIgniter.php(934): App\Controllers\CanvasController->tag('tag-8')
#9 D:\Code\Xampp\htdocs\CI4_App\system\CodeIgniter.php(499): CodeIgniter\CodeIgniter->runController(Object(App\Controllers\CanvasController))
#10 D:\Code\Xampp\htdocs\CI4_App\system\CodeIgniter.php(368): CodeIgniter\CodeIgniter->handleRequest(NULL, Object(Config\Cache), false)
#11 D:\Code\Xampp\htdocs\CI4_App\index.php(67): CodeIgniter\CodeIgniter->run()
#12 {main}
CRITICAL - 2023-01-27 17:37:48 --> Unknown column 'post_id' in 'order clause'
in SYSTEMPATH\Database\BaseConnection.php on line 645.
 1 SYSTEMPATH\Database\BaseBuilder.php(1602): CodeIgniter\Database\BaseConnection->query('SELECT *
FROM `post`
LEFT JOIN `cate` ON `cate`.`id` = `post`.`post_cate_id`
WHERE `post_cate_id` IN :post_cate_id:
ORDER BY `post_id` DESC
 LIMIT 10', [...], false)
 2 SYSTEMPATH\Model.php(240): CodeIgniter\Database\BaseBuilder->get()
 3 SYSTEMPATH\BaseModel.php(618): CodeIgniter\Model->doFindAll(10, 0)
 4 SYSTEMPATH\BaseModel.php(1192): CodeIgniter\BaseModel->findAll(10, 0)
 5 APPPATH\Controllers\CanvasController.php(248): CodeIgniter\BaseModel->paginate(10)
 6 SYSTEMPATH\CodeIgniter.php(934): App\Controllers\CanvasController->tag('tag-8')
 7 SYSTEMPATH\CodeIgniter.php(499): CodeIgniter\CodeIgniter->runController(Object(App\Controllers\CanvasController))
 8 SYSTEMPATH\CodeIgniter.php(368): CodeIgniter\CodeIgniter->handleRequest(null, Object(Config\Cache), false)
 9 FCPATH\index.php(67): CodeIgniter\CodeIgniter->run()
INFO - 2023-01-27 17:37:58 --> Session: Class initialized using 'CodeIgniter\Session\Handlers\FileHandler' driver.
INFO - 2023-01-27 17:38:17 --> Session: Class initialized using 'CodeIgniter\Session\Handlers\FileHandler' driver.
ERROR - 2023-01-27 17:38:17 --> mysqli_sql_exception: Column 'id' in where clause is ambiguous in D:\Code\Xampp\htdocs\CI4_App\system\Database\MySQLi\Connection.php:295
Stack trace:
#0 D:\Code\Xampp\htdocs\CI4_App\system\Database\MySQLi\Connection.php(295): mysqli->query('SELECT COUNT(*)...', 0)
#1 D:\Code\Xampp\htdocs\CI4_App\system\Database\BaseConnection.php(691): CodeIgniter\Database\MySQLi\Connection->execute('SELECT COUNT(*)...')
#2 D:\Code\Xampp\htdocs\CI4_App\system\Database\BaseConnection.php(605): CodeIgniter\Database\BaseConnection->simpleQuery('SELECT COUNT(*)...')
#3 D:\Code\Xampp\htdocs\CI4_App\system\Database\BaseBuilder.php(1686): CodeIgniter\Database\BaseConnection->query('SELECT COUNT(*)...', Array, false)
#4 D:\Code\Xampp\htdocs\CI4_App\system\Model.php(605): CodeIgniter\Database\BaseBuilder->countAllResults(false)
#5 D:\Code\Xampp\htdocs\CI4_App\system\BaseModel.php(1188): CodeIgniter\Model->countAllResults(false)
#6 D:\Code\Xampp\htdocs\CI4_App\app\Controllers\CanvasController.php(248): CodeIgniter\BaseModel->paginate(10)
#7 D:\Code\Xampp\htdocs\CI4_App\system\CodeIgniter.php(934): App\Controllers\CanvasController->tag('tag-8')
#8 D:\Code\Xampp\htdocs\CI4_App\system\CodeIgniter.php(499): CodeIgniter\CodeIgniter->runController(Object(App\Controllers\CanvasController))
#9 D:\Code\Xampp\htdocs\CI4_App\system\CodeIgniter.php(368): CodeIgniter\CodeIgniter->handleRequest(NULL, Object(Config\Cache), false)
#10 D:\Code\Xampp\htdocs\CI4_App\index.php(67): CodeIgniter\CodeIgniter->run()
#11 {main}
CRITICAL - 2023-01-27 17:38:17 --> Column 'id' in where clause is ambiguous
in SYSTEMPATH\Database\BaseConnection.php on line 645.
 1 SYSTEMPATH\Database\BaseBuilder.php(1686): CodeIgniter\Database\BaseConnection->query('SELECT COUNT(*) AS `numrows`
FROM `post`
LEFT JOIN `cate` ON `cate`.`id` = `post`.`post_cate_id`
WHERE `id` IN :id:', [...], false)
 2 SYSTEMPATH\Model.php(605): CodeIgniter\Database\BaseBuilder->countAllResults(false)
 3 SYSTEMPATH\BaseModel.php(1188): CodeIgniter\Model->countAllResults(false)
 4 APPPATH\Controllers\CanvasController.php(248): CodeIgniter\BaseModel->paginate(10)
 5 SYSTEMPATH\CodeIgniter.php(934): App\Controllers\CanvasController->tag('tag-8')
 6 SYSTEMPATH\CodeIgniter.php(499): CodeIgniter\CodeIgniter->runController(Object(App\Controllers\CanvasController))
 7 SYSTEMPATH\CodeIgniter.php(368): CodeIgniter\CodeIgniter->handleRequest(null, Object(Config\Cache), false)
 8 FCPATH\index.php(67): CodeIgniter\CodeIgniter->run()
INFO - 2023-01-27 17:38:25 --> Session: Class initialized using 'CodeIgniter\Session\Handlers\FileHandler' driver.
INFO - 2023-01-27 17:38:44 --> Session: Class initialized using 'CodeIgniter\Session\Handlers\FileHandler' driver.
INFO - 2023-01-27 17:38:57 --> Session: Class initialized using 'CodeIgniter\Session\Handlers\FileHandler' driver.
INFO - 2023-01-27 17:40:28 --> Session: Class initialized using 'CodeIgniter\Session\Handlers\FileHandler' driver.
INFO - 2023-01-27 17:42:45 --> Session: Class initialized using 'CodeIgniter\Session\Handlers\FileHandler' driver.
INFO - 2023-01-27 17:42:54 --> Session: Class initialized using 'CodeIgniter\Session\Handlers\FileHandler' driver.
