CRITICAL - 2023-01-15 10:19:47 --> Undefined variable $title
in APPPATH\Views\front_end\canvas_site\Test.php on line 5.
 1 APPPATH\Views\front_end\canvas_site\Test.php(5): CodeIgniter\Debug\Exceptions->errorHandler(2, 'Undefined variable $title', 'APPPATH\\Views\\front_end\\canvas_site\\Test.php', 5)
 2 SYSTEMPATH\View\View.php(213): include('APPPATH\\Views\\front_end\\canvas_site\\Test.php')
 3 SYSTEMPATH\View\View.php(216): CodeIgniter\View\View->CodeIgniter\View\{closure}()
 4 SYSTEMPATH\Common.php(1134): CodeIgniter\View\View->render('front_end/canvas_site/Test', [], true)
 5 APPPATH\Controllers\CanvasController.php(93): view('front_end/canvas_site/Test', [...])
 6 SYSTEMPATH\CodeIgniter.php(927): App\Controllers\CanvasController->postCate('D:\\Code\\Xampp\\htdocs\\CI4_App')
 7 SYSTEMPATH\CodeIgniter.php(482): CodeIgniter\CodeIgniter->runController(Object(App\Controllers\CanvasController))
 8 SYSTEMPATH\CodeIgniter.php(351): CodeIgniter\CodeIgniter->handleRequest(null, Object(Config\Cache), false)
 9 FCPATH\index.php(67): CodeIgniter\CodeIgniter->run()
CRITICAL - 2023-01-15 10:22:49 --> Undefined variable $id
in APPPATH\Controllers\CanvasController.php on line 102.
 1 APPPATH\Controllers\CanvasController.php(102): CodeIgniter\Debug\Exceptions->errorHandler(2, 'Undefined variable $id', 'APPPATH\\Controllers\\CanvasController.php', 102)
 2 SYSTEMPATH\CodeIgniter.php(927): App\Controllers\CanvasController->post('blog-222', 'bai-nay-co-tag-thay-doi', '37')
 3 SYSTEMPATH\CodeIgniter.php(482): CodeIgniter\CodeIgniter->runController(Object(App\Controllers\CanvasController))
 4 SYSTEMPATH\CodeIgniter.php(351): CodeIgniter\CodeIgniter->handleRequest(null, Object(Config\Cache), false)
 5 FCPATH\index.php(67): CodeIgniter\CodeIgniter->run()
CRITICAL - 2023-01-15 10:25:36 --> Undefined variable $cate2
in APPPATH\Views\front_end\canvas_site\Test.php on line 5.
 1 APPPATH\Views\front_end\canvas_site\Test.php(5): CodeIgniter\Debug\Exceptions->errorHandler(2, 'Undefined variable $cate2', 'APPPATH\\Views\\front_end\\canvas_site\\Test.php', 5)
 2 SYSTEMPATH\View\View.php(213): include('APPPATH\\Views\\front_end\\canvas_site\\Test.php')
 3 SYSTEMPATH\View\View.php(216): CodeIgniter\View\View->CodeIgniter\View\{closure}()
 4 SYSTEMPATH\Common.php(1134): CodeIgniter\View\View->render('front_end/canvas_site/Test', [], true)
 5 APPPATH\Controllers\CanvasController.php(91): view('front_end/canvas_site/Test')
 6 SYSTEMPATH\CodeIgniter.php(927): App\Controllers\CanvasController->postCate()
 7 SYSTEMPATH\CodeIgniter.php(482): CodeIgniter\CodeIgniter->runController(Object(App\Controllers\CanvasController))
 8 SYSTEMPATH\CodeIgniter.php(351): CodeIgniter\CodeIgniter->handleRequest(null, Object(Config\Cache), false)
 9 FCPATH\index.php(67): CodeIgniter\CodeIgniter->run()
CRITICAL - 2023-01-15 10:25:56 --> Undefined variable $cate2
in APPPATH\Controllers\CanvasController.php on line 91.
 1 APPPATH\Controllers\CanvasController.php(91): CodeIgniter\Debug\Exceptions->errorHandler(2, 'Undefined variable $cate2', 'APPPATH\\Controllers\\CanvasController.php', 91)
 2 SYSTEMPATH\CodeIgniter.php(927): App\Controllers\CanvasController->postCate()
 3 SYSTEMPATH\CodeIgniter.php(482): CodeIgniter\CodeIgniter->runController(Object(App\Controllers\CanvasController))
 4 SYSTEMPATH\CodeIgniter.php(351): CodeIgniter\CodeIgniter->handleRequest(null, Object(Config\Cache), false)
 5 FCPATH\index.php(67): CodeIgniter\CodeIgniter->run()
CRITICAL - 2023-01-15 10:25:56 --> Undefined variable $cate2
in APPPATH\Controllers\CanvasController.php on line 91.
 1 APPPATH\Controllers\CanvasController.php(91): CodeIgniter\Debug\Exceptions->errorHandler(2, 'Undefined variable $cate2', 'APPPATH\\Controllers\\CanvasController.php', 91)
 2 SYSTEMPATH\CodeIgniter.php(927): App\Controllers\CanvasController->postCate()
 3 SYSTEMPATH\CodeIgniter.php(482): CodeIgniter\CodeIgniter->runController(Object(App\Controllers\CanvasController))
 4 SYSTEMPATH\CodeIgniter.php(351): CodeIgniter\CodeIgniter->handleRequest(null, Object(Config\Cache), false)
 5 FCPATH\index.php(67): CodeIgniter\CodeIgniter->run()
CRITICAL - 2023-01-15 10:29:24 --> Undefined property: stdClass::$cate_id
in APPPATH\Controllers\CanvasController.php on line 105.
 1 APPPATH\Controllers\CanvasController.php(105): CodeIgniter\Debug\Exceptions->errorHandler(2, 'Undefined property: stdClass::$cate_id', 'APPPATH\\Controllers\\CanvasController.php', 105)
 2 SYSTEMPATH\CodeIgniter.php(927): App\Controllers\CanvasController->postCate('dich-vu-van-tai')
 3 SYSTEMPATH\CodeIgniter.php(482): CodeIgniter\CodeIgniter->runController(Object(App\Controllers\CanvasController))
 4 SYSTEMPATH\CodeIgniter.php(351): CodeIgniter\CodeIgniter->handleRequest(null, Object(Config\Cache), false)
 5 FCPATH\index.php(67): CodeIgniter\CodeIgniter->run()
CRITICAL - 2023-01-15 10:29:30 --> Undefined property: stdClass::$cate_id
in APPPATH\Controllers\CanvasController.php on line 105.
 1 APPPATH\Controllers\CanvasController.php(105): CodeIgniter\Debug\Exceptions->errorHandler(2, 'Undefined property: stdClass::$cate_id', 'APPPATH\\Controllers\\CanvasController.php', 105)
 2 SYSTEMPATH\CodeIgniter.php(927): App\Controllers\CanvasController->postCate('dich-vu-van-tai')
 3 SYSTEMPATH\CodeIgniter.php(482): CodeIgniter\CodeIgniter->runController(Object(App\Controllers\CanvasController))
 4 SYSTEMPATH\CodeIgniter.php(351): CodeIgniter\CodeIgniter->handleRequest(null, Object(Config\Cache), false)
 5 FCPATH\index.php(67): CodeIgniter\CodeIgniter->run()
CRITICAL - 2023-01-15 10:30:17 --> Undefined array key "cate_id"
in APPPATH\Controllers\CanvasController.php on line 115.
 1 APPPATH\Controllers\CanvasController.php(115): CodeIgniter\Debug\Exceptions->errorHandler(2, 'Undefined array key "cate_id"', 'APPPATH\\Controllers\\CanvasController.php', 115)
 2 SYSTEMPATH\CodeIgniter.php(927): App\Controllers\CanvasController->postCate('dich-vu-van-tai')
 3 SYSTEMPATH\CodeIgniter.php(482): CodeIgniter\CodeIgniter->runController(Object(App\Controllers\CanvasController))
 4 SYSTEMPATH\CodeIgniter.php(351): CodeIgniter\CodeIgniter->handleRequest(null, Object(Config\Cache), false)
 5 FCPATH\index.php(67): CodeIgniter\CodeIgniter->run()
ERROR - 2023-01-15 10:30:30 --> mysqli_sql_exception: Unknown column 'post_id' in 'order clause' in D:\Code\Xampp\htdocs\CI4_App\system\Database\MySQLi\Connection.php:292
Stack trace:
#0 D:\Code\Xampp\htdocs\CI4_App\system\Database\MySQLi\Connection.php(292): mysqli->query('SELECT *\nFROM `...', 0)
#1 D:\Code\Xampp\htdocs\CI4_App\system\Database\BaseConnection.php(666): CodeIgniter\Database\MySQLi\Connection->execute('SELECT *\nFROM `...')
#2 D:\Code\Xampp\htdocs\CI4_App\system\Database\BaseConnection.php(593): CodeIgniter\Database\BaseConnection->simpleQuery('SELECT *\nFROM `...')
#3 D:\Code\Xampp\htdocs\CI4_App\system\Database\BaseBuilder.php(1585): CodeIgniter\Database\BaseConnection->query('SELECT *\nFROM `...', Array, false)
#4 D:\Code\Xampp\htdocs\CI4_App\system\Model.php(223): CodeIgniter\Database\BaseBuilder->get()
#5 D:\Code\Xampp\htdocs\CI4_App\system\BaseModel.php(585): CodeIgniter\Model->doFindAll(11, 0)
#6 D:\Code\Xampp\htdocs\CI4_App\system\BaseModel.php(1110): CodeIgniter\BaseModel->findAll(11, 0)
#7 D:\Code\Xampp\htdocs\CI4_App\app\Controllers\CanvasController.php(117): CodeIgniter\BaseModel->paginate(11)
#8 D:\Code\Xampp\htdocs\CI4_App\system\CodeIgniter.php(927): App\Controllers\CanvasController->postCate('dich-vu-van-tai')
#9 D:\Code\Xampp\htdocs\CI4_App\system\CodeIgniter.php(482): CodeIgniter\CodeIgniter->runController(Object(App\Controllers\CanvasController))
#10 D:\Code\Xampp\htdocs\CI4_App\system\CodeIgniter.php(351): CodeIgniter\CodeIgniter->handleRequest(NULL, Object(Config\Cache), false)
#11 D:\Code\Xampp\htdocs\CI4_App\index.php(67): CodeIgniter\CodeIgniter->run()
#12 {main}
CRITICAL - 2023-01-15 10:30:30 --> Unknown column 'post_id' in 'order clause'
in SYSTEMPATH\Database\MySQLi\Connection.php on line 292.
 1 SYSTEMPATH\Database\MySQLi\Connection.php(292): mysqli->query('SELECT *
FROM `post`
WHERE `post_cate_id` IN (\'8\')
ORDER BY `post_id` DESC
 LIMIT 11', 0)
 2 SYSTEMPATH\Database\BaseConnection.php(666): CodeIgniter\Database\MySQLi\Connection->execute('SELECT *
FROM `post`
WHERE `post_cate_id` IN (\'8\')
ORDER BY `post_id` DESC
 LIMIT 11')
 3 SYSTEMPATH\Database\BaseConnection.php(593): CodeIgniter\Database\BaseConnection->simpleQuery('SELECT *
FROM `post`
WHERE `post_cate_id` IN (\'8\')
ORDER BY `post_id` DESC
 LIMIT 11')
 4 SYSTEMPATH\Database\BaseBuilder.php(1585): CodeIgniter\Database\BaseConnection->query('SELECT *
FROM `post`
WHERE `post_cate_id` IN :post_cate_id:
ORDER BY `post_id` DESC
 LIMIT 11', [...], false)
 5 SYSTEMPATH\Model.php(223): CodeIgniter\Database\BaseBuilder->get()
 6 SYSTEMPATH\BaseModel.php(585): CodeIgniter\Model->doFindAll(11, 0)
 7 SYSTEMPATH\BaseModel.php(1110): CodeIgniter\BaseModel->findAll(11, 0)
 8 APPPATH\Controllers\CanvasController.php(117): CodeIgniter\BaseModel->paginate(11)
 9 SYSTEMPATH\CodeIgniter.php(927): App\Controllers\CanvasController->postCate('dich-vu-van-tai')
10 SYSTEMPATH\CodeIgniter.php(482): CodeIgniter\CodeIgniter->runController(Object(App\Controllers\CanvasController))
11 SYSTEMPATH\CodeIgniter.php(351): CodeIgniter\CodeIgniter->handleRequest(null, Object(Config\Cache), false)
12 FCPATH\index.php(67): CodeIgniter\CodeIgniter->run()
CRITICAL - 2023-01-15 10:31:18 --> Invalid file: site/post_cate.php
in SYSTEMPATH\Exceptions\FrameworkException.php on line 33.
 1 SYSTEMPATH\View\View.php(201): CodeIgniter\Exceptions\FrameworkException::forInvalidFile('site/post_cate.php')
 2 SYSTEMPATH\Common.php(1134): CodeIgniter\View\View->render('site/post_cate', [], true)
 3 APPPATH\Controllers\CanvasController.php(138): view('site/post_cate', [...])
 4 SYSTEMPATH\CodeIgniter.php(927): App\Controllers\CanvasController->postCate('dich-vu-van-tai')
 5 SYSTEMPATH\CodeIgniter.php(482): CodeIgniter\CodeIgniter->runController(Object(App\Controllers\CanvasController))
 6 SYSTEMPATH\CodeIgniter.php(351): CodeIgniter\CodeIgniter->handleRequest(null, Object(Config\Cache), false)
 7 FCPATH\index.php(67): CodeIgniter\CodeIgniter->run()
CRITICAL - 2023-01-15 10:31:58 --> Invalid file: site/canvas_site/test.php
in SYSTEMPATH\Exceptions\FrameworkException.php on line 33.
 1 SYSTEMPATH\View\View.php(201): CodeIgniter\Exceptions\FrameworkException::forInvalidFile('site/canvas_site/test.php')
 2 SYSTEMPATH\Common.php(1134): CodeIgniter\View\View->render('site/canvas_site/test', [], true)
 3 APPPATH\Controllers\CanvasController.php(138): view('site/canvas_site/test', [...])
 4 SYSTEMPATH\CodeIgniter.php(927): App\Controllers\CanvasController->postCate('dich-vu-van-tai')
 5 SYSTEMPATH\CodeIgniter.php(482): CodeIgniter\CodeIgniter->runController(Object(App\Controllers\CanvasController))
 6 SYSTEMPATH\CodeIgniter.php(351): CodeIgniter\CodeIgniter->handleRequest(null, Object(Config\Cache), false)
 7 FCPATH\index.php(67): CodeIgniter\CodeIgniter->run()
CRITICAL - 2023-01-15 10:32:26 --> Object of class stdClass could not be converted to string
in APPPATH\Views\front_end\canvas_site\test.php on line 5.
 1 SYSTEMPATH\View\View.php(213): include()
 2 SYSTEMPATH\View\View.php(216): CodeIgniter\View\View->CodeIgniter\View\{closure}()
 3 SYSTEMPATH\Common.php(1134): CodeIgniter\View\View->render('front_end/canvas_site/test', [], true)
 4 APPPATH\Controllers\CanvasController.php(138): view('front_end/canvas_site/test', [...])
 5 SYSTEMPATH\CodeIgniter.php(927): App\Controllers\CanvasController->postCate('dich-vu-van-tai')
 6 SYSTEMPATH\CodeIgniter.php(482): CodeIgniter\CodeIgniter->runController(Object(App\Controllers\CanvasController))
 7 SYSTEMPATH\CodeIgniter.php(351): CodeIgniter\CodeIgniter->handleRequest(null, Object(Config\Cache), false)
 8 FCPATH\index.php(67): CodeIgniter\CodeIgniter->run()
