INFO - 2024-04-19 03:18:10 --> Session: Class initialized using 'CodeIgniter\Session\Handlers\FileHandler' driver.
INFO - 2024-04-19 03:18:54 --> Session: Class initialized using 'CodeIgniter\Session\Handlers\FileHandler' driver.
INFO - 2024-04-19 03:20:06 --> Session: Class initialized using 'CodeIgniter\Session\Handlers\FileHandler' driver.
INFO - 2024-04-19 03:20:28 --> Session: Class initialized using 'CodeIgniter\Session\Handlers\FileHandler' driver.
INFO - 2024-04-19 03:21:19 --> Session: Class initialized using 'CodeIgniter\Session\Handlers\FileHandler' driver.
INFO - 2024-04-19 03:37:07 --> Session: Class initialized using 'CodeIgniter\Session\Handlers\FileHandler' driver.
INFO - 2024-04-19 03:37:37 --> Session: Class initialized using 'CodeIgniter\Session\Handlers\FileHandler' driver.
INFO - 2024-04-19 03:38:59 --> Session: Class initialized using 'CodeIgniter\Session\Handlers\FileHandler' driver.
INFO - 2024-04-19 03:40:22 --> Session: Class initialized using 'CodeIgniter\Session\Handlers\FileHandler' driver.
INFO - 2024-04-19 03:40:35 --> Session: Class initialized using 'CodeIgniter\Session\Handlers\FileHandler' driver.
INFO - 2024-04-19 03:40:42 --> Session: Class initialized using 'CodeIgniter\Session\Handlers\FileHandler' driver.
INFO - 2024-04-19 03:40:45 --> Session: Class initialized using 'CodeIgniter\Session\Handlers\FileHandler' driver.
INFO - 2024-04-19 03:41:23 --> Session: Class initialized using 'CodeIgniter\Session\Handlers\FileHandler' driver.
CRITICAL - 2024-04-19 03:41:23 --> Undefined variable $gallery_cate_2
in APPPATH\Views\front_end\dailong_site\gallery_cate.php on line 123.
 1 APPPATH\Views\front_end\dailong_site\gallery_cate.php(123): CodeIgniter\Debug\Exceptions->errorHandler(2, 'Undefined variable $gallery_cate_2', 'APPPATH\\Views\\front_end\\dailong_site\\gallery_cate.php', 123)
 2 SYSTEMPATH\View\View.php(213): include('APPPATH\\Views\\front_end\\dailong_site\\gallery_cate.php')
 3 SYSTEMPATH\View\View.php(216): CodeIgniter\View\View->CodeIgniter\View\{closure}()
 4 SYSTEMPATH\Common.php(1177): CodeIgniter\View\View->render('front_end/dailong_site/gallery_cate', [], true)
 5 APPPATH\Controllers\CanvasController.php(220): view('front_end/dailong_site/gallery_cate', [...])
 6 SYSTEMPATH\CodeIgniter.php(935): App\Controllers\CanvasController->postCate('bo-suu-tap', '26')
 7 SYSTEMPATH\CodeIgniter.php(500): CodeIgniter\CodeIgniter->runController(Object(App\Controllers\CanvasController))
 8 SYSTEMPATH\CodeIgniter.php(369): CodeIgniter\CodeIgniter->handleRequest(null, Object(Config\Cache), false)
 9 FCPATH\index.php(67): CodeIgniter\CodeIgniter->run()
INFO - 2024-04-19 03:41:30 --> Session: Class initialized using 'CodeIgniter\Session\Handlers\FileHandler' driver.
INFO - 2024-04-19 03:41:59 --> Session: Class initialized using 'CodeIgniter\Session\Handlers\FileHandler' driver.
INFO - 2024-04-19 03:43:38 --> Session: Class initialized using 'CodeIgniter\Session\Handlers\FileHandler' driver.
INFO - 2024-04-19 03:43:45 --> Session: Class initialized using 'CodeIgniter\Session\Handlers\FileHandler' driver.
INFO - 2024-04-19 03:43:45 --> Session: Class initialized using 'CodeIgniter\Session\Handlers\FileHandler' driver.
INFO - 2024-04-19 03:43:46 --> Session: Class initialized using 'CodeIgniter\Session\Handlers\FileHandler' driver.
CRITICAL - 2024-04-19 03:43:46 --> Invalid file: "front_end/canvas_site/layout.php"
in SYSTEMPATH\Exceptions\FrameworkException.php on line 33.
 1 SYSTEMPATH\View\View.php(201): CodeIgniter\Exceptions\FrameworkException::forInvalidFile('front_end/canvas_site/layout.php')
 2 SYSTEMPATH\View\View.php(229): CodeIgniter\View\View->render('front_end/canvas_site/layout', [], true)
 3 SYSTEMPATH\Common.php(1177): CodeIgniter\View\View->render('front_end/dailong_site/404_error/404_class_gallery', [], true)
 4 APPPATH\Controllers\CanvasController.php(580): view('front_end/dailong_site/404_error/404_class_gallery')
 5 SYSTEMPATH\CodeIgniter.php(935): App\Controllers\CanvasController->class_gallery('FCPATH\\switcher-html.html')
 6 SYSTEMPATH\CodeIgniter.php(500): CodeIgniter\CodeIgniter->runController(Object(App\Controllers\CanvasController))
 7 SYSTEMPATH\CodeIgniter.php(369): CodeIgniter\CodeIgniter->handleRequest(null, Object(Config\Cache), false)
 8 FCPATH\index.php(67): CodeIgniter\CodeIgniter->run()
INFO - 2024-04-19 03:43:49 --> Session: Class initialized using 'CodeIgniter\Session\Handlers\FileHandler' driver.
INFO - 2024-04-19 03:54:03 --> Session: Class initialized using 'CodeIgniter\Session\Handlers\FileHandler' driver.
INFO - 2024-04-19 03:54:51 --> Session: Class initialized using 'CodeIgniter\Session\Handlers\FileHandler' driver.
INFO - 2024-04-19 03:59:05 --> Session: Class initialized using 'CodeIgniter\Session\Handlers\FileHandler' driver.
CRITICAL - 2024-04-19 03:59:05 --> Undefined array key "post_cate_slug"
in APPPATH\Views\front_end\dailong_site\gallery_cate.php on line 149.
 1 APPPATH\Views\front_end\dailong_site\gallery_cate.php(149): CodeIgniter\Debug\Exceptions->errorHandler(2, 'Undefined array key "post_cate_slug"', 'APPPATH\\Views\\front_end\\dailong_site\\gallery_cate.php', 149)
 2 SYSTEMPATH\View\View.php(213): include('APPPATH\\Views\\front_end\\dailong_site\\gallery_cate.php')
 3 SYSTEMPATH\View\View.php(216): CodeIgniter\View\View->CodeIgniter\View\{closure}()
 4 SYSTEMPATH\Common.php(1177): CodeIgniter\View\View->render('front_end/dailong_site/gallery_cate', [], true)
 5 APPPATH\Controllers\CanvasController.php(220): view('front_end/dailong_site/gallery_cate', [...])
 6 SYSTEMPATH\CodeIgniter.php(935): App\Controllers\CanvasController->postCate('bo-suu-tap', '26')
 7 SYSTEMPATH\CodeIgniter.php(500): CodeIgniter\CodeIgniter->runController(Object(App\Controllers\CanvasController))
 8 SYSTEMPATH\CodeIgniter.php(369): CodeIgniter\CodeIgniter->handleRequest(null, Object(Config\Cache), false)
 9 FCPATH\index.php(67): CodeIgniter\CodeIgniter->run()
INFO - 2024-04-19 03:59:44 --> Session: Class initialized using 'CodeIgniter\Session\Handlers\FileHandler' driver.
CRITICAL - 2024-04-19 03:59:44 --> Undefined array key "post_cate_slug"
in APPPATH\Views\front_end\dailong_site\gallery_cate.php on line 149.
 1 APPPATH\Views\front_end\dailong_site\gallery_cate.php(149): CodeIgniter\Debug\Exceptions->errorHandler(2, 'Undefined array key "post_cate_slug"', 'APPPATH\\Views\\front_end\\dailong_site\\gallery_cate.php', 149)
 2 SYSTEMPATH\View\View.php(213): include('APPPATH\\Views\\front_end\\dailong_site\\gallery_cate.php')
 3 SYSTEMPATH\View\View.php(216): CodeIgniter\View\View->CodeIgniter\View\{closure}()
 4 SYSTEMPATH\Common.php(1177): CodeIgniter\View\View->render('front_end/dailong_site/gallery_cate', [], true)
 5 APPPATH\Controllers\CanvasController.php(220): view('front_end/dailong_site/gallery_cate', [...])
 6 SYSTEMPATH\CodeIgniter.php(935): App\Controllers\CanvasController->postCate('bo-suu-tap', '26')
 7 SYSTEMPATH\CodeIgniter.php(500): CodeIgniter\CodeIgniter->runController(Object(App\Controllers\CanvasController))
 8 SYSTEMPATH\CodeIgniter.php(369): CodeIgniter\CodeIgniter->handleRequest(null, Object(Config\Cache), false)
 9 FCPATH\index.php(67): CodeIgniter\CodeIgniter->run()
INFO - 2024-04-19 04:02:06 --> Session: Class initialized using 'CodeIgniter\Session\Handlers\FileHandler' driver.
CRITICAL - 2024-04-19 04:02:06 --> Undefined array key "post_cate_slug"
in APPPATH\Views\front_end\dailong_site\gallery_cate.php on line 149.
 1 APPPATH\Views\front_end\dailong_site\gallery_cate.php(149): CodeIgniter\Debug\Exceptions->errorHandler(2, 'Undefined array key "post_cate_slug"', 'APPPATH\\Views\\front_end\\dailong_site\\gallery_cate.php', 149)
 2 SYSTEMPATH\View\View.php(213): include('APPPATH\\Views\\front_end\\dailong_site\\gallery_cate.php')
 3 SYSTEMPATH\View\View.php(216): CodeIgniter\View\View->CodeIgniter\View\{closure}()
 4 SYSTEMPATH\Common.php(1177): CodeIgniter\View\View->render('front_end/dailong_site/gallery_cate', [], true)
 5 APPPATH\Controllers\CanvasController.php(220): view('front_end/dailong_site/gallery_cate', [...])
 6 SYSTEMPATH\CodeIgniter.php(935): App\Controllers\CanvasController->postCate('bo-suu-tap', '26')
 7 SYSTEMPATH\CodeIgniter.php(500): CodeIgniter\CodeIgniter->runController(Object(App\Controllers\CanvasController))
 8 SYSTEMPATH\CodeIgniter.php(369): CodeIgniter\CodeIgniter->handleRequest(null, Object(Config\Cache), false)
 9 FCPATH\index.php(67): CodeIgniter\CodeIgniter->run()
INFO - 2024-04-19 04:02:19 --> Session: Class initialized using 'CodeIgniter\Session\Handlers\FileHandler' driver.
CRITICAL - 2024-04-19 04:02:19 --> Undefined array key "post_cate_slug"
in APPPATH\Views\front_end\dailong_site\gallery_cate.php on line 149.
 1 APPPATH\Views\front_end\dailong_site\gallery_cate.php(149): CodeIgniter\Debug\Exceptions->errorHandler(2, 'Undefined array key "post_cate_slug"', 'APPPATH\\Views\\front_end\\dailong_site\\gallery_cate.php', 149)
 2 SYSTEMPATH\View\View.php(213): include('APPPATH\\Views\\front_end\\dailong_site\\gallery_cate.php')
 3 SYSTEMPATH\View\View.php(216): CodeIgniter\View\View->CodeIgniter\View\{closure}()
 4 SYSTEMPATH\Common.php(1177): CodeIgniter\View\View->render('front_end/dailong_site/gallery_cate', [], true)
 5 APPPATH\Controllers\CanvasController.php(220): view('front_end/dailong_site/gallery_cate', [...])
 6 SYSTEMPATH\CodeIgniter.php(935): App\Controllers\CanvasController->postCate('bo-suu-tap', '26')
 7 SYSTEMPATH\CodeIgniter.php(500): CodeIgniter\CodeIgniter->runController(Object(App\Controllers\CanvasController))
 8 SYSTEMPATH\CodeIgniter.php(369): CodeIgniter\CodeIgniter->handleRequest(null, Object(Config\Cache), false)
 9 FCPATH\index.php(67): CodeIgniter\CodeIgniter->run()
INFO - 2024-04-19 04:27:47 --> Session: Class initialized using 'CodeIgniter\Session\Handlers\FileHandler' driver.
INFO - 2024-04-19 04:33:32 --> Session: Class initialized using 'CodeIgniter\Session\Handlers\FileHandler' driver.
CRITICAL - 2024-04-19 04:33:32 --> Undefined array key "post_cate_slug"
in APPPATH\Views\front_end\dailong_site\gallery_cate.php on line 149.
 1 APPPATH\Views\front_end\dailong_site\gallery_cate.php(149): CodeIgniter\Debug\Exceptions->errorHandler(2, 'Undefined array key "post_cate_slug"', 'APPPATH\\Views\\front_end\\dailong_site\\gallery_cate.php', 149)
 2 SYSTEMPATH\View\View.php(213): include('APPPATH\\Views\\front_end\\dailong_site\\gallery_cate.php')
 3 SYSTEMPATH\View\View.php(216): CodeIgniter\View\View->CodeIgniter\View\{closure}()
 4 SYSTEMPATH\Common.php(1177): CodeIgniter\View\View->render('front_end/dailong_site/gallery_cate', [], true)
 5 APPPATH\Controllers\CanvasController.php(221): view('front_end/dailong_site/gallery_cate', [...])
 6 SYSTEMPATH\CodeIgniter.php(935): App\Controllers\CanvasController->postCate('bo-suu-tap', '26')
 7 SYSTEMPATH\CodeIgniter.php(500): CodeIgniter\CodeIgniter->runController(Object(App\Controllers\CanvasController))
 8 SYSTEMPATH\CodeIgniter.php(369): CodeIgniter\CodeIgniter->handleRequest(null, Object(Config\Cache), false)
 9 FCPATH\index.php(67): CodeIgniter\CodeIgniter->run()
INFO - 2024-04-19 04:34:39 --> Session: Class initialized using 'CodeIgniter\Session\Handlers\FileHandler' driver.
CRITICAL - 2024-04-19 04:34:39 --> Undefined variable $most_view_post
in APPPATH\Views\front_end\dailong_site\gallery_cate.php on line 143.
 1 APPPATH\Views\front_end\dailong_site\gallery_cate.php(143): CodeIgniter\Debug\Exceptions->errorHandler(2, 'Undefined variable $most_view_post', 'APPPATH\\Views\\front_end\\dailong_site\\gallery_cate.php', 143)
 2 SYSTEMPATH\View\View.php(213): include('APPPATH\\Views\\front_end\\dailong_site\\gallery_cate.php')
 3 SYSTEMPATH\View\View.php(216): CodeIgniter\View\View->CodeIgniter\View\{closure}()
 4 SYSTEMPATH\Common.php(1177): CodeIgniter\View\View->render('front_end/dailong_site/gallery_cate', [], true)
 5 APPPATH\Controllers\CanvasController.php(221): view('front_end/dailong_site/gallery_cate', [...])
 6 SYSTEMPATH\CodeIgniter.php(935): App\Controllers\CanvasController->postCate('bo-suu-tap', '26')
 7 SYSTEMPATH\CodeIgniter.php(500): CodeIgniter\CodeIgniter->runController(Object(App\Controllers\CanvasController))
 8 SYSTEMPATH\CodeIgniter.php(369): CodeIgniter\CodeIgniter->handleRequest(null, Object(Config\Cache), false)
 9 FCPATH\index.php(67): CodeIgniter\CodeIgniter->run()
INFO - 2024-04-19 04:35:12 --> Session: Class initialized using 'CodeIgniter\Session\Handlers\FileHandler' driver.
INFO - 2024-04-19 04:35:42 --> Session: Class initialized using 'CodeIgniter\Session\Handlers\FileHandler' driver.
INFO - 2024-04-19 04:40:34 --> Session: Class initialized using 'CodeIgniter\Session\Handlers\FileHandler' driver.
INFO - 2024-04-19 04:40:51 --> Session: Class initialized using 'CodeIgniter\Session\Handlers\FileHandler' driver.
INFO - 2024-04-19 04:40:51 --> Session: Class initialized using 'CodeIgniter\Session\Handlers\FileHandler' driver.
INFO - 2024-04-19 04:40:51 --> Session: Class initialized using 'CodeIgniter\Session\Handlers\FileHandler' driver.
INFO - 2024-04-19 04:40:51 --> Session: Class initialized using 'CodeIgniter\Session\Handlers\FileHandler' driver.
INFO - 2024-04-19 04:40:52 --> Session: Class initialized using 'CodeIgniter\Session\Handlers\FileHandler' driver.
INFO - 2024-04-19 04:40:52 --> Session: Class initialized using 'CodeIgniter\Session\Handlers\FileHandler' driver.
INFO - 2024-04-19 04:40:52 --> Session: Class initialized using 'CodeIgniter\Session\Handlers\FileHandler' driver.
INFO - 2024-04-19 04:40:52 --> Session: Class initialized using 'CodeIgniter\Session\Handlers\FileHandler' driver.
CRITICAL - 2024-04-19 04:40:52 --> Invalid file: "front_end/canvas_site/layout.php"
in SYSTEMPATH\Exceptions\FrameworkException.php on line 33.
 1 SYSTEMPATH\View\View.php(201): CodeIgniter\Exceptions\FrameworkException::forInvalidFile('front_end/canvas_site/layout.php')
 2 SYSTEMPATH\View\View.php(229): CodeIgniter\View\View->render('front_end/canvas_site/layout', [], true)
 3 SYSTEMPATH\Common.php(1177): CodeIgniter\View\View->render('front_end/dailong_site/404_error/404_class_gallery', [], true)
 4 APPPATH\Controllers\CanvasController.php(582): view('front_end/dailong_site/404_error/404_class_gallery')
 5 SYSTEMPATH\CodeIgniter.php(935): App\Controllers\CanvasController->class_gallery('2.jpg')
 6 SYSTEMPATH\CodeIgniter.php(500): CodeIgniter\CodeIgniter->runController(Object(App\Controllers\CanvasController))
 7 SYSTEMPATH\CodeIgniter.php(369): CodeIgniter\CodeIgniter->handleRequest(null, Object(Config\Cache), false)
 8 FCPATH\index.php(67): CodeIgniter\CodeIgniter->run()
INFO - 2024-04-19 04:40:52 --> Session: Class initialized using 'CodeIgniter\Session\Handlers\FileHandler' driver.
CRITICAL - 2024-04-19 04:40:52 --> Invalid file: "front_end/canvas_site/layout.php"
in SYSTEMPATH\Exceptions\FrameworkException.php on line 33.
 1 SYSTEMPATH\View\View.php(201): CodeIgniter\Exceptions\FrameworkException::forInvalidFile('front_end/canvas_site/layout.php')
 2 SYSTEMPATH\View\View.php(229): CodeIgniter\View\View->render('front_end/canvas_site/layout', [], true)
 3 SYSTEMPATH\Common.php(1177): CodeIgniter\View\View->render('front_end/dailong_site/404_error/404_class_gallery', [], true)
 4 APPPATH\Controllers\CanvasController.php(582): view('front_end/dailong_site/404_error/404_class_gallery')
 5 SYSTEMPATH\CodeIgniter.php(935): App\Controllers\CanvasController->class_gallery('4.jpg')
 6 SYSTEMPATH\CodeIgniter.php(500): CodeIgniter\CodeIgniter->runController(Object(App\Controllers\CanvasController))
 7 SYSTEMPATH\CodeIgniter.php(369): CodeIgniter\CodeIgniter->handleRequest(null, Object(Config\Cache), false)
 8 FCPATH\index.php(67): CodeIgniter\CodeIgniter->run()
INFO - 2024-04-19 04:40:52 --> Session: Class initialized using 'CodeIgniter\Session\Handlers\FileHandler' driver.
CRITICAL - 2024-04-19 04:40:52 --> Invalid file: "front_end/canvas_site/layout.php"
in SYSTEMPATH\Exceptions\FrameworkException.php on line 33.
 1 SYSTEMPATH\View\View.php(201): CodeIgniter\Exceptions\FrameworkException::forInvalidFile('front_end/canvas_site/layout.php')
 2 SYSTEMPATH\View\View.php(229): CodeIgniter\View\View->render('front_end/canvas_site/layout', [], true)
 3 SYSTEMPATH\Common.php(1177): CodeIgniter\View\View->render('front_end/dailong_site/404_error/404_class_gallery', [], true)
 4 APPPATH\Controllers\CanvasController.php(582): view('front_end/dailong_site/404_error/404_class_gallery')
 5 SYSTEMPATH\CodeIgniter.php(935): App\Controllers\CanvasController->class_gallery('3.jpg')
 6 SYSTEMPATH\CodeIgniter.php(500): CodeIgniter\CodeIgniter->runController(Object(App\Controllers\CanvasController))
 7 SYSTEMPATH\CodeIgniter.php(369): CodeIgniter\CodeIgniter->handleRequest(null, Object(Config\Cache), false)
 8 FCPATH\index.php(67): CodeIgniter\CodeIgniter->run()
INFO - 2024-04-19 04:40:52 --> Session: Class initialized using 'CodeIgniter\Session\Handlers\FileHandler' driver.
CRITICAL - 2024-04-19 04:40:52 --> Invalid file: "front_end/canvas_site/layout.php"
in SYSTEMPATH\Exceptions\FrameworkException.php on line 33.
 1 SYSTEMPATH\View\View.php(201): CodeIgniter\Exceptions\FrameworkException::forInvalidFile('front_end/canvas_site/layout.php')
 2 SYSTEMPATH\View\View.php(229): CodeIgniter\View\View->render('front_end/canvas_site/layout', [], true)
 3 SYSTEMPATH\Common.php(1177): CodeIgniter\View\View->render('front_end/dailong_site/404_error/404_class_gallery', [], true)
 4 APPPATH\Controllers\CanvasController.php(582): view('front_end/dailong_site/404_error/404_class_gallery')
 5 SYSTEMPATH\CodeIgniter.php(935): App\Controllers\CanvasController->class_gallery('6.jpg')
 6 SYSTEMPATH\CodeIgniter.php(500): CodeIgniter\CodeIgniter->runController(Object(App\Controllers\CanvasController))
 7 SYSTEMPATH\CodeIgniter.php(369): CodeIgniter\CodeIgniter->handleRequest(null, Object(Config\Cache), false)
 8 FCPATH\index.php(67): CodeIgniter\CodeIgniter->run()
INFO - 2024-04-19 04:40:52 --> Session: Class initialized using 'CodeIgniter\Session\Handlers\FileHandler' driver.
CRITICAL - 2024-04-19 04:40:52 --> Invalid file: "front_end/canvas_site/layout.php"
in SYSTEMPATH\Exceptions\FrameworkException.php on line 33.
 1 SYSTEMPATH\View\View.php(201): CodeIgniter\Exceptions\FrameworkException::forInvalidFile('front_end/canvas_site/layout.php')
 2 SYSTEMPATH\View\View.php(229): CodeIgniter\View\View->render('front_end/canvas_site/layout', [], true)
 3 SYSTEMPATH\Common.php(1177): CodeIgniter\View\View->render('front_end/dailong_site/404_error/404_class_gallery', [], true)
 4 APPPATH\Controllers\CanvasController.php(582): view('front_end/dailong_site/404_error/404_class_gallery')
 5 SYSTEMPATH\CodeIgniter.php(935): App\Controllers\CanvasController->class_gallery('1.jpg')
 6 SYSTEMPATH\CodeIgniter.php(500): CodeIgniter\CodeIgniter->runController(Object(App\Controllers\CanvasController))
 7 SYSTEMPATH\CodeIgniter.php(369): CodeIgniter\CodeIgniter->handleRequest(null, Object(Config\Cache), false)
 8 FCPATH\index.php(67): CodeIgniter\CodeIgniter->run()
INFO - 2024-04-19 04:40:52 --> Session: Class initialized using 'CodeIgniter\Session\Handlers\FileHandler' driver.
CRITICAL - 2024-04-19 04:40:52 --> Invalid file: "front_end/canvas_site/layout.php"
in SYSTEMPATH\Exceptions\FrameworkException.php on line 33.
 1 SYSTEMPATH\View\View.php(201): CodeIgniter\Exceptions\FrameworkException::forInvalidFile('front_end/canvas_site/layout.php')
 2 SYSTEMPATH\View\View.php(229): CodeIgniter\View\View->render('front_end/canvas_site/layout', [], true)
 3 SYSTEMPATH\Common.php(1177): CodeIgniter\View\View->render('front_end/dailong_site/404_error/404_class_gallery', [], true)
 4 APPPATH\Controllers\CanvasController.php(582): view('front_end/dailong_site/404_error/404_class_gallery')
 5 SYSTEMPATH\CodeIgniter.php(935): App\Controllers\CanvasController->class_gallery('5.jpg')
 6 SYSTEMPATH\CodeIgniter.php(500): CodeIgniter\CodeIgniter->runController(Object(App\Controllers\CanvasController))
 7 SYSTEMPATH\CodeIgniter.php(369): CodeIgniter\CodeIgniter->handleRequest(null, Object(Config\Cache), false)
 8 FCPATH\index.php(67): CodeIgniter\CodeIgniter->run()
INFO - 2024-04-19 04:40:52 --> Session: Class initialized using 'CodeIgniter\Session\Handlers\FileHandler' driver.
INFO - 2024-04-19 04:40:52 --> Session: Class initialized using 'CodeIgniter\Session\Handlers\FileHandler' driver.
INFO - 2024-04-19 04:40:52 --> Session: Class initialized using 'CodeIgniter\Session\Handlers\FileHandler' driver.
CRITICAL - 2024-04-19 04:40:52 --> Invalid file: "front_end/canvas_site/layout.php"
in SYSTEMPATH\Exceptions\FrameworkException.php on line 33.
 1 SYSTEMPATH\View\View.php(201): CodeIgniter\Exceptions\FrameworkException::forInvalidFile('front_end/canvas_site/layout.php')
 2 SYSTEMPATH\View\View.php(229): CodeIgniter\View\View->render('front_end/canvas_site/layout', [], true)
 3 SYSTEMPATH\Common.php(1177): CodeIgniter\View\View->render('front_end/dailong_site/404_error/404_class_gallery', [], true)
 4 APPPATH\Controllers\CanvasController.php(582): view('front_end/dailong_site/404_error/404_class_gallery')
 5 SYSTEMPATH\CodeIgniter.php(935): App\Controllers\CanvasController->class_gallery('7.jpg')
 6 SYSTEMPATH\CodeIgniter.php(500): CodeIgniter\CodeIgniter->runController(Object(App\Controllers\CanvasController))
 7 SYSTEMPATH\CodeIgniter.php(369): CodeIgniter\CodeIgniter->handleRequest(null, Object(Config\Cache), false)
 8 FCPATH\index.php(67): CodeIgniter\CodeIgniter->run()
INFO - 2024-04-19 04:40:53 --> Session: Class initialized using 'CodeIgniter\Session\Handlers\FileHandler' driver.
CRITICAL - 2024-04-19 04:40:53 --> Invalid file: "front_end/canvas_site/layout.php"
in SYSTEMPATH\Exceptions\FrameworkException.php on line 33.
 1 SYSTEMPATH\View\View.php(201): CodeIgniter\Exceptions\FrameworkException::forInvalidFile('front_end/canvas_site/layout.php')
 2 SYSTEMPATH\View\View.php(229): CodeIgniter\View\View->render('front_end/canvas_site/layout', [], true)
 3 SYSTEMPATH\Common.php(1177): CodeIgniter\View\View->render('front_end/dailong_site/404_error/404_class_gallery', [], true)
 4 APPPATH\Controllers\CanvasController.php(582): view('front_end/dailong_site/404_error/404_class_gallery')
 5 SYSTEMPATH\CodeIgniter.php(935): App\Controllers\CanvasController->class_gallery('8.jpg')
 6 SYSTEMPATH\CodeIgniter.php(500): CodeIgniter\CodeIgniter->runController(Object(App\Controllers\CanvasController))
 7 SYSTEMPATH\CodeIgniter.php(369): CodeIgniter\CodeIgniter->handleRequest(null, Object(Config\Cache), false)
 8 FCPATH\index.php(67): CodeIgniter\CodeIgniter->run()
INFO - 2024-04-19 04:41:47 --> Session: Class initialized using 'CodeIgniter\Session\Handlers\FileHandler' driver.
INFO - 2024-04-19 04:42:57 --> Session: Class initialized using 'CodeIgniter\Session\Handlers\FileHandler' driver.
INFO - 2024-04-19 04:43:27 --> Session: Class initialized using 'CodeIgniter\Session\Handlers\FileHandler' driver.
INFO - 2024-04-19 04:43:50 --> Session: Class initialized using 'CodeIgniter\Session\Handlers\FileHandler' driver.
INFO - 2024-04-19 04:44:35 --> Session: Class initialized using 'CodeIgniter\Session\Handlers\FileHandler' driver.
INFO - 2024-04-19 04:45:13 --> Session: Class initialized using 'CodeIgniter\Session\Handlers\FileHandler' driver.
INFO - 2024-04-19 04:45:54 --> Session: Class initialized using 'CodeIgniter\Session\Handlers\FileHandler' driver.
INFO - 2024-04-19 04:46:25 --> Session: Class initialized using 'CodeIgniter\Session\Handlers\FileHandler' driver.
INFO - 2024-04-19 04:46:35 --> Session: Class initialized using 'CodeIgniter\Session\Handlers\FileHandler' driver.
INFO - 2024-04-19 04:46:47 --> Session: Class initialized using 'CodeIgniter\Session\Handlers\FileHandler' driver.
INFO - 2024-04-19 04:47:07 --> Session: Class initialized using 'CodeIgniter\Session\Handlers\FileHandler' driver.
INFO - 2024-04-19 05:34:34 --> Session: Class initialized using 'CodeIgniter\Session\Handlers\FileHandler' driver.
CRITICAL - 2024-04-19 05:34:34 --> Undefined variable $most_view
in APPPATH\Controllers\CanvasController.php on line 209.
 1 APPPATH\Controllers\CanvasController.php(209): CodeIgniter\Debug\Exceptions->errorHandler(2, 'Undefined variable $most_view', 'APPPATH\\Controllers\\CanvasController.php', 209)
 2 SYSTEMPATH\CodeIgniter.php(935): App\Controllers\CanvasController->postCate('bo-suu-tap', '26')
 3 SYSTEMPATH\CodeIgniter.php(500): CodeIgniter\CodeIgniter->runController(Object(App\Controllers\CanvasController))
 4 SYSTEMPATH\CodeIgniter.php(369): CodeIgniter\CodeIgniter->handleRequest(null, Object(Config\Cache), false)
 5 FCPATH\index.php(67): CodeIgniter\CodeIgniter->run()
INFO - 2024-04-19 05:34:50 --> Session: Class initialized using 'CodeIgniter\Session\Handlers\FileHandler' driver.
INFO - 2024-04-19 16:47:07 --> Session: Class initialized using 'CodeIgniter\Session\Handlers\FileHandler' driver.
INFO - 2024-04-19 16:47:19 --> Session: Class initialized using 'CodeIgniter\Session\Handlers\FileHandler' driver.
INFO - 2024-04-19 16:48:42 --> Session: Class initialized using 'CodeIgniter\Session\Handlers\FileHandler' driver.
INFO - 2024-04-19 16:48:58 --> Session: Class initialized using 'CodeIgniter\Session\Handlers\FileHandler' driver.
