CRITICAL - 2022-12-26 09:29:14 --> Maximum execution time of 120 seconds exceeded
in FCPATH\vendor\tinify\tinify\lib\Tinify\Client.php on line 105.
 1 [internal function]: CodeIgniter\Debug\Exceptions->shutdownHandler()
CRITICAL - 2022-12-26 09:32:39 --> Maximum execution time of 120 seconds exceeded
in FCPATH\vendor\tinify\tinify\lib\Tinify\Client.php on line 105.
 1 [internal function]: CodeIgniter\Debug\Exceptions->shutdownHandler()
CRITICAL - 2022-12-26 09:47:53 --> Undefined variable $ch
in FCPATH\vendor\tinify\tinify\lib\Tinify\Client.php on line 106.
 1 FCPATH\vendor\tinify\tinify\lib\Tinify\Client.php(106): CodeIgniter\Debug\Exceptions->errorHandler(2, 'Undefined variable $ch', 'FCPATH\\vendor\\tinify\\tinify\\lib\\Tinify\\Client.php', 106)
 2 FCPATH\vendor\tinify\tinify\lib\Tinify.php(89): Tinify\Client->request('post', 'https://api.tinify.com/shrink')
 3 APPPATH\Controllers\Admin\ImageController.php(7): Tinify\validate()
 4 SYSTEMPATH\Autoloader\Autoloader.php(282): include_once('APPPATH\\Controllers\\Admin\\ImageController.php')
 5 SYSTEMPATH\Autoloader\Autoloader.php(259): CodeIgniter\Autoloader\Autoloader->includeFile('APPPATH\\Controllers\\Admin\\ImageController.php')
 6 SYSTEMPATH\Autoloader\Autoloader.php(237): CodeIgniter\Autoloader\Autoloader->loadInNamespace('App\\Controllers\\Admin\\ImageController')
 7 [internal function]: CodeIgniter\Autoloader\Autoloader->loadClass('App\\Controllers\\Admin\\ImageController')
 8 SYSTEMPATH\CodeIgniter.php(877): class_exists('\\App\\Controllers\\Admin\\ImageController', true)
 9 SYSTEMPATH\CodeIgniter.php(469): CodeIgniter\CodeIgniter->startController()
10 SYSTEMPATH\CodeIgniter.php(351): CodeIgniter\CodeIgniter->handleRequest(null, Object(Config\Cache), false)
11 FCPATH\index.php(67): CodeIgniter\CodeIgniter->run()
CRITICAL - 2022-12-26 09:48:34 --> Undefined variable $postString
in FCPATH\vendor\tinify\tinify\lib\Tinify\Client.php on line 85.
 1 FCPATH\vendor\tinify\tinify\lib\Tinify\Client.php(85): CodeIgniter\Debug\Exceptions->errorHandler(2, 'Undefined variable $postString', 'FCPATH\\vendor\\tinify\\tinify\\lib\\Tinify\\Client.php', 85)
 2 FCPATH\vendor\tinify\tinify\lib\Tinify.php(89): Tinify\Client->request('post', '/shrink')
 3 APPPATH\Controllers\Admin\ImageController.php(7): Tinify\validate()
 4 SYSTEMPATH\Autoloader\Autoloader.php(282): include_once('APPPATH\\Controllers\\Admin\\ImageController.php')
 5 SYSTEMPATH\Autoloader\Autoloader.php(259): CodeIgniter\Autoloader\Autoloader->includeFile('APPPATH\\Controllers\\Admin\\ImageController.php')
 6 SYSTEMPATH\Autoloader\Autoloader.php(237): CodeIgniter\Autoloader\Autoloader->loadInNamespace('App\\Controllers\\Admin\\ImageController')
 7 [internal function]: CodeIgniter\Autoloader\Autoloader->loadClass('App\\Controllers\\Admin\\ImageController')
 8 SYSTEMPATH\CodeIgniter.php(877): class_exists('\\App\\Controllers\\Admin\\ImageController', true)
 9 SYSTEMPATH\CodeIgniter.php(469): CodeIgniter\CodeIgniter->startController()
10 SYSTEMPATH\CodeIgniter.php(351): CodeIgniter\CodeIgniter->handleRequest(null, Object(Config\Cache), false)
11 FCPATH\index.php(67): CodeIgniter\CodeIgniter->run()
CRITICAL - 2022-12-26 09:49:19 --> Undefined variable $ch
in FCPATH\vendor\tinify\tinify\lib\Tinify\Client.php on line 108.
 1 FCPATH\vendor\tinify\tinify\lib\Tinify\Client.php(108): CodeIgniter\Debug\Exceptions->errorHandler(2, 'Undefined variable $ch', 'FCPATH\\vendor\\tinify\\tinify\\lib\\Tinify\\Client.php', 108)
 2 FCPATH\vendor\tinify\tinify\lib\Tinify.php(89): Tinify\Client->request('post', 'https://api.tinify.com/shrink')
 3 APPPATH\Controllers\Admin\ImageController.php(7): Tinify\validate()
 4 SYSTEMPATH\Autoloader\Autoloader.php(282): include_once('APPPATH\\Controllers\\Admin\\ImageController.php')
 5 SYSTEMPATH\Autoloader\Autoloader.php(259): CodeIgniter\Autoloader\Autoloader->includeFile('APPPATH\\Controllers\\Admin\\ImageController.php')
 6 SYSTEMPATH\Autoloader\Autoloader.php(237): CodeIgniter\Autoloader\Autoloader->loadInNamespace('App\\Controllers\\Admin\\ImageController')
 7 [internal function]: CodeIgniter\Autoloader\Autoloader->loadClass('App\\Controllers\\Admin\\ImageController')
 8 SYSTEMPATH\CodeIgniter.php(877): class_exists('\\App\\Controllers\\Admin\\ImageController', true)
 9 SYSTEMPATH\CodeIgniter.php(469): CodeIgniter\CodeIgniter->startController()
10 SYSTEMPATH\CodeIgniter.php(351): CodeIgniter\CodeIgniter->handleRequest(null, Object(Config\Cache), false)
11 FCPATH\index.php(67): CodeIgniter\CodeIgniter->run()
CRITICAL - 2022-12-26 09:49:46 --> Undefined variable $response
in FCPATH\vendor\tinify\tinify\lib\Tinify\Client.php on line 110.
 1 FCPATH\vendor\tinify\tinify\lib\Tinify\Client.php(110): CodeIgniter\Debug\Exceptions->errorHandler(2, 'Undefined variable $response', 'FCPATH\\vendor\\tinify\\tinify\\lib\\Tinify\\Client.php', 110)
 2 FCPATH\vendor\tinify\tinify\lib\Tinify.php(89): Tinify\Client->request('post', 'https://api.tinify.com/shrink')
 3 APPPATH\Controllers\Admin\ImageController.php(7): Tinify\validate()
 4 SYSTEMPATH\Autoloader\Autoloader.php(282): include_once('APPPATH\\Controllers\\Admin\\ImageController.php')
 5 SYSTEMPATH\Autoloader\Autoloader.php(259): CodeIgniter\Autoloader\Autoloader->includeFile('APPPATH\\Controllers\\Admin\\ImageController.php')
 6 SYSTEMPATH\Autoloader\Autoloader.php(237): CodeIgniter\Autoloader\Autoloader->loadInNamespace('App\\Controllers\\Admin\\ImageController')
 7 [internal function]: CodeIgniter\Autoloader\Autoloader->loadClass('App\\Controllers\\Admin\\ImageController')
 8 SYSTEMPATH\CodeIgniter.php(877): class_exists('\\App\\Controllers\\Admin\\ImageController', true)
 9 SYSTEMPATH\CodeIgniter.php(469): CodeIgniter\CodeIgniter->startController()
10 SYSTEMPATH\CodeIgniter.php(351): CodeIgniter\CodeIgniter->handleRequest(null, Object(Config\Cache), false)
11 FCPATH\index.php(67): CodeIgniter\CodeIgniter->run()
CRITICAL - 2022-12-26 09:51:43 --> CodeIgniter\HTTP\RedirectResponse::to(): Argument #2 ($code) must be of type ?int, array given, called in D:\Dev\xampp\htdocs\CI4_App\app\Controllers\Admin\ImageController.php on line 200
in SYSTEMPATH\HTTP\RedirectResponse.php on line 32.
 1 APPPATH\Controllers\Admin\ImageController.php(200): CodeIgniter\HTTP\RedirectResponse->to('admin/image/imageTiny', [...])
 2 SYSTEMPATH\CodeIgniter.php(927): App\Controllers\Admin\ImageController->compressAgain()
 3 SYSTEMPATH\CodeIgniter.php(482): CodeIgniter\CodeIgniter->runController(Object(App\Controllers\Admin\ImageController))
 4 SYSTEMPATH\CodeIgniter.php(351): CodeIgniter\CodeIgniter->handleRequest(null, Object(Config\Cache), false)
 5 FCPATH\index.php(67): CodeIgniter\CodeIgniter->run()
CRITICAL - 2022-12-26 09:54:20 --> CodeIgniter\HTTP\RedirectResponse::to(): Argument #2 ($code) must be of type ?int, array given, called in D:\Dev\xampp\htdocs\CI4_App\app\Controllers\Admin\ImageController.php on line 205
in SYSTEMPATH\HTTP\RedirectResponse.php on line 32.
 1 APPPATH\Controllers\Admin\ImageController.php(205): CodeIgniter\HTTP\RedirectResponse->to('admin/image/imageTiny', [...])
 2 SYSTEMPATH\CodeIgniter.php(927): App\Controllers\Admin\ImageController->compressAgain()
 3 SYSTEMPATH\CodeIgniter.php(482): CodeIgniter\CodeIgniter->runController(Object(App\Controllers\Admin\ImageController))
 4 SYSTEMPATH\CodeIgniter.php(351): CodeIgniter\CodeIgniter->handleRequest(null, Object(Config\Cache), false)
 5 FCPATH\index.php(67): CodeIgniter\CodeIgniter->run()
CRITICAL - 2022-12-26 09:54:49 --> CodeIgniter\HTTP\RedirectResponse::to(): Argument #2 ($code) must be of type ?int, array given, called in D:\Dev\xampp\htdocs\CI4_App\app\Controllers\Admin\ImageController.php on line 205
in SYSTEMPATH\HTTP\RedirectResponse.php on line 32.
 1 APPPATH\Controllers\Admin\ImageController.php(205): CodeIgniter\HTTP\RedirectResponse->to('admin/image/imageTiny', [...])
 2 SYSTEMPATH\CodeIgniter.php(927): App\Controllers\Admin\ImageController->compressAgain()
 3 SYSTEMPATH\CodeIgniter.php(482): CodeIgniter\CodeIgniter->runController(Object(App\Controllers\Admin\ImageController))
 4 SYSTEMPATH\CodeIgniter.php(351): CodeIgniter\CodeIgniter->handleRequest(null, Object(Config\Cache), false)
 5 FCPATH\index.php(67): CodeIgniter\CodeIgniter->run()
CRITICAL - 2022-12-26 09:58:06 --> CodeIgniter\HTTP\RedirectResponse::with(): Argument #1 ($key) must be of type string, array given, called in D:\Dev\xampp\htdocs\CI4_App\app\Controllers\Admin\ImageController.php on line 205
in SYSTEMPATH\HTTP\RedirectResponse.php on line 134.
 1 APPPATH\Controllers\Admin\ImageController.php(205): CodeIgniter\HTTP\RedirectResponse->with([...])
 2 SYSTEMPATH\CodeIgniter.php(927): App\Controllers\Admin\ImageController->compressAgain()
 3 SYSTEMPATH\CodeIgniter.php(482): CodeIgniter\CodeIgniter->runController(Object(App\Controllers\Admin\ImageController))
 4 SYSTEMPATH\CodeIgniter.php(351): CodeIgniter\CodeIgniter->handleRequest(null, Object(Config\Cache), false)
 5 FCPATH\index.php(67): CodeIgniter\CodeIgniter->run()
CRITICAL - 2022-12-26 10:00:50 --> CodeIgniter\HTTP\RedirectResponse::with(): Argument #1 ($key) must be of type string, array given, called in D:\Dev\xampp\htdocs\CI4_App\app\Controllers\Admin\ImageController.php on line 205
in SYSTEMPATH\HTTP\RedirectResponse.php on line 134.
 1 APPPATH\Controllers\Admin\ImageController.php(205): CodeIgniter\HTTP\RedirectResponse->with([...])
 2 SYSTEMPATH\CodeIgniter.php(927): App\Controllers\Admin\ImageController->compressAgain()
 3 SYSTEMPATH\CodeIgniter.php(482): CodeIgniter\CodeIgniter->runController(Object(App\Controllers\Admin\ImageController))
 4 SYSTEMPATH\CodeIgniter.php(351): CodeIgniter\CodeIgniter->handleRequest(null, Object(Config\Cache), false)
 5 FCPATH\index.php(67): CodeIgniter\CodeIgniter->run()
CRITICAL - 2022-12-26 10:03:46 --> Undefined variable $session
in APPPATH\Views\admin\image\index.php on line 27.
 1 APPPATH\Views\admin\image\index.php(27): CodeIgniter\Debug\Exceptions->errorHandler(2, 'Undefined variable $session', 'APPPATH\\Views\\admin\\image\\index.php', 27)
 2 SYSTEMPATH\View\View.php(213): include('APPPATH\\Views\\admin\\image\\index.php')
 3 SYSTEMPATH\View\View.php(216): CodeIgniter\View\View->CodeIgniter\View\{closure}()
 4 SYSTEMPATH\Common.php(1134): CodeIgniter\View\View->render('admin/image/index', [], true)
 5 APPPATH\Controllers\Admin\ImageController.php(50): view('admin/image/index', [...])
 6 SYSTEMPATH\CodeIgniter.php(927): App\Controllers\Admin\ImageController->imageTiny()
 7 SYSTEMPATH\CodeIgniter.php(482): CodeIgniter\CodeIgniter->runController(Object(App\Controllers\Admin\ImageController))
 8 SYSTEMPATH\CodeIgniter.php(351): CodeIgniter\CodeIgniter->handleRequest(null, Object(Config\Cache), false)
 9 FCPATH\index.php(67): CodeIgniter\CodeIgniter->run()
CRITICAL - 2022-12-26 10:04:16 --> Undefined property: CodeIgniter\View\View::$session
in APPPATH\Views\admin\image\index.php on line 27.
 1 APPPATH\Views\admin\image\index.php(27): CodeIgniter\Debug\Exceptions->errorHandler(2, 'Undefined property: CodeIgniter\\View\\View::$session', 'APPPATH\\Views\\admin\\image\\index.php', 27)
 2 SYSTEMPATH\View\View.php(213): include('APPPATH\\Views\\admin\\image\\index.php')
 3 SYSTEMPATH\View\View.php(216): CodeIgniter\View\View->CodeIgniter\View\{closure}()
 4 SYSTEMPATH\Common.php(1134): CodeIgniter\View\View->render('admin/image/index', [], true)
 5 APPPATH\Controllers\Admin\ImageController.php(50): view('admin/image/index', [...])
 6 SYSTEMPATH\CodeIgniter.php(927): App\Controllers\Admin\ImageController->imageTiny()
 7 SYSTEMPATH\CodeIgniter.php(482): CodeIgniter\CodeIgniter->runController(Object(App\Controllers\Admin\ImageController))
 8 SYSTEMPATH\CodeIgniter.php(351): CodeIgniter\CodeIgniter->handleRequest(null, Object(Config\Cache), false)
 9 FCPATH\index.php(67): CodeIgniter\CodeIgniter->run()
CRITICAL - 2022-12-26 10:05:01 --> Undefined property: CodeIgniter\View\View::$session
in APPPATH\Views\admin\image\index.php on line 27.
 1 APPPATH\Views\admin\image\index.php(27): CodeIgniter\Debug\Exceptions->errorHandler(2, 'Undefined property: CodeIgniter\\View\\View::$session', 'APPPATH\\Views\\admin\\image\\index.php', 27)
 2 SYSTEMPATH\View\View.php(213): include('APPPATH\\Views\\admin\\image\\index.php')
 3 SYSTEMPATH\View\View.php(216): CodeIgniter\View\View->CodeIgniter\View\{closure}()
 4 SYSTEMPATH\Common.php(1134): CodeIgniter\View\View->render('admin/image/index', [], true)
 5 APPPATH\Controllers\Admin\ImageController.php(50): view('admin/image/index', [...])
 6 SYSTEMPATH\CodeIgniter.php(927): App\Controllers\Admin\ImageController->imageTiny()
 7 SYSTEMPATH\CodeIgniter.php(482): CodeIgniter\CodeIgniter->runController(Object(App\Controllers\Admin\ImageController))
 8 SYSTEMPATH\CodeIgniter.php(351): CodeIgniter\CodeIgniter->handleRequest(null, Object(Config\Cache), false)
 9 FCPATH\index.php(67): CodeIgniter\CodeIgniter->run()
CRITICAL - 2022-12-26 10:05:22 --> Undefined property: CodeIgniter\View\View::$session
in APPPATH\Views\admin\image\index.php on line 27.
 1 APPPATH\Views\admin\image\index.php(27): CodeIgniter\Debug\Exceptions->errorHandler(2, 'Undefined property: CodeIgniter\\View\\View::$session', 'APPPATH\\Views\\admin\\image\\index.php', 27)
 2 SYSTEMPATH\View\View.php(213): include('APPPATH\\Views\\admin\\image\\index.php')
 3 SYSTEMPATH\View\View.php(216): CodeIgniter\View\View->CodeIgniter\View\{closure}()
 4 SYSTEMPATH\Common.php(1134): CodeIgniter\View\View->render('admin/image/index', [], true)
 5 APPPATH\Controllers\Admin\ImageController.php(50): view('admin/image/index', [...])
 6 SYSTEMPATH\CodeIgniter.php(927): App\Controllers\Admin\ImageController->imageTiny()
 7 SYSTEMPATH\CodeIgniter.php(482): CodeIgniter\CodeIgniter->runController(Object(App\Controllers\Admin\ImageController))
 8 SYSTEMPATH\CodeIgniter.php(351): CodeIgniter\CodeIgniter->handleRequest(null, Object(Config\Cache), false)
 9 FCPATH\index.php(67): CodeIgniter\CodeIgniter->run()
CRITICAL - 2022-12-26 10:05:25 --> Undefined property: CodeIgniter\View\View::$session
in APPPATH\Views\admin\image\index.php on line 27.
 1 APPPATH\Views\admin\image\index.php(27): CodeIgniter\Debug\Exceptions->errorHandler(2, 'Undefined property: CodeIgniter\\View\\View::$session', 'APPPATH\\Views\\admin\\image\\index.php', 27)
 2 SYSTEMPATH\View\View.php(213): include('APPPATH\\Views\\admin\\image\\index.php')
 3 SYSTEMPATH\View\View.php(216): CodeIgniter\View\View->CodeIgniter\View\{closure}()
 4 SYSTEMPATH\Common.php(1134): CodeIgniter\View\View->render('admin/image/index', [], true)
 5 APPPATH\Controllers\Admin\ImageController.php(50): view('admin/image/index', [...])
 6 SYSTEMPATH\CodeIgniter.php(927): App\Controllers\Admin\ImageController->imageTiny()
 7 SYSTEMPATH\CodeIgniter.php(482): CodeIgniter\CodeIgniter->runController(Object(App\Controllers\Admin\ImageController))
 8 SYSTEMPATH\CodeIgniter.php(351): CodeIgniter\CodeIgniter->handleRequest(null, Object(Config\Cache), false)
 9 FCPATH\index.php(67): CodeIgniter\CodeIgniter->run()
CRITICAL - 2022-12-26 10:05:27 --> Undefined property: CodeIgniter\View\View::$session
in APPPATH\Views\admin\image\index.php on line 27.
 1 APPPATH\Views\admin\image\index.php(27): CodeIgniter\Debug\Exceptions->errorHandler(2, 'Undefined property: CodeIgniter\\View\\View::$session', 'APPPATH\\Views\\admin\\image\\index.php', 27)
 2 SYSTEMPATH\View\View.php(213): include('APPPATH\\Views\\admin\\image\\index.php')
 3 SYSTEMPATH\View\View.php(216): CodeIgniter\View\View->CodeIgniter\View\{closure}()
 4 SYSTEMPATH\Common.php(1134): CodeIgniter\View\View->render('admin/image/index', [], true)
 5 APPPATH\Controllers\Admin\ImageController.php(50): view('admin/image/index', [...])
 6 SYSTEMPATH\CodeIgniter.php(927): App\Controllers\Admin\ImageController->imageTiny()
 7 SYSTEMPATH\CodeIgniter.php(482): CodeIgniter\CodeIgniter->runController(Object(App\Controllers\Admin\ImageController))
 8 SYSTEMPATH\CodeIgniter.php(351): CodeIgniter\CodeIgniter->handleRequest(null, Object(Config\Cache), false)
 9 FCPATH\index.php(67): CodeIgniter\CodeIgniter->run()
CRITICAL - 2022-12-26 10:05:29 --> Undefined property: CodeIgniter\View\View::$session
in APPPATH\Views\admin\image\index.php on line 27.
 1 APPPATH\Views\admin\image\index.php(27): CodeIgniter\Debug\Exceptions->errorHandler(2, 'Undefined property: CodeIgniter\\View\\View::$session', 'APPPATH\\Views\\admin\\image\\index.php', 27)
 2 SYSTEMPATH\View\View.php(213): include('APPPATH\\Views\\admin\\image\\index.php')
 3 SYSTEMPATH\View\View.php(216): CodeIgniter\View\View->CodeIgniter\View\{closure}()
 4 SYSTEMPATH\Common.php(1134): CodeIgniter\View\View->render('admin/image/index', [], true)
 5 APPPATH\Controllers\Admin\ImageController.php(50): view('admin/image/index', [...])
 6 SYSTEMPATH\CodeIgniter.php(927): App\Controllers\Admin\ImageController->imageTiny()
 7 SYSTEMPATH\CodeIgniter.php(482): CodeIgniter\CodeIgniter->runController(Object(App\Controllers\Admin\ImageController))
 8 SYSTEMPATH\CodeIgniter.php(351): CodeIgniter\CodeIgniter->handleRequest(null, Object(Config\Cache), false)
 9 FCPATH\index.php(67): CodeIgniter\CodeIgniter->run()
CRITICAL - 2022-12-26 10:05:43 --> Undefined property: App\Controllers\Admin\ImageController::$session
in APPPATH\Controllers\Admin\ImageController.php on line 204.
 1 APPPATH\Controllers\Admin\ImageController.php(204): CodeIgniter\Debug\Exceptions->errorHandler(2, 'Undefined property: App\\Controllers\\Admin\\ImageController::$session', 'APPPATH\\Controllers\\Admin\\ImageController.php', 204)
 2 SYSTEMPATH\CodeIgniter.php(927): App\Controllers\Admin\ImageController->compressAgain()
 3 SYSTEMPATH\CodeIgniter.php(482): CodeIgniter\CodeIgniter->runController(Object(App\Controllers\Admin\ImageController))
 4 SYSTEMPATH\CodeIgniter.php(351): CodeIgniter\CodeIgniter->handleRequest(null, Object(Config\Cache), false)
 5 FCPATH\index.php(67): CodeIgniter\CodeIgniter->run()
CRITICAL - 2022-12-26 10:07:49 --> syntax error, unexpected token "::", expecting "," or ";"
in APPPATH\Controllers\Admin\ImageController.php on line 6.
 1 SYSTEMPATH\Autoloader\Autoloader.php(259): CodeIgniter\Autoloader\Autoloader->includeFile('APPPATH\\Controllers\\Admin\\ImageController.php')
 2 SYSTEMPATH\Autoloader\Autoloader.php(237): CodeIgniter\Autoloader\Autoloader->loadInNamespace('App\\Controllers\\Admin\\ImageController')
 3 [internal function]: CodeIgniter\Autoloader\Autoloader->loadClass('App\\Controllers\\Admin\\ImageController')
 4 SYSTEMPATH\CodeIgniter.php(877): class_exists('\\App\\Controllers\\Admin\\ImageController', true)
 5 SYSTEMPATH\CodeIgniter.php(469): CodeIgniter\CodeIgniter->startController()
 6 SYSTEMPATH\CodeIgniter.php(351): CodeIgniter\CodeIgniter->handleRequest(null, Object(Config\Cache), false)
 7 FCPATH\index.php(67): CodeIgniter\CodeIgniter->run()
CRITICAL - 2022-12-26 10:08:03 --> Undefined variable $config
in APPPATH\Controllers\Admin\ImageController.php on line 146.
 1 APPPATH\Controllers\Admin\ImageController.php(146): CodeIgniter\Debug\Exceptions->errorHandler(2, 'Undefined variable $config', 'APPPATH\\Controllers\\Admin\\ImageController.php', 146)
 2 SYSTEMPATH\CodeIgniter.php(927): App\Controllers\Admin\ImageController->compressAgain()
 3 SYSTEMPATH\CodeIgniter.php(482): CodeIgniter\CodeIgniter->runController(Object(App\Controllers\Admin\ImageController))
 4 SYSTEMPATH\CodeIgniter.php(351): CodeIgniter\CodeIgniter->handleRequest(null, Object(Config\Cache), false)
 5 FCPATH\index.php(67): CodeIgniter\CodeIgniter->run()
CRITICAL - 2022-12-26 10:08:24 --> Undefined property: App\Controllers\Admin\ImageController::$session
in APPPATH\Controllers\Admin\ImageController.php on line 206.
 1 APPPATH\Controllers\Admin\ImageController.php(206): CodeIgniter\Debug\Exceptions->errorHandler(2, 'Undefined property: App\\Controllers\\Admin\\ImageController::$session', 'APPPATH\\Controllers\\Admin\\ImageController.php', 206)
 2 SYSTEMPATH\CodeIgniter.php(927): App\Controllers\Admin\ImageController->compressAgain()
 3 SYSTEMPATH\CodeIgniter.php(482): CodeIgniter\CodeIgniter->runController(Object(App\Controllers\Admin\ImageController))
 4 SYSTEMPATH\CodeIgniter.php(351): CodeIgniter\CodeIgniter->handleRequest(null, Object(Config\Cache), false)
 5 FCPATH\index.php(67): CodeIgniter\CodeIgniter->run()
CRITICAL - 2022-12-26 10:08:48 --> Call to undefined method CodeIgniter\Session\Session::set_flashdata()
in APPPATH\Controllers\Admin\ImageController.php on line 206.
 1 SYSTEMPATH\CodeIgniter.php(927): App\Controllers\Admin\ImageController->compressAgain()
 2 SYSTEMPATH\CodeIgniter.php(482): CodeIgniter\CodeIgniter->runController(Object(App\Controllers\Admin\ImageController))
 3 SYSTEMPATH\CodeIgniter.php(351): CodeIgniter\CodeIgniter->handleRequest(null, Object(Config\Cache), false)
 4 FCPATH\index.php(67): CodeIgniter\CodeIgniter->run()
CRITICAL - 2022-12-26 10:10:01 --> Call to undefined method CodeIgniter\Session\Session::set_flashdata()
in APPPATH\Controllers\Admin\ImageController.php on line 206.
 1 SYSTEMPATH\CodeIgniter.php(927): App\Controllers\Admin\ImageController->compressAgain()
 2 SYSTEMPATH\CodeIgniter.php(482): CodeIgniter\CodeIgniter->runController(Object(App\Controllers\Admin\ImageController))
 3 SYSTEMPATH\CodeIgniter.php(351): CodeIgniter\CodeIgniter->handleRequest(null, Object(Config\Cache), false)
 4 FCPATH\index.php(67): CodeIgniter\CodeIgniter->run()
CRITICAL - 2022-12-26 10:10:56 --> Undefined property: CodeIgniter\View\View::$session
in APPPATH\Views\admin\image\index.php on line 27.
 1 APPPATH\Views\admin\image\index.php(27): CodeIgniter\Debug\Exceptions->errorHandler(2, 'Undefined property: CodeIgniter\\View\\View::$session', 'APPPATH\\Views\\admin\\image\\index.php', 27)
 2 SYSTEMPATH\View\View.php(213): include('APPPATH\\Views\\admin\\image\\index.php')
 3 SYSTEMPATH\View\View.php(216): CodeIgniter\View\View->CodeIgniter\View\{closure}()
 4 SYSTEMPATH\Common.php(1134): CodeIgniter\View\View->render('admin/image/index', [], true)
 5 APPPATH\Controllers\Admin\ImageController.php(51): view('admin/image/index', [...])
 6 SYSTEMPATH\CodeIgniter.php(927): App\Controllers\Admin\ImageController->imageTiny()
 7 SYSTEMPATH\CodeIgniter.php(482): CodeIgniter\CodeIgniter->runController(Object(App\Controllers\Admin\ImageController))
 8 SYSTEMPATH\CodeIgniter.php(351): CodeIgniter\CodeIgniter->handleRequest(null, Object(Config\Cache), false)
 9 FCPATH\index.php(67): CodeIgniter\CodeIgniter->run()
CRITICAL - 2022-12-26 10:12:36 --> Undefined variable $session
in APPPATH\Views\admin\image\index.php on line 27.
 1 APPPATH\Views\admin\image\index.php(27): CodeIgniter\Debug\Exceptions->errorHandler(2, 'Undefined variable $session', 'APPPATH\\Views\\admin\\image\\index.php', 27)
 2 SYSTEMPATH\View\View.php(213): include('APPPATH\\Views\\admin\\image\\index.php')
 3 SYSTEMPATH\View\View.php(216): CodeIgniter\View\View->CodeIgniter\View\{closure}()
 4 SYSTEMPATH\Common.php(1134): CodeIgniter\View\View->render('admin/image/index', [], true)
 5 APPPATH\Controllers\Admin\ImageController.php(51): view('admin/image/index', [...])
 6 SYSTEMPATH\CodeIgniter.php(927): App\Controllers\Admin\ImageController->imageTiny()
 7 SYSTEMPATH\CodeIgniter.php(482): CodeIgniter\CodeIgniter->runController(Object(App\Controllers\Admin\ImageController))
 8 SYSTEMPATH\CodeIgniter.php(351): CodeIgniter\CodeIgniter->handleRequest(null, Object(Config\Cache), false)
 9 FCPATH\index.php(67): CodeIgniter\CodeIgniter->run()
CRITICAL - 2022-12-26 10:12:51 --> Undefined variable $session
in APPPATH\Views\admin\image\index.php on line 27.
 1 APPPATH\Views\admin\image\index.php(27): CodeIgniter\Debug\Exceptions->errorHandler(2, 'Undefined variable $session', 'APPPATH\\Views\\admin\\image\\index.php', 27)
 2 SYSTEMPATH\View\View.php(213): include('APPPATH\\Views\\admin\\image\\index.php')
 3 SYSTEMPATH\View\View.php(216): CodeIgniter\View\View->CodeIgniter\View\{closure}()
 4 SYSTEMPATH\Common.php(1134): CodeIgniter\View\View->render('admin/image/index', [], true)
 5 APPPATH\Controllers\Admin\ImageController.php(51): view('admin/image/index', [...])
 6 SYSTEMPATH\CodeIgniter.php(927): App\Controllers\Admin\ImageController->imageTiny()
 7 SYSTEMPATH\CodeIgniter.php(482): CodeIgniter\CodeIgniter->runController(Object(App\Controllers\Admin\ImageController))
 8 SYSTEMPATH\CodeIgniter.php(351): CodeIgniter\CodeIgniter->handleRequest(null, Object(Config\Cache), false)
 9 FCPATH\index.php(67): CodeIgniter\CodeIgniter->run()
CRITICAL - 2022-12-26 10:15:45 --> Cannot use isset() on the result of an expression (you can use "null !== expression" instead)
in APPPATH\Views\admin\image\index.php on line 27.
 1 [internal function]: CodeIgniter\Debug\Exceptions->shutdownHandler()
CRITICAL - 2022-12-26 10:21:19 --> Class "App\Controllers\Admin\PostModel" not found
in APPPATH\Controllers\Admin\PageController.php on line 293.
 1 SYSTEMPATH\CodeIgniter.php(927): App\Controllers\Admin\PageController->hidden('1')
 2 SYSTEMPATH\CodeIgniter.php(482): CodeIgniter\CodeIgniter->runController(Object(App\Controllers\Admin\PageController))
 3 SYSTEMPATH\CodeIgniter.php(351): CodeIgniter\CodeIgniter->handleRequest(null, Object(Config\Cache), false)
 4 FCPATH\index.php(67): CodeIgniter\CodeIgniter->run()
CRITICAL - 2022-12-26 10:30:13 --> Invalid file: admin/page/add.php
in SYSTEMPATH\Exceptions\FrameworkException.php on line 33.
 1 SYSTEMPATH\View\View.php(201): CodeIgniter\Exceptions\FrameworkException::forInvalidFile('admin/page/add.php')
 2 SYSTEMPATH\Common.php(1134): CodeIgniter\View\View->render('admin/page/add', [], true)
 3 APPPATH\Controllers\Admin\PageController.php(321): view('admin/page/add', [...])
 4 SYSTEMPATH\CodeIgniter.php(927): App\Controllers\Admin\PageController->add('3')
 5 SYSTEMPATH\CodeIgniter.php(482): CodeIgniter\CodeIgniter->runController(Object(App\Controllers\Admin\PageController))
 6 SYSTEMPATH\CodeIgniter.php(351): CodeIgniter\CodeIgniter->handleRequest(null, Object(Config\Cache), false)
 7 FCPATH\index.php(67): CodeIgniter\CodeIgniter->run()
CRITICAL - 2022-12-26 10:30:52 --> Undefined variable $cate
in APPPATH\Views\admin\page\add.php on line 53.
 1 APPPATH\Views\admin\page\add.php(53): CodeIgniter\Debug\Exceptions->errorHandler(2, 'Undefined variable $cate', 'APPPATH\\Views\\admin\\page\\add.php', 53)
 2 SYSTEMPATH\View\View.php(213): include('APPPATH\\Views\\admin\\page\\add.php')
 3 SYSTEMPATH\View\View.php(216): CodeIgniter\View\View->CodeIgniter\View\{closure}()
 4 SYSTEMPATH\Common.php(1134): CodeIgniter\View\View->render('admin/page/add', [], true)
 5 APPPATH\Controllers\Admin\PageController.php(321): view('admin/page/add', [...])
 6 SYSTEMPATH\CodeIgniter.php(927): App\Controllers\Admin\PageController->add('3')
 7 SYSTEMPATH\CodeIgniter.php(482): CodeIgniter\CodeIgniter->runController(Object(App\Controllers\Admin\PageController))
 8 SYSTEMPATH\CodeIgniter.php(351): CodeIgniter\CodeIgniter->handleRequest(null, Object(Config\Cache), false)
 9 FCPATH\index.php(67): CodeIgniter\CodeIgniter->run()
