INFO - 2024-10-21 16:32:36 --> Session: Class initialized using 'CodeIgniter\Session\Handlers\FileHandler' driver.
INFO - 2024-10-21 16:32:44 --> Session: Class initialized using 'CodeIgniter\Session\Handlers\FileHandler' driver.
INFO - 2024-10-21 16:32:48 --> Session: Class initialized using 'CodeIgniter\Session\Handlers\FileHandler' driver.
INFO - 2024-10-21 16:32:48 --> Session: Class initialized using 'CodeIgniter\Session\Handlers\FileHandler' driver.
INFO - 2024-10-21 16:32:53 --> Session: Class initialized using 'CodeIgniter\Session\Handlers\FileHandler' driver.
INFO - 2024-10-21 16:33:52 --> Session: Class initialized using 'CodeIgniter\Session\Handlers\FileHandler' driver.
INFO - 2024-10-21 16:45:22 --> Session: Class initialized using 'CodeIgniter\Session\Handlers\FileHandler' driver.
INFO - 2024-10-21 16:46:21 --> Session: Class initialized using 'CodeIgniter\Session\Handlers\FileHandler' driver.
INFO - 2024-10-21 16:46:41 --> Session: Class initialized using 'CodeIgniter\Session\Handlers\FileHandler' driver.
INFO - 2024-10-21 16:46:48 --> Session: Class initialized using 'CodeIgniter\Session\Handlers\FileHandler' driver.
INFO - 2024-10-21 16:47:05 --> Session: Class initialized using 'CodeIgniter\Session\Handlers\FileHandler' driver.
INFO - 2024-10-21 16:47:24 --> Session: Class initialized using 'CodeIgniter\Session\Handlers\FileHandler' driver.
INFO - 2024-10-21 16:49:03 --> Session: Class initialized using 'CodeIgniter\Session\Handlers\FileHandler' driver.
INFO - 2024-10-21 16:55:18 --> Session: Class initialized using 'CodeIgniter\Session\Handlers\FileHandler' driver.
INFO - 2024-10-21 17:04:39 --> Session: Class initialized using 'CodeIgniter\Session\Handlers\FileHandler' driver.
INFO - 2024-10-21 17:05:57 --> Session: Class initialized using 'CodeIgniter\Session\Handlers\FileHandler' driver.
ERROR - 2024-10-21 17:05:57 --> mysqli_sql_exception: Unknown column 'gallery_file_short' in 'field list' in E:\Code Seo\xampp\htdocs\CI4_App\system\Database\MySQLi\Connection.php:295
Stack trace:
#0 E:\Code Seo\xampp\htdocs\CI4_App\system\Database\MySQLi\Connection.php(295): mysqli->query('INSERT INTO `ga...', 0)
#1 E:\Code Seo\xampp\htdocs\CI4_App\system\Database\BaseConnection.php(691): CodeIgniter\Database\MySQLi\Connection->execute('INSERT INTO `ga...')
#2 E:\Code Seo\xampp\htdocs\CI4_App\system\Database\BaseConnection.php(605): CodeIgniter\Database\BaseConnection->simpleQuery('INSERT INTO `ga...')
#3 E:\Code Seo\xampp\htdocs\CI4_App\system\Database\BaseBuilder.php(2295): CodeIgniter\Database\BaseConnection->query('INSERT INTO `ga...', Array, false)
#4 E:\Code Seo\xampp\htdocs\CI4_App\system\Model.php(329): CodeIgniter\Database\BaseBuilder->insert()
#5 E:\Code Seo\xampp\htdocs\CI4_App\system\BaseModel.php(782): CodeIgniter\Model->doInsert(Array)
#6 E:\Code Seo\xampp\htdocs\CI4_App\system\Model.php(729): CodeIgniter\BaseModel->insert(Array, true)
#7 E:\Code Seo\xampp\htdocs\CI4_App\app\Controllers\Admin\GalleryController.php(224): CodeIgniter\Model->insert(Array)
#8 E:\Code Seo\xampp\htdocs\CI4_App\system\CodeIgniter.php(935): App\Controllers\Admin\GalleryController->saveGallery()
#9 E:\Code Seo\xampp\htdocs\CI4_App\system\CodeIgniter.php(500): CodeIgniter\CodeIgniter->runController(Object(App\Controllers\Admin\GalleryController))
#10 E:\Code Seo\xampp\htdocs\CI4_App\system\CodeIgniter.php(369): CodeIgniter\CodeIgniter->handleRequest(NULL, Object(Config\Cache), false)
#11 E:\Code Seo\xampp\htdocs\CI4_App\index.php(67): CodeIgniter\CodeIgniter->run()
#12 {main}
CRITICAL - 2024-10-21 17:05:57 --> Unknown column 'gallery_file_short' in 'field list'
in SYSTEMPATH\Database\BaseConnection.php on line 645.
 1 SYSTEMPATH\Database\BaseBuilder.php(2295): CodeIgniter\Database\BaseConnection->query('INSERT INTO `gallery_image` (`gallery_post_url`, `gallery_post_id`, `gallery_link_file_origin`, `gallery_file_short`, `gallery_type_file`, `gallery_bg_topic`, `gallery_account`, `gallery_topic`, `gallery_topic_slug`, `gallery_type_id`, `gallery_type_name`, `gallery_type_slug`, `gallery_title`, `gallery_alias`, `gallery_title_slug`, `gallery_cate_id`, `gallery_cate_slug`, `gallery_meta_desc`, `gallery_meta_key`, `gallery_view`, `gallery_compress_times`, `gallery_image`, `created_at`, `updated_at`) VALUES (:gallery_post_url:, :gallery_post_id:, :gallery_link_file_origin:, :gallery_file_short:, :gallery_type_file:, :gallery_bg_topic:, :gallery_account:, :gallery_topic:, :gallery_topic_slug:, :gallery_type_id:, :gallery_type_name:, :gallery_type_slug:, :gallery_title:, :gallery_alias:, :gallery_title_slug:, :gallery_cate_id:, :gallery_cate_slug:, :gallery_meta_desc:, :gallery_meta_key:, :gallery_view:, :gallery_compress_times:, :gallery_image:, :created_at:, :updated_at:)', [...], false)
 2 SYSTEMPATH\Model.php(329): CodeIgniter\Database\BaseBuilder->insert()
 3 SYSTEMPATH\BaseModel.php(782): CodeIgniter\Model->doInsert([...])
 4 SYSTEMPATH\Model.php(729): CodeIgniter\BaseModel->insert([...], true)
 5 APPPATH\Controllers\Admin\GalleryController.php(224): CodeIgniter\Model->insert([...])
 6 SYSTEMPATH\CodeIgniter.php(935): App\Controllers\Admin\GalleryController->saveGallery()
 7 SYSTEMPATH\CodeIgniter.php(500): CodeIgniter\CodeIgniter->runController(Object(App\Controllers\Admin\GalleryController))
 8 SYSTEMPATH\CodeIgniter.php(369): CodeIgniter\CodeIgniter->handleRequest(null, Object(Config\Cache), false)
 9 FCPATH\index.php(67): CodeIgniter\CodeIgniter->run()
INFO - 2024-10-21 17:07:40 --> Session: Class initialized using 'CodeIgniter\Session\Handlers\FileHandler' driver.
INFO - 2024-10-21 17:07:40 --> Session: Class initialized using 'CodeIgniter\Session\Handlers\FileHandler' driver.
CRITICAL - 2024-10-21 17:07:40 --> Undefined array key "gallery_file_download"
in APPPATH\Views\admin\gallery\index_gallery.php on line 185.
 1 APPPATH\Views\admin\gallery\index_gallery.php(185): CodeIgniter\Debug\Exceptions->errorHandler(2, 'Undefined array key "gallery_file_download"', 'APPPATH\\Views\\admin\\gallery\\index_gallery.php', 185)
 2 SYSTEMPATH\View\View.php(213): include('APPPATH\\Views\\admin\\gallery\\index_gallery.php')
 3 SYSTEMPATH\View\View.php(216): CodeIgniter\View\View->CodeIgniter\View\{closure}()
 4 SYSTEMPATH\Common.php(1177): CodeIgniter\View\View->render('admin/gallery/index_gallery', [], true)
 5 APPPATH\Controllers\Admin\GalleryController.php(25): view('admin/gallery/index_gallery', [...])
 6 SYSTEMPATH\CodeIgniter.php(935): App\Controllers\Admin\GalleryController->index()
 7 SYSTEMPATH\CodeIgniter.php(500): CodeIgniter\CodeIgniter->runController(Object(App\Controllers\Admin\GalleryController))
 8 SYSTEMPATH\CodeIgniter.php(369): CodeIgniter\CodeIgniter->handleRequest(null, Object(Config\Cache), false)
 9 FCPATH\index.php(67): CodeIgniter\CodeIgniter->run()
INFO - 2024-10-21 17:08:20 --> Session: Class initialized using 'CodeIgniter\Session\Handlers\FileHandler' driver.
CRITICAL - 2024-10-21 17:08:21 --> Undefined array key "gallery_file_download"
in APPPATH\Views\admin\gallery\index_gallery.php on line 236.
 1 APPPATH\Views\admin\gallery\index_gallery.php(236): CodeIgniter\Debug\Exceptions->errorHandler(2, 'Undefined array key "gallery_file_download"', 'APPPATH\\Views\\admin\\gallery\\index_gallery.php', 236)
 2 SYSTEMPATH\View\View.php(213): include('APPPATH\\Views\\admin\\gallery\\index_gallery.php')
 3 SYSTEMPATH\View\View.php(216): CodeIgniter\View\View->CodeIgniter\View\{closure}()
 4 SYSTEMPATH\Common.php(1177): CodeIgniter\View\View->render('admin/gallery/index_gallery', [], true)
 5 APPPATH\Controllers\Admin\GalleryController.php(25): view('admin/gallery/index_gallery', [...])
 6 SYSTEMPATH\CodeIgniter.php(935): App\Controllers\Admin\GalleryController->index()
 7 SYSTEMPATH\CodeIgniter.php(500): CodeIgniter\CodeIgniter->runController(Object(App\Controllers\Admin\GalleryController))
 8 SYSTEMPATH\CodeIgniter.php(369): CodeIgniter\CodeIgniter->handleRequest(null, Object(Config\Cache), false)
 9 FCPATH\index.php(67): CodeIgniter\CodeIgniter->run()
INFO - 2024-10-21 17:09:14 --> Session: Class initialized using 'CodeIgniter\Session\Handlers\FileHandler' driver.
INFO - 2024-10-21 17:11:04 --> Session: Class initialized using 'CodeIgniter\Session\Handlers\FileHandler' driver.
INFO - 2024-10-21 17:16:10 --> Session: Class initialized using 'CodeIgniter\Session\Handlers\FileHandler' driver.
INFO - 2024-10-21 17:17:22 --> Session: Class initialized using 'CodeIgniter\Session\Handlers\FileHandler' driver.
INFO - 2024-10-21 17:22:22 --> Session: Class initialized using 'CodeIgniter\Session\Handlers\FileHandler' driver.
INFO - 2024-10-21 17:23:13 --> Session: Class initialized using 'CodeIgniter\Session\Handlers\FileHandler' driver.
INFO - 2024-10-21 17:24:04 --> Session: Class initialized using 'CodeIgniter\Session\Handlers\FileHandler' driver.
INFO - 2024-10-21 17:24:56 --> Session: Class initialized using 'CodeIgniter\Session\Handlers\FileHandler' driver.
INFO - 2024-10-21 17:43:13 --> Session: Class initialized using 'CodeIgniter\Session\Handlers\FileHandler' driver.
CRITICAL - 2024-10-21 17:43:13 --> Undefined array key "gallery_file_download"
in APPPATH\Views\admin\gallery\edit_gallery.php on line 179.
 1 APPPATH\Views\admin\gallery\edit_gallery.php(179): CodeIgniter\Debug\Exceptions->errorHandler(2, 'Undefined array key "gallery_file_download"', 'APPPATH\\Views\\admin\\gallery\\edit_gallery.php', 179)
 2 SYSTEMPATH\View\View.php(213): include('APPPATH\\Views\\admin\\gallery\\edit_gallery.php')
 3 SYSTEMPATH\View\View.php(216): CodeIgniter\View\View->CodeIgniter\View\{closure}()
 4 SYSTEMPATH\Common.php(1177): CodeIgniter\View\View->render('admin/gallery/edit_gallery', [], true)
 5 APPPATH\Controllers\Admin\GalleryController.php(286): view('admin/gallery/edit_gallery', [...])
 6 SYSTEMPATH\CodeIgniter.php(935): App\Controllers\Admin\GalleryController->getEdit('959')
 7 SYSTEMPATH\CodeIgniter.php(500): CodeIgniter\CodeIgniter->runController(Object(App\Controllers\Admin\GalleryController))
 8 SYSTEMPATH\CodeIgniter.php(369): CodeIgniter\CodeIgniter->handleRequest(null, Object(Config\Cache), false)
 9 FCPATH\index.php(67): CodeIgniter\CodeIgniter->run()
INFO - 2024-10-21 17:45:31 --> Session: Class initialized using 'CodeIgniter\Session\Handlers\FileHandler' driver.
INFO - 2024-10-21 17:46:12 --> Session: Class initialized using 'CodeIgniter\Session\Handlers\FileHandler' driver.
INFO - 2024-10-21 17:47:59 --> Session: Class initialized using 'CodeIgniter\Session\Handlers\FileHandler' driver.
INFO - 2024-10-21 17:48:19 --> Session: Class initialized using 'CodeIgniter\Session\Handlers\FileHandler' driver.
INFO - 2024-10-21 17:48:57 --> Session: Class initialized using 'CodeIgniter\Session\Handlers\FileHandler' driver.
INFO - 2024-10-21 17:52:07 --> Session: Class initialized using 'CodeIgniter\Session\Handlers\FileHandler' driver.
INFO - 2024-10-21 17:52:08 --> Session: Class initialized using 'CodeIgniter\Session\Handlers\FileHandler' driver.
INFO - 2024-10-21 17:53:23 --> Session: Class initialized using 'CodeIgniter\Session\Handlers\FileHandler' driver.
CRITICAL - 2024-10-21 17:53:23 --> Undefined array key "gallery_file_download"
in APPPATH\Views\front_end\dailong_site\home.php on line 528.
 1 APPPATH\Views\front_end\dailong_site\home.php(528): CodeIgniter\Debug\Exceptions->errorHandler(2, 'Undefined array key "gallery_file_download"', 'APPPATH\\Views\\front_end\\dailong_site\\home.php', 528)
 2 SYSTEMPATH\View\View.php(213): include('APPPATH\\Views\\front_end\\dailong_site\\home.php')
 3 SYSTEMPATH\View\View.php(216): CodeIgniter\View\View->CodeIgniter\View\{closure}()
 4 SYSTEMPATH\Common.php(1177): CodeIgniter\View\View->render('front_end/dailong_site/home', [], true)
 5 APPPATH\Controllers\DaiLongController.php(98): view('front_end/dailong_site/home', [...])
 6 SYSTEMPATH\CodeIgniter.php(935): App\Controllers\DaiLongController->index()
 7 SYSTEMPATH\CodeIgniter.php(500): CodeIgniter\CodeIgniter->runController(Object(App\Controllers\DaiLongController))
 8 SYSTEMPATH\CodeIgniter.php(369): CodeIgniter\CodeIgniter->handleRequest(null, Object(Config\Cache), false)
 9 FCPATH\index.php(67): CodeIgniter\CodeIgniter->run()
INFO - 2024-10-21 17:55:30 --> Session: Class initialized using 'CodeIgniter\Session\Handlers\FileHandler' driver.
INFO - 2024-10-21 17:56:14 --> Session: Class initialized using 'CodeIgniter\Session\Handlers\FileHandler' driver.
INFO - 2024-10-21 17:56:55 --> Session: Class initialized using 'CodeIgniter\Session\Handlers\FileHandler' driver.
INFO - 2024-10-21 17:57:21 --> Session: Class initialized using 'CodeIgniter\Session\Handlers\FileHandler' driver.
INFO - 2024-10-21 17:59:46 --> Session: Class initialized using 'CodeIgniter\Session\Handlers\FileHandler' driver.
INFO - 2024-10-21 17:59:50 --> Session: Class initialized using 'CodeIgniter\Session\Handlers\FileHandler' driver.
INFO - 2024-10-21 18:01:18 --> Session: Class initialized using 'CodeIgniter\Session\Handlers\FileHandler' driver.
INFO - 2024-10-21 18:01:29 --> Session: Class initialized using 'CodeIgniter\Session\Handlers\FileHandler' driver.
INFO - 2024-10-21 18:02:12 --> Session: Class initialized using 'CodeIgniter\Session\Handlers\FileHandler' driver.
CRITICAL - 2024-10-21 18:02:12 --> syntax error, unexpected token ":"
in APPPATH\Views\front_end\dailong_site\home.php on line 537.
 1 SYSTEMPATH\View\View.php(216): CodeIgniter\View\View->CodeIgniter\View\{closure}()
 2 SYSTEMPATH\Common.php(1177): CodeIgniter\View\View->render('front_end/dailong_site/home', [], true)
 3 APPPATH\Controllers\DaiLongController.php(98): view('front_end/dailong_site/home', [...])
 4 SYSTEMPATH\CodeIgniter.php(935): App\Controllers\DaiLongController->index()
 5 SYSTEMPATH\CodeIgniter.php(500): CodeIgniter\CodeIgniter->runController(Object(App\Controllers\DaiLongController))
 6 SYSTEMPATH\CodeIgniter.php(369): CodeIgniter\CodeIgniter->handleRequest(null, Object(Config\Cache), false)
 7 FCPATH\index.php(67): CodeIgniter\CodeIgniter->run()
INFO - 2024-10-21 18:02:19 --> Session: Class initialized using 'CodeIgniter\Session\Handlers\FileHandler' driver.
INFO - 2024-10-21 18:03:04 --> Session: Class initialized using 'CodeIgniter\Session\Handlers\FileHandler' driver.
INFO - 2024-10-21 18:04:34 --> Session: Class initialized using 'CodeIgniter\Session\Handlers\FileHandler' driver.
INFO - 2024-10-21 18:05:07 --> Session: Class initialized using 'CodeIgniter\Session\Handlers\FileHandler' driver.
INFO - 2024-10-21 18:05:45 --> Session: Class initialized using 'CodeIgniter\Session\Handlers\FileHandler' driver.
INFO - 2024-10-21 18:06:22 --> Session: Class initialized using 'CodeIgniter\Session\Handlers\FileHandler' driver.
INFO - 2024-10-21 18:06:33 --> Session: Class initialized using 'CodeIgniter\Session\Handlers\FileHandler' driver.
INFO - 2024-10-21 18:07:02 --> Session: Class initialized using 'CodeIgniter\Session\Handlers\FileHandler' driver.
INFO - 2024-10-21 18:07:35 --> Session: Class initialized using 'CodeIgniter\Session\Handlers\FileHandler' driver.
INFO - 2024-10-21 18:08:29 --> Session: Class initialized using 'CodeIgniter\Session\Handlers\FileHandler' driver.
INFO - 2024-10-21 18:08:36 --> Session: Class initialized using 'CodeIgniter\Session\Handlers\FileHandler' driver.
INFO - 2024-10-21 18:08:45 --> Session: Class initialized using 'CodeIgniter\Session\Handlers\FileHandler' driver.
