CRITICAL - 2023-01-03 09:52:40 --> Could not move file phpA8ED.tmp to D:\Dev\xampp\htdocs\CI4_App\public/upload/tinymce/image_asset/ ()
in SYSTEMPATH\HTTP\Files\UploadedFile.php on line 149.
 1 SYSTEMPATH\HTTP\Files\UploadedFile.php(149): CodeIgniter\HTTP\Exceptions\HTTPException::forMoveFailed('phpA8ED.tmp', 'FCPATH\\public\\upload\\tinymce\\image_asset', 'D:\\Dev\\xampp\\htdocs\\CI4_App')
 2 APPPATH\Controllers\Admin\PageController.php(420): CodeIgniter\HTTP\Files\UploadedFile->move('FCPATH\\public\\upload\\tinymce\\image_asset', 'favicon_ad-UG8NfQi915Htvqc7.')
 3 SYSTEMPATH\CodeIgniter.php(927): App\Controllers\Admin\PageController->addThis('3')
 4 SYSTEMPATH\CodeIgniter.php(482): CodeIgniter\CodeIgniter->runController(Object(App\Controllers\Admin\PageController))
 5 SYSTEMPATH\CodeIgniter.php(351): CodeIgniter\CodeIgniter->handleRequest(null, Object(Config\Cache), false)
 6 FCPATH\index.php(67): CodeIgniter\CodeIgniter->run()
CRITICAL - 2023-01-03 09:53:56 --> Could not move file phpD329.tmp to D:\Dev\xampp\htdocs\CI4_App\public/upload/tinymce/image_asset/ ()
in SYSTEMPATH\HTTP\Files\UploadedFile.php on line 149.
 1 SYSTEMPATH\HTTP\Files\UploadedFile.php(149): CodeIgniter\HTTP\Exceptions\HTTPException::forMoveFailed('phpD329.tmp', 'FCPATH\\public\\upload\\tinymce\\image_asset', 'D:\\Dev\\xampp\\htdocs\\CI4_App')
 2 APPPATH\Controllers\Admin\PageController.php(422): CodeIgniter\HTTP\Files\UploadedFile->move('FCPATH\\public\\upload\\tinymce\\image_asset', 'favicon_ad-SpgzavCjdxVsDFM6.')
 3 SYSTEMPATH\CodeIgniter.php(927): App\Controllers\Admin\PageController->addThis('3')
 4 SYSTEMPATH\CodeIgniter.php(482): CodeIgniter\CodeIgniter->runController(Object(App\Controllers\Admin\PageController))
 5 SYSTEMPATH\CodeIgniter.php(351): CodeIgniter\CodeIgniter->handleRequest(null, Object(Config\Cache), false)
 6 FCPATH\index.php(67): CodeIgniter\CodeIgniter->run()
CRITICAL - 2023-01-03 09:54:02 --> Could not move file phpEB5B.tmp to D:\Dev\xampp\htdocs\CI4_App\public/upload/tinymce/image_asset/ ()
in SYSTEMPATH\HTTP\Files\UploadedFile.php on line 149.
 1 SYSTEMPATH\HTTP\Files\UploadedFile.php(149): CodeIgniter\HTTP\Exceptions\HTTPException::forMoveFailed('phpEB5B.tmp', 'FCPATH\\public\\upload\\tinymce\\image_asset', 'D:\\Dev\\xampp\\htdocs\\CI4_App')
 2 APPPATH\Controllers\Admin\PageController.php(422): CodeIgniter\HTTP\Files\UploadedFile->move('FCPATH\\public\\upload\\tinymce\\image_asset', 'favicon_ad-OtJuNBeljApx6D9F.')
 3 SYSTEMPATH\CodeIgniter.php(927): App\Controllers\Admin\PageController->addThis('3')
 4 SYSTEMPATH\CodeIgniter.php(482): CodeIgniter\CodeIgniter->runController(Object(App\Controllers\Admin\PageController))
 5 SYSTEMPATH\CodeIgniter.php(351): CodeIgniter\CodeIgniter->handleRequest(null, Object(Config\Cache), false)
 6 FCPATH\index.php(67): CodeIgniter\CodeIgniter->run()
CRITICAL - 2023-01-03 09:54:16 --> Could not move file php212B.tmp to D:\Dev\xampp\htdocs\CI4_App\public/upload/tinymce/image_asset/ ()
in SYSTEMPATH\HTTP\Files\UploadedFile.php on line 149.
 1 SYSTEMPATH\HTTP\Files\UploadedFile.php(149): CodeIgniter\HTTP\Exceptions\HTTPException::forMoveFailed('php212B.tmp', 'FCPATH\\public\\upload\\tinymce\\image_asset', 'D:\\Dev\\xampp\\htdocs\\CI4_App')
 2 APPPATH\Controllers\Admin\PageController.php(422): CodeIgniter\HTTP\Files\UploadedFile->move('FCPATH\\public\\upload\\tinymce\\image_asset', 'favicon_ad-Hf8CFXYea6yqVj7t.')
 3 SYSTEMPATH\CodeIgniter.php(927): App\Controllers\Admin\PageController->addThis('3')
 4 SYSTEMPATH\CodeIgniter.php(482): CodeIgniter\CodeIgniter->runController(Object(App\Controllers\Admin\PageController))
 5 SYSTEMPATH\CodeIgniter.php(351): CodeIgniter\CodeIgniter->handleRequest(null, Object(Config\Cache), false)
 6 FCPATH\index.php(67): CodeIgniter\CodeIgniter->run()
CRITICAL - 2023-01-03 09:56:42 --> Could not move file php5AE1.tmp to D:\Dev\xampp\htdocs\CI4_App\public/upload/tinymce/image_asset/ ()
in SYSTEMPATH\HTTP\Files\UploadedFile.php on line 149.
 1 SYSTEMPATH\HTTP\Files\UploadedFile.php(149): CodeIgniter\HTTP\Exceptions\HTTPException::forMoveFailed('php5AE1.tmp', 'FCPATH\\public\\upload\\tinymce\\image_asset', 'D:\\Dev\\xampp\\htdocs\\CI4_App')
 2 APPPATH\Controllers\Admin\PageController.php(420): CodeIgniter\HTTP\Files\UploadedFile->move('FCPATH\\public\\upload\\tinymce\\image_asset', 'favicon_ad-GWaM14HbiFRApfes.')
 3 SYSTEMPATH\CodeIgniter.php(927): App\Controllers\Admin\PageController->addThis('3')
 4 SYSTEMPATH\CodeIgniter.php(482): CodeIgniter\CodeIgniter->runController(Object(App\Controllers\Admin\PageController))
 5 SYSTEMPATH\CodeIgniter.php(351): CodeIgniter\CodeIgniter->handleRequest(null, Object(Config\Cache), false)
 6 FCPATH\index.php(67): CodeIgniter\CodeIgniter->run()
CRITICAL - 2023-01-03 10:02:09 --> Could not move file php5A66.tmp to D:\Dev\xampp\htdocs\CI4_App\public/upload/tinymce/image_asset/ ()
in SYSTEMPATH\HTTP\Files\UploadedFile.php on line 149.
 1 SYSTEMPATH\HTTP\Files\UploadedFile.php(149): CodeIgniter\HTTP\Exceptions\HTTPException::forMoveFailed('php5A66.tmp', 'FCPATH\\public\\upload\\tinymce\\image_asset', 'D:\\Dev\\xampp\\htdocs\\CI4_App')
 2 APPPATH\Controllers\Admin\PageController.php(420): CodeIgniter\HTTP\Files\UploadedFile->move('FCPATH\\public\\upload\\tinymce\\image_asset', 'favicon_ad-ZmH7N9hXjdqzMTSU.')
 3 SYSTEMPATH\CodeIgniter.php(927): App\Controllers\Admin\PageController->addThis('3')
 4 SYSTEMPATH\CodeIgniter.php(482): CodeIgniter\CodeIgniter->runController(Object(App\Controllers\Admin\PageController))
 5 SYSTEMPATH\CodeIgniter.php(351): CodeIgniter\CodeIgniter->handleRequest(null, Object(Config\Cache), false)
 6 FCPATH\index.php(67): CodeIgniter\CodeIgniter->run()
CRITICAL - 2023-01-03 10:21:22 --> Undefined variable $page_link
in APPPATH\Views\front_end\canvas_site\navbar.php on line 13.
 1 APPPATH\Views\front_end\canvas_site\navbar.php(13): CodeIgniter\Debug\Exceptions->errorHandler(2, 'Undefined variable $page_link', 'APPPATH\\Views\\front_end\\canvas_site\\navbar.php', 13)
 2 SYSTEMPATH\View\View.php(213): include('APPPATH\\Views\\front_end\\canvas_site\\navbar.php')
 3 SYSTEMPATH\View\View.php(216): CodeIgniter\View\View->CodeIgniter\View\{closure}()
 4 SYSTEMPATH\View\View.php(431): CodeIgniter\View\View->render('front_end/canvas_site/navbar', null, true)
 5 APPPATH\Views\front_end\canvas_site\layout.php(31): CodeIgniter\View\View->include('front_end/canvas_site/navbar')
 6 SYSTEMPATH\View\View.php(213): include('APPPATH\\Views\\front_end\\canvas_site\\layout.php')
 7 SYSTEMPATH\View\View.php(216): CodeIgniter\View\View->CodeIgniter\View\{closure}()
 8 SYSTEMPATH\Common.php(1134): CodeIgniter\View\View->render('front_end/canvas_site/layout', [], true)
 9 APPPATH\Controllers\BaseController.php(62): view('front_end/canvas_site/layout', [...])
10 SYSTEMPATH\CodeIgniter.php(890): App\Controllers\BaseController->initController(Object(CodeIgniter\HTTP\IncomingRequest), Object(CodeIgniter\HTTP\Response), Object(CodeIgniter\Log\Logger))
11 SYSTEMPATH\CodeIgniter.php(473): CodeIgniter\CodeIgniter->createController()
12 SYSTEMPATH\CodeIgniter.php(351): CodeIgniter\CodeIgniter->handleRequest(null, Object(Config\Cache), false)
13 FCPATH\index.php(67): CodeIgniter\CodeIgniter->run()
CRITICAL - 2023-01-03 10:22:42 --> Undefined variable $page_link
in APPPATH\Views\front_end\canvas_site\navbar.php on line 13.
 1 APPPATH\Views\front_end\canvas_site\navbar.php(13): CodeIgniter\Debug\Exceptions->errorHandler(2, 'Undefined variable $page_link', 'APPPATH\\Views\\front_end\\canvas_site\\navbar.php', 13)
 2 SYSTEMPATH\View\View.php(213): include('APPPATH\\Views\\front_end\\canvas_site\\navbar.php')
 3 SYSTEMPATH\View\View.php(216): CodeIgniter\View\View->CodeIgniter\View\{closure}()
 4 SYSTEMPATH\View\View.php(431): CodeIgniter\View\View->render('front_end/canvas_site/navbar', null, true)
 5 APPPATH\Views\front_end\canvas_site\layout.php(31): CodeIgniter\View\View->include('front_end/canvas_site/navbar')
 6 SYSTEMPATH\View\View.php(213): include('APPPATH\\Views\\front_end\\canvas_site\\layout.php')
 7 SYSTEMPATH\View\View.php(216): CodeIgniter\View\View->CodeIgniter\View\{closure}()
 8 SYSTEMPATH\Common.php(1134): CodeIgniter\View\View->render('front_end/canvas_site/layout', [], true)
 9 APPPATH\Controllers\BaseController.php(63): view('front_end/canvas_site/layout', [...])
10 SYSTEMPATH\CodeIgniter.php(890): App\Controllers\BaseController->initController(Object(CodeIgniter\HTTP\IncomingRequest), Object(CodeIgniter\HTTP\Response), Object(CodeIgniter\Log\Logger))
11 SYSTEMPATH\CodeIgniter.php(473): CodeIgniter\CodeIgniter->createController()
12 SYSTEMPATH\CodeIgniter.php(351): CodeIgniter\CodeIgniter->handleRequest(null, Object(Config\Cache), false)
13 FCPATH\index.php(67): CodeIgniter\CodeIgniter->run()
CRITICAL - 2023-01-03 10:23:31 --> Cannot use object of type mysqli as array
in APPPATH\Views\front_end\canvas_site\navbar.php on line 14.
 1 SYSTEMPATH\View\View.php(213): include()
 2 SYSTEMPATH\View\View.php(216): CodeIgniter\View\View->CodeIgniter\View\{closure}()
 3 SYSTEMPATH\View\View.php(431): CodeIgniter\View\View->render('front_end/canvas_site/navbar', null, true)
 4 APPPATH\Views\front_end\canvas_site\layout.php(31): CodeIgniter\View\View->include('front_end/canvas_site/navbar')
 5 SYSTEMPATH\View\View.php(213): include('APPPATH\\Views\\front_end\\canvas_site\\layout.php')
 6 SYSTEMPATH\View\View.php(216): CodeIgniter\View\View->CodeIgniter\View\{closure}()
 7 SYSTEMPATH\Common.php(1134): CodeIgniter\View\View->render('front_end/canvas_site/layout', [], true)
 8 APPPATH\Controllers\BaseController.php(63): view('front_end/canvas_site/layout', [...])
 9 SYSTEMPATH\CodeIgniter.php(890): App\Controllers\BaseController->initController(Object(CodeIgniter\HTTP\IncomingRequest), Object(CodeIgniter\HTTP\Response), Object(CodeIgniter\Log\Logger))
10 SYSTEMPATH\CodeIgniter.php(473): CodeIgniter\CodeIgniter->createController()
11 SYSTEMPATH\CodeIgniter.php(351): CodeIgniter\CodeIgniter->handleRequest(null, Object(Config\Cache), false)
12 FCPATH\index.php(67): CodeIgniter\CodeIgniter->run()
CRITICAL - 2023-01-03 10:24:07 --> Undefined property: mysqli::$page_name
in APPPATH\Views\front_end\canvas_site\navbar.php on line 14.
 1 APPPATH\Views\front_end\canvas_site\navbar.php(14): CodeIgniter\Debug\Exceptions->errorHandler(2, 'Undefined property: mysqli::$page_name', 'APPPATH\\Views\\front_end\\canvas_site\\navbar.php', 14)
 2 SYSTEMPATH\View\View.php(213): include('APPPATH\\Views\\front_end\\canvas_site\\navbar.php')
 3 SYSTEMPATH\View\View.php(216): CodeIgniter\View\View->CodeIgniter\View\{closure}()
 4 SYSTEMPATH\View\View.php(431): CodeIgniter\View\View->render('front_end/canvas_site/navbar', null, true)
 5 APPPATH\Views\front_end\canvas_site\layout.php(31): CodeIgniter\View\View->include('front_end/canvas_site/navbar')
 6 SYSTEMPATH\View\View.php(213): include('APPPATH\\Views\\front_end\\canvas_site\\layout.php')
 7 SYSTEMPATH\View\View.php(216): CodeIgniter\View\View->CodeIgniter\View\{closure}()
 8 SYSTEMPATH\Common.php(1134): CodeIgniter\View\View->render('front_end/canvas_site/layout', [], true)
 9 APPPATH\Controllers\BaseController.php(63): view('front_end/canvas_site/layout', [...])
10 SYSTEMPATH\CodeIgniter.php(890): App\Controllers\BaseController->initController(Object(CodeIgniter\HTTP\IncomingRequest), Object(CodeIgniter\HTTP\Response), Object(CodeIgniter\Log\Logger))
11 SYSTEMPATH\CodeIgniter.php(473): CodeIgniter\CodeIgniter->createController()
12 SYSTEMPATH\CodeIgniter.php(351): CodeIgniter\CodeIgniter->handleRequest(null, Object(Config\Cache), false)
13 FCPATH\index.php(67): CodeIgniter\CodeIgniter->run()
CRITICAL - 2023-01-03 10:24:19 --> Undefined property: mysqli::$page_name
in APPPATH\Views\front_end\canvas_site\navbar.php on line 14.
 1 APPPATH\Views\front_end\canvas_site\navbar.php(14): CodeIgniter\Debug\Exceptions->errorHandler(2, 'Undefined property: mysqli::$page_name', 'APPPATH\\Views\\front_end\\canvas_site\\navbar.php', 14)
 2 SYSTEMPATH\View\View.php(213): include('APPPATH\\Views\\front_end\\canvas_site\\navbar.php')
 3 SYSTEMPATH\View\View.php(216): CodeIgniter\View\View->CodeIgniter\View\{closure}()
 4 SYSTEMPATH\View\View.php(431): CodeIgniter\View\View->render('front_end/canvas_site/navbar', null, true)
 5 APPPATH\Views\front_end\canvas_site\layout.php(31): CodeIgniter\View\View->include('front_end/canvas_site/navbar')
 6 SYSTEMPATH\View\View.php(213): include('APPPATH\\Views\\front_end\\canvas_site\\layout.php')
 7 SYSTEMPATH\View\View.php(216): CodeIgniter\View\View->CodeIgniter\View\{closure}()
 8 SYSTEMPATH\Common.php(1134): CodeIgniter\View\View->render('front_end/canvas_site/layout', [], true)
 9 APPPATH\Controllers\BaseController.php(63): view('front_end/canvas_site/layout', [...])
10 SYSTEMPATH\CodeIgniter.php(890): App\Controllers\BaseController->initController(Object(CodeIgniter\HTTP\IncomingRequest), Object(CodeIgniter\HTTP\Response), Object(CodeIgniter\Log\Logger))
11 SYSTEMPATH\CodeIgniter.php(473): CodeIgniter\CodeIgniter->createController()
12 SYSTEMPATH\CodeIgniter.php(351): CodeIgniter\CodeIgniter->handleRequest(null, Object(Config\Cache), false)
13 FCPATH\index.php(67): CodeIgniter\CodeIgniter->run()
CRITICAL - 2023-01-03 10:25:56 --> syntax error, unexpected integer "1", expecting ")"
in APPPATH\Controllers\BaseController.php on line 61.
 1 SYSTEMPATH\Autoloader\Autoloader.php(259): CodeIgniter\Autoloader\Autoloader->includeFile('APPPATH\\Controllers\\BaseController.php')
 2 SYSTEMPATH\Autoloader\Autoloader.php(237): CodeIgniter\Autoloader\Autoloader->loadInNamespace('App\\Controllers\\BaseController')
 3 APPPATH\Controllers\CanvasController.php(11): CodeIgniter\Autoloader\Autoloader->loadClass('App\\Controllers\\BaseController')
 4 SYSTEMPATH\Autoloader\Autoloader.php(282): include_once('APPPATH\\Controllers\\CanvasController.php')
 5 SYSTEMPATH\Autoloader\Autoloader.php(259): CodeIgniter\Autoloader\Autoloader->includeFile('APPPATH\\Controllers\\CanvasController.php')
 6 SYSTEMPATH\Autoloader\Autoloader.php(237): CodeIgniter\Autoloader\Autoloader->loadInNamespace('App\\Controllers\\CanvasController')
 7 [internal function]: CodeIgniter\Autoloader\Autoloader->loadClass('App\\Controllers\\CanvasController')
 8 SYSTEMPATH\CodeIgniter.php(877): class_exists('\\App\\Controllers\\CanvasController', true)
 9 SYSTEMPATH\CodeIgniter.php(469): CodeIgniter\CodeIgniter->startController()
10 SYSTEMPATH\CodeIgniter.php(351): CodeIgniter\CodeIgniter->handleRequest(null, Object(Config\Cache), false)
11 FCPATH\index.php(67): CodeIgniter\CodeIgniter->run()
CRITICAL - 2023-01-03 10:35:44 --> Call to undefined method App\Models\PageModel::getResultArray
in SYSTEMPATH\Model.php on line 774.
 1 APPPATH\Controllers\BaseController.php(61): CodeIgniter\Model->__call('getResultArray', [])
 2 SYSTEMPATH\CodeIgniter.php(890): App\Controllers\BaseController->initController(Object(CodeIgniter\HTTP\IncomingRequest), Object(CodeIgniter\HTTP\Response), Object(CodeIgniter\Log\Logger))
 3 SYSTEMPATH\CodeIgniter.php(473): CodeIgniter\CodeIgniter->createController()
 4 SYSTEMPATH\CodeIgniter.php(351): CodeIgniter\CodeIgniter->handleRequest(null, Object(Config\Cache), false)
 5 FCPATH\index.php(67): CodeIgniter\CodeIgniter->run()
CRITICAL - 2023-01-03 10:35:58 --> Call to undefined method App\Models\PageModel::getRowArray
in SYSTEMPATH\Model.php on line 774.
 1 APPPATH\Controllers\BaseController.php(61): CodeIgniter\Model->__call('getRowArray', [])
 2 SYSTEMPATH\CodeIgniter.php(890): App\Controllers\BaseController->initController(Object(CodeIgniter\HTTP\IncomingRequest), Object(CodeIgniter\HTTP\Response), Object(CodeIgniter\Log\Logger))
 3 SYSTEMPATH\CodeIgniter.php(473): CodeIgniter\CodeIgniter->createController()
 4 SYSTEMPATH\CodeIgniter.php(351): CodeIgniter\CodeIgniter->handleRequest(null, Object(Config\Cache), false)
 5 FCPATH\index.php(67): CodeIgniter\CodeIgniter->run()
CRITICAL - 2023-01-03 22:05:05 --> Attempt to read property "id" on array
in APPPATH\Views\admin\post\create.php on line 120.
 1 APPPATH\Views\admin\post\create.php(120): CodeIgniter\Debug\Exceptions->errorHandler(2, 'Attempt to read property "id" on array', 'APPPATH\\Views\\admin\\post\\create.php', 120)
 2 SYSTEMPATH\View\View.php(213): include('APPPATH\\Views\\admin\\post\\create.php')
 3 SYSTEMPATH\View\View.php(216): CodeIgniter\View\View->CodeIgniter\View\{closure}()
 4 SYSTEMPATH\Common.php(1134): CodeIgniter\View\View->render('admin/post/create', [], true)
 5 APPPATH\Controllers\Admin\PostController.php(29): view('admin/post/create', [...])
 6 SYSTEMPATH\CodeIgniter.php(927): App\Controllers\Admin\PostController->getPost()
 7 SYSTEMPATH\CodeIgniter.php(482): CodeIgniter\CodeIgniter->runController(Object(App\Controllers\Admin\PostController))
 8 SYSTEMPATH\CodeIgniter.php(351): CodeIgniter\CodeIgniter->handleRequest(null, Object(Config\Cache), false)
 9 FCPATH\index.php(67): CodeIgniter\CodeIgniter->run()
CRITICAL - 2023-01-03 22:49:08 --> Attempt to read property "id" on array
in APPPATH\Views\admin\post\create.php on line 120.
 1 APPPATH\Views\admin\post\create.php(120): CodeIgniter\Debug\Exceptions->errorHandler(2, 'Attempt to read property "id" on array', 'APPPATH\\Views\\admin\\post\\create.php', 120)
 2 SYSTEMPATH\View\View.php(213): include('APPPATH\\Views\\admin\\post\\create.php')
 3 SYSTEMPATH\View\View.php(216): CodeIgniter\View\View->CodeIgniter\View\{closure}()
 4 SYSTEMPATH\Common.php(1134): CodeIgniter\View\View->render('admin/post/create', [], true)
 5 APPPATH\Controllers\Admin\PostController.php(29): view('admin/post/create', [...])
 6 SYSTEMPATH\CodeIgniter.php(927): App\Controllers\Admin\PostController->getPost()
 7 SYSTEMPATH\CodeIgniter.php(482): CodeIgniter\CodeIgniter->runController(Object(App\Controllers\Admin\PostController))
 8 SYSTEMPATH\CodeIgniter.php(351): CodeIgniter\CodeIgniter->handleRequest(null, Object(Config\Cache), false)
 9 FCPATH\index.php(67): CodeIgniter\CodeIgniter->run()
CRITICAL - 2023-01-03 22:56:40 --> Attempt to read property "id" on array
in APPPATH\Views\admin\post\editPost.php on line 105.
 1 APPPATH\Views\admin\post\editPost.php(105): CodeIgniter\Debug\Exceptions->errorHandler(2, 'Attempt to read property "id" on array', 'APPPATH\\Views\\admin\\post\\editPost.php', 105)
 2 SYSTEMPATH\View\View.php(213): include('APPPATH\\Views\\admin\\post\\editPost.php')
 3 SYSTEMPATH\View\View.php(216): CodeIgniter\View\View->CodeIgniter\View\{closure}()
 4 SYSTEMPATH\Common.php(1134): CodeIgniter\View\View->render('admin/post/editPost', [], true)
 5 APPPATH\Controllers\Admin\PostController.php(170): view('admin/post/editPost', [...])
 6 SYSTEMPATH\CodeIgniter.php(927): App\Controllers\Admin\PostController->getEdit('35')
 7 SYSTEMPATH\CodeIgniter.php(482): CodeIgniter\CodeIgniter->runController(Object(App\Controllers\Admin\PostController))
 8 SYSTEMPATH\CodeIgniter.php(351): CodeIgniter\CodeIgniter->handleRequest(null, Object(Config\Cache), false)
 9 FCPATH\index.php(67): CodeIgniter\CodeIgniter->run()
