ERROR - 2023-01-06 11:15:00 --> mysqli_sql_exception: Unknown column 'parent_cate_id' in 'where clause' in D:\Dev\xampp\htdocs\CI4_App\system\Database\MySQLi\Connection.php:292
Stack trace:
#0 D:\Dev\xampp\htdocs\CI4_App\system\Database\MySQLi\Connection.php(292): mysqli->query('SELECT *\nFROM `...', 0)
#1 D:\Dev\xampp\htdocs\CI4_App\system\Database\BaseConnection.php(666): CodeIgniter\Database\MySQLi\Connection->execute('SELECT *\nFROM `...')
#2 D:\Dev\xampp\htdocs\CI4_App\system\Database\BaseConnection.php(593): CodeIgniter\Database\BaseConnection->simpleQuery('SELECT *\nFROM `...')
#3 D:\Dev\xampp\htdocs\CI4_App\system\Database\BaseBuilder.php(1585): CodeIgniter\Database\BaseConnection->query('SELECT *\nFROM `...', Array, false)
#4 D:\Dev\xampp\htdocs\CI4_App\system\Model.php(223): CodeIgniter\Database\BaseBuilder->get()
#5 D:\Dev\xampp\htdocs\CI4_App\system\BaseModel.php(585): CodeIgniter\Model->doFindAll(0, 0)
#6 D:\Dev\xampp\htdocs\CI4_App\app\Controllers\CanvasController.php(23): CodeIgniter\BaseModel->findAll()
#7 D:\Dev\xampp\htdocs\CI4_App\system\CodeIgniter.php(927): App\Controllers\CanvasController->index()
#8 D:\Dev\xampp\htdocs\CI4_App\system\CodeIgniter.php(482): CodeIgniter\CodeIgniter->runController(Object(App\Controllers\CanvasController))
#9 D:\Dev\xampp\htdocs\CI4_App\system\CodeIgniter.php(351): CodeIgniter\CodeIgniter->handleRequest(NULL, Object(Config\Cache), false)
#10 D:\Dev\xampp\htdocs\CI4_App\index.php(67): CodeIgniter\CodeIgniter->run()
#11 {main}
CRITICAL - 2023-01-06 11:15:00 --> Unknown column 'parent_cate_id' in 'where clause'
in SYSTEMPATH\Database\MySQLi\Connection.php on line 292.
 1 SYSTEMPATH\Database\MySQLi\Connection.php(292): mysqli->query('SELECT *
FROM `cate`
WHERE `parent_cate_id` = 0', 0)
 2 SYSTEMPATH\Database\BaseConnection.php(666): CodeIgniter\Database\MySQLi\Connection->execute('SELECT *
FROM `cate`
WHERE `parent_cate_id` = 0')
 3 SYSTEMPATH\Database\BaseConnection.php(593): CodeIgniter\Database\BaseConnection->simpleQuery('SELECT *
FROM `cate`
WHERE `parent_cate_id` = 0')
 4 SYSTEMPATH\Database\BaseBuilder.php(1585): CodeIgniter\Database\BaseConnection->query('SELECT *
FROM `cate`
WHERE `parent_cate_id` = :parent_cate_id:', [...], false)
 5 SYSTEMPATH\Model.php(223): CodeIgniter\Database\BaseBuilder->get()
 6 SYSTEMPATH\BaseModel.php(585): CodeIgniter\Model->doFindAll(0, 0)
 7 APPPATH\Controllers\CanvasController.php(23): CodeIgniter\BaseModel->findAll()
 8 SYSTEMPATH\CodeIgniter.php(927): App\Controllers\CanvasController->index()
 9 SYSTEMPATH\CodeIgniter.php(482): CodeIgniter\CodeIgniter->runController(Object(App\Controllers\CanvasController))
10 SYSTEMPATH\CodeIgniter.php(351): CodeIgniter\CodeIgniter->handleRequest(null, Object(Config\Cache), false)
11 FCPATH\index.php(67): CodeIgniter\CodeIgniter->run()
CRITICAL - 2023-01-06 11:15:29 --> Call to undefined method App\Models\PostModel::gfindAll
in SYSTEMPATH\Model.php on line 774.
 1 APPPATH\Controllers\CanvasController.php(51): CodeIgniter\Model->__call('gfindAll', [])
 2 SYSTEMPATH\CodeIgniter.php(927): App\Controllers\CanvasController->index()
 3 SYSTEMPATH\CodeIgniter.php(482): CodeIgniter\CodeIgniter->runController(Object(App\Controllers\CanvasController))
 4 SYSTEMPATH\CodeIgniter.php(351): CodeIgniter\CodeIgniter->handleRequest(null, Object(Config\Cache), false)
 5 FCPATH\index.php(67): CodeIgniter\CodeIgniter->run()
ERROR - 2023-01-06 11:15:48 --> mysqli_sql_exception: Unknown column 'post_id' in 'order clause' in D:\Dev\xampp\htdocs\CI4_App\system\Database\MySQLi\Connection.php:292
Stack trace:
#0 D:\Dev\xampp\htdocs\CI4_App\system\Database\MySQLi\Connection.php(292): mysqli->query('SELECT *\nFROM `...', 0)
#1 D:\Dev\xampp\htdocs\CI4_App\system\Database\BaseConnection.php(666): CodeIgniter\Database\MySQLi\Connection->execute('SELECT *\nFROM `...')
#2 D:\Dev\xampp\htdocs\CI4_App\system\Database\BaseConnection.php(593): CodeIgniter\Database\BaseConnection->simpleQuery('SELECT *\nFROM `...')
#3 D:\Dev\xampp\htdocs\CI4_App\system\Database\BaseBuilder.php(1585): CodeIgniter\Database\BaseConnection->query('SELECT *\nFROM `...', Array, false)
#4 D:\Dev\xampp\htdocs\CI4_App\system\Model.php(223): CodeIgniter\Database\BaseBuilder->get()
#5 D:\Dev\xampp\htdocs\CI4_App\system\BaseModel.php(585): CodeIgniter\Model->doFindAll(0, 0)
#6 D:\Dev\xampp\htdocs\CI4_App\app\Controllers\CanvasController.php(51): CodeIgniter\BaseModel->findAll()
#7 D:\Dev\xampp\htdocs\CI4_App\system\CodeIgniter.php(927): App\Controllers\CanvasController->index()
#8 D:\Dev\xampp\htdocs\CI4_App\system\CodeIgniter.php(482): CodeIgniter\CodeIgniter->runController(Object(App\Controllers\CanvasController))
#9 D:\Dev\xampp\htdocs\CI4_App\system\CodeIgniter.php(351): CodeIgniter\CodeIgniter->handleRequest(NULL, Object(Config\Cache), false)
#10 D:\Dev\xampp\htdocs\CI4_App\index.php(67): CodeIgniter\CodeIgniter->run()
#11 {main}
CRITICAL - 2023-01-06 11:15:48 --> Unknown column 'post_id' in 'order clause'
in SYSTEMPATH\Database\MySQLi\Connection.php on line 292.
 1 SYSTEMPATH\Database\MySQLi\Connection.php(292): mysqli->query('SELECT *
FROM `post`
ORDER BY `post_id` DESC', 0)
 2 SYSTEMPATH\Database\BaseConnection.php(666): CodeIgniter\Database\MySQLi\Connection->execute('SELECT *
FROM `post`
ORDER BY `post_id` DESC')
 3 SYSTEMPATH\Database\BaseConnection.php(593): CodeIgniter\Database\BaseConnection->simpleQuery('SELECT *
FROM `post`
ORDER BY `post_id` DESC')
 4 SYSTEMPATH\Database\BaseBuilder.php(1585): CodeIgniter\Database\BaseConnection->query('SELECT *
FROM `post`
ORDER BY `post_id` DESC', [], false)
 5 SYSTEMPATH\Model.php(223): CodeIgniter\Database\BaseBuilder->get()
 6 SYSTEMPATH\BaseModel.php(585): CodeIgniter\Model->doFindAll(0, 0)
 7 APPPATH\Controllers\CanvasController.php(51): CodeIgniter\BaseModel->findAll()
 8 SYSTEMPATH\CodeIgniter.php(927): App\Controllers\CanvasController->index()
 9 SYSTEMPATH\CodeIgniter.php(482): CodeIgniter\CodeIgniter->runController(Object(App\Controllers\CanvasController))
10 SYSTEMPATH\CodeIgniter.php(351): CodeIgniter\CodeIgniter->handleRequest(null, Object(Config\Cache), false)
11 FCPATH\index.php(67): CodeIgniter\CodeIgniter->run()
CRITICAL - 2023-01-06 11:28:19 --> Undefined variable $sub_id
in APPPATH\Controllers\CanvasController.php on line 50.
 1 APPPATH\Controllers\CanvasController.php(50): CodeIgniter\Debug\Exceptions->errorHandler(2, 'Undefined variable $sub_id', 'APPPATH\\Controllers\\CanvasController.php', 50)
 2 SYSTEMPATH\CodeIgniter.php(927): App\Controllers\CanvasController->index()
 3 SYSTEMPATH\CodeIgniter.php(482): CodeIgniter\CodeIgniter->runController(Object(App\Controllers\CanvasController))
 4 SYSTEMPATH\CodeIgniter.php(351): CodeIgniter\CodeIgniter->handleRequest(null, Object(Config\Cache), false)
 5 FCPATH\index.php(67): CodeIgniter\CodeIgniter->run()
CRITICAL - 2023-01-06 11:29:18 --> Undefined variable $sub_id
in APPPATH\Controllers\CanvasController.php on line 34.
 1 APPPATH\Controllers\CanvasController.php(34): CodeIgniter\Debug\Exceptions->errorHandler(2, 'Undefined variable $sub_id', 'APPPATH\\Controllers\\CanvasController.php', 34)
 2 SYSTEMPATH\CodeIgniter.php(927): App\Controllers\CanvasController->index()
 3 SYSTEMPATH\CodeIgniter.php(482): CodeIgniter\CodeIgniter->runController(Object(App\Controllers\CanvasController))
 4 SYSTEMPATH\CodeIgniter.php(351): CodeIgniter\CodeIgniter->handleRequest(null, Object(Config\Cache), false)
 5 FCPATH\index.php(67): CodeIgniter\CodeIgniter->run()
CRITICAL - 2023-01-06 11:30:22 --> whereIn() expects $values to be of type array or closure
in SYSTEMPATH\Database\BaseBuilder.php on line 907.
 1 SYSTEMPATH\Database\BaseBuilder.php(789): CodeIgniter\Database\BaseBuilder->_whereIn('post_cate_id', '8', false, 'AND ', null)
 2 SYSTEMPATH\Model.php(772): CodeIgniter\Database\BaseBuilder->whereIn('post_cate_id', '8')
 3 APPPATH\Controllers\CanvasController.php(38): CodeIgniter\Model->__call('whereIn', [...])
 4 SYSTEMPATH\CodeIgniter.php(927): App\Controllers\CanvasController->index()
 5 SYSTEMPATH\CodeIgniter.php(482): CodeIgniter\CodeIgniter->runController(Object(App\Controllers\CanvasController))
 6 SYSTEMPATH\CodeIgniter.php(351): CodeIgniter\CodeIgniter->handleRequest(null, Object(Config\Cache), false)
 7 FCPATH\index.php(67): CodeIgniter\CodeIgniter->run()
ERROR - 2023-01-06 11:32:31 --> mysqli_sql_exception: Column 'id' in order clause is ambiguous in D:\Dev\xampp\htdocs\CI4_App\system\Database\MySQLi\Connection.php:292
Stack trace:
#0 D:\Dev\xampp\htdocs\CI4_App\system\Database\MySQLi\Connection.php(292): mysqli->query('SELECT *\nFROM `...', 0)
#1 D:\Dev\xampp\htdocs\CI4_App\system\Database\BaseConnection.php(666): CodeIgniter\Database\MySQLi\Connection->execute('SELECT *\nFROM `...')
#2 D:\Dev\xampp\htdocs\CI4_App\system\Database\BaseConnection.php(593): CodeIgniter\Database\BaseConnection->simpleQuery('SELECT *\nFROM `...')
#3 D:\Dev\xampp\htdocs\CI4_App\system\Database\BaseBuilder.php(1585): CodeIgniter\Database\BaseConnection->query('SELECT *\nFROM `...', Array, false)
#4 D:\Dev\xampp\htdocs\CI4_App\system\Model.php(223): CodeIgniter\Database\BaseBuilder->get()
#5 D:\Dev\xampp\htdocs\CI4_App\system\BaseModel.php(585): CodeIgniter\Model->doFindAll(0, 0)
#6 D:\Dev\xampp\htdocs\CI4_App\app\Controllers\CanvasController.php(38): CodeIgniter\BaseModel->findAll()
#7 D:\Dev\xampp\htdocs\CI4_App\system\CodeIgniter.php(927): App\Controllers\CanvasController->index()
#8 D:\Dev\xampp\htdocs\CI4_App\system\CodeIgniter.php(482): CodeIgniter\CodeIgniter->runController(Object(App\Controllers\CanvasController))
#9 D:\Dev\xampp\htdocs\CI4_App\system\CodeIgniter.php(351): CodeIgniter\CodeIgniter->handleRequest(NULL, Object(Config\Cache), false)
#10 D:\Dev\xampp\htdocs\CI4_App\index.php(67): CodeIgniter\CodeIgniter->run()
#11 {main}
CRITICAL - 2023-01-06 11:32:31 --> Column 'id' in order clause is ambiguous
in SYSTEMPATH\Database\MySQLi\Connection.php on line 292.
 1 SYSTEMPATH\Database\MySQLi\Connection.php(292): mysqli->query('SELECT *
FROM `post`
LEFT JOIN `cate` ON `cate`.`id` = `post`.`post_cate_id`
WHERE `post_cate_id` IN (\'8\')
ORDER BY `id` DESC', 0)
 2 SYSTEMPATH\Database\BaseConnection.php(666): CodeIgniter\Database\MySQLi\Connection->execute('SELECT *
FROM `post`
LEFT JOIN `cate` ON `cate`.`id` = `post`.`post_cate_id`
WHERE `post_cate_id` IN (\'8\')
ORDER BY `id` DESC')
 3 SYSTEMPATH\Database\BaseConnection.php(593): CodeIgniter\Database\BaseConnection->simpleQuery('SELECT *
FROM `post`
LEFT JOIN `cate` ON `cate`.`id` = `post`.`post_cate_id`
WHERE `post_cate_id` IN (\'8\')
ORDER BY `id` DESC')
 4 SYSTEMPATH\Database\BaseBuilder.php(1585): CodeIgniter\Database\BaseConnection->query('SELECT *
FROM `post`
LEFT JOIN `cate` ON `cate`.`id` = `post`.`post_cate_id`
WHERE `post_cate_id` IN :post_cate_id:
ORDER BY `id` DESC', [...], false)
 5 SYSTEMPATH\Model.php(223): CodeIgniter\Database\BaseBuilder->get()
 6 SYSTEMPATH\BaseModel.php(585): CodeIgniter\Model->doFindAll(0, 0)
 7 APPPATH\Controllers\CanvasController.php(38): CodeIgniter\BaseModel->findAll()
 8 SYSTEMPATH\CodeIgniter.php(927): App\Controllers\CanvasController->index()
 9 SYSTEMPATH\CodeIgniter.php(482): CodeIgniter\CodeIgniter->runController(Object(App\Controllers\CanvasController))
10 SYSTEMPATH\CodeIgniter.php(351): CodeIgniter\CodeIgniter->handleRequest(null, Object(Config\Cache), false)
11 FCPATH\index.php(67): CodeIgniter\CodeIgniter->run()
ERROR - 2023-01-06 11:32:58 --> mysqli_sql_exception: Column 'id' in order clause is ambiguous in D:\Dev\xampp\htdocs\CI4_App\system\Database\MySQLi\Connection.php:292
Stack trace:
#0 D:\Dev\xampp\htdocs\CI4_App\system\Database\MySQLi\Connection.php(292): mysqli->query('SELECT *\nFROM `...', 0)
#1 D:\Dev\xampp\htdocs\CI4_App\system\Database\BaseConnection.php(666): CodeIgniter\Database\MySQLi\Connection->execute('SELECT *\nFROM `...')
#2 D:\Dev\xampp\htdocs\CI4_App\system\Database\BaseConnection.php(593): CodeIgniter\Database\BaseConnection->simpleQuery('SELECT *\nFROM `...')
#3 D:\Dev\xampp\htdocs\CI4_App\system\Database\BaseBuilder.php(1585): CodeIgniter\Database\BaseConnection->query('SELECT *\nFROM `...', Array, false)
#4 D:\Dev\xampp\htdocs\CI4_App\system\Model.php(223): CodeIgniter\Database\BaseBuilder->get()
#5 D:\Dev\xampp\htdocs\CI4_App\system\BaseModel.php(585): CodeIgniter\Model->doFindAll(0, 0)
#6 D:\Dev\xampp\htdocs\CI4_App\app\Controllers\CanvasController.php(21): CodeIgniter\BaseModel->findAll()
#7 D:\Dev\xampp\htdocs\CI4_App\system\CodeIgniter.php(927): App\Controllers\CanvasController->index()
#8 D:\Dev\xampp\htdocs\CI4_App\system\CodeIgniter.php(482): CodeIgniter\CodeIgniter->runController(Object(App\Controllers\CanvasController))
#9 D:\Dev\xampp\htdocs\CI4_App\system\CodeIgniter.php(351): CodeIgniter\CodeIgniter->handleRequest(NULL, Object(Config\Cache), false)
#10 D:\Dev\xampp\htdocs\CI4_App\index.php(67): CodeIgniter\CodeIgniter->run()
#11 {main}
CRITICAL - 2023-01-06 11:32:58 --> Column 'id' in order clause is ambiguous
in SYSTEMPATH\Database\MySQLi\Connection.php on line 292.
 1 SYSTEMPATH\Database\MySQLi\Connection.php(292): mysqli->query('SELECT *
FROM `post`
LEFT JOIN `cate` ON `cate`.`id` = `post`.`post_cate_id`
WHERE `post_featured` = 1
ORDER BY `id` DESC', 0)
 2 SYSTEMPATH\Database\BaseConnection.php(666): CodeIgniter\Database\MySQLi\Connection->execute('SELECT *
FROM `post`
LEFT JOIN `cate` ON `cate`.`id` = `post`.`post_cate_id`
WHERE `post_featured` = 1
ORDER BY `id` DESC')
 3 SYSTEMPATH\Database\BaseConnection.php(593): CodeIgniter\Database\BaseConnection->simpleQuery('SELECT *
FROM `post`
LEFT JOIN `cate` ON `cate`.`id` = `post`.`post_cate_id`
WHERE `post_featured` = 1
ORDER BY `id` DESC')
 4 SYSTEMPATH\Database\BaseBuilder.php(1585): CodeIgniter\Database\BaseConnection->query('SELECT *
FROM `post`
LEFT JOIN `cate` ON `cate`.`id` = `post`.`post_cate_id`
WHERE `post_featured` = :post_featured:
ORDER BY `id` DESC', [...], false)
 5 SYSTEMPATH\Model.php(223): CodeIgniter\Database\BaseBuilder->get()
 6 SYSTEMPATH\BaseModel.php(585): CodeIgniter\Model->doFindAll(0, 0)
 7 APPPATH\Controllers\CanvasController.php(21): CodeIgniter\BaseModel->findAll()
 8 SYSTEMPATH\CodeIgniter.php(927): App\Controllers\CanvasController->index()
 9 SYSTEMPATH\CodeIgniter.php(482): CodeIgniter\CodeIgniter->runController(Object(App\Controllers\CanvasController))
10 SYSTEMPATH\CodeIgniter.php(351): CodeIgniter\CodeIgniter->handleRequest(null, Object(Config\Cache), false)
11 FCPATH\index.php(67): CodeIgniter\CodeIgniter->run()
ERROR - 2023-01-06 11:35:33 --> mysqli_sql_exception: Column 'id' in order clause is ambiguous in D:\Dev\xampp\htdocs\CI4_App\system\Database\MySQLi\Connection.php:292
Stack trace:
#0 D:\Dev\xampp\htdocs\CI4_App\system\Database\MySQLi\Connection.php(292): mysqli->query('SELECT *\nFROM `...', 0)
#1 D:\Dev\xampp\htdocs\CI4_App\system\Database\BaseConnection.php(666): CodeIgniter\Database\MySQLi\Connection->execute('SELECT *\nFROM `...')
#2 D:\Dev\xampp\htdocs\CI4_App\system\Database\BaseConnection.php(593): CodeIgniter\Database\BaseConnection->simpleQuery('SELECT *\nFROM `...')
#3 D:\Dev\xampp\htdocs\CI4_App\system\Database\BaseBuilder.php(1585): CodeIgniter\Database\BaseConnection->query('SELECT *\nFROM `...', Array, false)
#4 D:\Dev\xampp\htdocs\CI4_App\system\Model.php(223): CodeIgniter\Database\BaseBuilder->get()
#5 D:\Dev\xampp\htdocs\CI4_App\system\BaseModel.php(585): CodeIgniter\Model->doFindAll(0, 0)
#6 D:\Dev\xampp\htdocs\CI4_App\app\Controllers\CanvasController.php(38): CodeIgniter\BaseModel->findAll()
#7 D:\Dev\xampp\htdocs\CI4_App\system\CodeIgniter.php(927): App\Controllers\CanvasController->index()
#8 D:\Dev\xampp\htdocs\CI4_App\system\CodeIgniter.php(482): CodeIgniter\CodeIgniter->runController(Object(App\Controllers\CanvasController))
#9 D:\Dev\xampp\htdocs\CI4_App\system\CodeIgniter.php(351): CodeIgniter\CodeIgniter->handleRequest(NULL, Object(Config\Cache), false)
#10 D:\Dev\xampp\htdocs\CI4_App\index.php(67): CodeIgniter\CodeIgniter->run()
#11 {main}
CRITICAL - 2023-01-06 11:35:33 --> Column 'id' in order clause is ambiguous
in SYSTEMPATH\Database\MySQLi\Connection.php on line 292.
 1 SYSTEMPATH\Database\MySQLi\Connection.php(292): mysqli->query('SELECT *
FROM `post`
LEFT JOIN `cate` ON `cate`.`id` = `post`.`post_cate_id`
WHERE `post_cate_id` IN (\'8\')
ORDER BY `id` DESC', 0)
 2 SYSTEMPATH\Database\BaseConnection.php(666): CodeIgniter\Database\MySQLi\Connection->execute('SELECT *
FROM `post`
LEFT JOIN `cate` ON `cate`.`id` = `post`.`post_cate_id`
WHERE `post_cate_id` IN (\'8\')
ORDER BY `id` DESC')
 3 SYSTEMPATH\Database\BaseConnection.php(593): CodeIgniter\Database\BaseConnection->simpleQuery('SELECT *
FROM `post`
LEFT JOIN `cate` ON `cate`.`id` = `post`.`post_cate_id`
WHERE `post_cate_id` IN (\'8\')
ORDER BY `id` DESC')
 4 SYSTEMPATH\Database\BaseBuilder.php(1585): CodeIgniter\Database\BaseConnection->query('SELECT *
FROM `post`
LEFT JOIN `cate` ON `cate`.`id` = `post`.`post_cate_id`
WHERE `post_cate_id` IN :post_cate_id:
ORDER BY `id` DESC', [...], false)
 5 SYSTEMPATH\Model.php(223): CodeIgniter\Database\BaseBuilder->get()
 6 SYSTEMPATH\BaseModel.php(585): CodeIgniter\Model->doFindAll(0, 0)
 7 APPPATH\Controllers\CanvasController.php(38): CodeIgniter\BaseModel->findAll()
 8 SYSTEMPATH\CodeIgniter.php(927): App\Controllers\CanvasController->index()
 9 SYSTEMPATH\CodeIgniter.php(482): CodeIgniter\CodeIgniter->runController(Object(App\Controllers\CanvasController))
10 SYSTEMPATH\CodeIgniter.php(351): CodeIgniter\CodeIgniter->handleRequest(null, Object(Config\Cache), false)
11 FCPATH\index.php(67): CodeIgniter\CodeIgniter->run()
ERROR - 2023-01-06 20:24:57 --> mysqli_sql_exception: Column 'id' in order clause is ambiguous in D:\Dev\xampp\htdocs\CI4_App\system\Database\MySQLi\Connection.php:292
Stack trace:
#0 D:\Dev\xampp\htdocs\CI4_App\system\Database\MySQLi\Connection.php(292): mysqli->query('SELECT *\nFROM `...', 0)
#1 D:\Dev\xampp\htdocs\CI4_App\system\Database\BaseConnection.php(666): CodeIgniter\Database\MySQLi\Connection->execute('SELECT *\nFROM `...')
#2 D:\Dev\xampp\htdocs\CI4_App\system\Database\BaseConnection.php(593): CodeIgniter\Database\BaseConnection->simpleQuery('SELECT *\nFROM `...')
#3 D:\Dev\xampp\htdocs\CI4_App\system\Database\BaseBuilder.php(1585): CodeIgniter\Database\BaseConnection->query('SELECT *\nFROM `...', Array, false)
#4 D:\Dev\xampp\htdocs\CI4_App\system\Model.php(223): CodeIgniter\Database\BaseBuilder->get()
#5 D:\Dev\xampp\htdocs\CI4_App\system\BaseModel.php(585): CodeIgniter\Model->doFindAll(0, 0)
#6 D:\Dev\xampp\htdocs\CI4_App\app\Controllers\CanvasController.php(46): CodeIgniter\BaseModel->findAll()
#7 D:\Dev\xampp\htdocs\CI4_App\system\CodeIgniter.php(927): App\Controllers\CanvasController->index()
#8 D:\Dev\xampp\htdocs\CI4_App\system\CodeIgniter.php(482): CodeIgniter\CodeIgniter->runController(Object(App\Controllers\CanvasController))
#9 D:\Dev\xampp\htdocs\CI4_App\system\CodeIgniter.php(351): CodeIgniter\CodeIgniter->handleRequest(NULL, Object(Config\Cache), false)
#10 D:\Dev\xampp\htdocs\CI4_App\index.php(67): CodeIgniter\CodeIgniter->run()
#11 {main}
CRITICAL - 2023-01-06 20:24:57 --> Column 'id' in order clause is ambiguous
in SYSTEMPATH\Database\MySQLi\Connection.php on line 292.
 1 SYSTEMPATH\Database\MySQLi\Connection.php(292): mysqli->query('SELECT *
FROM `post`
LEFT JOIN `cate` ON `cate`.`id` = `post`.`post_cate_id`
WHERE `post_cate_id` = \'1\'
ORDER BY `id` DESC', 0)
 2 SYSTEMPATH\Database\BaseConnection.php(666): CodeIgniter\Database\MySQLi\Connection->execute('SELECT *
FROM `post`
LEFT JOIN `cate` ON `cate`.`id` = `post`.`post_cate_id`
WHERE `post_cate_id` = \'1\'
ORDER BY `id` DESC')
 3 SYSTEMPATH\Database\BaseConnection.php(593): CodeIgniter\Database\BaseConnection->simpleQuery('SELECT *
FROM `post`
LEFT JOIN `cate` ON `cate`.`id` = `post`.`post_cate_id`
WHERE `post_cate_id` = \'1\'
ORDER BY `id` DESC')
 4 SYSTEMPATH\Database\BaseBuilder.php(1585): CodeIgniter\Database\BaseConnection->query('SELECT *
FROM `post`
LEFT JOIN `cate` ON `cate`.`id` = `post`.`post_cate_id`
WHERE `post_cate_id` = :post_cate_id:
ORDER BY `id` DESC', [...], false)
 5 SYSTEMPATH\Model.php(223): CodeIgniter\Database\BaseBuilder->get()
 6 SYSTEMPATH\BaseModel.php(585): CodeIgniter\Model->doFindAll(0, 0)
 7 APPPATH\Controllers\CanvasController.php(46): CodeIgniter\BaseModel->findAll()
 8 SYSTEMPATH\CodeIgniter.php(927): App\Controllers\CanvasController->index()
 9 SYSTEMPATH\CodeIgniter.php(482): CodeIgniter\CodeIgniter->runController(Object(App\Controllers\CanvasController))
10 SYSTEMPATH\CodeIgniter.php(351): CodeIgniter\CodeIgniter->handleRequest(null, Object(Config\Cache), false)
11 FCPATH\index.php(67): CodeIgniter\CodeIgniter->run()
ERROR - 2023-01-06 20:25:19 --> mysqli_sql_exception: Column 'id' in order clause is ambiguous in D:\Dev\xampp\htdocs\CI4_App\system\Database\MySQLi\Connection.php:292
Stack trace:
#0 D:\Dev\xampp\htdocs\CI4_App\system\Database\MySQLi\Connection.php(292): mysqli->query('SELECT *\nFROM `...', 0)
#1 D:\Dev\xampp\htdocs\CI4_App\system\Database\BaseConnection.php(666): CodeIgniter\Database\MySQLi\Connection->execute('SELECT *\nFROM `...')
#2 D:\Dev\xampp\htdocs\CI4_App\system\Database\BaseConnection.php(593): CodeIgniter\Database\BaseConnection->simpleQuery('SELECT *\nFROM `...')
#3 D:\Dev\xampp\htdocs\CI4_App\system\Database\BaseBuilder.php(1585): CodeIgniter\Database\BaseConnection->query('SELECT *\nFROM `...', Array, false)
#4 D:\Dev\xampp\htdocs\CI4_App\system\Model.php(223): CodeIgniter\Database\BaseBuilder->get()
#5 D:\Dev\xampp\htdocs\CI4_App\system\BaseModel.php(585): CodeIgniter\Model->doFindAll(0, 0)
#6 D:\Dev\xampp\htdocs\CI4_App\app\Controllers\CanvasController.php(41): CodeIgniter\BaseModel->findAll()
#7 D:\Dev\xampp\htdocs\CI4_App\system\CodeIgniter.php(927): App\Controllers\CanvasController->index()
#8 D:\Dev\xampp\htdocs\CI4_App\system\CodeIgniter.php(482): CodeIgniter\CodeIgniter->runController(Object(App\Controllers\CanvasController))
#9 D:\Dev\xampp\htdocs\CI4_App\system\CodeIgniter.php(351): CodeIgniter\CodeIgniter->handleRequest(NULL, Object(Config\Cache), false)
#10 D:\Dev\xampp\htdocs\CI4_App\index.php(67): CodeIgniter\CodeIgniter->run()
#11 {main}
CRITICAL - 2023-01-06 20:25:19 --> Column 'id' in order clause is ambiguous
in SYSTEMPATH\Database\MySQLi\Connection.php on line 292.
 1 SYSTEMPATH\Database\MySQLi\Connection.php(292): mysqli->query('SELECT *
FROM `post`
LEFT JOIN `cate` ON `cate`.`id` = `post`.`post_cate_id`
WHERE `post_cate_id` = \'14\'
ORDER BY `id` DESC', 0)
 2 SYSTEMPATH\Database\BaseConnection.php(666): CodeIgniter\Database\MySQLi\Connection->execute('SELECT *
FROM `post`
LEFT JOIN `cate` ON `cate`.`id` = `post`.`post_cate_id`
WHERE `post_cate_id` = \'14\'
ORDER BY `id` DESC')
 3 SYSTEMPATH\Database\BaseConnection.php(593): CodeIgniter\Database\BaseConnection->simpleQuery('SELECT *
FROM `post`
LEFT JOIN `cate` ON `cate`.`id` = `post`.`post_cate_id`
WHERE `post_cate_id` = \'14\'
ORDER BY `id` DESC')
 4 SYSTEMPATH\Database\BaseBuilder.php(1585): CodeIgniter\Database\BaseConnection->query('SELECT *
FROM `post`
LEFT JOIN `cate` ON `cate`.`id` = `post`.`post_cate_id`
WHERE `post_cate_id` = :post_cate_id:
ORDER BY `id` DESC', [...], false)
 5 SYSTEMPATH\Model.php(223): CodeIgniter\Database\BaseBuilder->get()
 6 SYSTEMPATH\BaseModel.php(585): CodeIgniter\Model->doFindAll(0, 0)
 7 APPPATH\Controllers\CanvasController.php(41): CodeIgniter\BaseModel->findAll()
 8 SYSTEMPATH\CodeIgniter.php(927): App\Controllers\CanvasController->index()
 9 SYSTEMPATH\CodeIgniter.php(482): CodeIgniter\CodeIgniter->runController(Object(App\Controllers\CanvasController))
10 SYSTEMPATH\CodeIgniter.php(351): CodeIgniter\CodeIgniter->handleRequest(null, Object(Config\Cache), false)
11 FCPATH\index.php(67): CodeIgniter\CodeIgniter->run()
CRITICAL - 2023-01-06 21:53:59 --> Undefined variable $recent_post
in APPPATH\Controllers\CanvasController.php on line 74.
 1 APPPATH\Controllers\CanvasController.php(74): CodeIgniter\Debug\Exceptions->errorHandler(2, 'Undefined variable $recent_post', 'APPPATH\\Controllers\\CanvasController.php', 74)
 2 SYSTEMPATH\CodeIgniter.php(927): App\Controllers\CanvasController->index()
 3 SYSTEMPATH\CodeIgniter.php(482): CodeIgniter\CodeIgniter->runController(Object(App\Controllers\CanvasController))
 4 SYSTEMPATH\CodeIgniter.php(351): CodeIgniter\CodeIgniter->handleRequest(null, Object(Config\Cache), false)
 5 FCPATH\index.php(67): CodeIgniter\CodeIgniter->run()
CRITICAL - 2023-01-06 21:54:25 --> Undefined variable $recent_post
in APPPATH\Controllers\CanvasController.php on line 75.
 1 APPPATH\Controllers\CanvasController.php(75): CodeIgniter\Debug\Exceptions->errorHandler(2, 'Undefined variable $recent_post', 'APPPATH\\Controllers\\CanvasController.php', 75)
 2 SYSTEMPATH\CodeIgniter.php(927): App\Controllers\CanvasController->index()
 3 SYSTEMPATH\CodeIgniter.php(482): CodeIgniter\CodeIgniter->runController(Object(App\Controllers\CanvasController))
 4 SYSTEMPATH\CodeIgniter.php(351): CodeIgniter\CodeIgniter->handleRequest(null, Object(Config\Cache), false)
 5 FCPATH\index.php(67): CodeIgniter\CodeIgniter->run()
CRITICAL - 2023-01-06 21:57:30 --> syntax error, unexpected token "endif"
in APPPATH\Views\front_end\canvas_site\home.php on line 25.
 1 SYSTEMPATH\View\View.php(216): CodeIgniter\View\View->CodeIgniter\View\{closure}()
 2 SYSTEMPATH\Common.php(1134): CodeIgniter\View\View->render('front_end/canvas_site/home', [], true)
 3 APPPATH\Controllers\CanvasController.php(83): view('front_end/canvas_site/home', [...])
 4 SYSTEMPATH\CodeIgniter.php(927): App\Controllers\CanvasController->index()
 5 SYSTEMPATH\CodeIgniter.php(482): CodeIgniter\CodeIgniter->runController(Object(App\Controllers\CanvasController))
 6 SYSTEMPATH\CodeIgniter.php(351): CodeIgniter\CodeIgniter->handleRequest(null, Object(Config\Cache), false)
 7 FCPATH\index.php(67): CodeIgniter\CodeIgniter->run()
CRITICAL - 2023-01-06 21:57:44 --> syntax error, unexpected token "endif"
in APPPATH\Views\front_end\canvas_site\home.php on line 25.
 1 SYSTEMPATH\View\View.php(216): CodeIgniter\View\View->CodeIgniter\View\{closure}()
 2 SYSTEMPATH\Common.php(1134): CodeIgniter\View\View->render('front_end/canvas_site/home', [], true)
 3 APPPATH\Controllers\CanvasController.php(83): view('front_end/canvas_site/home', [...])
 4 SYSTEMPATH\CodeIgniter.php(927): App\Controllers\CanvasController->index()
 5 SYSTEMPATH\CodeIgniter.php(482): CodeIgniter\CodeIgniter->runController(Object(App\Controllers\CanvasController))
 6 SYSTEMPATH\CodeIgniter.php(351): CodeIgniter\CodeIgniter->handleRequest(null, Object(Config\Cache), false)
 7 FCPATH\index.php(67): CodeIgniter\CodeIgniter->run()
CRITICAL - 2023-01-06 21:58:18 --> Undefined array key "cate_title"
in APPPATH\Views\front_end\canvas_site\home.php on line 14.
 1 APPPATH\Views\front_end\canvas_site\home.php(14): CodeIgniter\Debug\Exceptions->errorHandler(2, 'Undefined array key "cate_title"', 'APPPATH\\Views\\front_end\\canvas_site\\home.php', 14)
 2 SYSTEMPATH\View\View.php(213): include('APPPATH\\Views\\front_end\\canvas_site\\home.php')
 3 SYSTEMPATH\View\View.php(216): CodeIgniter\View\View->CodeIgniter\View\{closure}()
 4 SYSTEMPATH\Common.php(1134): CodeIgniter\View\View->render('front_end/canvas_site/home', [], true)
 5 APPPATH\Controllers\CanvasController.php(83): view('front_end/canvas_site/home', [...])
 6 SYSTEMPATH\CodeIgniter.php(927): App\Controllers\CanvasController->index()
 7 SYSTEMPATH\CodeIgniter.php(482): CodeIgniter\CodeIgniter->runController(Object(App\Controllers\CanvasController))
 8 SYSTEMPATH\CodeIgniter.php(351): CodeIgniter\CodeIgniter->handleRequest(null, Object(Config\Cache), false)
 9 FCPATH\index.php(67): CodeIgniter\CodeIgniter->run()
CRITICAL - 2023-01-06 22:40:02 --> Class "Time" not found
in APPPATH\Views\front_end\canvas_site\home.php on line 19.
 1 SYSTEMPATH\View\View.php(213): include()
 2 SYSTEMPATH\View\View.php(216): CodeIgniter\View\View->CodeIgniter\View\{closure}()
 3 SYSTEMPATH\Common.php(1134): CodeIgniter\View\View->render('front_end/canvas_site/home', [], true)
 4 APPPATH\Controllers\CanvasController.php(83): view('front_end/canvas_site/home', [...])
 5 SYSTEMPATH\CodeIgniter.php(927): App\Controllers\CanvasController->index()
 6 SYSTEMPATH\CodeIgniter.php(482): CodeIgniter\CodeIgniter->runController(Object(App\Controllers\CanvasController))
 7 SYSTEMPATH\CodeIgniter.php(351): CodeIgniter\CodeIgniter->handleRequest(null, Object(Config\Cache), false)
 8 FCPATH\index.php(67): CodeIgniter\CodeIgniter->run()
CRITICAL - 2023-01-06 22:40:28 --> syntax error, unexpected token "use"
in APPPATH\Views\front_end\canvas_site\home.php on line 19.
 1 SYSTEMPATH\View\View.php(216): CodeIgniter\View\View->CodeIgniter\View\{closure}()
 2 SYSTEMPATH\Common.php(1134): CodeIgniter\View\View->render('front_end/canvas_site/home', [], true)
 3 APPPATH\Controllers\CanvasController.php(83): view('front_end/canvas_site/home', [...])
 4 SYSTEMPATH\CodeIgniter.php(927): App\Controllers\CanvasController->index()
 5 SYSTEMPATH\CodeIgniter.php(482): CodeIgniter\CodeIgniter->runController(Object(App\Controllers\CanvasController))
 6 SYSTEMPATH\CodeIgniter.php(351): CodeIgniter\CodeIgniter->handleRequest(null, Object(Config\Cache), false)
 7 FCPATH\index.php(67): CodeIgniter\CodeIgniter->run()
CRITICAL - 2023-01-06 22:40:43 --> Class "Time" not found
in APPPATH\Views\front_end\canvas_site\home.php on line 20.
 1 SYSTEMPATH\View\View.php(213): include()
 2 SYSTEMPATH\View\View.php(216): CodeIgniter\View\View->CodeIgniter\View\{closure}()
 3 SYSTEMPATH\Common.php(1134): CodeIgniter\View\View->render('front_end/canvas_site/home', [], true)
 4 APPPATH\Controllers\CanvasController.php(83): view('front_end/canvas_site/home', [...])
 5 SYSTEMPATH\CodeIgniter.php(927): App\Controllers\CanvasController->index()
 6 SYSTEMPATH\CodeIgniter.php(482): CodeIgniter\CodeIgniter->runController(Object(App\Controllers\CanvasController))
 7 SYSTEMPATH\CodeIgniter.php(351): CodeIgniter\CodeIgniter->handleRequest(null, Object(Config\Cache), false)
 8 FCPATH\index.php(67): CodeIgniter\CodeIgniter->run()
CRITICAL - 2023-01-06 22:42:11 --> Class "Time" not found
in APPPATH\Views\front_end\canvas_site\home.php on line 20.
 1 SYSTEMPATH\View\View.php(213): include()
 2 SYSTEMPATH\View\View.php(216): CodeIgniter\View\View->CodeIgniter\View\{closure}()
 3 SYSTEMPATH\Common.php(1134): CodeIgniter\View\View->render('front_end/canvas_site/home', [], true)
 4 APPPATH\Controllers\CanvasController.php(84): view('front_end/canvas_site/home', [...])
 5 SYSTEMPATH\CodeIgniter.php(927): App\Controllers\CanvasController->index()
 6 SYSTEMPATH\CodeIgniter.php(482): CodeIgniter\CodeIgniter->runController(Object(App\Controllers\CanvasController))
 7 SYSTEMPATH\CodeIgniter.php(351): CodeIgniter\CodeIgniter->handleRequest(null, Object(Config\Cache), false)
 8 FCPATH\index.php(67): CodeIgniter\CodeIgniter->run()
CRITICAL - 2023-01-06 22:43:09 --> Class "Time" not found
in APPPATH\Views\front_end\canvas_site\home.php on line 20.
 1 SYSTEMPATH\View\View.php(213): include()
 2 SYSTEMPATH\View\View.php(216): CodeIgniter\View\View->CodeIgniter\View\{closure}()
 3 SYSTEMPATH\Common.php(1134): CodeIgniter\View\View->render('front_end/canvas_site/home', [], true)
 4 APPPATH\Controllers\CanvasController.php(84): view('front_end/canvas_site/home', [...])
 5 SYSTEMPATH\CodeIgniter.php(927): App\Controllers\CanvasController->index()
 6 SYSTEMPATH\CodeIgniter.php(482): CodeIgniter\CodeIgniter->runController(Object(App\Controllers\CanvasController))
 7 SYSTEMPATH\CodeIgniter.php(351): CodeIgniter\CodeIgniter->handleRequest(null, Object(Config\Cache), false)
 8 FCPATH\index.php(67): CodeIgniter\CodeIgniter->run()
CRITICAL - 2023-01-06 22:45:20 --> Class "Time" not found
in APPPATH\Views\front_end\canvas_site\home.php on line 21.
 1 SYSTEMPATH\View\View.php(213): include()
 2 SYSTEMPATH\View\View.php(216): CodeIgniter\View\View->CodeIgniter\View\{closure}()
 3 SYSTEMPATH\Common.php(1134): CodeIgniter\View\View->render('front_end/canvas_site/home', [], true)
 4 APPPATH\Controllers\CanvasController.php(84): view('front_end/canvas_site/home', [...])
 5 SYSTEMPATH\CodeIgniter.php(927): App\Controllers\CanvasController->index()
 6 SYSTEMPATH\CodeIgniter.php(482): CodeIgniter\CodeIgniter->runController(Object(App\Controllers\CanvasController))
 7 SYSTEMPATH\CodeIgniter.php(351): CodeIgniter\CodeIgniter->handleRequest(null, Object(Config\Cache), false)
 8 FCPATH\index.php(67): CodeIgniter\CodeIgniter->run()
CRITICAL - 2023-01-06 22:45:29 --> Undefined variable $time
in APPPATH\Views\front_end\canvas_site\home.php on line 22.
 1 APPPATH\Views\front_end\canvas_site\home.php(22): CodeIgniter\Debug\Exceptions->errorHandler(2, 'Undefined variable $time', 'APPPATH\\Views\\front_end\\canvas_site\\home.php', 22)
 2 SYSTEMPATH\View\View.php(213): include('APPPATH\\Views\\front_end\\canvas_site\\home.php')
 3 SYSTEMPATH\View\View.php(216): CodeIgniter\View\View->CodeIgniter\View\{closure}()
 4 SYSTEMPATH\Common.php(1134): CodeIgniter\View\View->render('front_end/canvas_site/home', [], true)
 5 APPPATH\Controllers\CanvasController.php(84): view('front_end/canvas_site/home', [...])
 6 SYSTEMPATH\CodeIgniter.php(927): App\Controllers\CanvasController->index()
 7 SYSTEMPATH\CodeIgniter.php(482): CodeIgniter\CodeIgniter->runController(Object(App\Controllers\CanvasController))
 8 SYSTEMPATH\CodeIgniter.php(351): CodeIgniter\CodeIgniter->handleRequest(null, Object(Config\Cache), false)
 9 FCPATH\index.php(67): CodeIgniter\CodeIgniter->run()
CRITICAL - 2023-01-06 22:46:48 --> Class "Time" not found
in APPPATH\Views\front_end\canvas_site\home.php on line 21.
 1 SYSTEMPATH\View\View.php(213): include()
 2 SYSTEMPATH\View\View.php(216): CodeIgniter\View\View->CodeIgniter\View\{closure}()
 3 SYSTEMPATH\Common.php(1134): CodeIgniter\View\View->render('front_end/canvas_site/home', [], true)
 4 APPPATH\Controllers\CanvasController.php(84): view('front_end/canvas_site/home', [...])
 5 SYSTEMPATH\CodeIgniter.php(927): App\Controllers\CanvasController->index()
 6 SYSTEMPATH\CodeIgniter.php(482): CodeIgniter\CodeIgniter->runController(Object(App\Controllers\CanvasController))
 7 SYSTEMPATH\CodeIgniter.php(351): CodeIgniter\CodeIgniter->handleRequest(null, Object(Config\Cache), false)
 8 FCPATH\index.php(67): CodeIgniter\CodeIgniter->run()
CRITICAL - 2023-01-06 22:50:35 --> syntax error, unexpected identifier "month"
in APPPATH\Views\front_end\canvas_site\home.php on line 21.
 1 SYSTEMPATH\View\View.php(216): CodeIgniter\View\View->CodeIgniter\View\{closure}()
 2 SYSTEMPATH\Common.php(1134): CodeIgniter\View\View->render('front_end/canvas_site/home', [], true)
 3 APPPATH\Controllers\CanvasController.php(84): view('front_end/canvas_site/home', [...])
 4 SYSTEMPATH\CodeIgniter.php(927): App\Controllers\CanvasController->index()
 5 SYSTEMPATH\CodeIgniter.php(482): CodeIgniter\CodeIgniter->runController(Object(App\Controllers\CanvasController))
 6 SYSTEMPATH\CodeIgniter.php(351): CodeIgniter\CodeIgniter->handleRequest(null, Object(Config\Cache), false)
 7 FCPATH\index.php(67): CodeIgniter\CodeIgniter->run()
CRITICAL - 2023-01-06 22:58:08 --> Object of type CodeIgniter\I18n\Time is not callable
in APPPATH\Views\front_end\canvas_site\home.php on line 21.
 1 SYSTEMPATH\View\View.php(213): include()
 2 SYSTEMPATH\View\View.php(216): CodeIgniter\View\View->CodeIgniter\View\{closure}()
 3 SYSTEMPATH\Common.php(1134): CodeIgniter\View\View->render('front_end/canvas_site/home', [], true)
 4 APPPATH\Controllers\CanvasController.php(84): view('front_end/canvas_site/home', [...])
 5 SYSTEMPATH\CodeIgniter.php(927): App\Controllers\CanvasController->index()
 6 SYSTEMPATH\CodeIgniter.php(482): CodeIgniter\CodeIgniter->runController(Object(App\Controllers\CanvasController))
 7 SYSTEMPATH\CodeIgniter.php(351): CodeIgniter\CodeIgniter->handleRequest(null, Object(Config\Cache), false)
 8 FCPATH\index.php(67): CodeIgniter\CodeIgniter->run()
CRITICAL - 2023-01-06 23:00:22 --> Non-static method CodeIgniter\I18n\Time::getYear() cannot be called statically
in APPPATH\Views\front_end\canvas_site\home.php on line 22.
 1 SYSTEMPATH\View\View.php(213): include()
 2 SYSTEMPATH\View\View.php(216): CodeIgniter\View\View->CodeIgniter\View\{closure}()
 3 SYSTEMPATH\Common.php(1134): CodeIgniter\View\View->render('front_end/canvas_site/home', [], true)
 4 APPPATH\Controllers\CanvasController.php(84): view('front_end/canvas_site/home', [...])
 5 SYSTEMPATH\CodeIgniter.php(927): App\Controllers\CanvasController->index()
 6 SYSTEMPATH\CodeIgniter.php(482): CodeIgniter\CodeIgniter->runController(Object(App\Controllers\CanvasController))
 7 SYSTEMPATH\CodeIgniter.php(351): CodeIgniter\CodeIgniter->handleRequest(null, Object(Config\Cache), false)
 8 FCPATH\index.php(67): CodeIgniter\CodeIgniter->run()
CRITICAL - 2023-01-06 23:08:10 --> Undefined array key "cate_name"
in APPPATH\Views\front_end\canvas_site\home.php on line 14.
 1 APPPATH\Views\front_end\canvas_site\home.php(14): CodeIgniter\Debug\Exceptions->errorHandler(2, 'Undefined array key "cate_name"', 'APPPATH\\Views\\front_end\\canvas_site\\home.php', 14)
 2 SYSTEMPATH\View\View.php(213): include('APPPATH\\Views\\front_end\\canvas_site\\home.php')
 3 SYSTEMPATH\View\View.php(216): CodeIgniter\View\View->CodeIgniter\View\{closure}()
 4 SYSTEMPATH\Common.php(1134): CodeIgniter\View\View->render('front_end/canvas_site/home', [], true)
 5 APPPATH\Controllers\CanvasController.php(84): view('front_end/canvas_site/home', [...])
 6 SYSTEMPATH\CodeIgniter.php(927): App\Controllers\CanvasController->index()
 7 SYSTEMPATH\CodeIgniter.php(482): CodeIgniter\CodeIgniter->runController(Object(App\Controllers\CanvasController))
 8 SYSTEMPATH\CodeIgniter.php(351): CodeIgniter\CodeIgniter->handleRequest(null, Object(Config\Cache), false)
 9 FCPATH\index.php(67): CodeIgniter\CodeIgniter->run()
CRITICAL - 2023-01-06 23:08:28 --> syntax error, unexpected token ";"
in APPPATH\Views\front_end\canvas_site\home.php on line 14.
 1 SYSTEMPATH\View\View.php(216): CodeIgniter\View\View->CodeIgniter\View\{closure}()
 2 SYSTEMPATH\Common.php(1134): CodeIgniter\View\View->render('front_end/canvas_site/home', [], true)
 3 APPPATH\Controllers\CanvasController.php(84): view('front_end/canvas_site/home', [...])
 4 SYSTEMPATH\CodeIgniter.php(927): App\Controllers\CanvasController->index()
 5 SYSTEMPATH\CodeIgniter.php(482): CodeIgniter\CodeIgniter->runController(Object(App\Controllers\CanvasController))
 6 SYSTEMPATH\CodeIgniter.php(351): CodeIgniter\CodeIgniter->handleRequest(null, Object(Config\Cache), false)
 7 FCPATH\index.php(67): CodeIgniter\CodeIgniter->run()
CRITICAL - 2023-01-06 23:14:25 --> Undefined array key "post_title"
in APPPATH\Views\front_end\canvas_site\home.php on line 16.
 1 APPPATH\Views\front_end\canvas_site\home.php(16): CodeIgniter\Debug\Exceptions->errorHandler(2, 'Undefined array key "post_title"', 'APPPATH\\Views\\front_end\\canvas_site\\home.php', 16)
 2 SYSTEMPATH\View\View.php(213): include('APPPATH\\Views\\front_end\\canvas_site\\home.php')
 3 SYSTEMPATH\View\View.php(216): CodeIgniter\View\View->CodeIgniter\View\{closure}()
 4 SYSTEMPATH\Common.php(1134): CodeIgniter\View\View->render('front_end/canvas_site/home', [], true)
 5 APPPATH\Controllers\CanvasController.php(84): view('front_end/canvas_site/home', [...])
 6 SYSTEMPATH\CodeIgniter.php(927): App\Controllers\CanvasController->index()
 7 SYSTEMPATH\CodeIgniter.php(482): CodeIgniter\CodeIgniter->runController(Object(App\Controllers\CanvasController))
 8 SYSTEMPATH\CodeIgniter.php(351): CodeIgniter\CodeIgniter->handleRequest(null, Object(Config\Cache), false)
 9 FCPATH\index.php(67): CodeIgniter\CodeIgniter->run()
ERROR - 2023-01-06 23:15:11 --> mysqli_sql_exception: Unknown column 'post.post_tile.post_slug' in 'field list' in D:\Dev\xampp\htdocs\CI4_App\system\Database\MySQLi\Connection.php:292
Stack trace:
#0 D:\Dev\xampp\htdocs\CI4_App\system\Database\MySQLi\Connection.php(292): mysqli->query('SELECT `cate`.`...', 0)
#1 D:\Dev\xampp\htdocs\CI4_App\system\Database\BaseConnection.php(666): CodeIgniter\Database\MySQLi\Connection->execute('SELECT `cate`.`...')
#2 D:\Dev\xampp\htdocs\CI4_App\system\Database\BaseConnection.php(593): CodeIgniter\Database\BaseConnection->simpleQuery('SELECT `cate`.`...')
#3 D:\Dev\xampp\htdocs\CI4_App\system\Database\BaseBuilder.php(1585): CodeIgniter\Database\BaseConnection->query('SELECT `cate`.`...', Array, false)
#4 D:\Dev\xampp\htdocs\CI4_App\system\Model.php(223): CodeIgniter\Database\BaseBuilder->get()
#5 D:\Dev\xampp\htdocs\CI4_App\system\BaseModel.php(585): CodeIgniter\Model->doFindAll(0, 0)
#6 D:\Dev\xampp\htdocs\CI4_App\app\Controllers\CanvasController.php(22): CodeIgniter\BaseModel->findAll()
#7 D:\Dev\xampp\htdocs\CI4_App\system\CodeIgniter.php(927): App\Controllers\CanvasController->index()
#8 D:\Dev\xampp\htdocs\CI4_App\system\CodeIgniter.php(482): CodeIgniter\CodeIgniter->runController(Object(App\Controllers\CanvasController))
#9 D:\Dev\xampp\htdocs\CI4_App\system\CodeIgniter.php(351): CodeIgniter\CodeIgniter->handleRequest(NULL, Object(Config\Cache), false)
#10 D:\Dev\xampp\htdocs\CI4_App\index.php(67): CodeIgniter\CodeIgniter->run()
#11 {main}
CRITICAL - 2023-01-06 23:15:11 --> Unknown column 'post.post_tile.post_slug' in 'field list'
in SYSTEMPATH\Database\MySQLi\Connection.php on line 292.
 1 SYSTEMPATH\Database\MySQLi\Connection.php(292): mysqli->query('SELECT `cate`.`cate_name`, `post`.`post_tile`.`post_slug`
FROM `post`
LEFT JOIN `cate` ON `cate`.`id` = `post`.`post_cate_id`
WHERE `post_featured` = 1
ORDER BY `post`.`id` DESC', 0)
 2 SYSTEMPATH\Database\BaseConnection.php(666): CodeIgniter\Database\MySQLi\Connection->execute('SELECT `cate`.`cate_name`, `post`.`post_tile`.`post_slug`
FROM `post`
LEFT JOIN `cate` ON `cate`.`id` = `post`.`post_cate_id`
WHERE `post_featured` = 1
ORDER BY `post`.`id` DESC')
 3 SYSTEMPATH\Database\BaseConnection.php(593): CodeIgniter\Database\BaseConnection->simpleQuery('SELECT `cate`.`cate_name`, `post`.`post_tile`.`post_slug`
FROM `post`
LEFT JOIN `cate` ON `cate`.`id` = `post`.`post_cate_id`
WHERE `post_featured` = 1
ORDER BY `post`.`id` DESC')
 4 SYSTEMPATH\Database\BaseBuilder.php(1585): CodeIgniter\Database\BaseConnection->query('SELECT `cate`.`cate_name`, `post`.`post_tile`.`post_slug`
FROM `post`
LEFT JOIN `cate` ON `cate`.`id` = `post`.`post_cate_id`
WHERE `post_featured` = :post_featured:
ORDER BY `post`.`id` DESC', [...], false)
 5 SYSTEMPATH\Model.php(223): CodeIgniter\Database\BaseBuilder->get()
 6 SYSTEMPATH\BaseModel.php(585): CodeIgniter\Model->doFindAll(0, 0)
 7 APPPATH\Controllers\CanvasController.php(22): CodeIgniter\BaseModel->findAll()
 8 SYSTEMPATH\CodeIgniter.php(927): App\Controllers\CanvasController->index()
 9 SYSTEMPATH\CodeIgniter.php(482): CodeIgniter\CodeIgniter->runController(Object(App\Controllers\CanvasController))
10 SYSTEMPATH\CodeIgniter.php(351): CodeIgniter\CodeIgniter->handleRequest(null, Object(Config\Cache), false)
11 FCPATH\index.php(67): CodeIgniter\CodeIgniter->run()
CRITICAL - 2023-01-06 23:16:50 --> Undefined array key "post_title"
in APPPATH\Views\front_end\canvas_site\home.php on line 16.
 1 APPPATH\Views\front_end\canvas_site\home.php(16): CodeIgniter\Debug\Exceptions->errorHandler(2, 'Undefined array key "post_title"', 'APPPATH\\Views\\front_end\\canvas_site\\home.php', 16)
 2 SYSTEMPATH\View\View.php(213): include('APPPATH\\Views\\front_end\\canvas_site\\home.php')
 3 SYSTEMPATH\View\View.php(216): CodeIgniter\View\View->CodeIgniter\View\{closure}()
 4 SYSTEMPATH\Common.php(1134): CodeIgniter\View\View->render('front_end/canvas_site/home', [], true)
 5 APPPATH\Controllers\CanvasController.php(84): view('front_end/canvas_site/home', [...])
 6 SYSTEMPATH\CodeIgniter.php(927): App\Controllers\CanvasController->index()
 7 SYSTEMPATH\CodeIgniter.php(482): CodeIgniter\CodeIgniter->runController(Object(App\Controllers\CanvasController))
 8 SYSTEMPATH\CodeIgniter.php(351): CodeIgniter\CodeIgniter->handleRequest(null, Object(Config\Cache), false)
 9 FCPATH\index.php(67): CodeIgniter\CodeIgniter->run()
ERROR - 2023-01-06 23:17:56 --> mysqli_sql_exception: Not unique table/alias: 'post' in D:\Dev\xampp\htdocs\CI4_App\system\Database\MySQLi\Connection.php:292
Stack trace:
#0 D:\Dev\xampp\htdocs\CI4_App\system\Database\MySQLi\Connection.php(292): mysqli->query('SELECT *\nFROM `...', 0)
#1 D:\Dev\xampp\htdocs\CI4_App\system\Database\BaseConnection.php(666): CodeIgniter\Database\MySQLi\Connection->execute('SELECT *\nFROM `...')
#2 D:\Dev\xampp\htdocs\CI4_App\system\Database\BaseConnection.php(593): CodeIgniter\Database\BaseConnection->simpleQuery('SELECT *\nFROM `...')
#3 D:\Dev\xampp\htdocs\CI4_App\system\Database\BaseBuilder.php(1585): CodeIgniter\Database\BaseConnection->query('SELECT *\nFROM `...', Array, false)
#4 D:\Dev\xampp\htdocs\CI4_App\system\Model.php(223): CodeIgniter\Database\BaseBuilder->get()
#5 D:\Dev\xampp\htdocs\CI4_App\system\BaseModel.php(585): CodeIgniter\Model->doFindAll(0, 0)
#6 D:\Dev\xampp\htdocs\CI4_App\app\Controllers\CanvasController.php(22): CodeIgniter\BaseModel->findAll()
#7 D:\Dev\xampp\htdocs\CI4_App\system\CodeIgniter.php(927): App\Controllers\CanvasController->index()
#8 D:\Dev\xampp\htdocs\CI4_App\system\CodeIgniter.php(482): CodeIgniter\CodeIgniter->runController(Object(App\Controllers\CanvasController))
#9 D:\Dev\xampp\htdocs\CI4_App\system\CodeIgniter.php(351): CodeIgniter\CodeIgniter->handleRequest(NULL, Object(Config\Cache), false)
#10 D:\Dev\xampp\htdocs\CI4_App\index.php(67): CodeIgniter\CodeIgniter->run()
#11 {main}
CRITICAL - 2023-01-06 23:17:56 --> Not unique table/alias: 'post'
in SYSTEMPATH\Database\MySQLi\Connection.php on line 292.
 1 SYSTEMPATH\Database\MySQLi\Connection.php(292): mysqli->query('SELECT *
FROM `post`
RIGHT JOIN `post` ON `cate`.`id` = `post`.`post_cate_id`
WHERE `post_featured` = 1
ORDER BY `post`.`id` DESC', 0)
 2 SYSTEMPATH\Database\BaseConnection.php(666): CodeIgniter\Database\MySQLi\Connection->execute('SELECT *
FROM `post`
RIGHT JOIN `post` ON `cate`.`id` = `post`.`post_cate_id`
WHERE `post_featured` = 1
ORDER BY `post`.`id` DESC')
 3 SYSTEMPATH\Database\BaseConnection.php(593): CodeIgniter\Database\BaseConnection->simpleQuery('SELECT *
FROM `post`
RIGHT JOIN `post` ON `cate`.`id` = `post`.`post_cate_id`
WHERE `post_featured` = 1
ORDER BY `post`.`id` DESC')
 4 SYSTEMPATH\Database\BaseBuilder.php(1585): CodeIgniter\Database\BaseConnection->query('SELECT *
FROM `post`
RIGHT JOIN `post` ON `cate`.`id` = `post`.`post_cate_id`
WHERE `post_featured` = :post_featured:
ORDER BY `post`.`id` DESC', [...], false)
 5 SYSTEMPATH\Model.php(223): CodeIgniter\Database\BaseBuilder->get()
 6 SYSTEMPATH\BaseModel.php(585): CodeIgniter\Model->doFindAll(0, 0)
 7 APPPATH\Controllers\CanvasController.php(22): CodeIgniter\BaseModel->findAll()
 8 SYSTEMPATH\CodeIgniter.php(927): App\Controllers\CanvasController->index()
 9 SYSTEMPATH\CodeIgniter.php(482): CodeIgniter\CodeIgniter->runController(Object(App\Controllers\CanvasController))
10 SYSTEMPATH\CodeIgniter.php(351): CodeIgniter\CodeIgniter->handleRequest(null, Object(Config\Cache), false)
11 FCPATH\index.php(67): CodeIgniter\CodeIgniter->run()
CRITICAL - 2023-01-06 23:19:09 --> syntax error, unexpected identifier "join"
in APPPATH\Controllers\CanvasController.php on line 22.
 1 SYSTEMPATH\Autoloader\Autoloader.php(259): CodeIgniter\Autoloader\Autoloader->includeFile('APPPATH\\Controllers\\CanvasController.php')
 2 SYSTEMPATH\Autoloader\Autoloader.php(237): CodeIgniter\Autoloader\Autoloader->loadInNamespace('App\\Controllers\\CanvasController')
 3 [internal function]: CodeIgniter\Autoloader\Autoloader->loadClass('App\\Controllers\\CanvasController')
 4 SYSTEMPATH\CodeIgniter.php(877): class_exists('\\App\\Controllers\\CanvasController', true)
 5 SYSTEMPATH\CodeIgniter.php(469): CodeIgniter\CodeIgniter->startController()
 6 SYSTEMPATH\CodeIgniter.php(351): CodeIgniter\CodeIgniter->handleRequest(null, Object(Config\Cache), false)
 7 FCPATH\index.php(67): CodeIgniter\CodeIgniter->run()
ERROR - 2023-01-06 23:19:19 --> mysqli_sql_exception: Not unique table/alias: 'cate' in D:\Dev\xampp\htdocs\CI4_App\system\Database\MySQLi\Connection.php:292
Stack trace:
#0 D:\Dev\xampp\htdocs\CI4_App\system\Database\MySQLi\Connection.php(292): mysqli->query('SELECT `cate_na...', 0)
#1 D:\Dev\xampp\htdocs\CI4_App\system\Database\BaseConnection.php(666): CodeIgniter\Database\MySQLi\Connection->execute('SELECT `cate_na...')
#2 D:\Dev\xampp\htdocs\CI4_App\system\Database\BaseConnection.php(593): CodeIgniter\Database\BaseConnection->simpleQuery('SELECT `cate_na...')
#3 D:\Dev\xampp\htdocs\CI4_App\system\Database\BaseBuilder.php(1585): CodeIgniter\Database\BaseConnection->query('SELECT `cate_na...', Array, false)
#4 D:\Dev\xampp\htdocs\CI4_App\system\Model.php(223): CodeIgniter\Database\BaseBuilder->get()
#5 D:\Dev\xampp\htdocs\CI4_App\system\BaseModel.php(585): CodeIgniter\Model->doFindAll(0, 0)
#6 D:\Dev\xampp\htdocs\CI4_App\app\Controllers\CanvasController.php(22): CodeIgniter\BaseModel->findAll()
#7 D:\Dev\xampp\htdocs\CI4_App\system\CodeIgniter.php(927): App\Controllers\CanvasController->index()
#8 D:\Dev\xampp\htdocs\CI4_App\system\CodeIgniter.php(482): CodeIgniter\CodeIgniter->runController(Object(App\Controllers\CanvasController))
#9 D:\Dev\xampp\htdocs\CI4_App\system\CodeIgniter.php(351): CodeIgniter\CodeIgniter->handleRequest(NULL, Object(Config\Cache), false)
#10 D:\Dev\xampp\htdocs\CI4_App\index.php(67): CodeIgniter\CodeIgniter->run()
#11 {main}
CRITICAL - 2023-01-06 23:19:19 --> Not unique table/alias: 'cate'
in SYSTEMPATH\Database\MySQLi\Connection.php on line 292.
 1 SYSTEMPATH\Database\MySQLi\Connection.php(292): mysqli->query('SELECT `cate_name`, `id`
FROM (`post`, `cate`)
RIGHT JOIN `cate` ON `cate`.`id` = `post`.`post_cate_id`
WHERE `post_featured` = 1
ORDER BY `post`.`id` DESC', 0)
 2 SYSTEMPATH\Database\BaseConnection.php(666): CodeIgniter\Database\MySQLi\Connection->execute('SELECT `cate_name`, `id`
FROM (`post`, `cate`)
RIGHT JOIN `cate` ON `cate`.`id` = `post`.`post_cate_id`
WHERE `post_featured` = 1
ORDER BY `post`.`id` DESC')
 3 SYSTEMPATH\Database\BaseConnection.php(593): CodeIgniter\Database\BaseConnection->simpleQuery('SELECT `cate_name`, `id`
FROM (`post`, `cate`)
RIGHT JOIN `cate` ON `cate`.`id` = `post`.`post_cate_id`
WHERE `post_featured` = 1
ORDER BY `post`.`id` DESC')
 4 SYSTEMPATH\Database\BaseBuilder.php(1585): CodeIgniter\Database\BaseConnection->query('SELECT `cate_name`, `id`
FROM (`post`, `cate`)
RIGHT JOIN `cate` ON `cate`.`id` = `post`.`post_cate_id`
WHERE `post_featured` = :post_featured:
ORDER BY `post`.`id` DESC', [...], false)
 5 SYSTEMPATH\Model.php(223): CodeIgniter\Database\BaseBuilder->get()
 6 SYSTEMPATH\BaseModel.php(585): CodeIgniter\Model->doFindAll(0, 0)
 7 APPPATH\Controllers\CanvasController.php(22): CodeIgniter\BaseModel->findAll()
 8 SYSTEMPATH\CodeIgniter.php(927): App\Controllers\CanvasController->index()
 9 SYSTEMPATH\CodeIgniter.php(482): CodeIgniter\CodeIgniter->runController(Object(App\Controllers\CanvasController))
10 SYSTEMPATH\CodeIgniter.php(351): CodeIgniter\CodeIgniter->handleRequest(null, Object(Config\Cache), false)
11 FCPATH\index.php(67): CodeIgniter\CodeIgniter->run()
CRITICAL - 2023-01-06 23:20:46 --> Undefined array key "post_title"
in APPPATH\Views\front_end\canvas_site\home.php on line 16.
 1 APPPATH\Views\front_end\canvas_site\home.php(16): CodeIgniter\Debug\Exceptions->errorHandler(2, 'Undefined array key "post_title"', 'APPPATH\\Views\\front_end\\canvas_site\\home.php', 16)
 2 SYSTEMPATH\View\View.php(213): include('APPPATH\\Views\\front_end\\canvas_site\\home.php')
 3 SYSTEMPATH\View\View.php(216): CodeIgniter\View\View->CodeIgniter\View\{closure}()
 4 SYSTEMPATH\Common.php(1134): CodeIgniter\View\View->render('front_end/canvas_site/home', [], true)
 5 APPPATH\Controllers\CanvasController.php(84): view('front_end/canvas_site/home', [...])
 6 SYSTEMPATH\CodeIgniter.php(927): App\Controllers\CanvasController->index()
 7 SYSTEMPATH\CodeIgniter.php(482): CodeIgniter\CodeIgniter->runController(Object(App\Controllers\CanvasController))
 8 SYSTEMPATH\CodeIgniter.php(351): CodeIgniter\CodeIgniter->handleRequest(null, Object(Config\Cache), false)
 9 FCPATH\index.php(67): CodeIgniter\CodeIgniter->run()
CRITICAL - 2023-01-06 23:21:01 --> Undefined array key "updated_at"
in APPPATH\Views\front_end\canvas_site\home.php on line 23.
 1 APPPATH\Views\front_end\canvas_site\home.php(23): CodeIgniter\Debug\Exceptions->errorHandler(2, 'Undefined array key "updated_at"', 'APPPATH\\Views\\front_end\\canvas_site\\home.php', 23)
 2 SYSTEMPATH\View\View.php(213): include('APPPATH\\Views\\front_end\\canvas_site\\home.php')
 3 SYSTEMPATH\View\View.php(216): CodeIgniter\View\View->CodeIgniter\View\{closure}()
 4 SYSTEMPATH\Common.php(1134): CodeIgniter\View\View->render('front_end/canvas_site/home', [], true)
 5 APPPATH\Controllers\CanvasController.php(84): view('front_end/canvas_site/home', [...])
 6 SYSTEMPATH\CodeIgniter.php(927): App\Controllers\CanvasController->index()
 7 SYSTEMPATH\CodeIgniter.php(482): CodeIgniter\CodeIgniter->runController(Object(App\Controllers\CanvasController))
 8 SYSTEMPATH\CodeIgniter.php(351): CodeIgniter\CodeIgniter->handleRequest(null, Object(Config\Cache), false)
 9 FCPATH\index.php(67): CodeIgniter\CodeIgniter->run()
ERROR - 2023-01-06 23:21:15 --> mysqli_sql_exception: Unknown column 'p.updated_at' in 'field list' in D:\Dev\xampp\htdocs\CI4_App\system\Database\MySQLi\Connection.php:292
Stack trace:
#0 D:\Dev\xampp\htdocs\CI4_App\system\Database\MySQLi\Connection.php(292): mysqli->query('SELECT `cate`.`...', 0)
#1 D:\Dev\xampp\htdocs\CI4_App\system\Database\BaseConnection.php(666): CodeIgniter\Database\MySQLi\Connection->execute('SELECT `cate`.`...')
#2 D:\Dev\xampp\htdocs\CI4_App\system\Database\BaseConnection.php(593): CodeIgniter\Database\BaseConnection->simpleQuery('SELECT `cate`.`...')
#3 D:\Dev\xampp\htdocs\CI4_App\system\Database\BaseBuilder.php(1585): CodeIgniter\Database\BaseConnection->query('SELECT `cate`.`...', Array, false)
#4 D:\Dev\xampp\htdocs\CI4_App\system\Model.php(223): CodeIgniter\Database\BaseBuilder->get()
#5 D:\Dev\xampp\htdocs\CI4_App\system\BaseModel.php(585): CodeIgniter\Model->doFindAll(0, 0)
#6 D:\Dev\xampp\htdocs\CI4_App\app\Controllers\CanvasController.php(22): CodeIgniter\BaseModel->findAll()
#7 D:\Dev\xampp\htdocs\CI4_App\system\CodeIgniter.php(927): App\Controllers\CanvasController->index()
#8 D:\Dev\xampp\htdocs\CI4_App\system\CodeIgniter.php(482): CodeIgniter\CodeIgniter->runController(Object(App\Controllers\CanvasController))
#9 D:\Dev\xampp\htdocs\CI4_App\system\CodeIgniter.php(351): CodeIgniter\CodeIgniter->handleRequest(NULL, Object(Config\Cache), false)
#10 D:\Dev\xampp\htdocs\CI4_App\index.php(67): CodeIgniter\CodeIgniter->run()
#11 {main}
CRITICAL - 2023-01-06 23:21:15 --> Unknown column 'p.updated_at' in 'field list'
in SYSTEMPATH\Database\MySQLi\Connection.php on line 292.
 1 SYSTEMPATH\Database\MySQLi\Connection.php(292): mysqli->query('SELECT `cate`.`cate_name`, `cate`.`id`, `post`.`post_title`, `p`.`updated_at`
FROM `post`
RIGHT JOIN `cate` ON `cate`.`id` = `post`.`post_cate_id`
WHERE `post_featured` = 1
ORDER BY `post`.`id` DESC', 0)
 2 SYSTEMPATH\Database\BaseConnection.php(666): CodeIgniter\Database\MySQLi\Connection->execute('SELECT `cate`.`cate_name`, `cate`.`id`, `post`.`post_title`, `p`.`updated_at`
FROM `post`
RIGHT JOIN `cate` ON `cate`.`id` = `post`.`post_cate_id`
WHERE `post_featured` = 1
ORDER BY `post`.`id` DESC')
 3 SYSTEMPATH\Database\BaseConnection.php(593): CodeIgniter\Database\BaseConnection->simpleQuery('SELECT `cate`.`cate_name`, `cate`.`id`, `post`.`post_title`, `p`.`updated_at`
FROM `post`
RIGHT JOIN `cate` ON `cate`.`id` = `post`.`post_cate_id`
WHERE `post_featured` = 1
ORDER BY `post`.`id` DESC')
 4 SYSTEMPATH\Database\BaseBuilder.php(1585): CodeIgniter\Database\BaseConnection->query('SELECT `cate`.`cate_name`, `cate`.`id`, `post`.`post_title`, `p`.`updated_at`
FROM `post`
RIGHT JOIN `cate` ON `cate`.`id` = `post`.`post_cate_id`
WHERE `post_featured` = :post_featured:
ORDER BY `post`.`id` DESC', [...], false)
 5 SYSTEMPATH\Model.php(223): CodeIgniter\Database\BaseBuilder->get()
 6 SYSTEMPATH\BaseModel.php(585): CodeIgniter\Model->doFindAll(0, 0)
 7 APPPATH\Controllers\CanvasController.php(22): CodeIgniter\BaseModel->findAll()
 8 SYSTEMPATH\CodeIgniter.php(927): App\Controllers\CanvasController->index()
 9 SYSTEMPATH\CodeIgniter.php(482): CodeIgniter\CodeIgniter->runController(Object(App\Controllers\CanvasController))
10 SYSTEMPATH\CodeIgniter.php(351): CodeIgniter\CodeIgniter->handleRequest(null, Object(Config\Cache), false)
11 FCPATH\index.php(67): CodeIgniter\CodeIgniter->run()
